#
# A fatal error has been detected by the Java Runtime Environment:
#
#  SIGSEGV (0xb) at pc=0x00007fe6f6ac5730, pid=9548, tid=140629978928896
#
# JRE version: Java(TM) SE Runtime Environment (7.0_65-b17) (build 1.7.0_65-b17)
# Java VM: Java HotSpot(TM) 64-Bit Server VM (24.65-b04 mixed mode linux-amd64 compressed oops)
# Problematic frame:
# V  [libjvm.so+0x655730]  jni_GetStringUTFChars+0xa0
#
# Failed to write core dump. Core dumps have been disabled. To enable core dumping, try "ulimit -c unlimited" before starting Java again
#
# If you would like to submit a bug report, please visit:
#   http://bugreport.sun.com/bugreport/crash.jsp
#

---------------  T H R E A D  ---------------

Current thread (0x00007fe6f000a000):  JavaThread "main" [_thread_in_vm, id=9552, stack(0x00007fe6f7e05000,0x00007fe6f7f06000)]

siginfo:si_signo=SIGSEGV: si_errno=0, si_code=1 (SEGV_MAPERR), si_addr=0x0000000000000000

Registers:
RAX=0x0000000000000000, RBX=0x0000000000000000, RCX=0x00007fe6f0005c30, RDX=0x00007fe6f72ba360
RSP=0x00007fe6f7f046d0, RBP=0x00007fe6f7f04730, RSI=0x0000000000000000, RDI=0x00007fe6f000a1e8
R8 =0x00007fe6f72b5d80, R9 =0x00007fe6f742fb10, R10=0x00007fe6ed01272c, R11=0x00007fe6f6d22870
R12=0x0000000000000000, R13=0x00007fe6f000a000, R14=0x00007fe6f7f047e8, R15=0x0000000000000000
RIP=0x00007fe6f6ac5730, EFLAGS=0x0000000000010246, CSGSFS=0x0000000000000033, ERR=0x0000000000000004
  TRAPNO=0x000000000000000e

Top of Stack: (sp=0x00007fe6f7f046d0)
0x00007fe6f7f046d0:   00007fe6f000a000 0000000000000000
0x00007fe6f7f046e0:   00000000000003d8 00007fe600000000
0x00007fe6f7f046f0:   00007fe6f000a000 00007fe6f000a918
0x00007fe6f7f04700:   00007fe6f000a000 00007fe6f000a1e8
0x00007fe6f7f04710:   0000000000000000 0000000701c9a670
0x00007fe6f7f04720:   00007fe6f7f047e8 00007fe6f000a000
0x00007fe6f7f04730:   00007fe6f7f047c8 00007fe6d45487b7
0x00007fe6f7f04740:   0000000701c9a670 0000000000000000
0x00007fe6f7f04750:   0000000701c9a670 00007fe6f7f047e8
0x00007fe6f7f04760:   0000000701c9a670 00007fe6f7f047c8
0x00007fe6f7f04770:   0000000000000000 00007fe6ed012758
0x00007fe6f7f04780:   00007fe6f000a000 00007fe6f7f04788
0x00007fe6f7f04790:   0000000701c9a670 00007fe6f7f047e8
0x00007fe6f7f047a0:   0000000701c9b418 0000000000000000
0x00007fe6f7f047b0:   0000000701c9a670 0000000000000000
0x00007fe6f7f047c0:   00007fe6f7f047e8 00007fe6f7f04838
0x00007fe6f7f047d0:   00007fe6ed006175 00000007acee3758
0x00007fe6f7f047e0:   00007fe6ed00ecd7 0000000000000000
0x00007fe6f7f047f0:   00000007ad329f08 00007fe6f7f047f8
0x00007fe6f7f04800:   0000000701c9976e 00007fe6f7f04850
0x00007fe6f7f04810:   0000000701c9b418 0000000000000000
0x00007fe6f7f04820:   0000000701c99798 00007fe6f7f047e8
0x00007fe6f7f04830:   00007fe6f7f04848 00007fe6f7f048a8
0x00007fe6f7f04840:   00007fe6ed006058 0000000000000000
0x00007fe6f7f04850:   00000007ad329f08 00000007ad329f08
0x00007fe6f7f04860:   00000007aced41e8 00007fe6f7f04868
0x00007fe6f7f04870:   0000000701c5b54a 00007fe6f7f048c8
0x00007fe6f7f04880:   0000000701c5c150 0000000000000000
0x00007fe6f7f04890:   0000000701c5b590 00007fe6f7f04848
0x00007fe6f7f048a0:   00007fe6f7f048c0 00007fe6f7f04918
0x00007fe6f7f048b0:   00007fe6ed0068e1 0000000000000000
0x00007fe6f7f048c0:   00000007ad329c18 00000007aced41e8 

Instructions: (pc=0x00007fe6f6ac5730)
0x00007fe6f6ac5710:   4c 89 6d c0 4c 89 6d a0 48 c7 45 a8 00 00 00 00
0x00007fe6f6ac5720:   49 83 7d 08 00 74 09 48 8d 7d a0 e8 e0 78 21 00
0x00007fe6f6ac5730:   4c 8b 23 4c 89 e7 e8 65 db fa ff 48 63 f8 31 c9
0x00007fe6f6ac5740:   31 d2 48 83 c7 01 89 c3 be 00 07 00 00 e8 8e 6a 

Register to memory mapping:

RAX=0x0000000000000000 is an unknown value
RBX=0x0000000000000000 is an unknown value
RCX=0x00007fe6f0005c30 is an unknown value
RDX=0x00007fe6f72ba360: <offset 0xe4a360> in /usr/lib/jvm/java-7-oracle/jre/lib/amd64/server/libjvm.so at 0x00007fe6f6470000
RSP=0x00007fe6f7f046d0 is pointing into the stack for thread: 0x00007fe6f000a000
RBP=0x00007fe6f7f04730 is pointing into the stack for thread: 0x00007fe6f000a000
RSI=0x0000000000000000 is an unknown value
RDI=0x00007fe6f000a1e8 is an unknown value
R8 =0x00007fe6f72b5d80: <offset 0xe45d80> in /usr/lib/jvm/java-7-oracle/jre/lib/amd64/server/libjvm.so at 0x00007fe6f6470000
R9 =0x00007fe6f742fb10: <offset 0x147b10> in /lib/x86_64-linux-gnu/libc.so.6 at 0x00007fe6f72e8000
R10=0x00007fe6ed01272c is at code_begin+620 in an Interpreter codelet
method entry point (kind = native)  [0x00007fe6ed0124c0, 0x00007fe6ed012d20]  2144 bytes
R11=0x00007fe6f6d22870: <offset 0x8b2870> in /usr/lib/jvm/java-7-oracle/jre/lib/amd64/server/libjvm.so at 0x00007fe6f6470000
R12=0x0000000000000000 is an unknown value
R13=0x00007fe6f000a000 is a thread
R14=0x00007fe6f7f047e8 is pointing into the stack for thread: 0x00007fe6f000a000
R15=0x0000000000000000 is an unknown value


Stack: [0x00007fe6f7e05000,0x00007fe6f7f06000],  sp=0x00007fe6f7f046d0,  free space=1021k
Native frames: (J=compiled Java code, j=interpreted, Vv=VM code, C=native code)
V  [libjvm.so+0x655730]  jni_GetStringUTFChars+0xa0
C  [libopencv_java249.so+0x2307b7]  Java_org_opencv_highgui_VideoCapture_VideoCapture_11+0x27
j  org.opencv.highgui.VideoCapture.<init>(Ljava/lang/String;)V+6
j  balldetection.processors.VideoProvidorProcessor.process(Lorg/opencv/core/Mat;)Lorg/opencv/core/Mat;+26
j  balldetection.ImageProcessor.process()V+44
j  balldetection.Main.main([Ljava/lang/String;)V+157
v  ~StubRoutines::call_stub
V  [libjvm.so+0x5ffb65]  JavaCalls::call_helper(JavaValue*, methodHandle*, JavaCallArguments*, Thread*)+0x365
V  [libjvm.so+0x5fe5c8]  JavaCalls::call(JavaValue*, methodHandle, JavaCallArguments*, Thread*)+0x28
V  [libjvm.so+0x638309]  jni_invoke_static(JNIEnv_*, JavaValue*, _jobject*, JNICallType, _jmethodID*, JNI_ArgumentPusher*, Thread*)+0x219
V  [libjvm.so+0x640f22]  jni_CallStaticVoidMethod+0x162
C  [libjli.so+0x36d9]  JavaMain+0x7e9

Java frames: (J=compiled Java code, j=interpreted, Vv=VM code)
j  org.opencv.highgui.VideoCapture.VideoCapture_1(Ljava/lang/String;)J+0
j  org.opencv.highgui.VideoCapture.<init>(Ljava/lang/String;)V+6
j  balldetection.processors.VideoProvidorProcessor.process(Lorg/opencv/core/Mat;)Lorg/opencv/core/Mat;+26
j  balldetection.ImageProcessor.process()V+44
j  balldetection.Main.main([Ljava/lang/String;)V+157
v  ~StubRoutines::call_stub

---------------  P R O C E S S  ---------------

Java Threads: ( => current thread )
  0x00007fe6f0215000 JavaThread "AWT-EventQueue-0" [_thread_blocked, id=9572, stack(0x00007fe6ccebd000,0x00007fe6ccfbe000)]
  0x00007fe6f0211800 JavaThread "AWT-Shutdown" [_thread_blocked, id=9571, stack(0x00007fe6ccfbe000,0x00007fe6cd0bf000)]
  0x00007fe6f01bd800 JavaThread "AWT-XAWT" daemon [_thread_in_native, id=9570, stack(0x00007fe6cd0bf000,0x00007fe6cd1c0000)]
  0x00007fe6f019c000 JavaThread "Java2D Disposer" daemon [_thread_blocked, id=9569, stack(0x00007fe6cd5d7000,0x00007fe6cd6d8000)]
  0x00007fe6f009f000 JavaThread "Service Thread" daemon [_thread_blocked, id=9567, stack(0x00007fe6d55ec000,0x00007fe6d56ed000)]
  0x00007fe6f009d000 JavaThread "C2 CompilerThread1" daemon [_thread_blocked, id=9566, stack(0x00007fe6d56ed000,0x00007fe6d57ee000)]
  0x00007fe6f009a000 JavaThread "C2 CompilerThread0" daemon [_thread_in_native, id=9565, stack(0x00007fe6d57ee000,0x00007fe6d58ef000)]
  0x00007fe6f0098000 JavaThread "Signal Dispatcher" daemon [_thread_blocked, id=9564, stack(0x00007fe6d58ef000,0x00007fe6d59f0000)]
  0x00007fe6f0078800 JavaThread "Finalizer" daemon [_thread_blocked, id=9563, stack(0x00007fe6d60da000,0x00007fe6d61db000)]
  0x00007fe6f0076800 JavaThread "Reference Handler" daemon [_thread_blocked, id=9562, stack(0x00007fe6d61db000,0x00007fe6d62dc000)]
=>0x00007fe6f000a000 JavaThread "main" [_thread_in_vm, id=9552, stack(0x00007fe6f7e05000,0x00007fe6f7f06000)]

Other Threads:
  0x00007fe6f0072000 VMThread [stack: 0x00007fe6d62dc000,0x00007fe6d63dd000] [id=9561]
  0x00007fe6f00aa000 WatcherThread [stack: 0x00007fe6d54eb000,0x00007fe6d55ec000] [id=9568]

VM state:not at safepoint (normal execution)

VM Mutex/Monitor currently owned by a thread: None

Heap
 PSYoungGen      total 75264K, used 6502K [0x00000007ace80000, 0x00000007b2200000, 0x0000000800000000)
  eden space 65024K, 10% used [0x00000007ace80000,0x00000007ad4d9b68,0x00000007b0e00000)
  from space 10240K, 0% used [0x00000007b1800000,0x00000007b1800000,0x00000007b2200000)
  to   space 10240K, 0% used [0x00000007b0e00000,0x00000007b0e00000,0x00000007b1800000)
 ParOldGen       total 169984K, used 0K [0x0000000706c00000, 0x0000000711200000, 0x00000007ace80000)
  object space 169984K, 0% used [0x0000000706c00000,0x0000000706c00000,0x0000000711200000)
 PSPermGen       total 21504K, used 7614K [0x0000000701a00000, 0x0000000702f00000, 0x0000000706c00000)
  object space 21504K, 35% used [0x0000000701a00000,0x000000070216f988,0x0000000702f00000)

Card table byte_map: [0x00007fe6f48c4000,0x00007fe6f50b8000] byte_map_base: 0x00007fe6f10b7000

Polling page: 0x00007fe6f7e04000

Code Cache  [0x00007fe6ed000000, 0x00007fe6ed270000, 0x00007fe6f0000000)
 total_blobs=395 nmethods=14 adapters=336 free_code_cache=48651Kb largest_free_block=49810304

Compilation events (10 events):
Event: 0.617 Thread 0x00007fe6f009d000 nmethod 9 0x00007fe6ed078190 code [0x00007fe6ed0782c0, 0x00007fe6ed078338]
Event: 0.621 Thread 0x00007fe6f009a000   10             java.util.concurrent.locks.AbstractQueuedSynchronizer::setState (6 bytes)
Event: 0.622 Thread 0x00007fe6f009a000 nmethod 10 0x00007fe6ed079710 code [0x00007fe6ed079840, 0x00007fe6ed079898]
Event: 0.784 Thread 0x00007fe6f009d000   11             sun.util.logging.PlatformLogger$DefaultLoggerProxy::isLoggable (29 bytes)
Event: 0.786 Thread 0x00007fe6f009d000 nmethod 11 0x00007fe6ed078d10 code [0x00007fe6ed078e60, 0x00007fe6ed078f58]
Event: 0.868 Thread 0x00007fe6f009a000   12             sun.util.logging.PlatformLogger$DefaultLoggerProxy::doLog (22 bytes)
Event: 0.871 Thread 0x00007fe6f009a000 nmethod 12 0x00007fe6ed0787d0 code [0x00007fe6ed078940, 0x00007fe6ed078ab8]
Event: 0.880 Thread 0x00007fe6f009d000   13             sun.util.logging.PlatformLogger::finest (12 bytes)
Event: 0.884 Thread 0x00007fe6f009d000 nmethod 13 0x00007fe6ed07c110 code [0x00007fe6ed07c280, 0x00007fe6ed07c438]
Event: 0.954 Thread 0x00007fe6f009a000   14             sun.nio.cs.UTF_8$Encoder::encode (361 bytes)

GC Heap History (0 events):
No events

Deoptimization events (0 events):
No events

Internal exceptions (10 events):
Event: 0.077 Thread 0x00007fe6f000a000 Threw 0x00000007acef2e00 at /HUDSON/workspace/7u-2-build-linux-amd64/jdk7u65/1224/hotspot/src/share/vm/prims/jni.cpp:717
Event: 0.077 Thread 0x00007fe6f000a000 Threw 0x00000007acef3708 at /HUDSON/workspace/7u-2-build-linux-amd64/jdk7u65/1224/hotspot/src/share/vm/prims/jni.cpp:717
Event: 0.079 Thread 0x00007fe6f000a000 Threw 0x00000007acef8040 at /HUDSON/workspace/7u-2-build-linux-amd64/jdk7u65/1224/hotspot/src/share/vm/prims/jvm.cpp:1244
Event: 0.080 Thread 0x00007fe6f000a000 Threw 0x00000007acf09498 at /HUDSON/workspace/7u-2-build-linux-amd64/jdk7u65/1224/hotspot/src/share/vm/prims/jvm.cpp:1244
Event: 0.413 Thread 0x00007fe6f000a000 Threw 0x00000007ad29dac0 at /HUDSON/workspace/7u-2-build-linux-amd64/jdk7u65/1224/hotspot/src/share/vm/prims/jvm.cpp:1244
Event: 0.414 Thread 0x00007fe6f000a000 Threw 0x00000007ad29fab0 at /HUDSON/workspace/7u-2-build-linux-amd64/jdk7u65/1224/hotspot/src/share/vm/prims/jvm.cpp:1244
Event: 0.414 Thread 0x00007fe6f000a000 Threw 0x00000007ad2a1810 at /HUDSON/workspace/7u-2-build-linux-amd64/jdk7u65/1224/hotspot/src/share/vm/prims/jvm.cpp:1244
Event: 0.415 Thread 0x00007fe6f000a000 Threw 0x00000007ad2a59b8 at /HUDSON/workspace/7u-2-build-linux-amd64/jdk7u65/1224/hotspot/src/share/vm/prims/jvm.cpp:1244
Event: 0.682 Thread 0x00007fe6f000a000 Threw 0x00000007ad2e5080 at /HUDSON/workspace/7u-2-build-linux-amd64/jdk7u65/1224/hotspot/src/share/vm/prims/jvm.cpp:1244
Event: 0.953 Thread 0x00007fe6f000a000 Threw 0x00000007ad3279f0 at /HUDSON/workspace/7u-2-build-linux-amd64/jdk7u65/1224/hotspot/src/share/vm/prims/jvm.cpp:1244

Events (10 events):
Event: 0.951 loading class 0x00007fe6f0011400 done
Event: 0.951 loading class 0x00007fe6f015acc0 done
Event: 0.953 loading class 0x00007fe6f00b26f0
Event: 0.953 loading class 0x00007fe6f00b26f0 done
Event: 0.953 loading class 0x00007fe6ec2dbf90
Event: 0.954 loading class 0x00007fe6ec2dbf90 done
Event: 0.955 loading class 0x00007fe6f00c6c60
Event: 0.955 loading class 0x00007fe6f00c6c60 done
Event: 0.955 loading class 0x00007fe6f0158f20
Event: 0.955 loading class 0x00007fe6f0158f20 done


Dynamic libraries:
00400000-00401000 r-xp 00000000 08:02 8391584                            /usr/lib/jvm/java-7-oracle/bin/java
00600000-00601000 rw-p 00000000 08:02 8391584                            /usr/lib/jvm/java-7-oracle/bin/java
017a5000-017c6000 rw-p 00000000 00:00 0                                  [heap]
701a00000-702f00000 rw-p 00000000 00:00 0 
702f00000-706c00000 rw-p 00000000 00:00 0 
706c00000-711200000 rw-p 00000000 00:00 0 
711200000-7ace80000 rw-p 00000000 00:00 0 
7ace80000-7b2200000 rw-p 00000000 00:00 0 
7b2200000-800000000 rw-p 00000000 00:00 0 
7fe688000000-7fe688021000 rw-p 00000000 00:00 0 
7fe688021000-7fe68c000000 ---p 00000000 00:00 0 
7fe690000000-7fe690021000 rw-p 00000000 00:00 0 
7fe690021000-7fe694000000 ---p 00000000 00:00 0 
7fe694000000-7fe694021000 rw-p 00000000 00:00 0 
7fe694021000-7fe698000000 ---p 00000000 00:00 0 
7fe698000000-7fe698021000 rw-p 00000000 00:00 0 
7fe698021000-7fe69c000000 ---p 00000000 00:00 0 
7fe69c000000-7fe69c021000 rw-p 00000000 00:00 0 
7fe69c021000-7fe6a0000000 ---p 00000000 00:00 0 
7fe6a0000000-7fe6a0021000 rw-p 00000000 00:00 0 
7fe6a0021000-7fe6a4000000 ---p 00000000 00:00 0 
7fe6a4000000-7fe6a4021000 rw-p 00000000 00:00 0 
7fe6a4021000-7fe6a8000000 ---p 00000000 00:00 0 
7fe6a8000000-7fe6a8021000 rw-p 00000000 00:00 0 
7fe6a8021000-7fe6ac000000 ---p 00000000 00:00 0 
7fe6ac000000-7fe6ac123000 rw-p 00000000 00:00 0 
7fe6ac123000-7fe6b0000000 ---p 00000000 00:00 0 
7fe6b0000000-7fe6b0021000 rw-p 00000000 00:00 0 
7fe6b0021000-7fe6b4000000 ---p 00000000 00:00 0 
7fe6b4000000-7fe6b4021000 rw-p 00000000 00:00 0 
7fe6b4021000-7fe6b8000000 ---p 00000000 00:00 0 
7fe6b8000000-7fe6b8021000 rw-p 00000000 00:00 0 
7fe6b8021000-7fe6bc000000 ---p 00000000 00:00 0 
7fe6bc0d0000-7fe6c4000000 rw-p 00000000 00:00 0 
7fe6c4000000-7fe6c4021000 rw-p 00000000 00:00 0 
7fe6c4021000-7fe6c8000000 ---p 00000000 00:00 0 
7fe6c8000000-7fe6c8021000 rw-p 00000000 00:00 0 
7fe6c8021000-7fe6cc000000 ---p 00000000 00:00 0 
7fe6ccb18000-7fe6ccc31000 rw-s 00000000 00:04 13139983                   /SYSV00000000 (deleted)
7fe6ccc34000-7fe6ccda0000 rw-p 00000000 00:00 0 
7fe6ccda0000-7fe6cceb9000 rw-s 00000000 00:04 13107210                   /SYSV00000000 (deleted)
7fe6ccebd000-7fe6ccec0000 ---p 00000000 00:00 0 
7fe6ccec0000-7fe6ccfbe000 rw-p 00000000 00:00 0                          [stack:9572]
7fe6ccfbe000-7fe6ccfc1000 ---p 00000000 00:00 0 
7fe6ccfc1000-7fe6cd0bf000 rw-p 00000000 00:00 0                          [stack:9571]
7fe6cd0bf000-7fe6cd0c2000 ---p 00000000 00:00 0 
7fe6cd0c2000-7fe6cd1c0000 rw-p 00000000 00:00 0                          [stack:9570]
7fe6cd1c0000-7fe6cd1c5000 r-xp 00000000 08:02 4982906                    /usr/lib/x86_64-linux-gnu/libXfixes.so.3.1.0
7fe6cd1c5000-7fe6cd3c4000 ---p 00005000 08:02 4982906                    /usr/lib/x86_64-linux-gnu/libXfixes.so.3.1.0
7fe6cd3c4000-7fe6cd3c5000 r--p 00004000 08:02 4982906                    /usr/lib/x86_64-linux-gnu/libXfixes.so.3.1.0
7fe6cd3c5000-7fe6cd3c6000 rw-p 00005000 08:02 4982906                    /usr/lib/x86_64-linux-gnu/libXfixes.so.3.1.0
7fe6cd3c8000-7fe6cd3d1000 r-xp 00000000 08:02 4988146                    /usr/lib/x86_64-linux-gnu/libXcursor.so.1.0.2
7fe6cd3d1000-7fe6cd5d0000 ---p 00009000 08:02 4988146                    /usr/lib/x86_64-linux-gnu/libXcursor.so.1.0.2
7fe6cd5d0000-7fe6cd5d1000 r--p 00008000 08:02 4988146                    /usr/lib/x86_64-linux-gnu/libXcursor.so.1.0.2
7fe6cd5d1000-7fe6cd5d2000 rw-p 00009000 08:02 4988146                    /usr/lib/x86_64-linux-gnu/libXcursor.so.1.0.2
7fe6cd5d7000-7fe6cd5da000 ---p 00000000 00:00 0 
7fe6cd5da000-7fe6cd6d8000 rw-p 00000000 00:00 0                          [stack:9569]
7fe6cd6d8000-7fe6cd6dd000 r-xp 00000000 08:02 4988150                    /usr/lib/x86_64-linux-gnu/libXdmcp.so.6.0.0
7fe6cd6dd000-7fe6cd8dc000 ---p 00005000 08:02 4988150                    /usr/lib/x86_64-linux-gnu/libXdmcp.so.6.0.0
7fe6cd8dc000-7fe6cd8dd000 r--p 00004000 08:02 4988150                    /usr/lib/x86_64-linux-gnu/libXdmcp.so.6.0.0
7fe6cd8dd000-7fe6cd8de000 rw-p 00005000 08:02 4988150                    /usr/lib/x86_64-linux-gnu/libXdmcp.so.6.0.0
7fe6cd8e0000-7fe6cd8e2000 r-xp 00000000 08:02 4988139                    /usr/lib/x86_64-linux-gnu/libXau.so.6.0.0
7fe6cd8e2000-7fe6cdae1000 ---p 00002000 08:02 4988139                    /usr/lib/x86_64-linux-gnu/libXau.so.6.0.0
7fe6cdae1000-7fe6cdae2000 r--p 00001000 08:02 4988139                    /usr/lib/x86_64-linux-gnu/libXau.so.6.0.0
7fe6cdae2000-7fe6cdae3000 rw-p 00002000 08:02 4988139                    /usr/lib/x86_64-linux-gnu/libXau.so.6.0.0
7fe6cdae8000-7fe6cdb05000 r-xp 00000000 08:02 4988746                    /usr/lib/x86_64-linux-gnu/libxcb.so.1.1.0
7fe6cdb05000-7fe6cdd04000 ---p 0001d000 08:02 4988746                    /usr/lib/x86_64-linux-gnu/libxcb.so.1.1.0
7fe6cdd04000-7fe6cdd05000 r--p 0001c000 08:02 4988746                    /usr/lib/x86_64-linux-gnu/libxcb.so.1.1.0
7fe6cdd05000-7fe6cdd06000 rw-p 0001d000 08:02 4988746                    /usr/lib/x86_64-linux-gnu/libxcb.so.1.1.0
7fe6cdd08000-7fe6cdd17000 r-xp 00000000 08:02 4982908                    /usr/lib/x86_64-linux-gnu/libXi.so.6.1.0
7fe6cdd17000-7fe6cdf16000 ---p 0000f000 08:02 4982908                    /usr/lib/x86_64-linux-gnu/libXi.so.6.1.0
7fe6cdf16000-7fe6cdf17000 r--p 0000e000 08:02 4982908                    /usr/lib/x86_64-linux-gnu/libXi.so.6.1.0
7fe6cdf17000-7fe6cdf18000 rw-p 0000f000 08:02 4982908                    /usr/lib/x86_64-linux-gnu/libXi.so.6.1.0
7fe6cdf18000-7fe6cdf1d000 r-xp 00000000 08:02 4988178                    /usr/lib/x86_64-linux-gnu/libXtst.so.6.1.0
7fe6cdf1d000-7fe6ce11c000 ---p 00005000 08:02 4988178                    /usr/lib/x86_64-linux-gnu/libXtst.so.6.1.0
7fe6ce11c000-7fe6ce11d000 r--p 00004000 08:02 4988178                    /usr/lib/x86_64-linux-gnu/libXtst.so.6.1.0
7fe6ce11d000-7fe6ce11e000 rw-p 00005000 08:02 4988178                    /usr/lib/x86_64-linux-gnu/libXtst.so.6.1.0
7fe6ce120000-7fe6ce129000 r-xp 00000000 08:02 4988174                    /usr/lib/x86_64-linux-gnu/libXrender.so.1.3.0
7fe6ce129000-7fe6ce328000 ---p 00009000 08:02 4988174                    /usr/lib/x86_64-linux-gnu/libXrender.so.1.3.0
7fe6ce328000-7fe6ce329000 r--p 00008000 08:02 4988174                    /usr/lib/x86_64-linux-gnu/libXrender.so.1.3.0
7fe6ce329000-7fe6ce32a000 rw-p 00009000 08:02 4988174                    /usr/lib/x86_64-linux-gnu/libXrender.so.1.3.0
7fe6ce330000-7fe6ce460000 r-xp 00000000 08:02 4982903                    /usr/lib/x86_64-linux-gnu/libX11.so.6.3.0
7fe6ce460000-7fe6ce660000 ---p 00130000 08:02 4982903                    /usr/lib/x86_64-linux-gnu/libX11.so.6.3.0
7fe6ce660000-7fe6ce661000 r--p 00130000 08:02 4982903                    /usr/lib/x86_64-linux-gnu/libX11.so.6.3.0
7fe6ce661000-7fe6ce665000 rw-p 00131000 08:02 4982903                    /usr/lib/x86_64-linux-gnu/libX11.so.6.3.0
7fe6ce668000-7fe6ce678000 r-xp 00000000 08:02 4988152                    /usr/lib/x86_64-linux-gnu/libXext.so.6.4.0
7fe6ce678000-7fe6ce877000 ---p 00010000 08:02 4988152                    /usr/lib/x86_64-linux-gnu/libXext.so.6.4.0
7fe6ce877000-7fe6ce878000 r--p 0000f000 08:02 4988152                    /usr/lib/x86_64-linux-gnu/libXext.so.6.4.0
7fe6ce878000-7fe6ce879000 rw-p 00010000 08:02 4988152                    /usr/lib/x86_64-linux-gnu/libXext.so.6.4.0
7fe6ce880000-7fe6ce8d0000 r-xp 00000000 08:02 8391396                    /usr/lib/jvm/java-7-oracle/jre/lib/amd64/xawt/libmawt.so
7fe6ce8d0000-7fe6cead0000 ---p 00050000 08:02 8391396                    /usr/lib/jvm/java-7-oracle/jre/lib/amd64/xawt/libmawt.so
7fe6cead0000-7fe6cead4000 rw-p 00050000 08:02 8391396                    /usr/lib/jvm/java-7-oracle/jre/lib/amd64/xawt/libmawt.so
7fe6cead4000-7fe6cead5000 rw-p 00000000 00:00 0 
7fe6cead8000-7fe6ceb7a000 r-xp 00000000 08:02 8391399                    /usr/lib/jvm/java-7-oracle/jre/lib/amd64/libawt.so
7fe6ceb7a000-7fe6ced7a000 ---p 000a2000 08:02 8391399                    /usr/lib/jvm/java-7-oracle/jre/lib/amd64/libawt.so
7fe6ced7a000-7fe6ced86000 rw-p 000a2000 08:02 8391399                    /usr/lib/jvm/java-7-oracle/jre/lib/amd64/libawt.so
7fe6ced86000-7fe6cedaa000 rw-p 00000000 00:00 0 
7fe6cedb0000-7fe6cedd1000 r-xp 00000000 08:02 4988711                    /usr/lib/x86_64-linux-gnu/libv4lconvert.so.0
7fe6cedd1000-7fe6cefd0000 ---p 00021000 08:02 4988711                    /usr/lib/x86_64-linux-gnu/libv4lconvert.so.0
7fe6cefd0000-7fe6cefd2000 r--p 00020000 08:02 4988711                    /usr/lib/x86_64-linux-gnu/libv4lconvert.so.0
7fe6cefd2000-7fe6cefd3000 rw-p 00022000 08:02 4988711                    /usr/lib/x86_64-linux-gnu/libv4lconvert.so.0
7fe6cefd3000-7fe6cf025000 rw-p 00000000 00:00 0 
7fe6cf028000-7fe6cf030000 r-xp 00000000 08:02 4988710                    /usr/lib/x86_64-linux-gnu/libv4l2.so.0
7fe6cf030000-7fe6cf22f000 ---p 00008000 08:02 4988710                    /usr/lib/x86_64-linux-gnu/libv4l2.so.0
7fe6cf22f000-7fe6cf230000 r--p 00007000 08:02 4988710                    /usr/lib/x86_64-linux-gnu/libv4l2.so.0
7fe6cf230000-7fe6cf234000 rw-p 00008000 08:02 4988710                    /usr/lib/x86_64-linux-gnu/libv4l2.so.0
7fe6cf238000-7fe6cf24d000 r-xp 00000000 08:02 6819542                    /lib/x86_64-linux-gnu/libgcc_s.so.1
7fe6cf24d000-7fe6cf44c000 ---p 00015000 08:02 6819542                    /lib/x86_64-linux-gnu/libgcc_s.so.1
7fe6cf44c000-7fe6cf44d000 r--p 00014000 08:02 6819542                    /lib/x86_64-linux-gnu/libgcc_s.so.1
7fe6cf44d000-7fe6cf44e000 rw-p 00015000 08:02 6819542                    /lib/x86_64-linux-gnu/libgcc_s.so.1
7fe6cf450000-7fe6cf466000 r-xp 00000000 08:02 6819632                    /lib/x86_64-linux-gnu/libz.so.1.2.3.4
7fe6cf466000-7fe6cf665000 ---p 00016000 08:02 6819632                    /lib/x86_64-linux-gnu/libz.so.1.2.3.4
7fe6cf665000-7fe6cf666000 r--p 00015000 08:02 6819632                    /lib/x86_64-linux-gnu/libz.so.1.2.3.4
7fe6cf666000-7fe6cf667000 rw-p 00016000 08:02 6819632                    /lib/x86_64-linux-gnu/libz.so.1.2.3.4
7fe6cf668000-7fe6cf66d000 r-xp 00000000 08:02 4988709                    /usr/lib/x86_64-linux-gnu/libv4l1.so.0
7fe6cf66d000-7fe6cf86c000 ---p 00005000 08:02 4988709                    /usr/lib/x86_64-linux-gnu/libv4l1.so.0
7fe6cf86c000-7fe6cf86d000 r--p 00004000 08:02 4988709                    /usr/lib/x86_64-linux-gnu/libv4l1.so.0
7fe6cf86d000-7fe6cf86e000 rw-p 00005000 08:02 4988709                    /usr/lib/x86_64-linux-gnu/libv4l1.so.0
7fe6cf870000-7fe6cf8d1000 r-xp 00000000 08:02 4991012                    /usr/lib/x86_64-linux-gnu/libtiff.so.4.3.4
7fe6cf8d1000-7fe6cfad1000 ---p 00061000 08:02 4991012                    /usr/lib/x86_64-linux-gnu/libtiff.so.4.3.4
7fe6cfad1000-7fe6cfad3000 r--p 00061000 08:02 4991012                    /usr/lib/x86_64-linux-gnu/libtiff.so.4.3.4
7fe6cfad3000-7fe6cfad4000 rw-p 00063000 08:02 4991012                    /usr/lib/x86_64-linux-gnu/libtiff.so.4.3.4
7fe6cfad8000-7fe6cfafe000 r-xp 00000000 08:02 6819598                    /lib/x86_64-linux-gnu/libpng12.so.0.46.0
7fe6cfafe000-7fe6cfcfe000 ---p 00026000 08:02 6819598                    /lib/x86_64-linux-gnu/libpng12.so.0.46.0
7fe6cfcfe000-7fe6cfcff000 r--p 00026000 08:02 6819598                    /lib/x86_64-linux-gnu/libpng12.so.0.46.0
7fe6cfcff000-7fe6cfd00000 rw-p 00027000 08:02 6819598                    /lib/x86_64-linux-gnu/libpng12.so.0.46.0
7fe6cfd00000-7fe6cfde2000 r-xp 00000000 08:02 4988682                    /usr/lib/x86_64-linux-gnu/libstdc++.so.6.0.16
7fe6cfde2000-7fe6cffe1000 ---p 000e2000 08:02 4988682                    /usr/lib/x86_64-linux-gnu/libstdc++.so.6.0.16
7fe6cffe1000-7fe6cffe9000 r--p 000e1000 08:02 4988682                    /usr/lib/x86_64-linux-gnu/libstdc++.so.6.0.16
7fe6cffe9000-7fe6cffeb000 rw-p 000e9000 08:02 4988682                    /usr/lib/x86_64-linux-gnu/libstdc++.so.6.0.16
7fe6cffeb000-7fe6d0000000 rw-p 00000000 00:00 0 
7fe6d0000000-7fe6d0021000 rw-p 00000000 00:00 0 
7fe6d0021000-7fe6d4000000 ---p 00000000 00:00 0 
7fe6d40a8000-7fe6d40e7000 r-xp 00000000 08:02 4987524                    /usr/lib/x86_64-linux-gnu/libjpeg.so.8.0.2
7fe6d40e7000-7fe6d42e6000 ---p 0003f000 08:02 4987524                    /usr/lib/x86_64-linux-gnu/libjpeg.so.8.0.2
7fe6d42e6000-7fe6d42e7000 r--p 0003e000 08:02 4987524                    /usr/lib/x86_64-linux-gnu/libjpeg.so.8.0.2
7fe6d42e7000-7fe6d42e8000 rw-p 0003f000 08:02 4987524                    /usr/lib/x86_64-linux-gnu/libjpeg.so.8.0.2
7fe6d42e8000-7fe6d42f8000 rw-p 00000000 00:00 0 
7fe6d4318000-7fe6d520c000 r-xp 00000000 08:02 10095302                   /usr/local/share/OpenCV/java/libopencv_java249.so
7fe6d520c000-7fe6d540c000 ---p 00ef4000 08:02 10095302                   /usr/local/share/OpenCV/java/libopencv_java249.so
7fe6d540c000-7fe6d5430000 r--p 00ef4000 08:02 10095302                   /usr/local/share/OpenCV/java/libopencv_java249.so
7fe6d5430000-7fe6d5448000 rw-p 00f18000 08:02 10095302                   /usr/local/share/OpenCV/java/libopencv_java249.so
7fe6d5448000-7fe6d54eb000 rw-p 00000000 00:00 0 
7fe6d54eb000-7fe6d54ec000 ---p 00000000 00:00 0 
7fe6d54ec000-7fe6d55ec000 rw-p 00000000 00:00 0                          [stack:9568]
7fe6d55ec000-7fe6d55ef000 ---p 00000000 00:00 0 
7fe6d55ef000-7fe6d56ed000 rw-p 00000000 00:00 0                          [stack:9567]
7fe6d56ed000-7fe6d56f0000 ---p 00000000 00:00 0 
7fe6d56f0000-7fe6d57ee000 rw-p 00000000 00:00 0                          [stack:9566]
7fe6d57ee000-7fe6d57f1000 ---p 00000000 00:00 0 
7fe6d57f1000-7fe6d58ef000 rw-p 00000000 00:00 0                          [stack:9565]
7fe6d58ef000-7fe6d58f2000 ---p 00000000 00:00 0 
7fe6d58f2000-7fe6d59f0000 rw-p 00000000 00:00 0                          [stack:9564]
7fe6d59f0000-7fe6d60d3000 r--p 00000000 08:02 4987440                    /usr/lib/locale/locale-archive
7fe6d60da000-7fe6d60dd000 ---p 00000000 00:00 0 
7fe6d60dd000-7fe6d61db000 rw-p 00000000 00:00 0                          [stack:9563]
7fe6d61db000-7fe6d61de000 ---p 00000000 00:00 0 
7fe6d61de000-7fe6d62dc000 rw-p 00000000 00:00 0                          [stack:9562]
7fe6d62dc000-7fe6d62dd000 ---p 00000000 00:00 0 
7fe6d62dd000-7fe6d8000000 rw-p 00000000 00:00 0                          [stack:9561]
7fe6d8000000-7fe6d8021000 rw-p 00000000 00:00 0 
7fe6d8021000-7fe6dc000000 ---p 00000000 00:00 0 
7fe6dc000000-7fe6dc021000 rw-p 00000000 00:00 0 
7fe6dc021000-7fe6e0000000 ---p 00000000 00:00 0 
7fe6e0000000-7fe6e0021000 rw-p 00000000 00:00 0 
7fe6e0021000-7fe6e4000000 ---p 00000000 00:00 0 
7fe6e4000000-7fe6e4021000 rw-p 00000000 00:00 0 
7fe6e4021000-7fe6e8000000 ---p 00000000 00:00 0 
7fe6e8000000-7fe6e8021000 rw-p 00000000 00:00 0 
7fe6e8021000-7fe6ec000000 ---p 00000000 00:00 0 
7fe6ec009000-7fe6ec075000 rw-p 00000000 00:00 0 
7fe6ec075000-7fe6ec234000 r--s 039e5000 08:02 8390889                    /usr/lib/jvm/java-7-oracle/jre/lib/rt.jar
7fe6ec237000-7fe6ecafb000 rw-p 00000000 00:00 0 
7fe6ecafb000-7fe6ecafc000 ---p 00000000 00:00 0 
7fe6ecafc000-7fe6ecbfc000 rw-p 00000000 00:00 0                          [stack:9560]
7fe6ecbfc000-7fe6ecbfd000 ---p 00000000 00:00 0 
7fe6ecbfd000-7fe6eccfd000 rw-p 00000000 00:00 0                          [stack:9559]
7fe6eccfd000-7fe6eccfe000 ---p 00000000 00:00 0 
7fe6eccfe000-7fe6ecdfe000 rw-p 00000000 00:00 0                          [stack:9558]
7fe6ecdfe000-7fe6ecdff000 ---p 00000000 00:00 0 
7fe6ecdff000-7fe6eceff000 rw-p 00000000 00:00 0                          [stack:9557]
7fe6eceff000-7fe6ecf00000 ---p 00000000 00:00 0 
7fe6ecf00000-7fe6ed000000 rw-p 00000000 00:00 0                          [stack:9556]
7fe6ed000000-7fe6ed270000 rwxp 00000000 00:00 0 
7fe6ed270000-7fe6f030b000 rw-p 00000000 00:00 0 
7fe6f030b000-7fe6f4000000 ---p 00000000 00:00 0 
7fe6f4009000-7fe6f400d000 r--s 00069000 08:02 3278518                    /home/gregor/.m2/repository/opencv/opencv/1/opencv-1.jar
7fe6f4014000-7fe6f4016000 r--s 00024000 08:02 3278315                    /home/gregor/.m2/repository/org/scream3r/jssc/2.8.0/jssc-2.8.0.jar
7fe6f4017000-7fe6f408f000 rw-p 00000000 00:00 0 
7fe6f408f000-7fe6f4090000 ---p 00000000 00:00 0 
7fe6f4090000-7fe6f4190000 rw-p 00000000 00:00 0                          [stack:9555]
7fe6f4190000-7fe6f4191000 ---p 00000000 00:00 0 
7fe6f4191000-7fe6f4291000 rw-p 00000000 00:00 0                          [stack:9554]
7fe6f4291000-7fe6f4292000 ---p 00000000 00:00 0 
7fe6f4292000-7fe6f43e5000 rw-p 00000000 00:00 0                          [stack:9553]
7fe6f43e5000-7fe6f48c4000 rw-p 00000000 00:00 0 
7fe6f48c4000-7fe6f48cf000 rw-p 00000000 00:00 0 
7fe6f48cf000-7fe6f48ed000 rw-p 00000000 00:00 0 
7fe6f48ed000-7fe6f4940000 rw-p 00000000 00:00 0 
7fe6f4940000-7fe6f4e1e000 rw-p 00000000 00:00 0 
7fe6f4e1e000-7fe6f4e48000 rw-p 00000000 00:00 0 
7fe6f4e48000-7fe6f50b7000 rw-p 00000000 00:00 0 
7fe6f50b7000-7fe6f50b8000 rw-p 00000000 00:00 0 
7fe6f50b8000-7fe6f50d2000 r-xp 00000000 08:02 8391417                    /usr/lib/jvm/java-7-oracle/jre/lib/amd64/libzip.so
7fe6f50d2000-7fe6f52d2000 ---p 0001a000 08:02 8391417                    /usr/lib/jvm/java-7-oracle/jre/lib/amd64/libzip.so
7fe6f52d2000-7fe6f52d3000 rw-p 0001a000 08:02 8391417                    /usr/lib/jvm/java-7-oracle/jre/lib/amd64/libzip.so
7fe6f52d8000-7fe6f52e4000 r-xp 00000000 08:02 6815859                    /lib/x86_64-linux-gnu/libnss_files-2.15.so
7fe6f52e4000-7fe6f54e3000 ---p 0000c000 08:02 6815859                    /lib/x86_64-linux-gnu/libnss_files-2.15.so
7fe6f54e3000-7fe6f54e4000 r--p 0000b000 08:02 6815859                    /lib/x86_64-linux-gnu/libnss_files-2.15.so
7fe6f54e4000-7fe6f54e5000 rw-p 0000c000 08:02 6815859                    /lib/x86_64-linux-gnu/libnss_files-2.15.so
7fe6f54e8000-7fe6f54f2000 r-xp 00000000 08:02 6815863                    /lib/x86_64-linux-gnu/libnss_nis-2.15.so
7fe6f54f2000-7fe6f56f2000 ---p 0000a000 08:02 6815863                    /lib/x86_64-linux-gnu/libnss_nis-2.15.so
7fe6f56f2000-7fe6f56f3000 r--p 0000a000 08:02 6815863                    /lib/x86_64-linux-gnu/libnss_nis-2.15.so
7fe6f56f3000-7fe6f56f4000 rw-p 0000b000 08:02 6815863                    /lib/x86_64-linux-gnu/libnss_nis-2.15.so
7fe6f56f8000-7fe6f570f000 r-xp 00000000 08:02 6820619                    /lib/x86_64-linux-gnu/libnsl-2.15.so
7fe6f570f000-7fe6f590e000 ---p 00017000 08:02 6820619                    /lib/x86_64-linux-gnu/libnsl-2.15.so
7fe6f590e000-7fe6f590f000 r--p 00016000 08:02 6820619                    /lib/x86_64-linux-gnu/libnsl-2.15.so
7fe6f590f000-7fe6f5910000 rw-p 00017000 08:02 6820619                    /lib/x86_64-linux-gnu/libnsl-2.15.so
7fe6f5910000-7fe6f5912000 rw-p 00000000 00:00 0 
7fe6f5918000-7fe6f5920000 r-xp 00000000 08:02 6815857                    /lib/x86_64-linux-gnu/libnss_compat-2.15.so
7fe6f5920000-7fe6f5b1f000 ---p 00008000 08:02 6815857                    /lib/x86_64-linux-gnu/libnss_compat-2.15.so
7fe6f5b1f000-7fe6f5b20000 r--p 00007000 08:02 6815857                    /lib/x86_64-linux-gnu/libnss_compat-2.15.so
7fe6f5b20000-7fe6f5b21000 rw-p 00008000 08:02 6815857                    /lib/x86_64-linux-gnu/libnss_compat-2.15.so
7fe6f5b28000-7fe6f5b51000 r-xp 00000000 08:02 8391373                    /usr/lib/jvm/java-7-oracle/jre/lib/amd64/libjava.so
7fe6f5b51000-7fe6f5d51000 ---p 00029000 08:02 8391373                    /usr/lib/jvm/java-7-oracle/jre/lib/amd64/libjava.so
7fe6f5d51000-7fe6f5d53000 rw-p 00029000 08:02 8391373                    /usr/lib/jvm/java-7-oracle/jre/lib/amd64/libjava.so
7fe6f5d58000-7fe6f5d65000 r-xp 00000000 08:02 8391404                    /usr/lib/jvm/java-7-oracle/jre/lib/amd64/libverify.so
7fe6f5d65000-7fe6f5f64000 ---p 0000d000 08:02 8391404                    /usr/lib/jvm/java-7-oracle/jre/lib/amd64/libverify.so
7fe6f5f64000-7fe6f5f66000 rw-p 0000c000 08:02 8391404                    /usr/lib/jvm/java-7-oracle/jre/lib/amd64/libverify.so
7fe6f5f68000-7fe6f5f6f000 r-xp 00000000 08:02 6815862                    /lib/x86_64-linux-gnu/librt-2.15.so
7fe6f5f6f000-7fe6f616e000 ---p 00007000 08:02 6815862                    /lib/x86_64-linux-gnu/librt-2.15.so
7fe6f616e000-7fe6f616f000 r--p 00006000 08:02 6815862                    /lib/x86_64-linux-gnu/librt-2.15.so
7fe6f616f000-7fe6f6170000 rw-p 00007000 08:02 6815862                    /lib/x86_64-linux-gnu/librt-2.15.so
7fe6f6170000-7fe6f626b000 r-xp 00000000 08:02 6815866                    /lib/x86_64-linux-gnu/libm-2.15.so
7fe6f626b000-7fe6f646a000 ---p 000fb000 08:02 6815866                    /lib/x86_64-linux-gnu/libm-2.15.so
7fe6f646a000-7fe6f646b000 r--p 000fa000 08:02 6815866                    /lib/x86_64-linux-gnu/libm-2.15.so
7fe6f646b000-7fe6f646c000 rw-p 000fb000 08:02 6815866                    /lib/x86_64-linux-gnu/libm-2.15.so
7fe6f6470000-7fe6f6fe0000 r-xp 00000000 08:02 8391414                    /usr/lib/jvm/java-7-oracle/jre/lib/amd64/server/libjvm.so
7fe6f6fe0000-7fe6f71df000 ---p 00b70000 08:02 8391414                    /usr/lib/jvm/java-7-oracle/jre/lib/amd64/server/libjvm.so
7fe6f71df000-7fe6f72a4000 rw-p 00b6f000 08:02 8391414                    /usr/lib/jvm/java-7-oracle/jre/lib/amd64/server/libjvm.so
7fe6f72a4000-7fe6f72e4000 rw-p 00000000 00:00 0 
7fe6f72e8000-7fe6f749d000 r-xp 00000000 08:02 6815755                    /lib/x86_64-linux-gnu/libc-2.15.so
7fe6f749d000-7fe6f769d000 ---p 001b5000 08:02 6815755                    /lib/x86_64-linux-gnu/libc-2.15.so
7fe6f769d000-7fe6f76a1000 r--p 001b5000 08:02 6815755                    /lib/x86_64-linux-gnu/libc-2.15.so
7fe6f76a1000-7fe6f76a3000 rw-p 001b9000 08:02 6815755                    /lib/x86_64-linux-gnu/libc-2.15.so
7fe6f76a3000-7fe6f76a8000 rw-p 00000000 00:00 0 
7fe6f76a8000-7fe6f76aa000 r-xp 00000000 08:02 6815870                    /lib/x86_64-linux-gnu/libdl-2.15.so
7fe6f76aa000-7fe6f78aa000 ---p 00002000 08:02 6815870                    /lib/x86_64-linux-gnu/libdl-2.15.so
7fe6f78aa000-7fe6f78ab000 r--p 00002000 08:02 6815870                    /lib/x86_64-linux-gnu/libdl-2.15.so
7fe6f78ab000-7fe6f78ac000 rw-p 00003000 08:02 6815870                    /lib/x86_64-linux-gnu/libdl-2.15.so
7fe6f78b0000-7fe6f78c6000 r-xp 00000000 08:02 8390226                    /usr/lib/jvm/java-7-oracle/lib/amd64/jli/libjli.so
7fe6f78c6000-7fe6f7ac6000 ---p 00016000 08:02 8390226                    /usr/lib/jvm/java-7-oracle/lib/amd64/jli/libjli.so
7fe6f7ac6000-7fe6f7ac7000 rw-p 00016000 08:02 8390226                    /usr/lib/jvm/java-7-oracle/lib/amd64/jli/libjli.so
7fe6f7ac8000-7fe6f7ae0000 r-xp 00000000 08:02 6815864                    /lib/x86_64-linux-gnu/libpthread-2.15.so
7fe6f7ae0000-7fe6f7cdf000 ---p 00018000 08:02 6815864                    /lib/x86_64-linux-gnu/libpthread-2.15.so
7fe6f7cdf000-7fe6f7ce0000 r--p 00017000 08:02 6815864                    /lib/x86_64-linux-gnu/libpthread-2.15.so
7fe6f7ce0000-7fe6f7ce1000 rw-p 00018000 08:02 6815864                    /lib/x86_64-linux-gnu/libpthread-2.15.so
7fe6f7ce1000-7fe6f7ce5000 rw-p 00000000 00:00 0 
7fe6f7ce8000-7fe6f7d0a000 r-xp 00000000 08:02 6815867                    /lib/x86_64-linux-gnu/ld-2.15.so
7fe6f7d0f000-7fe6f7d1a000 rw-p 00000000 00:00 0 
7fe6f7d1a000-7fe6f7d38000 rw-p 00000000 00:00 0 
7fe6f7d38000-7fe6f7d42000 rw-p 00000000 00:00 0 
7fe6f7d42000-7fe6f7df8000 rw-p 00000000 00:00 0 
7fe6f7df8000-7fe6f7e00000 rw-s 00000000 08:02 8262768                    /tmp/hsperfdata_gregor/9548
7fe6f7e00000-7fe6f7e04000 rw-p 00000000 00:00 0 
7fe6f7e04000-7fe6f7e05000 r--p 00000000 00:00 0 
7fe6f7e05000-7fe6f7e08000 ---p 00000000 00:00 0 
7fe6f7e08000-7fe6f7f0a000 rw-p 00000000 00:00 0                          [stack:9552]
7fe6f7f0a000-7fe6f7f0b000 r--p 00022000 08:02 6815867                    /lib/x86_64-linux-gnu/ld-2.15.so
7fe6f7f0b000-7fe6f7f0d000 rw-p 00023000 08:02 6815867                    /lib/x86_64-linux-gnu/ld-2.15.so
7fe6f7f0d000-7fe6f7f0f000 rw-p 00000000 00:00 0 
7fffed2c3000-7fffed2e4000 rw-p 00000000 00:00 0                          [stack]
7fffed400000-7fffed402000 r-xp 00000000 00:00 0                          [vdso]
ffffffffff600000-ffffffffff601000 r-xp 00000000 00:00 0                  [vsyscall]

VM Arguments:
jvm_args: -Djava.library.path=/usr/local/share/OpenCV/java 
java_command: balldetection.Main
Launcher Type: SUN_STANDARD

Environment Variables:
JAVA_HOME=/usr/lib/jvm/java-7-oracle
PATH=/home/gregor/bin:/usr/lib/lightdm/lightdm:/usr/local/sbin:/usr/local/bin:/usr/sbin:/usr/bin:/sbin:/bin:/usr/games
LD_LIBRARY_PATH=/usr/lib/jvm/java-7-oracle/jre/lib/amd64:/usr/lib/jvm/java-7-oracle/jre/lib/i386:
SHELL=/bin/bash
DISPLAY=:0

Signal Handlers:
SIGSEGV: [libjvm.so+0x99f4a0], sa_mask[0]=0x7ffbfeff, sa_flags=0x10000004
SIGBUS: [libjvm.so+0x99f4a0], sa_mask[0]=0x7ffbfeff, sa_flags=0x10000004
SIGFPE: [libjvm.so+0x81a860], sa_mask[0]=0x7ffbfeff, sa_flags=0x10000004
SIGPIPE: [libjvm.so+0x81a860], sa_mask[0]=0x7ffbfeff, sa_flags=0x10000004
SIGXFSZ: [libjvm.so+0x81a860], sa_mask[0]=0x7ffbfeff, sa_flags=0x10000004
SIGILL: [libjvm.so+0x81a860], sa_mask[0]=0x7ffbfeff, sa_flags=0x10000004
SIGUSR1: SIG_DFL, sa_mask[0]=0x00000000, sa_flags=0x00000000
SIGUSR2: [libjvm.so+0x81c060], sa_mask[0]=0x00000004, sa_flags=0x10000004
SIGHUP: [libjvm.so+0x81d160], sa_mask[0]=0x7ffbfeff, sa_flags=0x10000004
SIGINT: SIG_IGN, sa_mask[0]=0x00000000, sa_flags=0x00000000
SIGTERM: [libjvm.so+0x81d160], sa_mask[0]=0x7ffbfeff, sa_flags=0x10000004
SIGQUIT: [libjvm.so+0x81d160], sa_mask[0]=0x7ffbfeff, sa_flags=0x10000004


---------------  S Y S T E M  ---------------

OS:wheezy/sid

uname:Linux 3.8.0-44-generic #66~precise1-Ubuntu SMP Tue Jul 15 04:01:04 UTC 2014 x86_64
libc:glibc 2.15 NPTL 2.15 
rlimit: STACK 8192k, CORE 0k, NPROC 126941, NOFILE 4096, AS infinity
load average:0.87 0.66 0.69

/proc/meminfo:
MemTotal:       16333552 kB
MemFree:         8496304 kB
Buffers:          408888 kB
Cached:          3862116 kB
SwapCached:            0 kB
Active:          4132352 kB
Inactive:        2477792 kB
Active(anon):    2340412 kB
Inactive(anon):    51704 kB
Active(file):    1791940 kB
Inactive(file):  2426088 kB
Unevictable:         336 kB
Mlocked:             336 kB
SwapTotal:       8396796 kB
SwapFree:        8396796 kB
Dirty:               420 kB
Writeback:             0 kB
AnonPages:       2340344 kB
Mapped:           689608 kB
Shmem:             52980 kB
Slab:             373332 kB
SReclaimable:     326364 kB
SUnreclaim:        46968 kB
KernelStack:        5488 kB
PageTables:        49064 kB
NFS_Unstable:          0 kB
Bounce:                0 kB
WritebackTmp:          0 kB
CommitLimit:    16563572 kB
Committed_AS:    8007728 kB
VmallocTotal:   34359738367 kB
VmallocUsed:      336612 kB
VmallocChunk:   34359399148 kB
HardwareCorrupted:     0 kB
AnonHugePages:         0 kB
HugePages_Total:       0
HugePages_Free:        0
HugePages_Rsvd:        0
HugePages_Surp:        0
Hugepagesize:       2048 kB
DirectMap4k:     1058812 kB
DirectMap2M:    12515328 kB
DirectMap1G:     3145728 kB


CPU:total 8 (8 cores per cpu, 1 threads per core) family 21 model 2 stepping 0, cmov, cx8, fxsr, mmx, sse, sse2, sse3, ssse3, sse4.1, sse4.2, popcnt, avx, aes, mmxext, 3dnowpref, lzcnt, sse4a, tsc, tscinvbit, tscinv

/proc/cpuinfo:
processor	: 0
vendor_id	: AuthenticAMD
cpu family	: 21
model		: 2
model name	: AMD FX(tm)-8350 Eight-Core Processor
stepping	: 0
microcode	: 0x600081f
cpu MHz		: 4000.000
cache size	: 2048 KB
physical id	: 0
siblings	: 8
core id		: 0
cpu cores	: 4
apicid		: 16
initial apicid	: 0
fpu		: yes
fpu_exception	: yes
cpuid level	: 13
wp		: yes
flags		: fpu vme de pse tsc msr pae mce cx8 apic sep mtrr pge mca cmov pat pse36 clflush mmx fxsr sse sse2 ht syscall nx mmxext fxsr_opt pdpe1gb rdtscp lm constant_tsc rep_good nopl nonstop_tsc extd_apicid aperfmperf pni pclmulqdq monitor ssse3 fma cx16 sse4_1 sse4_2 popcnt aes xsave avx f16c lahf_lm cmp_legacy svm extapic cr8_legacy abm sse4a misalignsse 3dnowprefetch osvw ibs xop skinit wdt lwp fma4 tce nodeid_msr tbm topoext perfctr_core arat cpb hw_pstate npt lbrv svm_lock nrip_save tsc_scale vmcb_clean flushbyasid decodeassists pausefilter pfthreshold bmi1
bogomips	: 8669.74
TLB size	: 1536 4K pages
clflush size	: 64
cache_alignment	: 64
address sizes	: 48 bits physical, 48 bits virtual
power management: ts ttp tm 100mhzsteps hwpstate cpb eff_freq_ro

processor	: 1
vendor_id	: AuthenticAMD
cpu family	: 21
model		: 2
model name	: AMD FX(tm)-8350 Eight-Core Processor           
stepping	: 0
microcode	: 0x600081f
cpu MHz		: 4000.000
cache size	: 2048 KB
physical id	: 0
siblings	: 8
core id		: 1
cpu cores	: 4
apicid		: 17
initial apicid	: 1
fpu		: yes
fpu_exception	: yes
cpuid level	: 13
wp		: yes
flags		: fpu vme de pse tsc msr pae mce cx8 apic sep mtrr pge mca cmov pat pse36 clflush mmx fxsr sse sse2 ht syscall nx mmxext fxsr_opt pdpe1gb rdtscp lm constant_tsc rep_good nopl nonstop_tsc extd_apicid aperfmperf pni pclmulqdq monitor ssse3 fma cx16 sse4_1 sse4_2 popcnt aes xsave avx f16c lahf_lm cmp_legacy svm extapic cr8_legacy abm sse4a misalignsse 3dnowprefetch osvw ibs xop skinit wdt lwp fma4 tce nodeid_msr tbm topoext perfctr_core arat cpb hw_pstate npt lbrv svm_lock nrip_save tsc_scale vmcb_clean flushbyasid decodeassists pausefilter pfthreshold bmi1
bogomips	: 8669.74
TLB size	: 1536 4K pages
clflush size	: 64
cache_alignment	: 64
address sizes	: 48 bits physical, 48 bits virtual
power management: ts ttp tm 100mhzsteps hwpstate cpb eff_freq_ro

processor	: 2
vendor_id	: AuthenticAMD
cpu family	: 21
model		: 2
model name	: AMD FX(tm)-8350 Eight-Core Processor           
stepping	: 0
microcode	: 0x600081f
cpu MHz		: 1400.000
cache size	: 2048 KB
physical id	: 0
siblings	: 8
core id		: 2
cpu cores	: 4
apicid		: 18
initial apicid	: 2
fpu		: yes
fpu_exception	: yes
cpuid level	: 13
wp		: yes
flags		: fpu vme de pse tsc msr pae mce cx8 apic sep mtrr pge mca cmov pat pse36 clflush mmx fxsr sse sse2 ht syscall nx mmxext fxsr_opt pdpe1gb rdtscp lm constant_tsc rep_good nopl nonstop_tsc extd_apicid aperfmperf pni pclmulqdq monitor ssse3 fma cx16 sse4_1 sse4_2 popcnt aes xsave avx f16c lahf_lm cmp_legacy svm extapic cr8_legacy abm sse4a misalignsse 3dnowprefetch osvw ibs xop skinit wdt lwp fma4 tce nodeid_msr tbm topoext perfctr_core arat cpb hw_pstate npt lbrv svm_lock nrip_save tsc_scale vmcb_clean flushbyasid decodeassists pausefilter pfthreshold bmi1
bogomips	: 8669.74
TLB size	: 1536 4K pages
clflush size	: 64
cache_alignment	: 64
address sizes	: 48 bits physical, 48 bits virtual
power management: ts ttp tm 100mhzsteps hwpstate cpb eff_freq_ro

processor	: 3
vendor_id	: AuthenticAMD
cpu family	: 21
model		: 2
model name	: AMD FX(tm)-8350 Eight-Core Processor           
stepping	: 0
microcode	: 0x600081f
cpu MHz		: 4000.000
cache size	: 2048 KB
physical id	: 0
siblings	: 8
core id		: 3
cpu cores	: 4
apicid		: 19
initial apicid	: 3
fpu		: yes
fpu_exception	: yes
cpuid level	: 13
wp		: yes
flags		: fpu vme de pse tsc msr pae mce cx8 apic sep mtrr pge mca cmov pat pse36 clflush mmx fxsr sse sse2 ht syscall nx mmxext fxsr_opt pdpe1gb rdtscp lm constant_tsc rep_good nopl nonstop_tsc extd_apicid aperfmperf pni pclmulqdq monitor ssse3 fma cx16 sse4_1 sse4_2 popcnt aes xsave avx f16c lahf_lm cmp_legacy svm extapic cr8_legacy abm sse4a misalignsse 3dnowprefetch osvw ibs xop skinit wdt lwp fma4 tce nodeid_msr tbm topoext perfctr_core arat cpb hw_pstate npt lbrv svm_lock nrip_save tsc_scale vmcb_clean flushbyasid decodeassists pausefilter pfthreshold bmi1
bogomips	: 8669.74
TLB size	: 1536 4K pages
clflush size	: 64
cache_alignment	: 64
address sizes	: 48 bits physical, 48 bits virtual
power management: ts ttp tm 100mhzsteps hwpstate cpb eff_freq_ro

processor	: 4
vendor_id	: AuthenticAMD
cpu family	: 21
model		: 2
model name	: AMD FX(tm)-8350 Eight-Core Processor           
stepping	: 0
microcode	: 0x600081f
cpu MHz		: 1400.000
cache size	: 2048 KB
physical id	: 0
siblings	: 8
core id		: 4
cpu cores	: 4
apicid		: 20
initial apicid	: 4
fpu		: yes
fpu_exception	: yes
cpuid level	: 13
wp		: yes
flags		: fpu vme de pse tsc msr pae mce cx8 apic sep mtrr pge mca cmov pat pse36 clflush mmx fxsr sse sse2 ht syscall nx mmxext fxsr_opt pdpe1gb rdtscp lm constant_tsc rep_good nopl nonstop_tsc extd_apicid aperfmperf pni pclmulqdq monitor ssse3 fma cx16 sse4_1 sse4_2 popcnt aes xsave avx f16c lahf_lm cmp_legacy svm extapic cr8_legacy abm sse4a misalignsse 3dnowprefetch osvw ibs xop skinit wdt lwp fma4 tce nodeid_msr tbm topoext perfctr_core arat cpb hw_pstate npt lbrv svm_lock nrip_save tsc_scale vmcb_clean flushbyasid decodeassists pausefilter pfthreshold bmi1
bogomips	: 8669.74
TLB size	: 1536 4K pages
clflush size	: 64
cache_alignment	: 64
address sizes	: 48 bits physical, 48 bits virtual
power management: ts ttp tm 100mhzsteps hwpstate cpb eff_freq_ro

processor	: 5
vendor_id	: AuthenticAMD
cpu family	: 21
model		: 2
model name	: AMD FX(tm)-8350 Eight-Core Processor           
stepping	: 0
microcode	: 0x600081f
cpu MHz		: 4000.000
cache size	: 2048 KB
physical id	: 0
siblings	: 8
core id		: 5
cpu cores	: 4
apicid		: 21
initial apicid	: 5
fpu		: yes
fpu_exception	: yes
cpuid level	: 13
wp		: yes
flags		: fpu vme de pse tsc msr pae mce cx8 apic sep mtrr pge mca cmov pat pse36 clflush mmx fxsr sse sse2 ht syscall nx mmxext fxsr_opt pdpe1gb rdtscp lm constant_tsc rep_good nopl nonstop_tsc extd_apicid aperfmperf pni pclmulqdq monitor ssse3 fma cx16 sse4_1 sse4_2 popcnt aes xsave avx f16c lahf_lm cmp_legacy svm extapic cr8_legacy abm sse4a misalignsse 3dnowprefetch osvw ibs xop skinit wdt lwp fma4 tce nodeid_msr tbm topoext perfctr_core arat cpb hw_pstate npt lbrv svm_lock nrip_save tsc_scale vmcb_clean flushbyasid decodeassists pausefilter pfthreshold bmi1
bogomips	: 8669.74
TLB size	: 1536 4K pages
clflush size	: 64
cache_alignment	: 64
address sizes	: 48 bits physical, 48 bits virtual
power management: ts ttp tm 100mhzsteps hwpstate cpb eff_freq_ro

processor	: 6
vendor_id	: AuthenticAMD
cpu family	: 21
model		: 2
model name	: AMD FX(tm)-8350 Eight-Core Processor           
stepping	: 0
microcode	: 0x600081f
cpu MHz		: 1400.000
cache size	: 2048 KB
physical id	: 0
siblings	: 8
core id		: 6
cpu cores	: 4
apicid		: 22
initial apicid	: 6
fpu		: yes
fpu_exception	: yes
cpuid level	: 13
wp		: yes
flags		: fpu vme de pse tsc msr pae mce cx8 apic sep mtrr pge mca cmov pat pse36 clflush mmx fxsr sse sse2 ht syscall nx mmxext fxsr_opt pdpe1gb rdtscp lm constant_tsc rep_good nopl nonstop_tsc extd_apicid aperfmperf pni pclmulqdq monitor ssse3 fma cx16 sse4_1 sse4_2 popcnt aes xsave avx f16c lahf_lm cmp_legacy svm extapic cr8_legacy abm sse4a misalignsse 3dnowprefetch osvw ibs xop skinit wdt lwp fma4 tce nodeid_msr tbm topoext perfctr_core arat cpb hw_pstate npt lbrv svm_lock nrip_save tsc_scale vmcb_clean flushbyasid decodeassists pausefilter pfthreshold bmi1
bogomips	: 8669.74
TLB size	: 1536 4K pages
clflush size	: 64
cache_alignment	: 64
address sizes	: 48 bits physical, 48 bits virtual
power management: ts ttp tm 100mhzsteps hwpstate cpb eff_freq_ro

processor	: 7
vendor_id	: AuthenticAMD
cpu family	: 21
model		: 2
model name	: AMD FX(tm)-8350 Eight-Core Processor           
stepping	: 0
microcode	: 0x600081f
cpu MHz		: 1400.000
cache size	: 2048 KB
physical id	: 0
siblings	: 8
core id		: 7
cpu cores	: 4
apicid		: 23
initial apicid	: 7
fpu		: yes
fpu_exception	: yes
cpuid level	: 13
wp		: yes
flags		: fpu vme de pse tsc msr pae mce cx8 apic sep mtrr pge mca cmov pat pse36 clflush mmx fxsr sse sse2 ht syscall nx mmxext fxsr_opt pdpe1gb rdtscp lm constant_tsc rep_good nopl nonstop_tsc extd_apicid aperfmperf pni pclmulqdq monitor ssse3 fma cx16 sse4_1 sse4_2 popcnt aes xsave avx f16c lahf_lm cmp_legacy svm extapic cr8_legacy abm sse4a misalignsse 3dnowprefetch osvw ibs xop skinit wdt lwp fma4 tce nodeid_msr tbm topoext perfctr_core arat cpb hw_pstate npt lbrv svm_lock nrip_save tsc_scale vmcb_clean flushbyasid decodeassists pausefilter pfthreshold bmi1
bogomips	: 8669.74
TLB size	: 1536 4K pages
clflush size	: 64
cache_alignment	: 64
address sizes	: 48 bits physical, 48 bits virtual
power management: ts ttp tm 100mhzsteps hwpstate cpb eff_freq_ro



Memory: 4k page, physical 16333552k(8496304k free), swap 8396796k(8396796k free)

vm_info: Java HotSpot(TM) 64-Bit Server VM (24.65-b04) for linux-amd64 JRE (1.7.0_65-b17), built on Jun 16 2014 20:55:34 by "java_re" with gcc 4.3.0 20080428 (Red Hat 4.3.0-8)

time: Mon Sep  1 14:04:05 2014
elapsed time: 0 seconds

