#
# A fatal error has been detected by the Java Runtime Environment:
#
#  SIGSEGV (0xb) at pc=0x00007f771dfd5730, pid=4970, tid=140149602215680
#
# JRE version: Java(TM) SE Runtime Environment (7.0_65-b17) (build 1.7.0_65-b17)
# Java VM: Java HotSpot(TM) 64-Bit Server VM (24.65-b04 mixed mode linux-amd64 compressed oops)
# Problematic frame:
# V  [libjvm.so+0x655730]  jni_GetStringUTFChars+0xa0
#
# Failed to write core dump. Core dumps have been disabled. To enable core dumping, try "ulimit -c unlimited" before starting Java again
#
# If you would like to submit a bug report, please visit:
#   http://bugreport.sun.com/bugreport/crash.jsp
#

---------------  T H R E A D  ---------------

Current thread (0x00007f771800a000):  JavaThread "main" [_thread_in_vm, id=4974, stack(0x00007f771f316000,0x00007f771f417000)]

siginfo:si_signo=SIGSEGV: si_errno=0, si_code=1 (SEGV_MAPERR), si_addr=0x0000000000000000

Registers:
RAX=0x0000000000000000, RBX=0x0000000000000000, RCX=0x00007f7718005c30, RDX=0x00007f771e7ca360
RSP=0x00007f771f4156d0, RBP=0x00007f771f415730, RSI=0x0000000000000000, RDI=0x00007f771800a1e8
R8 =0x00007f771e7c5d80, R9 =0x00000000ffffffff, R10=0x00007f771501272c, R11=0x00007f771e232870
R12=0x0000000000000000, R13=0x00007f771800a000, R14=0x00007f771f4157f0, R15=0x0000000000000000
RIP=0x00007f771dfd5730, EFLAGS=0x0000000000010246, CSGSFS=0x0000000000000033, ERR=0x0000000000000004
  TRAPNO=0x000000000000000e

Top of Stack: (sp=0x00007f771f4156d0)
0x00007f771f4156d0:   00007f771800a000 0000000000000000
0x00007f771f4156e0:   00007f7715005310 00007f7700000000
0x00007f771f4156f0:   00007f771800a000 00007f771800a918
0x00007f771f415700:   00007f771800a000 00007f771800a1e8
0x00007f771f415710:   0000000000000000 0000000701c9a600
0x00007f771f415720:   00007f771f4157f0 00007f771800a000
0x00007f771f415730:   00007f771f4157d0 00007f76ff0587b7
0x00007f771f415740:   0000000701c9a600 0000000000000000
0x00007f771f415750:   0000000701c9a600 00007f771f4157f0
0x00007f771f415760:   0000000701c9a600 00007f771f4157d0
0x00007f771f415770:   0000000000000000 00007f7715012758
0x00007f771f415780:   00007f771800a000 00007f771e2290ef
0x00007f771f415790:   00007f771f415790 0000000701c9a600
0x00007f771f4157a0:   00007f771f4157f0 0000000701c9b3a8
0x00007f771f4157b0:   0000000000000000 0000000701c9a600
0x00007f771f4157c0:   0000000000000000 00007f771f4157f0
0x00007f771f4157d0:   00007f771f415840 00007f7715006175
0x00007f771f4157e0:   00000007acee3688 00007f771500ecd7
0x00007f771f4157f0:   0000000000000000 00000007ad7f0040
0x00007f771f415800:   00007f771f415800 0000000701c996fe
0x00007f771f415810:   00007f771f415858 0000000701c9b3a8
0x00007f771f415820:   0000000000000000 0000000701c99728
0x00007f771f415830:   00007f771f4157f0 00007f771f415850
0x00007f771f415840:   00007f771f4158b0 00007f7715006058
0x00007f771f415850:   0000000000000000 00000007ad7f0040
0x00007f771f415860:   00000007ad7f0040 00000007aced4118
0x00007f771f415870:   00007f771f415870 0000000701c5b4da
0x00007f771f415880:   00007f771f4158d0 0000000701c5c0e0
0x00007f771f415890:   0000000000000000 0000000701c5b520
0x00007f771f4158a0:   00007f771f415850 00007f771f4158c8
0x00007f771f4158b0:   00007f771f415920 00007f77150068e1
0x00007f771f4158c0:   0000000000000000 00000007ad7efef0 

Instructions: (pc=0x00007f771dfd5730)
0x00007f771dfd5710:   4c 89 6d c0 4c 89 6d a0 48 c7 45 a8 00 00 00 00
0x00007f771dfd5720:   49 83 7d 08 00 74 09 48 8d 7d a0 e8 e0 78 21 00
0x00007f771dfd5730:   4c 8b 23 4c 89 e7 e8 65 db fa ff 48 63 f8 31 c9
0x00007f771dfd5740:   31 d2 48 83 c7 01 89 c3 be 00 07 00 00 e8 8e 6a 

Register to memory mapping:

RAX=0x0000000000000000 is an unknown value
RBX=0x0000000000000000 is an unknown value
RCX=0x00007f7718005c30 is an unknown value
RDX=0x00007f771e7ca360: <offset 0xe4a360> in /usr/lib/jvm/java-7-oracle/jre/lib/amd64/server/libjvm.so at 0x00007f771d980000
RSP=0x00007f771f4156d0 is pointing into the stack for thread: 0x00007f771800a000
RBP=0x00007f771f415730 is pointing into the stack for thread: 0x00007f771800a000
RSI=0x0000000000000000 is an unknown value
RDI=0x00007f771800a1e8 is an unknown value
R8 =0x00007f771e7c5d80: <offset 0xe45d80> in /usr/lib/jvm/java-7-oracle/jre/lib/amd64/server/libjvm.so at 0x00007f771d980000
R9 =0x00000000ffffffff is an unknown value
R10=0x00007f771501272c is at code_begin+620 in an Interpreter codelet
method entry point (kind = native)  [0x00007f77150124c0, 0x00007f7715012d20]  2144 bytes
R11=0x00007f771e232870: <offset 0x8b2870> in /usr/lib/jvm/java-7-oracle/jre/lib/amd64/server/libjvm.so at 0x00007f771d980000
R12=0x0000000000000000 is an unknown value
R13=0x00007f771800a000 is a thread
R14=0x00007f771f4157f0 is pointing into the stack for thread: 0x00007f771800a000
R15=0x0000000000000000 is an unknown value


Stack: [0x00007f771f316000,0x00007f771f417000],  sp=0x00007f771f4156d0,  free space=1021k
Native frames: (J=compiled Java code, j=interpreted, Vv=VM code, C=native code)
V  [libjvm.so+0x655730]  jni_GetStringUTFChars+0xa0
C  [libopencv_java249.so+0x2307b7]  Java_org_opencv_highgui_VideoCapture_VideoCapture_11+0x27
j  org.opencv.highgui.VideoCapture.<init>(Ljava/lang/String;)V+6
j  balldetection.processors.VideoProvidorProcessor.process(Lorg/opencv/core/Mat;)Lorg/opencv/core/Mat;+26
j  balldetection.ImageProcessor.process()V+44
j  balldetection.Main.main([Ljava/lang/String;)V+143
v  ~StubRoutines::call_stub
V  [libjvm.so+0x5ffb65]  JavaCalls::call_helper(JavaValue*, methodHandle*, JavaCallArguments*, Thread*)+0x365
V  [libjvm.so+0x5fe5c8]  JavaCalls::call(JavaValue*, methodHandle, JavaCallArguments*, Thread*)+0x28
V  [libjvm.so+0x638309]  jni_invoke_static(JNIEnv_*, JavaValue*, _jobject*, JNICallType, _jmethodID*, JNI_ArgumentPusher*, Thread*)+0x219
V  [libjvm.so+0x640f22]  jni_CallStaticVoidMethod+0x162
C  [libjli.so+0x36d9]  JavaMain+0x7e9

Java frames: (J=compiled Java code, j=interpreted, Vv=VM code)
j  org.opencv.highgui.VideoCapture.VideoCapture_1(Ljava/lang/String;)J+0
j  org.opencv.highgui.VideoCapture.<init>(Ljava/lang/String;)V+6
j  balldetection.processors.VideoProvidorProcessor.process(Lorg/opencv/core/Mat;)Lorg/opencv/core/Mat;+26
j  balldetection.ImageProcessor.process()V+44
j  balldetection.Main.main([Ljava/lang/String;)V+143
v  ~StubRoutines::call_stub

---------------  P R O C E S S  ---------------

Java Threads: ( => current thread )
  0x00007f76b0001800 JavaThread "AWT-EventQueue-0" [_thread_in_Java, id=4994, stack(0x00007f76fc415000,0x00007f76fc516000)]
  0x00007f77181fc800 JavaThread "AWT-Shutdown" [_thread_blocked, id=4993, stack(0x00007f76fc516000,0x00007f76fc617000)]
  0x00007f77181b6000 JavaThread "AWT-XAWT" daemon [_thread_in_native, id=4992, stack(0x00007f76fc617000,0x00007f76fc718000)]
  0x00007f7718194800 JavaThread "Java2D Disposer" daemon [_thread_blocked, id=4991, stack(0x00007f76fcb2f000,0x00007f76fcc30000)]
  0x00007f77180a7000 JavaThread "Service Thread" daemon [_thread_blocked, id=4989, stack(0x00007f7704b04000,0x00007f7704c05000)]
  0x00007f77180a5000 JavaThread "C2 CompilerThread1" daemon [_thread_blocked, id=4988, stack(0x00007f7704c05000,0x00007f7704d06000)]
  0x00007f77180a2000 JavaThread "C2 CompilerThread0" daemon [_thread_blocked, id=4987, stack(0x00007f7704d06000,0x00007f7704e07000)]
  0x00007f77180a0000 JavaThread "Signal Dispatcher" daemon [_thread_blocked, id=4986, stack(0x00007f7704e07000,0x00007f7704f08000)]
  0x00007f7718078800 JavaThread "Finalizer" daemon [_thread_blocked, id=4985, stack(0x00007f77055eb000,0x00007f77056ec000)]
  0x00007f7718076800 JavaThread "Reference Handler" daemon [_thread_blocked, id=4984, stack(0x00007f77056ec000,0x00007f77057ed000)]
=>0x00007f771800a000 JavaThread "main" [_thread_in_vm, id=4974, stack(0x00007f771f316000,0x00007f771f417000)]

Other Threads:
  0x00007f7718072000 VMThread [stack: 0x00007f77057ed000,0x00007f77058ee000] [id=4983]
  0x00007f77180b2000 WatcherThread [stack: 0x00007f7704a03000,0x00007f7704b04000] [id=4990]

VM state:not at safepoint (normal execution)

VM Mutex/Monitor currently owned by a thread: None

Heap
 PSYoungGen      total 75264K, used 10405K [0x00000007ace80000, 0x00000007b2200000, 0x0000000800000000)
  eden space 65024K, 16% used [0x00000007ace80000,0x00000007ad8a9598,0x00000007b0e00000)
  from space 10240K, 0% used [0x00000007b1800000,0x00000007b1800000,0x00000007b2200000)
  to   space 10240K, 0% used [0x00000007b0e00000,0x00000007b0e00000,0x00000007b1800000)
 ParOldGen       total 169984K, used 0K [0x0000000706c00000, 0x0000000711200000, 0x00000007ace80000)
  object space 169984K, 0% used [0x0000000706c00000,0x0000000706c00000,0x0000000711200000)
 PSPermGen       total 21504K, used 11279K [0x0000000701a00000, 0x0000000702f00000, 0x0000000706c00000)
  object space 21504K, 52% used [0x0000000701a00000,0x0000000702503e68,0x0000000702f00000)

Card table byte_map: [0x00007f771480c000,0x00007f7715000000] byte_map_base: 0x00007f7710fff000

Polling page: 0x00007f771f315000

Code Cache  [0x00007f7715000000, 0x00007f7715270000, 0x00007f7718000000)
 total_blobs=491 nmethods=42 adapters=403 free_code_cache=48552Kb largest_free_block=49696576

Compilation events (10 events):
Event: 1.155 Thread 0x00007f77180a2000 nmethod 37 0x00007f77150976d0 code [0x00007f7715097840, 0x00007f77150979b8]
Event: 1.157 Thread 0x00007f77180a5000 nmethod 38 0x00007f7715097110 code [0x00007f7715097280, 0x00007f7715097438]
Event: 1.172 Thread 0x00007f77180a2000   39             java.util.concurrent.locks.AbstractQueuedSynchronizer::compareAndSetState (13 bytes)
Event: 1.172 Thread 0x00007f77180a2000 nmethod 39 0x00007f771508e810 code [0x00007f771508e940, 0x00007f771508e9b8]
Event: 1.174 Thread 0x00007f77180a5000   40             java.util.concurrent.locks.AbstractQueuedSynchronizer::release (33 bytes)
Event: 1.174 Thread 0x00007f77180a2000   41             java.util.concurrent.locks.ReentrantLock$Sync::tryRelease (45 bytes)
Event: 1.176 Thread 0x00007f77180a2000 nmethod 41 0x00007f7715092810 code [0x00007f7715092940, 0x00007f77150929f8]
Event: 1.176 Thread 0x00007f77180a2000   42             java.util.concurrent.locks.ReentrantLock::unlock (10 bytes)
Event: 1.177 Thread 0x00007f77180a5000 nmethod 40 0x00007f7715096dd0 code [0x00007f7715096f20, 0x00007f7715097028]
Event: 1.178 Thread 0x00007f77180a2000 nmethod 42 0x00007f7715096a50 code [0x00007f7715096ba0, 0x00007f7715096ca8]

GC Heap History (0 events):
No events

Deoptimization events (0 events):
No events

Internal exceptions (10 events):
Event: 0.889 Thread 0x00007f771800a000 Threw 0x00000007ad797858 at /HUDSON/workspace/7u-2-build-linux-amd64/jdk7u65/1224/hotspot/src/share/vm/prims/jvm.cpp:1244
Event: 0.889 Thread 0x00007f771800a000 Threw 0x00000007ad797fb0 at /HUDSON/workspace/7u-2-build-linux-amd64/jdk7u65/1224/hotspot/src/share/vm/prims/jvm.cpp:1244
Event: 0.889 Thread 0x00007f771800a000 Threw 0x00000007ad799b20 at /HUDSON/workspace/7u-2-build-linux-amd64/jdk7u65/1224/hotspot/src/share/vm/prims/jvm.cpp:1244
Event: 0.889 Thread 0x00007f771800a000 Threw 0x00000007ad799ce8 at /HUDSON/workspace/7u-2-build-linux-amd64/jdk7u65/1224/hotspot/src/share/vm/classfile/systemDictionary.cpp:185
Event: 0.890 Thread 0x00007f771800a000 Threw 0x00000007ad79d0f8 at /HUDSON/workspace/7u-2-build-linux-amd64/jdk7u65/1224/hotspot/src/share/vm/prims/jvm.cpp:1244
Event: 0.890 Thread 0x00007f771800a000 Threw 0x00000007ad79ede8 at /HUDSON/workspace/7u-2-build-linux-amd64/jdk7u65/1224/hotspot/src/share/vm/prims/jvm.cpp:1244
Event: 0.890 Thread 0x00007f771800a000 Threw 0x00000007ad79f658 at /HUDSON/workspace/7u-2-build-linux-amd64/jdk7u65/1224/hotspot/src/share/vm/prims/jvm.cpp:1244
Event: 0.890 Thread 0x00007f771800a000 Threw 0x00000007ad7a1348 at /HUDSON/workspace/7u-2-build-linux-amd64/jdk7u65/1224/hotspot/src/share/vm/prims/jvm.cpp:1244
Event: 0.890 Thread 0x00007f771800a000 Threw 0x00000007ad7a1540 at /HUDSON/workspace/7u-2-build-linux-amd64/jdk7u65/1224/hotspot/src/share/vm/classfile/systemDictionary.cpp:185
Event: 1.179 Thread 0x00007f771800a000 Threw 0x00000007ad7edfa0 at /HUDSON/workspace/7u-2-build-linux-amd64/jdk7u65/1224/hotspot/src/share/vm/prims/jvm.cpp:1244

Events (10 events):
Event: 0.909 loading class 0x00007f76a80189d0
Event: 0.909 loading class 0x00007f76a80189d0 done
Event: 0.912 loading class 0x00007f76a8015630
Event: 0.912 loading class 0x00007f76a8015630 done
Event: 0.912 loading class 0x00007f77077e6ef0
Event: 0.912 loading class 0x00007f77077e6ef0 done
Event: 1.161 loading class 0x00007f771807d490
Event: 1.161 loading class 0x00007f771807d490 done
Event: 1.179 loading class 0x00007f77180baa00
Event: 1.179 loading class 0x00007f77180baa00 done


Dynamic libraries:
00400000-00401000 r-xp 00000000 08:02 8391584                            /usr/lib/jvm/java-7-oracle/bin/java
00600000-00601000 rw-p 00000000 08:02 8391584                            /usr/lib/jvm/java-7-oracle/bin/java
00a87000-00aa8000 rw-p 00000000 00:00 0                                  [heap]
701a00000-702f00000 rw-p 00000000 00:00 0 
702f00000-706c00000 rw-p 00000000 00:00 0 
706c00000-711200000 rw-p 00000000 00:00 0 
711200000-7ace80000 rw-p 00000000 00:00 0 
7ace80000-7b2200000 rw-p 00000000 00:00 0 
7b2200000-800000000 rw-p 00000000 00:00 0 
7f76a8000000-7f76a8157000 rw-p 00000000 00:00 0 
7f76a8157000-7f76ac000000 ---p 00000000 00:00 0 
7f76b0000000-7f76b0021000 rw-p 00000000 00:00 0 
7f76b0021000-7f76b4000000 ---p 00000000 00:00 0 
7f76b4000000-7f76b4021000 rw-p 00000000 00:00 0 
7f76b4021000-7f76b8000000 ---p 00000000 00:00 0 
7f76b8000000-7f76b8021000 rw-p 00000000 00:00 0 
7f76b8021000-7f76bc000000 ---p 00000000 00:00 0 
7f76bc000000-7f76bc021000 rw-p 00000000 00:00 0 
7f76bc021000-7f76c0000000 ---p 00000000 00:00 0 
7f76c0000000-7f76c02af000 rw-p 00000000 00:00 0 
7f76c02af000-7f76c4000000 ---p 00000000 00:00 0 
7f76c4000000-7f76c4021000 rw-p 00000000 00:00 0 
7f76c4021000-7f76c8000000 ---p 00000000 00:00 0 
7f76c8000000-7f76c8021000 rw-p 00000000 00:00 0 
7f76c8021000-7f76cc000000 ---p 00000000 00:00 0 
7f76cc000000-7f76cc1cf000 rw-p 00000000 00:00 0 
7f76cc1cf000-7f76d0000000 ---p 00000000 00:00 0 
7f76d0000000-7f76d0021000 rw-p 00000000 00:00 0 
7f76d0021000-7f76d4000000 ---p 00000000 00:00 0 
7f76d4000000-7f76d4021000 rw-p 00000000 00:00 0 
7f76d4021000-7f76d8000000 ---p 00000000 00:00 0 
7f76d8000000-7f76d8021000 rw-p 00000000 00:00 0 
7f76d8021000-7f76dc000000 ---p 00000000 00:00 0 
7f76dc0d0000-7f76e4000000 rw-p 00000000 00:00 0 
7f76e4000000-7f76e4021000 rw-p 00000000 00:00 0 
7f76e4021000-7f76e8000000 ---p 00000000 00:00 0 
7f76e8000000-7f76e8021000 rw-p 00000000 00:00 0 
7f76e8021000-7f76ec000000 ---p 00000000 00:00 0 
7f76f0000000-7f76f0021000 rw-p 00000000 00:00 0 
7f76f0021000-7f76f4000000 ---p 00000000 00:00 0 
7f76f776c000-7f76f78d8000 rw-p 00000000 00:00 0 
7f76f78d8000-7f76f78e1000 r--s 00000000 08:02 1704014                    /var/cache/fontconfig/945677eb7aeaf62f1d50efc3fb3ec7d8-le64.cache-3
7f76f78e8000-7f76f78ea000 r--s 00000000 08:02 1704015                    /var/cache/fontconfig/99e8ed0e538f840c565b6ed5dad60d56-le64.cache-3
7f76f78f0000-7f76f78f8000 r--s 00000000 08:02 1711652                    /var/cache/fontconfig/a6d8cf8e4ec09cdbc8633c31745a07dd-le64.cache-3
7f76f7940000-7f76f794c000 rw-s 00000000 00:04 6815760                    /SYSV00000000 (deleted)
7f76f7950000-7f76f79b9000 r-xp 00000000 08:02 8391408                    /usr/lib/jvm/java-7-oracle/jre/lib/amd64/libt2k.so
7f76f79b9000-7f76f7bb8000 ---p 00069000 08:02 8391408                    /usr/lib/jvm/java-7-oracle/jre/lib/amd64/libt2k.so
7f76f7bb8000-7f76f7bbf000 rw-p 00068000 08:02 8391408                    /usr/lib/jvm/java-7-oracle/jre/lib/amd64/libt2k.so
7f76f7bbf000-7f76f7bcf000 rw-p 00000000 00:00 0 
7f76f7bd0000-7f76f7be0000 r-xp 00000000 08:02 8391416                    /usr/lib/jvm/java-7-oracle/jre/lib/amd64/libnio.so
7f76f7be0000-7f76f7de0000 ---p 00010000 08:02 8391416                    /usr/lib/jvm/java-7-oracle/jre/lib/amd64/libnio.so
7f76f7de0000-7f76f7de1000 rw-p 00010000 08:02 8391416                    /usr/lib/jvm/java-7-oracle/jre/lib/amd64/libnio.so
7f76f7de8000-7f76f7dfe000 r-xp 00000000 08:02 8391391                    /usr/lib/jvm/java-7-oracle/jre/lib/amd64/libnet.so
7f76f7dfe000-7f76f7ffe000 ---p 00016000 08:02 8391391                    /usr/lib/jvm/java-7-oracle/jre/lib/amd64/libnet.so
7f76f7ffe000-7f76f7fff000 rw-p 00016000 08:02 8391391                    /usr/lib/jvm/java-7-oracle/jre/lib/amd64/libnet.so
7f76f8000000-7f76f8021000 rw-p 00000000 00:00 0 
7f76f8021000-7f76fc000000 ---p 00000000 00:00 0 
7f76fc000000-7f76fc001000 r--s 00000000 08:02 1704019                    /var/cache/fontconfig/c05880de57d1f5e948fdfacc138775d9-le64.cache-3
7f76fc008000-7f76fc00c000 r--s 00000000 08:02 1704001                    /var/cache/fontconfig/2cd17615ca594fa2959ae173292e504c-le64.cache-3
7f76fc010000-7f76fc011000 r--s 00000000 08:02 1704026                    /var/cache/fontconfig/e7071f4a29fa870f4323321c154eba04-le64.cache-3
7f76fc018000-7f76fc019000 r--s 00000000 08:02 1703999                    /var/cache/fontconfig/0d8c3b2ac0904cb8a57a757ad11a4a08-le64.cache-3
7f76fc020000-7f76fc026000 r--s 00000000 08:02 1704016                    /var/cache/fontconfig/a755afe4a08bf5b97852ceb7400b47bc-le64.cache-3
7f76fc028000-7f76fc038000 r--s 00000000 08:02 1703998                    /var/cache/fontconfig/04aabc0a78ac019cf9454389977116d2-le64.cache-3
7f76fc038000-7f76fc066000 r--s 00000000 08:02 1705409                    /var/cache/fontconfig/365b55f210c0a22e9a19e35191240f32-le64.cache-3
7f76fc068000-7f76fc0cd000 r-xp 00000000 08:02 8391424                    /usr/lib/jvm/java-7-oracle/jre/lib/amd64/libfontmanager.so
7f76fc0cd000-7f76fc2cc000 ---p 00065000 08:02 8391424                    /usr/lib/jvm/java-7-oracle/jre/lib/amd64/libfontmanager.so
7f76fc2cc000-7f76fc2d0000 rw-p 00064000 08:02 8391424                    /usr/lib/jvm/java-7-oracle/jre/lib/amd64/libfontmanager.so
7f76fc2d0000-7f76fc2e1000 rw-p 00000000 00:00 0 
7f76fc2e8000-7f76fc414000 rw-s 00000000 00:04 6750225                    /SYSV00000000 (deleted)
7f76fc415000-7f76fc418000 ---p 00000000 00:00 0 
7f76fc418000-7f76fc516000 rw-p 00000000 00:00 0                          [stack:4994]
7f76fc516000-7f76fc519000 ---p 00000000 00:00 0 
7f76fc519000-7f76fc617000 rw-p 00000000 00:00 0                          [stack:4993]
7f76fc617000-7f76fc61a000 ---p 00000000 00:00 0 
7f76fc61a000-7f76fc718000 rw-p 00000000 00:00 0                          [stack:4992]
7f76fc718000-7f76fc71d000 r-xp 00000000 08:02 4982906                    /usr/lib/x86_64-linux-gnu/libXfixes.so.3.1.0
7f76fc71d000-7f76fc91c000 ---p 00005000 08:02 4982906                    /usr/lib/x86_64-linux-gnu/libXfixes.so.3.1.0
7f76fc91c000-7f76fc91d000 r--p 00004000 08:02 4982906                    /usr/lib/x86_64-linux-gnu/libXfixes.so.3.1.0
7f76fc91d000-7f76fc91e000 rw-p 00005000 08:02 4982906                    /usr/lib/x86_64-linux-gnu/libXfixes.so.3.1.0
7f76fc920000-7f76fc929000 r-xp 00000000 08:02 4988146                    /usr/lib/x86_64-linux-gnu/libXcursor.so.1.0.2
7f76fc929000-7f76fcb28000 ---p 00009000 08:02 4988146                    /usr/lib/x86_64-linux-gnu/libXcursor.so.1.0.2
7f76fcb28000-7f76fcb29000 r--p 00008000 08:02 4988146                    /usr/lib/x86_64-linux-gnu/libXcursor.so.1.0.2
7f76fcb29000-7f76fcb2a000 rw-p 00009000 08:02 4988146                    /usr/lib/x86_64-linux-gnu/libXcursor.so.1.0.2
7f76fcb2f000-7f76fcb32000 ---p 00000000 00:00 0 
7f76fcb32000-7f76fcc30000 rw-p 00000000 00:00 0                          [stack:4991]
7f76fcc30000-7f76fcc35000 r-xp 00000000 08:02 4988150                    /usr/lib/x86_64-linux-gnu/libXdmcp.so.6.0.0
7f76fcc35000-7f76fce34000 ---p 00005000 08:02 4988150                    /usr/lib/x86_64-linux-gnu/libXdmcp.so.6.0.0
7f76fce34000-7f76fce35000 r--p 00004000 08:02 4988150                    /usr/lib/x86_64-linux-gnu/libXdmcp.so.6.0.0
7f76fce35000-7f76fce36000 rw-p 00005000 08:02 4988150                    /usr/lib/x86_64-linux-gnu/libXdmcp.so.6.0.0
7f76fce38000-7f76fce3a000 r-xp 00000000 08:02 4988139                    /usr/lib/x86_64-linux-gnu/libXau.so.6.0.0
7f76fce3a000-7f76fd039000 ---p 00002000 08:02 4988139                    /usr/lib/x86_64-linux-gnu/libXau.so.6.0.0
7f76fd039000-7f76fd03a000 r--p 00001000 08:02 4988139                    /usr/lib/x86_64-linux-gnu/libXau.so.6.0.0
7f76fd03a000-7f76fd03b000 rw-p 00002000 08:02 4988139                    /usr/lib/x86_64-linux-gnu/libXau.so.6.0.0
7f76fd040000-7f76fd05d000 r-xp 00000000 08:02 4988746                    /usr/lib/x86_64-linux-gnu/libxcb.so.1.1.0
7f76fd05d000-7f76fd25c000 ---p 0001d000 08:02 4988746                    /usr/lib/x86_64-linux-gnu/libxcb.so.1.1.0
7f76fd25c000-7f76fd25d000 r--p 0001c000 08:02 4988746                    /usr/lib/x86_64-linux-gnu/libxcb.so.1.1.0
7f76fd25d000-7f76fd25e000 rw-p 0001d000 08:02 4988746                    /usr/lib/x86_64-linux-gnu/libxcb.so.1.1.0
7f76fd260000-7f76fd26f000 r-xp 00000000 08:02 4982908                    /usr/lib/x86_64-linux-gnu/libXi.so.6.1.0
7f76fd26f000-7f76fd46e000 ---p 0000f000 08:02 4982908                    /usr/lib/x86_64-linux-gnu/libXi.so.6.1.0
7f76fd46e000-7f76fd46f000 r--p 0000e000 08:02 4982908                    /usr/lib/x86_64-linux-gnu/libXi.so.6.1.0
7f76fd46f000-7f76fd470000 rw-p 0000f000 08:02 4982908                    /usr/lib/x86_64-linux-gnu/libXi.so.6.1.0
7f76fd470000-7f76fd475000 r-xp 00000000 08:02 4988178                    /usr/lib/x86_64-linux-gnu/libXtst.so.6.1.0
7f76fd475000-7f76fd674000 ---p 00005000 08:02 4988178                    /usr/lib/x86_64-linux-gnu/libXtst.so.6.1.0
7f76fd674000-7f76fd675000 r--p 00004000 08:02 4988178                    /usr/lib/x86_64-linux-gnu/libXtst.so.6.1.0
7f76fd675000-7f76fd676000 rw-p 00005000 08:02 4988178                    /usr/lib/x86_64-linux-gnu/libXtst.so.6.1.0
7f76fd678000-7f76fd681000 r-xp 00000000 08:02 4988174                    /usr/lib/x86_64-linux-gnu/libXrender.so.1.3.0
7f76fd681000-7f76fd880000 ---p 00009000 08:02 4988174                    /usr/lib/x86_64-linux-gnu/libXrender.so.1.3.0
7f76fd880000-7f76fd881000 r--p 00008000 08:02 4988174                    /usr/lib/x86_64-linux-gnu/libXrender.so.1.3.0
7f76fd881000-7f76fd882000 rw-p 00009000 08:02 4988174                    /usr/lib/x86_64-linux-gnu/libXrender.so.1.3.0
7f76fd888000-7f76fd9b8000 r-xp 00000000 08:02 4982903                    /usr/lib/x86_64-linux-gnu/libX11.so.6.3.0
7f76fd9b8000-7f76fdbb8000 ---p 00130000 08:02 4982903                    /usr/lib/x86_64-linux-gnu/libX11.so.6.3.0
7f76fdbb8000-7f76fdbb9000 r--p 00130000 08:02 4982903                    /usr/lib/x86_64-linux-gnu/libX11.so.6.3.0
7f76fdbb9000-7f76fdbbd000 rw-p 00131000 08:02 4982903                    /usr/lib/x86_64-linux-gnu/libX11.so.6.3.0
7f76fdbc0000-7f76fdbd0000 r-xp 00000000 08:02 4988152                    /usr/lib/x86_64-linux-gnu/libXext.so.6.4.0
7f76fdbd0000-7f76fddcf000 ---p 00010000 08:02 4988152                    /usr/lib/x86_64-linux-gnu/libXext.so.6.4.0
7f76fddcf000-7f76fddd0000 r--p 0000f000 08:02 4988152                    /usr/lib/x86_64-linux-gnu/libXext.so.6.4.0
7f76fddd0000-7f76fddd1000 rw-p 00010000 08:02 4988152                    /usr/lib/x86_64-linux-gnu/libXext.so.6.4.0
7f76fddd8000-7f76fde28000 r-xp 00000000 08:02 8391396                    /usr/lib/jvm/java-7-oracle/jre/lib/amd64/xawt/libmawt.so
7f76fde28000-7f76fe028000 ---p 00050000 08:02 8391396                    /usr/lib/jvm/java-7-oracle/jre/lib/amd64/xawt/libmawt.so
7f76fe028000-7f76fe02c000 rw-p 00050000 08:02 8391396                    /usr/lib/jvm/java-7-oracle/jre/lib/amd64/xawt/libmawt.so
7f76fe02c000-7f76fe02d000 rw-p 00000000 00:00 0 
7f76fe030000-7f76fe0d2000 r-xp 00000000 08:02 8391399                    /usr/lib/jvm/java-7-oracle/jre/lib/amd64/libawt.so
7f76fe0d2000-7f76fe2d2000 ---p 000a2000 08:02 8391399                    /usr/lib/jvm/java-7-oracle/jre/lib/amd64/libawt.so
7f76fe2d2000-7f76fe2de000 rw-p 000a2000 08:02 8391399                    /usr/lib/jvm/java-7-oracle/jre/lib/amd64/libawt.so
7f76fe2de000-7f76fe302000 rw-p 00000000 00:00 0 
7f76fe308000-7f76fe329000 r-xp 00000000 08:02 4988711                    /usr/lib/x86_64-linux-gnu/libv4lconvert.so.0
7f76fe329000-7f76fe528000 ---p 00021000 08:02 4988711                    /usr/lib/x86_64-linux-gnu/libv4lconvert.so.0
7f76fe528000-7f76fe52a000 r--p 00020000 08:02 4988711                    /usr/lib/x86_64-linux-gnu/libv4lconvert.so.0
7f76fe52a000-7f76fe52b000 rw-p 00022000 08:02 4988711                    /usr/lib/x86_64-linux-gnu/libv4lconvert.so.0
7f76fe52b000-7f76fe57d000 rw-p 00000000 00:00 0 
7f76fe580000-7f76fe588000 r-xp 00000000 08:02 4988710                    /usr/lib/x86_64-linux-gnu/libv4l2.so.0
7f76fe588000-7f76fe787000 ---p 00008000 08:02 4988710                    /usr/lib/x86_64-linux-gnu/libv4l2.so.0
7f76fe787000-7f76fe788000 r--p 00007000 08:02 4988710                    /usr/lib/x86_64-linux-gnu/libv4l2.so.0
7f76fe788000-7f76fe78c000 rw-p 00008000 08:02 4988710                    /usr/lib/x86_64-linux-gnu/libv4l2.so.0
7f76fe790000-7f76fe7a5000 r-xp 00000000 08:02 6819542                    /lib/x86_64-linux-gnu/libgcc_s.so.1
7f76fe7a5000-7f76fe9a4000 ---p 00015000 08:02 6819542                    /lib/x86_64-linux-gnu/libgcc_s.so.1
7f76fe9a4000-7f76fe9a5000 r--p 00014000 08:02 6819542                    /lib/x86_64-linux-gnu/libgcc_s.so.1
7f76fe9a5000-7f76fe9a6000 rw-p 00015000 08:02 6819542                    /lib/x86_64-linux-gnu/libgcc_s.so.1
7f76fe9a8000-7f76fe9be000 r-xp 00000000 08:02 6819632                    /lib/x86_64-linux-gnu/libz.so.1.2.3.4
7f76fe9be000-7f76febbd000 ---p 00016000 08:02 6819632                    /lib/x86_64-linux-gnu/libz.so.1.2.3.4
7f76febbd000-7f76febbe000 r--p 00015000 08:02 6819632                    /lib/x86_64-linux-gnu/libz.so.1.2.3.4
7f76febbe000-7f76febbf000 rw-p 00016000 08:02 6819632                    /lib/x86_64-linux-gnu/libz.so.1.2.3.4
7f76febc0000-7f76fec21000 r-xp 00000000 08:02 4991012                    /usr/lib/x86_64-linux-gnu/libtiff.so.4.3.4
7f76fec21000-7f76fee21000 ---p 00061000 08:02 4991012                    /usr/lib/x86_64-linux-gnu/libtiff.so.4.3.4
7f76fee21000-7f76fee23000 r--p 00061000 08:02 4991012                    /usr/lib/x86_64-linux-gnu/libtiff.so.4.3.4
7f76fee23000-7f76fee24000 rw-p 00063000 08:02 4991012                    /usr/lib/x86_64-linux-gnu/libtiff.so.4.3.4
7f76fee28000-7f76ffd1c000 r-xp 00000000 08:02 10095302                   /usr/local/share/OpenCV/java/libopencv_java249.so
7f76ffd1c000-7f76fff1c000 ---p 00ef4000 08:02 10095302                   /usr/local/share/OpenCV/java/libopencv_java249.so
7f76fff1c000-7f76fff40000 r--p 00ef4000 08:02 10095302                   /usr/local/share/OpenCV/java/libopencv_java249.so
7f76fff40000-7f76fff58000 rw-p 00f18000 08:02 10095302                   /usr/local/share/OpenCV/java/libopencv_java249.so
7f76fff58000-7f76ffffb000 rw-p 00000000 00:00 0 
7f7700000000-7f7700021000 rw-p 00000000 00:00 0 
7f7700021000-7f7704000000 ---p 00000000 00:00 0 
7f7704000000-7f7704009000 r--s 00000000 08:02 1724859                    /var/cache/fontconfig/6d41288fd70b0be22e8c3a91e032eec0-le64.cache-3
7f7704010000-7f7704013000 r--s 00000000 08:02 1704004                    /var/cache/fontconfig/385c0604a188198f04d133e54aba7fe7-le64.cache-3
7f7704018000-7f7704019000 r--s 00000000 08:02 1724509                    /var/cache/fontconfig/4794a0821666d79190d59a36cb4f44b5-le64.cache-3
7f7704020000-7f7704023000 r--s 00000000 08:02 1704013                    /var/cache/fontconfig/8801497958630a81b71ace7c5f9b32a8-le64.cache-3
7f7704028000-7f770402d000 r--s 00000000 08:02 1704002                    /var/cache/fontconfig/3047814df9a2f067bd2d96a2b9c36e5a-le64.cache-3
7f7704030000-7f7704035000 r--s 00000000 08:02 1704017                    /var/cache/fontconfig/b47c4e1ecd0709278f4910c18777a504-le64.cache-3
7f7704038000-7f7704040000 r--s 00000000 08:02 1711651                    /var/cache/fontconfig/52f7bdb7ce746bfd7eaa1985bd9cfa93-le64.cache-3
7f7704040000-7f7704043000 r--s 00000000 08:02 1712409                    /var/cache/fontconfig/e49e89034d371f0f9de17aab02136486-le64.cache-3
7f7704048000-7f770404a000 r--s 00000000 08:02 1712407                    /var/cache/fontconfig/4b14b093aebc79c320de5e86ae1d3314-le64.cache-3
7f7704050000-7f7704060000 r--s 00000000 08:02 1704022                    /var/cache/fontconfig/d52a8644073d54c13679302ca1180695-le64.cache-3
7f7704060000-7f7704065000 r-xp 00000000 08:02 4988709                    /usr/lib/x86_64-linux-gnu/libv4l1.so.0
7f7704065000-7f7704264000 ---p 00005000 08:02 4988709                    /usr/lib/x86_64-linux-gnu/libv4l1.so.0
7f7704264000-7f7704265000 r--p 00004000 08:02 4988709                    /usr/lib/x86_64-linux-gnu/libv4l1.so.0
7f7704265000-7f7704266000 rw-p 00005000 08:02 4988709                    /usr/lib/x86_64-linux-gnu/libv4l1.so.0
7f7704268000-7f770428e000 r-xp 00000000 08:02 6819598                    /lib/x86_64-linux-gnu/libpng12.so.0.46.0
7f770428e000-7f770448e000 ---p 00026000 08:02 6819598                    /lib/x86_64-linux-gnu/libpng12.so.0.46.0
7f770448e000-7f770448f000 r--p 00026000 08:02 6819598                    /lib/x86_64-linux-gnu/libpng12.so.0.46.0
7f770448f000-7f7704490000 rw-p 00027000 08:02 6819598                    /lib/x86_64-linux-gnu/libpng12.so.0.46.0
7f7704490000-7f77044cf000 r-xp 00000000 08:02 4987524                    /usr/lib/x86_64-linux-gnu/libjpeg.so.8.0.2
7f77044cf000-7f77046ce000 ---p 0003f000 08:02 4987524                    /usr/lib/x86_64-linux-gnu/libjpeg.so.8.0.2
7f77046ce000-7f77046cf000 r--p 0003e000 08:02 4987524                    /usr/lib/x86_64-linux-gnu/libjpeg.so.8.0.2
7f77046cf000-7f77046d0000 rw-p 0003f000 08:02 4987524                    /usr/lib/x86_64-linux-gnu/libjpeg.so.8.0.2
7f77046d0000-7f77046e0000 rw-p 00000000 00:00 0 
7f77046e0000-7f77047c2000 r-xp 00000000 08:02 4988682                    /usr/lib/x86_64-linux-gnu/libstdc++.so.6.0.16
7f77047c2000-7f77049c1000 ---p 000e2000 08:02 4988682                    /usr/lib/x86_64-linux-gnu/libstdc++.so.6.0.16
7f77049c1000-7f77049c9000 r--p 000e1000 08:02 4988682                    /usr/lib/x86_64-linux-gnu/libstdc++.so.6.0.16
7f77049c9000-7f77049cb000 rw-p 000e9000 08:02 4988682                    /usr/lib/x86_64-linux-gnu/libstdc++.so.6.0.16
7f77049cb000-7f77049e0000 rw-p 00000000 00:00 0 
7f77049e0000-7f77049e1000 r--s 00000000 08:02 1704007                    /var/cache/fontconfig/56cf4f4769d0f4abc89a4895d7bd3ae1-le64.cache-3
7f77049e8000-7f77049f3000 r--s 00000000 08:02 1704544                    /var/cache/fontconfig/e13b20fdb08344e0e664864cc2ede53d-le64.cache-3
7f77049f8000-7f77049fc000 r--s 00000000 08:02 1712401                    /var/cache/fontconfig/7ef2298fde41cc6eeb7af42e48b7d293-le64.cache-3
7f77049fc000-7f7704a03000 r--s 00094000 08:02 3278527                    /home/gregor/.m2/repository/org/jdesktop/beansbinding/1.2.1/beansbinding-1.2.1.jar
7f7704a03000-7f7704a04000 ---p 00000000 00:00 0 
7f7704a04000-7f7704b04000 rw-p 00000000 00:00 0                          [stack:4990]
7f7704b04000-7f7704b07000 ---p 00000000 00:00 0 
7f7704b07000-7f7704c05000 rw-p 00000000 00:00 0                          [stack:4989]
7f7704c05000-7f7704c08000 ---p 00000000 00:00 0 
7f7704c08000-7f7704d06000 rw-p 00000000 00:00 0                          [stack:4988]
7f7704d06000-7f7704d09000 ---p 00000000 00:00 0 
7f7704d09000-7f7704e07000 rw-p 00000000 00:00 0                          [stack:4987]
7f7704e07000-7f7704e0a000 ---p 00000000 00:00 0 
7f7704e0a000-7f7704f08000 rw-p 00000000 00:00 0                          [stack:4986]
7f7704f08000-7f77055eb000 r--p 00000000 08:02 4987440                    /usr/lib/locale/locale-archive
7f77055eb000-7f77055ee000 ---p 00000000 00:00 0 
7f77055ee000-7f77056ec000 rw-p 00000000 00:00 0                          [stack:4985]
7f77056ec000-7f77056ef000 ---p 00000000 00:00 0 
7f77056ef000-7f77057ed000 rw-p 00000000 00:00 0                          [stack:4984]
7f77057ed000-7f77057ee000 ---p 00000000 00:00 0 
7f77057ee000-7f770757d000 rw-p 00000000 00:00 0                          [stack:4983]
7f770757d000-7f770773c000 r--s 039e5000 08:02 8390889                    /usr/lib/jvm/java-7-oracle/jre/lib/rt.jar
7f770773c000-7f7708000000 rw-p 00000000 00:00 0 
7f7708000000-7f7708021000 rw-p 00000000 00:00 0 
7f7708021000-7f770c000000 ---p 00000000 00:00 0 
7f770c000000-7f770c021000 rw-p 00000000 00:00 0 
7f770c021000-7f7710000000 ---p 00000000 00:00 0 
7f7710000000-7f7710021000 rw-p 00000000 00:00 0 
7f7710021000-7f7714000000 ---p 00000000 00:00 0 
7f7714004000-7f7714005000 ---p 00000000 00:00 0 
7f7714005000-7f7714105000 rw-p 00000000 00:00 0                          [stack:4982]
7f7714105000-7f7714106000 ---p 00000000 00:00 0 
7f7714106000-7f7714206000 rw-p 00000000 00:00 0                          [stack:4981]
7f7714206000-7f7714207000 ---p 00000000 00:00 0 
7f7714207000-7f7714307000 rw-p 00000000 00:00 0                          [stack:4980]
7f7714307000-7f7714308000 ---p 00000000 00:00 0 
7f7714308000-7f7714408000 rw-p 00000000 00:00 0                          [stack:4979]
7f7714408000-7f7714409000 ---p 00000000 00:00 0 
7f7714409000-7f7714509000 rw-p 00000000 00:00 0                          [stack:4978]
7f7714509000-7f771450a000 ---p 00000000 00:00 0 
7f771450a000-7f771460a000 rw-p 00000000 00:00 0                          [stack:4977]
7f771460a000-7f771460b000 ---p 00000000 00:00 0 
7f771460b000-7f771470b000 rw-p 00000000 00:00 0                          [stack:4976]
7f771470b000-7f771470c000 ---p 00000000 00:00 0 
7f771470c000-7f7714817000 rw-p 00000000 00:00 0                          [stack:4975]
7f7714817000-7f7714835000 rw-p 00000000 00:00 0 
7f7714835000-7f7714888000 rw-p 00000000 00:00 0 
7f7714888000-7f7714d66000 rw-p 00000000 00:00 0 
7f7714d66000-7f7714d90000 rw-p 00000000 00:00 0 
7f7714d90000-7f7714fff000 rw-p 00000000 00:00 0 
7f7714fff000-7f7715000000 rw-p 00000000 00:00 0 
7f7715000000-7f7715270000 rwxp 00000000 00:00 0 
7f7715270000-7f771841b000 rw-p 00000000 00:00 0 
7f771841b000-7f771c000000 ---p 00000000 00:00 0 
7f771c000000-7f771c001000 r--s 00000000 08:02 1704018                    /var/cache/fontconfig/b9d506c9ac06c20b433354fa67a72993-le64.cache-3
7f771c008000-7f771c00f000 r--s 00000000 08:02 5250113                    /usr/lib/x86_64-linux-gnu/gconv/gconv-modules.cache
7f771c011000-7f771c015000 r--s 00069000 08:02 3278518                    /home/gregor/.m2/repository/opencv/opencv/1/opencv-1.jar
7f771c01c000-7f771c01e000 r--s 00024000 08:02 3278315                    /home/gregor/.m2/repository/org/scream3r/jssc/2.8.0/jssc-2.8.0.jar
7f771c01e000-7f771c0e9000 rw-p 00000000 00:00 0 
7f771c0e9000-7f771c5c8000 rw-p 00000000 00:00 0 
7f771c5c8000-7f771c5e2000 r-xp 00000000 08:02 8391417                    /usr/lib/jvm/java-7-oracle/jre/lib/amd64/libzip.so
7f771c5e2000-7f771c7e2000 ---p 0001a000 08:02 8391417                    /usr/lib/jvm/java-7-oracle/jre/lib/amd64/libzip.so
7f771c7e2000-7f771c7e3000 rw-p 0001a000 08:02 8391417                    /usr/lib/jvm/java-7-oracle/jre/lib/amd64/libzip.so
7f771c7e8000-7f771c7f4000 r-xp 00000000 08:02 6815859                    /lib/x86_64-linux-gnu/libnss_files-2.15.so
7f771c7f4000-7f771c9f3000 ---p 0000c000 08:02 6815859                    /lib/x86_64-linux-gnu/libnss_files-2.15.so
7f771c9f3000-7f771c9f4000 r--p 0000b000 08:02 6815859                    /lib/x86_64-linux-gnu/libnss_files-2.15.so
7f771c9f4000-7f771c9f5000 rw-p 0000c000 08:02 6815859                    /lib/x86_64-linux-gnu/libnss_files-2.15.so
7f771c9f8000-7f771ca02000 r-xp 00000000 08:02 6815863                    /lib/x86_64-linux-gnu/libnss_nis-2.15.so
7f771ca02000-7f771cc02000 ---p 0000a000 08:02 6815863                    /lib/x86_64-linux-gnu/libnss_nis-2.15.so
7f771cc02000-7f771cc03000 r--p 0000a000 08:02 6815863                    /lib/x86_64-linux-gnu/libnss_nis-2.15.so
7f771cc03000-7f771cc04000 rw-p 0000b000 08:02 6815863                    /lib/x86_64-linux-gnu/libnss_nis-2.15.so
7f771cc08000-7f771cc1f000 r-xp 00000000 08:02 6820619                    /lib/x86_64-linux-gnu/libnsl-2.15.so
7f771cc1f000-7f771ce1e000 ---p 00017000 08:02 6820619                    /lib/x86_64-linux-gnu/libnsl-2.15.so
7f771ce1e000-7f771ce1f000 r--p 00016000 08:02 6820619                    /lib/x86_64-linux-gnu/libnsl-2.15.so
7f771ce1f000-7f771ce20000 rw-p 00017000 08:02 6820619                    /lib/x86_64-linux-gnu/libnsl-2.15.so
7f771ce20000-7f771ce22000 rw-p 00000000 00:00 0 
7f771ce28000-7f771ce30000 r-xp 00000000 08:02 6815857                    /lib/x86_64-linux-gnu/libnss_compat-2.15.so
7f771ce30000-7f771d02f000 ---p 00008000 08:02 6815857                    /lib/x86_64-linux-gnu/libnss_compat-2.15.so
7f771d02f000-7f771d030000 r--p 00007000 08:02 6815857                    /lib/x86_64-linux-gnu/libnss_compat-2.15.so
7f771d030000-7f771d031000 rw-p 00008000 08:02 6815857                    /lib/x86_64-linux-gnu/libnss_compat-2.15.so
7f771d038000-7f771d061000 r-xp 00000000 08:02 8391373                    /usr/lib/jvm/java-7-oracle/jre/lib/amd64/libjava.so
7f771d061000-7f771d261000 ---p 00029000 08:02 8391373                    /usr/lib/jvm/java-7-oracle/jre/lib/amd64/libjava.so
7f771d261000-7f771d263000 rw-p 00029000 08:02 8391373                    /usr/lib/jvm/java-7-oracle/jre/lib/amd64/libjava.so
7f771d268000-7f771d275000 r-xp 00000000 08:02 8391404                    /usr/lib/jvm/java-7-oracle/jre/lib/amd64/libverify.so
7f771d275000-7f771d474000 ---p 0000d000 08:02 8391404                    /usr/lib/jvm/java-7-oracle/jre/lib/amd64/libverify.so
7f771d474000-7f771d476000 rw-p 0000c000 08:02 8391404                    /usr/lib/jvm/java-7-oracle/jre/lib/amd64/libverify.so
7f771d478000-7f771d47f000 r-xp 00000000 08:02 6815862                    /lib/x86_64-linux-gnu/librt-2.15.so
7f771d47f000-7f771d67e000 ---p 00007000 08:02 6815862                    /lib/x86_64-linux-gnu/librt-2.15.so
7f771d67e000-7f771d67f000 r--p 00006000 08:02 6815862                    /lib/x86_64-linux-gnu/librt-2.15.so
7f771d67f000-7f771d680000 rw-p 00007000 08:02 6815862                    /lib/x86_64-linux-gnu/librt-2.15.so
7f771d680000-7f771d77b000 r-xp 00000000 08:02 6815866                    /lib/x86_64-linux-gnu/libm-2.15.so
7f771d77b000-7f771d97a000 ---p 000fb000 08:02 6815866                    /lib/x86_64-linux-gnu/libm-2.15.so
7f771d97a000-7f771d97b000 r--p 000fa000 08:02 6815866                    /lib/x86_64-linux-gnu/libm-2.15.so
7f771d97b000-7f771d97c000 rw-p 000fb000 08:02 6815866                    /lib/x86_64-linux-gnu/libm-2.15.so
7f771d980000-7f771e4f0000 r-xp 00000000 08:02 8391414                    /usr/lib/jvm/java-7-oracle/jre/lib/amd64/server/libjvm.so
7f771e4f0000-7f771e6ef000 ---p 00b70000 08:02 8391414                    /usr/lib/jvm/java-7-oracle/jre/lib/amd64/server/libjvm.so
7f771e6ef000-7f771e7b4000 rw-p 00b6f000 08:02 8391414                    /usr/lib/jvm/java-7-oracle/jre/lib/amd64/server/libjvm.so
7f771e7b4000-7f771e7f4000 rw-p 00000000 00:00 0 
7f771e7f8000-7f771e9ad000 r-xp 00000000 08:02 6815755                    /lib/x86_64-linux-gnu/libc-2.15.so
7f771e9ad000-7f771ebad000 ---p 001b5000 08:02 6815755                    /lib/x86_64-linux-gnu/libc-2.15.so
7f771ebad000-7f771ebb1000 r--p 001b5000 08:02 6815755                    /lib/x86_64-linux-gnu/libc-2.15.so
7f771ebb1000-7f771ebb3000 rw-p 001b9000 08:02 6815755                    /lib/x86_64-linux-gnu/libc-2.15.so
7f771ebb3000-7f771ebb8000 rw-p 00000000 00:00 0 
7f771ebb8000-7f771ebba000 r-xp 00000000 08:02 6815870                    /lib/x86_64-linux-gnu/libdl-2.15.so
7f771ebba000-7f771edba000 ---p 00002000 08:02 6815870                    /lib/x86_64-linux-gnu/libdl-2.15.so
7f771edba000-7f771edbb000 r--p 00002000 08:02 6815870                    /lib/x86_64-linux-gnu/libdl-2.15.so
7f771edbb000-7f771edbc000 rw-p 00003000 08:02 6815870                    /lib/x86_64-linux-gnu/libdl-2.15.so
7f771edc0000-7f771edd6000 r-xp 00000000 08:02 8390226                    /usr/lib/jvm/java-7-oracle/lib/amd64/jli/libjli.so
7f771edd6000-7f771efd6000 ---p 00016000 08:02 8390226                    /usr/lib/jvm/java-7-oracle/lib/amd64/jli/libjli.so
7f771efd6000-7f771efd7000 rw-p 00016000 08:02 8390226                    /usr/lib/jvm/java-7-oracle/lib/amd64/jli/libjli.so
7f771efd8000-7f771eff0000 r-xp 00000000 08:02 6815864                    /lib/x86_64-linux-gnu/libpthread-2.15.so
7f771eff0000-7f771f1ef000 ---p 00018000 08:02 6815864                    /lib/x86_64-linux-gnu/libpthread-2.15.so
7f771f1ef000-7f771f1f0000 r--p 00017000 08:02 6815864                    /lib/x86_64-linux-gnu/libpthread-2.15.so
7f771f1f0000-7f771f1f1000 rw-p 00018000 08:02 6815864                    /lib/x86_64-linux-gnu/libpthread-2.15.so
7f771f1f1000-7f771f1f5000 rw-p 00000000 00:00 0 
7f771f1f8000-7f771f21a000 r-xp 00000000 08:02 6815867                    /lib/x86_64-linux-gnu/ld-2.15.so
7f771f21f000-7f771f22a000 rw-p 00000000 00:00 0 
7f771f22a000-7f771f248000 rw-p 00000000 00:00 0 
7f771f248000-7f771f252000 rw-p 00000000 00:00 0 
7f771f252000-7f771f308000 rw-p 00000000 00:00 0 
7f771f308000-7f771f310000 rw-s 00000000 08:02 8262770                    /tmp/hsperfdata_gregor/4970
7f771f311000-7f771f315000 rw-p 00000000 00:00 0 
7f771f315000-7f771f316000 r--p 00000000 00:00 0 
7f771f316000-7f771f319000 ---p 00000000 00:00 0 
7f771f319000-7f771f41a000 rw-p 00000000 00:00 0                          [stack:4974]
7f771f41a000-7f771f41b000 r--p 00022000 08:02 6815867                    /lib/x86_64-linux-gnu/ld-2.15.so
7f771f41b000-7f771f41d000 rw-p 00023000 08:02 6815867                    /lib/x86_64-linux-gnu/ld-2.15.so
7f771f41d000-7f771f420000 rw-p 00000000 00:00 0 
7fff8eb30000-7fff8eb51000 rw-p 00000000 00:00 0                          [stack]
7fff8ec00000-7fff8ec02000 r-xp 00000000 00:00 0                          [vdso]
ffffffffff600000-ffffffffff601000 r-xp 00000000 00:00 0                  [vsyscall]

VM Arguments:
jvm_args: -Djava.library.path=/usr/local/share/OpenCV/java 
java_command: balldetection.Main
Launcher Type: SUN_STANDARD

Environment Variables:
JAVA_HOME=/usr/lib/jvm/java-7-oracle
PATH=/home/gregor/bin:/usr/lib/lightdm/lightdm:/usr/local/sbin:/usr/local/bin:/usr/sbin:/usr/bin:/sbin:/bin:/usr/games
LD_LIBRARY_PATH=/usr/lib/jvm/java-7-oracle/jre/lib/amd64:/usr/lib/jvm/java-7-oracle/jre/lib/i386:
SHELL=/bin/bash
DISPLAY=:0

Signal Handlers:
SIGSEGV: [libjvm.so+0x99f4a0], sa_mask[0]=0x7ffbfeff, sa_flags=0x10000004
SIGBUS: [libjvm.so+0x99f4a0], sa_mask[0]=0x7ffbfeff, sa_flags=0x10000004
SIGFPE: [libjvm.so+0x81a860], sa_mask[0]=0x7ffbfeff, sa_flags=0x10000004
SIGPIPE: [libjvm.so+0x81a860], sa_mask[0]=0x7ffbfeff, sa_flags=0x10000004
SIGXFSZ: [libjvm.so+0x81a860], sa_mask[0]=0x7ffbfeff, sa_flags=0x10000004
SIGILL: [libjvm.so+0x81a860], sa_mask[0]=0x7ffbfeff, sa_flags=0x10000004
SIGUSR1: SIG_DFL, sa_mask[0]=0x00000000, sa_flags=0x00000000
SIGUSR2: [libjvm.so+0x81c060], sa_mask[0]=0x00000004, sa_flags=0x10000004
SIGHUP: [libjvm.so+0x81d160], sa_mask[0]=0x7ffbfeff, sa_flags=0x10000004
SIGINT: SIG_IGN, sa_mask[0]=0x00000000, sa_flags=0x00000000
SIGTERM: [libjvm.so+0x81d160], sa_mask[0]=0x7ffbfeff, sa_flags=0x10000004
SIGQUIT: [libjvm.so+0x81d160], sa_mask[0]=0x7ffbfeff, sa_flags=0x10000004


---------------  S Y S T E M  ---------------

OS:wheezy/sid

uname:Linux 3.8.0-44-generic #66~precise1-Ubuntu SMP Tue Jul 15 04:01:04 UTC 2014 x86_64
libc:glibc 2.15 NPTL 2.15 
rlimit: STACK 8192k, CORE 0k, NPROC 126941, NOFILE 4096, AS infinity
load average:1.42 0.88 0.59

/proc/meminfo:
MemTotal:       16333552 kB
MemFree:         6891780 kB
Buffers:          404640 kB
Cached:          3549240 kB
SwapCached:            0 kB
Active:          5674936 kB
Inactive:        2289048 kB
Active(anon):    4011196 kB
Inactive(anon):    63964 kB
Active(file):    1663740 kB
Inactive(file):  2225084 kB
Unevictable:         260 kB
Mlocked:             260 kB
SwapTotal:       8396796 kB
SwapFree:        8396796 kB
Dirty:               504 kB
Writeback:             0 kB
AnonPages:       4010732 kB
Mapped:           940808 kB
Shmem:             65060 kB
Slab:             364260 kB
SReclaimable:     317456 kB
SUnreclaim:        46804 kB
KernelStack:        6816 kB
PageTables:        66216 kB
NFS_Unstable:          0 kB
Bounce:                0 kB
WritebackTmp:          0 kB
CommitLimit:    16563572 kB
Committed_AS:   11505140 kB
VmallocTotal:   34359738367 kB
VmallocUsed:      338508 kB
VmallocChunk:   34359394836 kB
HardwareCorrupted:     0 kB
AnonHugePages:         0 kB
HugePages_Total:       0
HugePages_Free:        0
HugePages_Rsvd:        0
HugePages_Surp:        0
Hugepagesize:       2048 kB
DirectMap4k:      884732 kB
DirectMap2M:    11640832 kB
DirectMap1G:     4194304 kB


CPU:total 8 (8 cores per cpu, 1 threads per core) family 21 model 2 stepping 0, cmov, cx8, fxsr, mmx, sse, sse2, sse3, ssse3, sse4.1, sse4.2, popcnt, avx, aes, mmxext, 3dnowpref, lzcnt, sse4a, tsc, tscinvbit, tscinv

/proc/cpuinfo:
processor	: 0
vendor_id	: AuthenticAMD
cpu family	: 21
model		: 2
model name	: AMD FX(tm)-8350 Eight-Core Processor
stepping	: 0
microcode	: 0x600081f
cpu MHz		: 1400.000
cache size	: 2048 KB
physical id	: 0
siblings	: 8
core id		: 0
cpu cores	: 4
apicid		: 16
initial apicid	: 0
fpu		: yes
fpu_exception	: yes
cpuid level	: 13
wp		: yes
flags		: fpu vme de pse tsc msr pae mce cx8 apic sep mtrr pge mca cmov pat pse36 clflush mmx fxsr sse sse2 ht syscall nx mmxext fxsr_opt pdpe1gb rdtscp lm constant_tsc rep_good nopl nonstop_tsc extd_apicid aperfmperf pni pclmulqdq monitor ssse3 fma cx16 sse4_1 sse4_2 popcnt aes xsave avx f16c lahf_lm cmp_legacy svm extapic cr8_legacy abm sse4a misalignsse 3dnowprefetch osvw ibs xop skinit wdt lwp fma4 tce nodeid_msr tbm topoext perfctr_core arat cpb hw_pstate npt lbrv svm_lock nrip_save tsc_scale vmcb_clean flushbyasid decodeassists pausefilter pfthreshold bmi1
bogomips	: 8669.74
TLB size	: 1536 4K pages
clflush size	: 64
cache_alignment	: 64
address sizes	: 48 bits physical, 48 bits virtual
power management: ts ttp tm 100mhzsteps hwpstate cpb eff_freq_ro

processor	: 1
vendor_id	: AuthenticAMD
cpu family	: 21
model		: 2
model name	: AMD FX(tm)-8350 Eight-Core Processor           
stepping	: 0
microcode	: 0x600081f
cpu MHz		: 1400.000
cache size	: 2048 KB
physical id	: 0
siblings	: 8
core id		: 1
cpu cores	: 4
apicid		: 17
initial apicid	: 1
fpu		: yes
fpu_exception	: yes
cpuid level	: 13
wp		: yes
flags		: fpu vme de pse tsc msr pae mce cx8 apic sep mtrr pge mca cmov pat pse36 clflush mmx fxsr sse sse2 ht syscall nx mmxext fxsr_opt pdpe1gb rdtscp lm constant_tsc rep_good nopl nonstop_tsc extd_apicid aperfmperf pni pclmulqdq monitor ssse3 fma cx16 sse4_1 sse4_2 popcnt aes xsave avx f16c lahf_lm cmp_legacy svm extapic cr8_legacy abm sse4a misalignsse 3dnowprefetch osvw ibs xop skinit wdt lwp fma4 tce nodeid_msr tbm topoext perfctr_core arat cpb hw_pstate npt lbrv svm_lock nrip_save tsc_scale vmcb_clean flushbyasid decodeassists pausefilter pfthreshold bmi1
bogomips	: 8669.74
TLB size	: 1536 4K pages
clflush size	: 64
cache_alignment	: 64
address sizes	: 48 bits physical, 48 bits virtual
power management: ts ttp tm 100mhzsteps hwpstate cpb eff_freq_ro

processor	: 2
vendor_id	: AuthenticAMD
cpu family	: 21
model		: 2
model name	: AMD FX(tm)-8350 Eight-Core Processor           
stepping	: 0
microcode	: 0x600081f
cpu MHz		: 4000.000
cache size	: 2048 KB
physical id	: 0
siblings	: 8
core id		: 2
cpu cores	: 4
apicid		: 18
initial apicid	: 2
fpu		: yes
fpu_exception	: yes
cpuid level	: 13
wp		: yes
flags		: fpu vme de pse tsc msr pae mce cx8 apic sep mtrr pge mca cmov pat pse36 clflush mmx fxsr sse sse2 ht syscall nx mmxext fxsr_opt pdpe1gb rdtscp lm constant_tsc rep_good nopl nonstop_tsc extd_apicid aperfmperf pni pclmulqdq monitor ssse3 fma cx16 sse4_1 sse4_2 popcnt aes xsave avx f16c lahf_lm cmp_legacy svm extapic cr8_legacy abm sse4a misalignsse 3dnowprefetch osvw ibs xop skinit wdt lwp fma4 tce nodeid_msr tbm topoext perfctr_core arat cpb hw_pstate npt lbrv svm_lock nrip_save tsc_scale vmcb_clean flushbyasid decodeassists pausefilter pfthreshold bmi1
bogomips	: 8669.74
TLB size	: 1536 4K pages
clflush size	: 64
cache_alignment	: 64
address sizes	: 48 bits physical, 48 bits virtual
power management: ts ttp tm 100mhzsteps hwpstate cpb eff_freq_ro

processor	: 3
vendor_id	: AuthenticAMD
cpu family	: 21
model		: 2
model name	: AMD FX(tm)-8350 Eight-Core Processor           
stepping	: 0
microcode	: 0x600081f
cpu MHz		: 4000.000
cache size	: 2048 KB
physical id	: 0
siblings	: 8
core id		: 3
cpu cores	: 4
apicid		: 19
initial apicid	: 3
fpu		: yes
fpu_exception	: yes
cpuid level	: 13
wp		: yes
flags		: fpu vme de pse tsc msr pae mce cx8 apic sep mtrr pge mca cmov pat pse36 clflush mmx fxsr sse sse2 ht syscall nx mmxext fxsr_opt pdpe1gb rdtscp lm constant_tsc rep_good nopl nonstop_tsc extd_apicid aperfmperf pni pclmulqdq monitor ssse3 fma cx16 sse4_1 sse4_2 popcnt aes xsave avx f16c lahf_lm cmp_legacy svm extapic cr8_legacy abm sse4a misalignsse 3dnowprefetch osvw ibs xop skinit wdt lwp fma4 tce nodeid_msr tbm topoext perfctr_core arat cpb hw_pstate npt lbrv svm_lock nrip_save tsc_scale vmcb_clean flushbyasid decodeassists pausefilter pfthreshold bmi1
bogomips	: 8669.74
TLB size	: 1536 4K pages
clflush size	: 64
cache_alignment	: 64
address sizes	: 48 bits physical, 48 bits virtual
power management: ts ttp tm 100mhzsteps hwpstate cpb eff_freq_ro

processor	: 4
vendor_id	: AuthenticAMD
cpu family	: 21
model		: 2
model name	: AMD FX(tm)-8350 Eight-Core Processor           
stepping	: 0
microcode	: 0x600081f
cpu MHz		: 1400.000
cache size	: 2048 KB
physical id	: 0
siblings	: 8
core id		: 4
cpu cores	: 4
apicid		: 20
initial apicid	: 4
fpu		: yes
fpu_exception	: yes
cpuid level	: 13
wp		: yes
flags		: fpu vme de pse tsc msr pae mce cx8 apic sep mtrr pge mca cmov pat pse36 clflush mmx fxsr sse sse2 ht syscall nx mmxext fxsr_opt pdpe1gb rdtscp lm constant_tsc rep_good nopl nonstop_tsc extd_apicid aperfmperf pni pclmulqdq monitor ssse3 fma cx16 sse4_1 sse4_2 popcnt aes xsave avx f16c lahf_lm cmp_legacy svm extapic cr8_legacy abm sse4a misalignsse 3dnowprefetch osvw ibs xop skinit wdt lwp fma4 tce nodeid_msr tbm topoext perfctr_core arat cpb hw_pstate npt lbrv svm_lock nrip_save tsc_scale vmcb_clean flushbyasid decodeassists pausefilter pfthreshold bmi1
bogomips	: 8669.74
TLB size	: 1536 4K pages
clflush size	: 64
cache_alignment	: 64
address sizes	: 48 bits physical, 48 bits virtual
power management: ts ttp tm 100mhzsteps hwpstate cpb eff_freq_ro

processor	: 5
vendor_id	: AuthenticAMD
cpu family	: 21
model		: 2
model name	: AMD FX(tm)-8350 Eight-Core Processor           
stepping	: 0
microcode	: 0x600081f
cpu MHz		: 1400.000
cache size	: 2048 KB
physical id	: 0
siblings	: 8
core id		: 5
cpu cores	: 4
apicid		: 21
initial apicid	: 5
fpu		: yes
fpu_exception	: yes
cpuid level	: 13
wp		: yes
flags		: fpu vme de pse tsc msr pae mce cx8 apic sep mtrr pge mca cmov pat pse36 clflush mmx fxsr sse sse2 ht syscall nx mmxext fxsr_opt pdpe1gb rdtscp lm constant_tsc rep_good nopl nonstop_tsc extd_apicid aperfmperf pni pclmulqdq monitor ssse3 fma cx16 sse4_1 sse4_2 popcnt aes xsave avx f16c lahf_lm cmp_legacy svm extapic cr8_legacy abm sse4a misalignsse 3dnowprefetch osvw ibs xop skinit wdt lwp fma4 tce nodeid_msr tbm topoext perfctr_core arat cpb hw_pstate npt lbrv svm_lock nrip_save tsc_scale vmcb_clean flushbyasid decodeassists pausefilter pfthreshold bmi1
bogomips	: 8669.74
TLB size	: 1536 4K pages
clflush size	: 64
cache_alignment	: 64
address sizes	: 48 bits physical, 48 bits virtual
power management: ts ttp tm 100mhzsteps hwpstate cpb eff_freq_ro

processor	: 6
vendor_id	: AuthenticAMD
cpu family	: 21
model		: 2
model name	: AMD FX(tm)-8350 Eight-Core Processor           
stepping	: 0
microcode	: 0x600081f
cpu MHz		: 1400.000
cache size	: 2048 KB
physical id	: 0
siblings	: 8
core id		: 6
cpu cores	: 4
apicid		: 22
initial apicid	: 6
fpu		: yes
fpu_exception	: yes
cpuid level	: 13
wp		: yes
flags		: fpu vme de pse tsc msr pae mce cx8 apic sep mtrr pge mca cmov pat pse36 clflush mmx fxsr sse sse2 ht syscall nx mmxext fxsr_opt pdpe1gb rdtscp lm constant_tsc rep_good nopl nonstop_tsc extd_apicid aperfmperf pni pclmulqdq monitor ssse3 fma cx16 sse4_1 sse4_2 popcnt aes xsave avx f16c lahf_lm cmp_legacy svm extapic cr8_legacy abm sse4a misalignsse 3dnowprefetch osvw ibs xop skinit wdt lwp fma4 tce nodeid_msr tbm topoext perfctr_core arat cpb hw_pstate npt lbrv svm_lock nrip_save tsc_scale vmcb_clean flushbyasid decodeassists pausefilter pfthreshold bmi1
bogomips	: 8669.74
TLB size	: 1536 4K pages
clflush size	: 64
cache_alignment	: 64
address sizes	: 48 bits physical, 48 bits virtual
power management: ts ttp tm 100mhzsteps hwpstate cpb eff_freq_ro

processor	: 7
vendor_id	: AuthenticAMD
cpu family	: 21
model		: 2
model name	: AMD FX(tm)-8350 Eight-Core Processor           
stepping	: 0
microcode	: 0x600081f
cpu MHz		: 1400.000
cache size	: 2048 KB
physical id	: 0
siblings	: 8
core id		: 7
cpu cores	: 4
apicid		: 23
initial apicid	: 7
fpu		: yes
fpu_exception	: yes
cpuid level	: 13
wp		: yes
flags		: fpu vme de pse tsc msr pae mce cx8 apic sep mtrr pge mca cmov pat pse36 clflush mmx fxsr sse sse2 ht syscall nx mmxext fxsr_opt pdpe1gb rdtscp lm constant_tsc rep_good nopl nonstop_tsc extd_apicid aperfmperf pni pclmulqdq monitor ssse3 fma cx16 sse4_1 sse4_2 popcnt aes xsave avx f16c lahf_lm cmp_legacy svm extapic cr8_legacy abm sse4a misalignsse 3dnowprefetch osvw ibs xop skinit wdt lwp fma4 tce nodeid_msr tbm topoext perfctr_core arat cpb hw_pstate npt lbrv svm_lock nrip_save tsc_scale vmcb_clean flushbyasid decodeassists pausefilter pfthreshold bmi1
bogomips	: 8669.74
TLB size	: 1536 4K pages
clflush size	: 64
cache_alignment	: 64
address sizes	: 48 bits physical, 48 bits virtual
power management: ts ttp tm 100mhzsteps hwpstate cpb eff_freq_ro



Memory: 4k page, physical 16333552k(6891780k free), swap 8396796k(8396796k free)

vm_info: Java HotSpot(TM) 64-Bit Server VM (24.65-b04) for linux-amd64 JRE (1.7.0_65-b17), built on Jun 16 2014 20:55:34 by "java_re" with gcc 4.3.0 20080428 (Red Hat 4.3.0-8)

time: Mon Sep  1 10:59:48 2014
elapsed time: 1 seconds

