#
# A fatal error has been detected by the Java Runtime Environment:
#
#  SIGSEGV (0xb) at pc=0x00007f3aa0ad5730, pid=5405, tid=139889801795328
#
# JRE version: Java(TM) SE Runtime Environment (7.0_65-b17) (build 1.7.0_65-b17)
# Java VM: Java HotSpot(TM) 64-Bit Server VM (24.65-b04 mixed mode linux-amd64 compressed oops)
# Problematic frame:
# V  [libjvm.so+0x655730]  jni_GetStringUTFChars+0xa0
#
# Failed to write core dump. Core dumps have been disabled. To enable core dumping, try "ulimit -c unlimited" before starting Java again
#
# If you would like to submit a bug report, please visit:
#   http://bugreport.sun.com/bugreport/crash.jsp
#

---------------  T H R E A D  ---------------

Current thread (0x00007f3a9c00a000):  JavaThread "main" [_thread_in_vm, id=5409, stack(0x00007f3aa1e19000,0x00007f3aa1f1a000)]

siginfo:si_signo=SIGSEGV: si_errno=0, si_code=1 (SEGV_MAPERR), si_addr=0x0000000000000000

Registers:
RAX=0x0000000000000000, RBX=0x0000000000000000, RCX=0x00007f3a9c005c30, RDX=0x00007f3aa12ca360
RSP=0x00007f3aa1f186d0, RBP=0x00007f3aa1f18730, RSI=0x0000000000000000, RDI=0x00007f3a9c00a1e8
R8 =0x00007f3aa12c5d80, R9 =0x00000000ffffffff, R10=0x00007f3a97f5a72c, R11=0x00007f3aa0d32870
R12=0x0000000000000000, R13=0x00007f3a9c00a000, R14=0x00007f3aa1f187f0, R15=0x0000000000000000
RIP=0x00007f3aa0ad5730, EFLAGS=0x0000000000010246, CSGSFS=0x0000000000000033, ERR=0x0000000000000004
  TRAPNO=0x000000000000000e

Top of Stack: (sp=0x00007f3aa1f186d0)
0x00007f3aa1f186d0:   00007f3a9c00a000 0000000000000000
0x00007f3aa1f186e0:   00007f3a97f4d310 00007f3a00000000
0x00007f3aa1f186f0:   00007f3a9c00a000 00007f3a9c00a918
0x00007f3aa1f18700:   00007f3a9c00a000 00007f3a9c00a1e8
0x00007f3aa1f18710:   0000000000000000 0000000701c9a600
0x00007f3aa1f18720:   00007f3aa1f187f0 00007f3a9c00a000
0x00007f3aa1f18730:   00007f3aa1f187d0 00007f3a7e5707b7
0x00007f3aa1f18740:   0000000701c9a600 0000000000000000
0x00007f3aa1f18750:   0000000701c9a600 00007f3aa1f187f0
0x00007f3aa1f18760:   0000000701c9a600 00007f3aa1f187d0
0x00007f3aa1f18770:   0000000000000000 00007f3a97f5a758
0x00007f3aa1f18780:   00007f3a9c00a000 00007f3aa0d290ef
0x00007f3aa1f18790:   00007f3aa1f18790 0000000701c9a600
0x00007f3aa1f187a0:   00007f3aa1f187f0 0000000701c9b3a8
0x00007f3aa1f187b0:   0000000000000000 0000000701c9a600
0x00007f3aa1f187c0:   0000000000000000 00007f3aa1f187f0
0x00007f3aa1f187d0:   00007f3aa1f18840 00007f3a97f4e175
0x00007f3aa1f187e0:   00000007acee3688 00007f3a97f56cd7
0x00007f3aa1f187f0:   0000000000000000 00000007ad7feaf0
0x00007f3aa1f18800:   00007f3aa1f18800 0000000701c996fe
0x00007f3aa1f18810:   00007f3aa1f18858 0000000701c9b3a8
0x00007f3aa1f18820:   0000000000000000 0000000701c99728
0x00007f3aa1f18830:   00007f3aa1f187f0 00007f3aa1f18850
0x00007f3aa1f18840:   00007f3aa1f188b0 00007f3a97f4e058
0x00007f3aa1f18850:   0000000000000000 00000007ad7feaf0
0x00007f3aa1f18860:   00000007ad7feaf0 00000007aced4118
0x00007f3aa1f18870:   00007f3aa1f18870 0000000701c5b4da
0x00007f3aa1f18880:   00007f3aa1f188d0 0000000701c5c0e0
0x00007f3aa1f18890:   0000000000000000 0000000701c5b520
0x00007f3aa1f188a0:   00007f3aa1f18850 00007f3aa1f188c8
0x00007f3aa1f188b0:   00007f3aa1f18920 00007f3a97f4e8e1
0x00007f3aa1f188c0:   0000000000000000 00000007ad7fe9a0 

Instructions: (pc=0x00007f3aa0ad5730)
0x00007f3aa0ad5710:   4c 89 6d c0 4c 89 6d a0 48 c7 45 a8 00 00 00 00
0x00007f3aa0ad5720:   49 83 7d 08 00 74 09 48 8d 7d a0 e8 e0 78 21 00
0x00007f3aa0ad5730:   4c 8b 23 4c 89 e7 e8 65 db fa ff 48 63 f8 31 c9
0x00007f3aa0ad5740:   31 d2 48 83 c7 01 89 c3 be 00 07 00 00 e8 8e 6a 

Register to memory mapping:

RAX=0x0000000000000000 is an unknown value
RBX=0x0000000000000000 is an unknown value
RCX=0x00007f3a9c005c30 is an unknown value
RDX=0x00007f3aa12ca360: <offset 0xe4a360> in /usr/lib/jvm/java-7-oracle/jre/lib/amd64/server/libjvm.so at 0x00007f3aa0480000
RSP=0x00007f3aa1f186d0 is pointing into the stack for thread: 0x00007f3a9c00a000
RBP=0x00007f3aa1f18730 is pointing into the stack for thread: 0x00007f3a9c00a000
RSI=0x0000000000000000 is an unknown value
RDI=0x00007f3a9c00a1e8 is an unknown value
R8 =0x00007f3aa12c5d80: <offset 0xe45d80> in /usr/lib/jvm/java-7-oracle/jre/lib/amd64/server/libjvm.so at 0x00007f3aa0480000
R9 =0x00000000ffffffff is an unknown value
R10=0x00007f3a97f5a72c is at code_begin+620 in an Interpreter codelet
method entry point (kind = native)  [0x00007f3a97f5a4c0, 0x00007f3a97f5ad20]  2144 bytes
R11=0x00007f3aa0d32870: <offset 0x8b2870> in /usr/lib/jvm/java-7-oracle/jre/lib/amd64/server/libjvm.so at 0x00007f3aa0480000
R12=0x0000000000000000 is an unknown value
R13=0x00007f3a9c00a000 is a thread
R14=0x00007f3aa1f187f0 is pointing into the stack for thread: 0x00007f3a9c00a000
R15=0x0000000000000000 is an unknown value


Stack: [0x00007f3aa1e19000,0x00007f3aa1f1a000],  sp=0x00007f3aa1f186d0,  free space=1021k
Native frames: (J=compiled Java code, j=interpreted, Vv=VM code, C=native code)
V  [libjvm.so+0x655730]  jni_GetStringUTFChars+0xa0
C  [libopencv_java249.so+0x2307b7]  Java_org_opencv_highgui_VideoCapture_VideoCapture_11+0x27
j  org.opencv.highgui.VideoCapture.<init>(Ljava/lang/String;)V+6
j  balldetection.processors.VideoProvidorProcessor.process(Lorg/opencv/core/Mat;)Lorg/opencv/core/Mat;+26
j  balldetection.ImageProcessor.process()V+44
j  balldetection.Main.main([Ljava/lang/String;)V+143
v  ~StubRoutines::call_stub
V  [libjvm.so+0x5ffb65]  JavaCalls::call_helper(JavaValue*, methodHandle*, JavaCallArguments*, Thread*)+0x365
V  [libjvm.so+0x5fe5c8]  JavaCalls::call(JavaValue*, methodHandle, JavaCallArguments*, Thread*)+0x28
V  [libjvm.so+0x638309]  jni_invoke_static(JNIEnv_*, JavaValue*, _jobject*, JNICallType, _jmethodID*, JNI_ArgumentPusher*, Thread*)+0x219
V  [libjvm.so+0x640f22]  jni_CallStaticVoidMethod+0x162
C  [libjli.so+0x36d9]  JavaMain+0x7e9

Java frames: (J=compiled Java code, j=interpreted, Vv=VM code)
j  org.opencv.highgui.VideoCapture.VideoCapture_1(Ljava/lang/String;)J+0
j  org.opencv.highgui.VideoCapture.<init>(Ljava/lang/String;)V+6
j  balldetection.processors.VideoProvidorProcessor.process(Lorg/opencv/core/Mat;)Lorg/opencv/core/Mat;+26
j  balldetection.ImageProcessor.process()V+44
j  balldetection.Main.main([Ljava/lang/String;)V+143
v  ~StubRoutines::call_stub

---------------  P R O C E S S  ---------------

Java Threads: ( => current thread )
  0x00007f3a38003800 JavaThread "AWT-EventQueue-0" [_thread_in_Java, id=5429, stack(0x00007f3a4ae9d000,0x00007f3a4af9e000)]
  0x00007f3a9c209800 JavaThread "AWT-Shutdown" [_thread_blocked, id=5428, stack(0x00007f3a4af9e000,0x00007f3a4b09f000)]
  0x00007f3a9c1be000 JavaThread "AWT-XAWT" daemon [_thread_in_vm, id=5427, stack(0x00007f3a4b09f000,0x00007f3a4b1a0000)]
  0x00007f3a9c19c800 JavaThread "Java2D Disposer" daemon [_thread_blocked, id=5426, stack(0x00007f3a7c0cf000,0x00007f3a7c1d0000)]
  0x00007f3a9c0af000 JavaThread "Service Thread" daemon [_thread_blocked, id=5424, stack(0x00007f3a7f615000,0x00007f3a7f716000)]
  0x00007f3a9c0ad000 JavaThread "C2 CompilerThread1" daemon [_thread_blocked, id=5423, stack(0x00007f3a7f716000,0x00007f3a7f817000)]
  0x00007f3a9c0aa000 JavaThread "C2 CompilerThread0" daemon [_thread_blocked, id=5422, stack(0x00007f3a7f817000,0x00007f3a7f918000)]
  0x00007f3a9c0a2000 JavaThread "Signal Dispatcher" daemon [_thread_blocked, id=5421, stack(0x00007f3a94002000,0x00007f3a94103000)]
  0x00007f3a9c078800 JavaThread "Finalizer" daemon [_thread_blocked, id=5420, stack(0x00007f3a94103000,0x00007f3a94204000)]
  0x00007f3a9c076800 JavaThread "Reference Handler" daemon [_thread_blocked, id=5419, stack(0x00007f3a94204000,0x00007f3a94305000)]
=>0x00007f3a9c00a000 JavaThread "main" [_thread_in_vm, id=5409, stack(0x00007f3aa1e19000,0x00007f3aa1f1a000)]

Other Threads:
  0x00007f3a9c072000 VMThread [stack: 0x00007f3a94305000,0x00007f3a94406000] [id=5418]
  0x00007f3a9c0ba000 WatcherThread [stack: 0x00007f3a7f514000,0x00007f3a7f615000] [id=5425]

VM state:not at safepoint (normal execution)

VM Mutex/Monitor currently owned by a thread: None

Heap
 PSYoungGen      total 75264K, used 10404K [0x00000007ace80000, 0x00000007b2200000, 0x0000000800000000)
  eden space 65024K, 16% used [0x00000007ace80000,0x00000007ad8a93e0,0x00000007b0e00000)
  from space 10240K, 0% used [0x00000007b1800000,0x00000007b1800000,0x00000007b2200000)
  to   space 10240K, 0% used [0x00000007b0e00000,0x00000007b0e00000,0x00000007b1800000)
 ParOldGen       total 169984K, used 0K [0x0000000706c00000, 0x0000000711200000, 0x00000007ace80000)
  object space 169984K, 0% used [0x0000000706c00000,0x0000000706c00000,0x0000000711200000)
 PSPermGen       total 21504K, used 11420K [0x0000000701a00000, 0x0000000702f00000, 0x0000000706c00000)
  object space 21504K, 53% used [0x0000000701a00000,0x00000007025271e0,0x0000000702f00000)

Card table byte_map: [0x00007f3a97754000,0x00007f3a97f48000] byte_map_base: 0x00007f3a93f47000

Polling page: 0x00007f3aa1e18000

Code Cache  [0x00007f3a97f48000, 0x00007f3a981b8000, 0x00007f3a9af48000)
 total_blobs=506 nmethods=42 adapters=418 free_code_cache=48551Kb largest_free_block=49701760

Compilation events (10 events):
Event: 1.109 Thread 0x00007f3a9c0aa000 nmethod 38 0x00007f3a97fde210 code [0x00007f3a97fde340, 0x00007f3a97fde3f8]
Event: 1.109 Thread 0x00007f3a9c0aa000   39             java.util.concurrent.locks.ReentrantLock::unlock (10 bytes)
Event: 1.110 Thread 0x00007f3a9c0ad000 nmethod 37 0x00007f3a97fde490 code [0x00007f3a97fde5e0, 0x00007f3a97fde6e8]
Event: 1.110 Thread 0x00007f3a9c0ad000   40             sun.util.logging.PlatformLogger$DefaultLoggerProxy::doLog (22 bytes)
Event: 1.112 Thread 0x00007f3a9c0aa000 nmethod 39 0x00007f3a97fde7d0 code [0x00007f3a97fde920, 0x00007f3a97fdea28]
Event: 1.113 Thread 0x00007f3a9c0ad000 nmethod 40 0x00007f3a97fddb10 code [0x00007f3a97fddc80, 0x00007f3a97fdddf8]
Event: 1.119 Thread 0x00007f3a9c0aa000   41             java.util.concurrent.locks.ReentrantLock$Sync::nonfairTryAcquire (67 bytes)
Event: 1.121 Thread 0x00007f3a9c0aa000 nmethod 41 0x00007f3a97fdd890 code [0x00007f3a97fdd9c0, 0x00007f3a97fdda98]
Event: 1.125 Thread 0x00007f3a9c0ad000   42             sun.util.logging.PlatformLogger::finest (12 bytes)
Event: 1.129 Thread 0x00007f3a9c0ad000 nmethod 42 0x00007f3a97fdd2d0 code [0x00007f3a97fdd440, 0x00007f3a97fdd5f8]

GC Heap History (0 events):
No events

Deoptimization events (0 events):
No events

Internal exceptions (10 events):
Event: 0.859 Thread 0x00007f3a9c00a000 Threw 0x00000007ad7a1400 at /HUDSON/workspace/7u-2-build-linux-amd64/jdk7u65/1224/hotspot/src/share/vm/prims/jvm.cpp:1244
Event: 0.859 Thread 0x00007f3a9c00a000 Threw 0x00000007ad7a1b58 at /HUDSON/workspace/7u-2-build-linux-amd64/jdk7u65/1224/hotspot/src/share/vm/prims/jvm.cpp:1244
Event: 0.859 Thread 0x00007f3a9c00a000 Threw 0x00000007ad7a36c8 at /HUDSON/workspace/7u-2-build-linux-amd64/jdk7u65/1224/hotspot/src/share/vm/prims/jvm.cpp:1244
Event: 0.859 Thread 0x00007f3a9c00a000 Threw 0x00000007ad7a3890 at /HUDSON/workspace/7u-2-build-linux-amd64/jdk7u65/1224/hotspot/src/share/vm/classfile/systemDictionary.cpp:185
Event: 0.860 Thread 0x00007f3a9c00a000 Threw 0x00000007ad7a6ca0 at /HUDSON/workspace/7u-2-build-linux-amd64/jdk7u65/1224/hotspot/src/share/vm/prims/jvm.cpp:1244
Event: 0.860 Thread 0x00007f3a9c00a000 Threw 0x00000007ad7a8990 at /HUDSON/workspace/7u-2-build-linux-amd64/jdk7u65/1224/hotspot/src/share/vm/prims/jvm.cpp:1244
Event: 0.860 Thread 0x00007f3a9c00a000 Threw 0x00000007ad7a9200 at /HUDSON/workspace/7u-2-build-linux-amd64/jdk7u65/1224/hotspot/src/share/vm/prims/jvm.cpp:1244
Event: 0.860 Thread 0x00007f3a9c00a000 Threw 0x00000007ad7aaef0 at /HUDSON/workspace/7u-2-build-linux-amd64/jdk7u65/1224/hotspot/src/share/vm/prims/jvm.cpp:1244
Event: 0.860 Thread 0x00007f3a9c00a000 Threw 0x00000007ad7ab0e8 at /HUDSON/workspace/7u-2-build-linux-amd64/jdk7u65/1224/hotspot/src/share/vm/classfile/systemDictionary.cpp:185
Event: 1.163 Thread 0x00007f3a9c00a000 Threw 0x00000007ad7fca50 at /HUDSON/workspace/7u-2-build-linux-amd64/jdk7u65/1224/hotspot/src/share/vm/prims/jvm.cpp:1244

Events (10 events):
Event: 0.873 loading class 0x00007f3a5809ed60 done
Event: 0.875 loading class 0x00007f3a9c223490
Event: 0.875 loading class 0x00007f3a9c223490 done
Event: 0.875 loading class 0x00007f3a96301ef0
Event: 0.875 loading class 0x00007f3a96301ef0 done
Event: 1.140 loading class 0x00007f3a9c085670
Event: 1.140 loading class 0x00007f3a9c085670 done
Event: 1.163 loading class 0x00007f3a9c0c2640
Event: 1.163 loading class 0x00007f3a9c0c2640 done
Event: 1.164 loading class 0x00007f3a9c162470


Dynamic libraries:
00400000-00401000 r-xp 00000000 08:02 8391584                            /usr/lib/jvm/java-7-oracle/bin/java
00600000-00601000 rw-p 00000000 08:02 8391584                            /usr/lib/jvm/java-7-oracle/bin/java
011ba000-011db000 rw-p 00000000 00:00 0                                  [heap]
701a00000-702f00000 rw-p 00000000 00:00 0 
702f00000-706c00000 rw-p 00000000 00:00 0 
706c00000-711200000 rw-p 00000000 00:00 0 
711200000-7ace80000 rw-p 00000000 00:00 0 
7ace80000-7b2200000 rw-p 00000000 00:00 0 
7b2200000-800000000 rw-p 00000000 00:00 0 
7f3a30000000-7f3a3012d000 rw-p 00000000 00:00 0 
7f3a3012d000-7f3a34000000 ---p 00000000 00:00 0 
7f3a38000000-7f3a38021000 rw-p 00000000 00:00 0 
7f3a38021000-7f3a3c000000 ---p 00000000 00:00 0 
7f3a3c000000-7f3a3c021000 rw-p 00000000 00:00 0 
7f3a3c021000-7f3a40000000 ---p 00000000 00:00 0 
7f3a40000000-7f3a40021000 rw-p 00000000 00:00 0 
7f3a40021000-7f3a44000000 ---p 00000000 00:00 0 
7f3a44000000-7f3a44021000 rw-p 00000000 00:00 0 
7f3a44021000-7f3a48000000 ---p 00000000 00:00 0 
7f3a4a2e4000-7f3a4a450000 rw-p 00000000 00:00 0 
7f3a4a450000-7f3a4a4b9000 r-xp 00000000 08:02 8391408                    /usr/lib/jvm/java-7-oracle/jre/lib/amd64/libt2k.so
7f3a4a4b9000-7f3a4a6b8000 ---p 00069000 08:02 8391408                    /usr/lib/jvm/java-7-oracle/jre/lib/amd64/libt2k.so
7f3a4a6b8000-7f3a4a6bf000 rw-p 00068000 08:02 8391408                    /usr/lib/jvm/java-7-oracle/jre/lib/amd64/libt2k.so
7f3a4a6bf000-7f3a4a6cf000 rw-p 00000000 00:00 0 
7f3a4a6d0000-7f3a4a6e0000 r-xp 00000000 08:02 8391416                    /usr/lib/jvm/java-7-oracle/jre/lib/amd64/libnio.so
7f3a4a6e0000-7f3a4a8e0000 ---p 00010000 08:02 8391416                    /usr/lib/jvm/java-7-oracle/jre/lib/amd64/libnio.so
7f3a4a8e0000-7f3a4a8e1000 rw-p 00010000 08:02 8391416                    /usr/lib/jvm/java-7-oracle/jre/lib/amd64/libnio.so
7f3a4a8e8000-7f3a4a8fe000 r-xp 00000000 08:02 8391391                    /usr/lib/jvm/java-7-oracle/jre/lib/amd64/libnet.so
7f3a4a8fe000-7f3a4aafe000 ---p 00016000 08:02 8391391                    /usr/lib/jvm/java-7-oracle/jre/lib/amd64/libnet.so
7f3a4aafe000-7f3a4aaff000 rw-p 00016000 08:02 8391391                    /usr/lib/jvm/java-7-oracle/jre/lib/amd64/libnet.so
7f3a4ab00000-7f3a4ab65000 r-xp 00000000 08:02 8391424                    /usr/lib/jvm/java-7-oracle/jre/lib/amd64/libfontmanager.so
7f3a4ab65000-7f3a4ad64000 ---p 00065000 08:02 8391424                    /usr/lib/jvm/java-7-oracle/jre/lib/amd64/libfontmanager.so
7f3a4ad64000-7f3a4ad68000 rw-p 00064000 08:02 8391424                    /usr/lib/jvm/java-7-oracle/jre/lib/amd64/libfontmanager.so
7f3a4ad68000-7f3a4ad79000 rw-p 00000000 00:00 0 
7f3a4ad80000-7f3a4ae99000 rw-s 00000000 00:04 8060946                    /SYSV00000000 (deleted)
7f3a4ae9d000-7f3a4aea0000 ---p 00000000 00:00 0 
7f3a4aea0000-7f3a4af9e000 rw-p 00000000 00:00 0                          [stack:5429]
7f3a4af9e000-7f3a4afa1000 ---p 00000000 00:00 0 
7f3a4afa1000-7f3a4b09f000 rw-p 00000000 00:00 0                          [stack:5428]
7f3a4b09f000-7f3a4b0a2000 ---p 00000000 00:00 0 
7f3a4b0a2000-7f3a4b1a0000 rw-p 00000000 00:00 0                          [stack:5427]
7f3a4b1a0000-7f3a4b1a5000 r-xp 00000000 08:02 4982906                    /usr/lib/x86_64-linux-gnu/libXfixes.so.3.1.0
7f3a4b1a5000-7f3a4b3a4000 ---p 00005000 08:02 4982906                    /usr/lib/x86_64-linux-gnu/libXfixes.so.3.1.0
7f3a4b3a4000-7f3a4b3a5000 r--p 00004000 08:02 4982906                    /usr/lib/x86_64-linux-gnu/libXfixes.so.3.1.0
7f3a4b3a5000-7f3a4b3a6000 rw-p 00005000 08:02 4982906                    /usr/lib/x86_64-linux-gnu/libXfixes.so.3.1.0
7f3a4b3a8000-7f3a4b3b1000 r-xp 00000000 08:02 4988146                    /usr/lib/x86_64-linux-gnu/libXcursor.so.1.0.2
7f3a4b3b1000-7f3a4b5b0000 ---p 00009000 08:02 4988146                    /usr/lib/x86_64-linux-gnu/libXcursor.so.1.0.2
7f3a4b5b0000-7f3a4b5b1000 r--p 00008000 08:02 4988146                    /usr/lib/x86_64-linux-gnu/libXcursor.so.1.0.2
7f3a4b5b1000-7f3a4b5b2000 rw-p 00009000 08:02 4988146                    /usr/lib/x86_64-linux-gnu/libXcursor.so.1.0.2
7f3a4b5b8000-7f3a4b5bd000 r-xp 00000000 08:02 4988150                    /usr/lib/x86_64-linux-gnu/libXdmcp.so.6.0.0
7f3a4b5bd000-7f3a4b7bc000 ---p 00005000 08:02 4988150                    /usr/lib/x86_64-linux-gnu/libXdmcp.so.6.0.0
7f3a4b7bc000-7f3a4b7bd000 r--p 00004000 08:02 4988150                    /usr/lib/x86_64-linux-gnu/libXdmcp.so.6.0.0
7f3a4b7bd000-7f3a4b7be000 rw-p 00005000 08:02 4988150                    /usr/lib/x86_64-linux-gnu/libXdmcp.so.6.0.0
7f3a4b7c0000-7f3a4b7c2000 r-xp 00000000 08:02 4988139                    /usr/lib/x86_64-linux-gnu/libXau.so.6.0.0
7f3a4b7c2000-7f3a4b9c1000 ---p 00002000 08:02 4988139                    /usr/lib/x86_64-linux-gnu/libXau.so.6.0.0
7f3a4b9c1000-7f3a4b9c2000 r--p 00001000 08:02 4988139                    /usr/lib/x86_64-linux-gnu/libXau.so.6.0.0
7f3a4b9c2000-7f3a4b9c3000 rw-p 00002000 08:02 4988139                    /usr/lib/x86_64-linux-gnu/libXau.so.6.0.0
7f3a4b9c8000-7f3a4b9e5000 r-xp 00000000 08:02 4988746                    /usr/lib/x86_64-linux-gnu/libxcb.so.1.1.0
7f3a4b9e5000-7f3a4bbe4000 ---p 0001d000 08:02 4988746                    /usr/lib/x86_64-linux-gnu/libxcb.so.1.1.0
7f3a4bbe4000-7f3a4bbe5000 r--p 0001c000 08:02 4988746                    /usr/lib/x86_64-linux-gnu/libxcb.so.1.1.0
7f3a4bbe5000-7f3a4bbe6000 rw-p 0001d000 08:02 4988746                    /usr/lib/x86_64-linux-gnu/libxcb.so.1.1.0
7f3a4bbe8000-7f3a4bbf7000 r-xp 00000000 08:02 4982908                    /usr/lib/x86_64-linux-gnu/libXi.so.6.1.0
7f3a4bbf7000-7f3a4bdf6000 ---p 0000f000 08:02 4982908                    /usr/lib/x86_64-linux-gnu/libXi.so.6.1.0
7f3a4bdf6000-7f3a4bdf7000 r--p 0000e000 08:02 4982908                    /usr/lib/x86_64-linux-gnu/libXi.so.6.1.0
7f3a4bdf7000-7f3a4bdf8000 rw-p 0000f000 08:02 4982908                    /usr/lib/x86_64-linux-gnu/libXi.so.6.1.0
7f3a4bdf8000-7f3a4bdfd000 r-xp 00000000 08:02 4988178                    /usr/lib/x86_64-linux-gnu/libXtst.so.6.1.0
7f3a4bdfd000-7f3a4bffc000 ---p 00005000 08:02 4988178                    /usr/lib/x86_64-linux-gnu/libXtst.so.6.1.0
7f3a4bffc000-7f3a4bffd000 r--p 00004000 08:02 4988178                    /usr/lib/x86_64-linux-gnu/libXtst.so.6.1.0
7f3a4bffd000-7f3a4bffe000 rw-p 00005000 08:02 4988178                    /usr/lib/x86_64-linux-gnu/libXtst.so.6.1.0
7f3a4c000000-7f3a4c1bf000 rw-p 00000000 00:00 0 
7f3a4c1bf000-7f3a50000000 ---p 00000000 00:00 0 
7f3a50000000-7f3a50021000 rw-p 00000000 00:00 0 
7f3a50021000-7f3a54000000 ---p 00000000 00:00 0 
7f3a54000000-7f3a54021000 rw-p 00000000 00:00 0 
7f3a54021000-7f3a58000000 ---p 00000000 00:00 0 
7f3a58000000-7f3a5828d000 rw-p 00000000 00:00 0 
7f3a5828d000-7f3a5c000000 ---p 00000000 00:00 0 
7f3a5c000000-7f3a5c021000 rw-p 00000000 00:00 0 
7f3a5c021000-7f3a60000000 ---p 00000000 00:00 0 
7f3a60000000-7f3a60021000 rw-p 00000000 00:00 0 
7f3a60021000-7f3a64000000 ---p 00000000 00:00 0 
7f3a64000000-7f3a64021000 rw-p 00000000 00:00 0 
7f3a64021000-7f3a68000000 ---p 00000000 00:00 0 
7f3a68098000-7f3a680a4000 rw-s 00000000 00:04 8126481                    /SYSV00000000 (deleted)
7f3a680a8000-7f3a680b1000 r--s 00000000 08:02 1704014                    /var/cache/fontconfig/945677eb7aeaf62f1d50efc3fb3ec7d8-le64.cache-3
7f3a680b8000-7f3a680ba000 r--s 00000000 08:02 1704015                    /var/cache/fontconfig/99e8ed0e538f840c565b6ed5dad60d56-le64.cache-3
7f3a680c0000-7f3a680c8000 r--s 00000000 08:02 1711652                    /var/cache/fontconfig/a6d8cf8e4ec09cdbc8633c31745a07dd-le64.cache-3
7f3a680c8000-7f3a680cc000 r--s 00000000 08:02 1704001                    /var/cache/fontconfig/2cd17615ca594fa2959ae173292e504c-le64.cache-3
7f3a680d0000-7f3a70000000 rw-p 00000000 00:00 0 
7f3a70000000-7f3a70021000 rw-p 00000000 00:00 0 
7f3a70021000-7f3a74000000 ---p 00000000 00:00 0 
7f3a74000000-7f3a74021000 rw-p 00000000 00:00 0 
7f3a74021000-7f3a78000000 ---p 00000000 00:00 0 
7f3a78000000-7f3a78021000 rw-p 00000000 00:00 0 
7f3a78021000-7f3a7c000000 ---p 00000000 00:00 0 
7f3a7c000000-7f3a7c001000 r--s 00000000 08:02 1704019                    /var/cache/fontconfig/c05880de57d1f5e948fdfacc138775d9-le64.cache-3
7f3a7c008000-7f3a7c009000 r--s 00000000 08:02 1704026                    /var/cache/fontconfig/e7071f4a29fa870f4323321c154eba04-le64.cache-3
7f3a7c010000-7f3a7c011000 r--s 00000000 08:02 1703999                    /var/cache/fontconfig/0d8c3b2ac0904cb8a57a757ad11a4a08-le64.cache-3
7f3a7c018000-7f3a7c01e000 r--s 00000000 08:02 1704016                    /var/cache/fontconfig/a755afe4a08bf5b97852ceb7400b47bc-le64.cache-3
7f3a7c020000-7f3a7c029000 r--s 00000000 08:02 1724859                    /var/cache/fontconfig/6d41288fd70b0be22e8c3a91e032eec0-le64.cache-3
7f3a7c030000-7f3a7c040000 r--s 00000000 08:02 1703998                    /var/cache/fontconfig/04aabc0a78ac019cf9454389977116d2-le64.cache-3
7f3a7c040000-7f3a7c043000 r--s 00000000 08:02 1704004                    /var/cache/fontconfig/385c0604a188198f04d133e54aba7fe7-le64.cache-3
7f3a7c048000-7f3a7c049000 r--s 00000000 08:02 1724509                    /var/cache/fontconfig/4794a0821666d79190d59a36cb4f44b5-le64.cache-3
7f3a7c050000-7f3a7c053000 r--s 00000000 08:02 1704013                    /var/cache/fontconfig/8801497958630a81b71ace7c5f9b32a8-le64.cache-3
7f3a7c058000-7f3a7c086000 r--s 00000000 08:02 1705409                    /var/cache/fontconfig/365b55f210c0a22e9a19e35191240f32-le64.cache-3
7f3a7c088000-7f3a7c08d000 r--s 00000000 08:02 1704002                    /var/cache/fontconfig/3047814df9a2f067bd2d96a2b9c36e5a-le64.cache-3
7f3a7c090000-7f3a7c091000 r--s 00000000 08:02 1704007                    /var/cache/fontconfig/56cf4f4769d0f4abc89a4895d7bd3ae1-le64.cache-3
7f3a7c098000-7f3a7c09d000 r--s 00000000 08:02 1704017                    /var/cache/fontconfig/b47c4e1ecd0709278f4910c18777a504-le64.cache-3
7f3a7c0a0000-7f3a7c0a8000 r--s 00000000 08:02 1711651                    /var/cache/fontconfig/52f7bdb7ce746bfd7eaa1985bd9cfa93-le64.cache-3
7f3a7c0a8000-7f3a7c0ab000 r--s 00000000 08:02 1712409                    /var/cache/fontconfig/e49e89034d371f0f9de17aab02136486-le64.cache-3
7f3a7c0b0000-7f3a7c0b2000 r--s 00000000 08:02 1712407                    /var/cache/fontconfig/4b14b093aebc79c320de5e86ae1d3314-le64.cache-3
7f3a7c0b8000-7f3a7c0c8000 r--s 00000000 08:02 1704022                    /var/cache/fontconfig/d52a8644073d54c13679302ca1180695-le64.cache-3
7f3a7c0cf000-7f3a7c0d2000 ---p 00000000 00:00 0 
7f3a7c0d2000-7f3a7c1d0000 rw-p 00000000 00:00 0                          [stack:5426]
7f3a7c1d0000-7f3a7c1d9000 r-xp 00000000 08:02 4988174                    /usr/lib/x86_64-linux-gnu/libXrender.so.1.3.0
7f3a7c1d9000-7f3a7c3d8000 ---p 00009000 08:02 4988174                    /usr/lib/x86_64-linux-gnu/libXrender.so.1.3.0
7f3a7c3d8000-7f3a7c3d9000 r--p 00008000 08:02 4988174                    /usr/lib/x86_64-linux-gnu/libXrender.so.1.3.0
7f3a7c3d9000-7f3a7c3da000 rw-p 00009000 08:02 4988174                    /usr/lib/x86_64-linux-gnu/libXrender.so.1.3.0
7f3a7c3e0000-7f3a7c510000 r-xp 00000000 08:02 4982903                    /usr/lib/x86_64-linux-gnu/libX11.so.6.3.0
7f3a7c510000-7f3a7c710000 ---p 00130000 08:02 4982903                    /usr/lib/x86_64-linux-gnu/libX11.so.6.3.0
7f3a7c710000-7f3a7c711000 r--p 00130000 08:02 4982903                    /usr/lib/x86_64-linux-gnu/libX11.so.6.3.0
7f3a7c711000-7f3a7c715000 rw-p 00131000 08:02 4982903                    /usr/lib/x86_64-linux-gnu/libX11.so.6.3.0
7f3a7c718000-7f3a7c728000 r-xp 00000000 08:02 4988152                    /usr/lib/x86_64-linux-gnu/libXext.so.6.4.0
7f3a7c728000-7f3a7c927000 ---p 00010000 08:02 4988152                    /usr/lib/x86_64-linux-gnu/libXext.so.6.4.0
7f3a7c927000-7f3a7c928000 r--p 0000f000 08:02 4988152                    /usr/lib/x86_64-linux-gnu/libXext.so.6.4.0
7f3a7c928000-7f3a7c929000 rw-p 00010000 08:02 4988152                    /usr/lib/x86_64-linux-gnu/libXext.so.6.4.0
7f3a7c930000-7f3a7c93b000 r--s 00000000 08:02 1704544                    /var/cache/fontconfig/e13b20fdb08344e0e664864cc2ede53d-le64.cache-3
7f3a7c940000-7f3a7c944000 r--s 00000000 08:02 1712401                    /var/cache/fontconfig/7ef2298fde41cc6eeb7af42e48b7d293-le64.cache-3
7f3a7c944000-7f3a7c94b000 r--s 00094000 08:02 3278527                    /home/gregor/.m2/repository/org/jdesktop/beansbinding/1.2.1/beansbinding-1.2.1.jar
7f3a7c950000-7f3a7c9a0000 r-xp 00000000 08:02 8391396                    /usr/lib/jvm/java-7-oracle/jre/lib/amd64/xawt/libmawt.so
7f3a7c9a0000-7f3a7cba0000 ---p 00050000 08:02 8391396                    /usr/lib/jvm/java-7-oracle/jre/lib/amd64/xawt/libmawt.so
7f3a7cba0000-7f3a7cba4000 rw-p 00050000 08:02 8391396                    /usr/lib/jvm/java-7-oracle/jre/lib/amd64/xawt/libmawt.so
7f3a7cba4000-7f3a7cba5000 rw-p 00000000 00:00 0 
7f3a7cba8000-7f3a7cc4a000 r-xp 00000000 08:02 8391399                    /usr/lib/jvm/java-7-oracle/jre/lib/amd64/libawt.so
7f3a7cc4a000-7f3a7ce4a000 ---p 000a2000 08:02 8391399                    /usr/lib/jvm/java-7-oracle/jre/lib/amd64/libawt.so
7f3a7ce4a000-7f3a7ce56000 rw-p 000a2000 08:02 8391399                    /usr/lib/jvm/java-7-oracle/jre/lib/amd64/libawt.so
7f3a7ce56000-7f3a7ce7a000 rw-p 00000000 00:00 0 
7f3a7ce80000-7f3a7cea1000 r-xp 00000000 08:02 4988711                    /usr/lib/x86_64-linux-gnu/libv4lconvert.so.0
7f3a7cea1000-7f3a7d0a0000 ---p 00021000 08:02 4988711                    /usr/lib/x86_64-linux-gnu/libv4lconvert.so.0
7f3a7d0a0000-7f3a7d0a2000 r--p 00020000 08:02 4988711                    /usr/lib/x86_64-linux-gnu/libv4lconvert.so.0
7f3a7d0a2000-7f3a7d0a3000 rw-p 00022000 08:02 4988711                    /usr/lib/x86_64-linux-gnu/libv4lconvert.so.0
7f3a7d0a3000-7f3a7d0f5000 rw-p 00000000 00:00 0 
7f3a7d0f8000-7f3a7d100000 r-xp 00000000 08:02 4988710                    /usr/lib/x86_64-linux-gnu/libv4l2.so.0
7f3a7d100000-7f3a7d2ff000 ---p 00008000 08:02 4988710                    /usr/lib/x86_64-linux-gnu/libv4l2.so.0
7f3a7d2ff000-7f3a7d300000 r--p 00007000 08:02 4988710                    /usr/lib/x86_64-linux-gnu/libv4l2.so.0
7f3a7d300000-7f3a7d304000 rw-p 00008000 08:02 4988710                    /usr/lib/x86_64-linux-gnu/libv4l2.so.0
7f3a7d308000-7f3a7d31d000 r-xp 00000000 08:02 6819542                    /lib/x86_64-linux-gnu/libgcc_s.so.1
7f3a7d31d000-7f3a7d51c000 ---p 00015000 08:02 6819542                    /lib/x86_64-linux-gnu/libgcc_s.so.1
7f3a7d51c000-7f3a7d51d000 r--p 00014000 08:02 6819542                    /lib/x86_64-linux-gnu/libgcc_s.so.1
7f3a7d51d000-7f3a7d51e000 rw-p 00015000 08:02 6819542                    /lib/x86_64-linux-gnu/libgcc_s.so.1
7f3a7d520000-7f3a7d536000 r-xp 00000000 08:02 6819632                    /lib/x86_64-linux-gnu/libz.so.1.2.3.4
7f3a7d536000-7f3a7d735000 ---p 00016000 08:02 6819632                    /lib/x86_64-linux-gnu/libz.so.1.2.3.4
7f3a7d735000-7f3a7d736000 r--p 00015000 08:02 6819632                    /lib/x86_64-linux-gnu/libz.so.1.2.3.4
7f3a7d736000-7f3a7d737000 rw-p 00016000 08:02 6819632                    /lib/x86_64-linux-gnu/libz.so.1.2.3.4
7f3a7d738000-7f3a7d73d000 r-xp 00000000 08:02 4988709                    /usr/lib/x86_64-linux-gnu/libv4l1.so.0
7f3a7d73d000-7f3a7d93c000 ---p 00005000 08:02 4988709                    /usr/lib/x86_64-linux-gnu/libv4l1.so.0
7f3a7d93c000-7f3a7d93d000 r--p 00004000 08:02 4988709                    /usr/lib/x86_64-linux-gnu/libv4l1.so.0
7f3a7d93d000-7f3a7d93e000 rw-p 00005000 08:02 4988709                    /usr/lib/x86_64-linux-gnu/libv4l1.so.0
7f3a7d940000-7f3a7d9a1000 r-xp 00000000 08:02 4991012                    /usr/lib/x86_64-linux-gnu/libtiff.so.4.3.4
7f3a7d9a1000-7f3a7dba1000 ---p 00061000 08:02 4991012                    /usr/lib/x86_64-linux-gnu/libtiff.so.4.3.4
7f3a7dba1000-7f3a7dba3000 r--p 00061000 08:02 4991012                    /usr/lib/x86_64-linux-gnu/libtiff.so.4.3.4
7f3a7dba3000-7f3a7dba4000 rw-p 00063000 08:02 4991012                    /usr/lib/x86_64-linux-gnu/libtiff.so.4.3.4
7f3a7dba8000-7f3a7dbce000 r-xp 00000000 08:02 6819598                    /lib/x86_64-linux-gnu/libpng12.so.0.46.0
7f3a7dbce000-7f3a7ddce000 ---p 00026000 08:02 6819598                    /lib/x86_64-linux-gnu/libpng12.so.0.46.0
7f3a7ddce000-7f3a7ddcf000 r--p 00026000 08:02 6819598                    /lib/x86_64-linux-gnu/libpng12.so.0.46.0
7f3a7ddcf000-7f3a7ddd0000 rw-p 00027000 08:02 6819598                    /lib/x86_64-linux-gnu/libpng12.so.0.46.0
7f3a7ddd0000-7f3a7de0f000 r-xp 00000000 08:02 4987524                    /usr/lib/x86_64-linux-gnu/libjpeg.so.8.0.2
7f3a7de0f000-7f3a7e00e000 ---p 0003f000 08:02 4987524                    /usr/lib/x86_64-linux-gnu/libjpeg.so.8.0.2
7f3a7e00e000-7f3a7e00f000 r--p 0003e000 08:02 4987524                    /usr/lib/x86_64-linux-gnu/libjpeg.so.8.0.2
7f3a7e00f000-7f3a7e010000 rw-p 0003f000 08:02 4987524                    /usr/lib/x86_64-linux-gnu/libjpeg.so.8.0.2
7f3a7e010000-7f3a7e020000 rw-p 00000000 00:00 0 
7f3a7e020000-7f3a7e102000 r-xp 00000000 08:02 4988682                    /usr/lib/x86_64-linux-gnu/libstdc++.so.6.0.16
7f3a7e102000-7f3a7e301000 ---p 000e2000 08:02 4988682                    /usr/lib/x86_64-linux-gnu/libstdc++.so.6.0.16
7f3a7e301000-7f3a7e309000 r--p 000e1000 08:02 4988682                    /usr/lib/x86_64-linux-gnu/libstdc++.so.6.0.16
7f3a7e309000-7f3a7e30b000 rw-p 000e9000 08:02 4988682                    /usr/lib/x86_64-linux-gnu/libstdc++.so.6.0.16
7f3a7e30b000-7f3a7e320000 rw-p 00000000 00:00 0 
7f3a7e320000-7f3a7e321000 r--s 00000000 08:02 1704018                    /var/cache/fontconfig/b9d506c9ac06c20b433354fa67a72993-le64.cache-3
7f3a7e328000-7f3a7e32f000 r--s 00000000 08:02 5250113                    /usr/lib/x86_64-linux-gnu/gconv/gconv-modules.cache
7f3a7e331000-7f3a7e335000 r--s 00069000 08:02 3278518                    /home/gregor/.m2/repository/opencv/opencv/1/opencv-1.jar
7f3a7e33c000-7f3a7e33e000 r--s 00024000 08:02 3278315                    /home/gregor/.m2/repository/org/scream3r/jssc/2.8.0/jssc-2.8.0.jar
7f3a7e340000-7f3a7f234000 r-xp 00000000 08:02 10095302                   /usr/local/share/OpenCV/java/libopencv_java249.so
7f3a7f234000-7f3a7f434000 ---p 00ef4000 08:02 10095302                   /usr/local/share/OpenCV/java/libopencv_java249.so
7f3a7f434000-7f3a7f458000 r--p 00ef4000 08:02 10095302                   /usr/local/share/OpenCV/java/libopencv_java249.so
7f3a7f458000-7f3a7f470000 rw-p 00f18000 08:02 10095302                   /usr/local/share/OpenCV/java/libopencv_java249.so
7f3a7f470000-7f3a7f513000 rw-p 00000000 00:00 0 
7f3a7f514000-7f3a7f515000 ---p 00000000 00:00 0 
7f3a7f515000-7f3a7f615000 rw-p 00000000 00:00 0                          [stack:5425]
7f3a7f615000-7f3a7f618000 ---p 00000000 00:00 0 
7f3a7f618000-7f3a7f716000 rw-p 00000000 00:00 0                          [stack:5424]
7f3a7f716000-7f3a7f719000 ---p 00000000 00:00 0 
7f3a7f719000-7f3a7f817000 rw-p 00000000 00:00 0                          [stack:5423]
7f3a7f817000-7f3a7f81a000 ---p 00000000 00:00 0 
7f3a7f81a000-7f3a7f918000 rw-p 00000000 00:00 0                          [stack:5422]
7f3a7f918000-7f3a7fffb000 r--p 00000000 08:02 4987440                    /usr/lib/locale/locale-archive
7f3a80000000-7f3a80021000 rw-p 00000000 00:00 0 
7f3a80021000-7f3a84000000 ---p 00000000 00:00 0 
7f3a84000000-7f3a84021000 rw-p 00000000 00:00 0 
7f3a84021000-7f3a88000000 ---p 00000000 00:00 0 
7f3a88000000-7f3a88021000 rw-p 00000000 00:00 0 
7f3a88021000-7f3a8c000000 ---p 00000000 00:00 0 
7f3a8c000000-7f3a8c021000 rw-p 00000000 00:00 0 
7f3a8c021000-7f3a90000000 ---p 00000000 00:00 0 
7f3a90000000-7f3a90021000 rw-p 00000000 00:00 0 
7f3a90021000-7f3a94000000 ---p 00000000 00:00 0 
7f3a94002000-7f3a94005000 ---p 00000000 00:00 0 
7f3a94005000-7f3a94103000 rw-p 00000000 00:00 0                          [stack:5421]
7f3a94103000-7f3a94106000 ---p 00000000 00:00 0 
7f3a94106000-7f3a94204000 rw-p 00000000 00:00 0                          [stack:5420]
7f3a94204000-7f3a94207000 ---p 00000000 00:00 0 
7f3a94207000-7f3a94305000 rw-p 00000000 00:00 0                          [stack:5419]
7f3a94305000-7f3a94306000 ---p 00000000 00:00 0 
7f3a94306000-7f3a96095000 rw-p 00000000 00:00 0                          [stack:5418]
7f3a96095000-7f3a96254000 r--s 039e5000 08:02 8390889                    /usr/lib/jvm/java-7-oracle/jre/lib/rt.jar
7f3a96257000-7f3a96b1b000 rw-p 00000000 00:00 0 
7f3a96b1b000-7f3a96b1c000 ---p 00000000 00:00 0 
7f3a96b1c000-7f3a96c1c000 rw-p 00000000 00:00 0                          [stack:5417]
7f3a96c1c000-7f3a96c1d000 ---p 00000000 00:00 0 
7f3a96c1d000-7f3a96d1d000 rw-p 00000000 00:00 0                          [stack:5416]
7f3a96d1d000-7f3a96d1e000 ---p 00000000 00:00 0 
7f3a96d1e000-7f3a96e1e000 rw-p 00000000 00:00 0                          [stack:5415]
7f3a96e1e000-7f3a96e1f000 ---p 00000000 00:00 0 
7f3a96e1f000-7f3a96f1f000 rw-p 00000000 00:00 0                          [stack:5414]
7f3a96f1f000-7f3a96f20000 ---p 00000000 00:00 0 
7f3a96f20000-7f3a97020000 rw-p 00000000 00:00 0                          [stack:5413]
7f3a97020000-7f3a97021000 ---p 00000000 00:00 0 
7f3a97021000-7f3a97121000 rw-p 00000000 00:00 0                          [stack:5412]
7f3a97121000-7f3a97122000 ---p 00000000 00:00 0 
7f3a97122000-7f3a97275000 rw-p 00000000 00:00 0                          [stack:5411]
7f3a97275000-7f3a97754000 rw-p 00000000 00:00 0 
7f3a97754000-7f3a9775f000 rw-p 00000000 00:00 0 
7f3a9775f000-7f3a9777d000 rw-p 00000000 00:00 0 
7f3a9777d000-7f3a977d0000 rw-p 00000000 00:00 0 
7f3a977d0000-7f3a97cae000 rw-p 00000000 00:00 0 
7f3a97cae000-7f3a97cd8000 rw-p 00000000 00:00 0 
7f3a97cd8000-7f3a97f47000 rw-p 00000000 00:00 0 
7f3a97f47000-7f3a97f48000 rw-p 00000000 00:00 0 
7f3a97f48000-7f3a981b8000 rwxp 00000000 00:00 0 
7f3a981b8000-7f3a9af48000 rw-p 00000000 00:00 0 
7f3a9af48000-7f3a9af62000 r-xp 00000000 08:02 8391417                    /usr/lib/jvm/java-7-oracle/jre/lib/amd64/libzip.so
7f3a9af62000-7f3a9b162000 ---p 0001a000 08:02 8391417                    /usr/lib/jvm/java-7-oracle/jre/lib/amd64/libzip.so
7f3a9b162000-7f3a9b163000 rw-p 0001a000 08:02 8391417                    /usr/lib/jvm/java-7-oracle/jre/lib/amd64/libzip.so
7f3a9b168000-7f3a9b174000 r-xp 00000000 08:02 6815859                    /lib/x86_64-linux-gnu/libnss_files-2.15.so
7f3a9b174000-7f3a9b373000 ---p 0000c000 08:02 6815859                    /lib/x86_64-linux-gnu/libnss_files-2.15.so
7f3a9b373000-7f3a9b374000 r--p 0000b000 08:02 6815859                    /lib/x86_64-linux-gnu/libnss_files-2.15.so
7f3a9b374000-7f3a9b375000 rw-p 0000c000 08:02 6815859                    /lib/x86_64-linux-gnu/libnss_files-2.15.so
7f3a9b378000-7f3a9b382000 r-xp 00000000 08:02 6815863                    /lib/x86_64-linux-gnu/libnss_nis-2.15.so
7f3a9b382000-7f3a9b582000 ---p 0000a000 08:02 6815863                    /lib/x86_64-linux-gnu/libnss_nis-2.15.so
7f3a9b582000-7f3a9b583000 r--p 0000a000 08:02 6815863                    /lib/x86_64-linux-gnu/libnss_nis-2.15.so
7f3a9b583000-7f3a9b584000 rw-p 0000b000 08:02 6815863                    /lib/x86_64-linux-gnu/libnss_nis-2.15.so
7f3a9b588000-7f3a9b59f000 r-xp 00000000 08:02 6820619                    /lib/x86_64-linux-gnu/libnsl-2.15.so
7f3a9b59f000-7f3a9b79e000 ---p 00017000 08:02 6820619                    /lib/x86_64-linux-gnu/libnsl-2.15.so
7f3a9b79e000-7f3a9b79f000 r--p 00016000 08:02 6820619                    /lib/x86_64-linux-gnu/libnsl-2.15.so
7f3a9b79f000-7f3a9b7a0000 rw-p 00017000 08:02 6820619                    /lib/x86_64-linux-gnu/libnsl-2.15.so
7f3a9b7a0000-7f3a9b7a2000 rw-p 00000000 00:00 0 
7f3a9b7a8000-7f3a9b7b0000 r-xp 00000000 08:02 6815857                    /lib/x86_64-linux-gnu/libnss_compat-2.15.so
7f3a9b7b0000-7f3a9b9af000 ---p 00008000 08:02 6815857                    /lib/x86_64-linux-gnu/libnss_compat-2.15.so
7f3a9b9af000-7f3a9b9b0000 r--p 00007000 08:02 6815857                    /lib/x86_64-linux-gnu/libnss_compat-2.15.so
7f3a9b9b0000-7f3a9b9b1000 rw-p 00008000 08:02 6815857                    /lib/x86_64-linux-gnu/libnss_compat-2.15.so
7f3a9b9b8000-7f3a9b9e1000 r-xp 00000000 08:02 8391373                    /usr/lib/jvm/java-7-oracle/jre/lib/amd64/libjava.so
7f3a9b9e1000-7f3a9bbe1000 ---p 00029000 08:02 8391373                    /usr/lib/jvm/java-7-oracle/jre/lib/amd64/libjava.so
7f3a9bbe1000-7f3a9bbe3000 rw-p 00029000 08:02 8391373                    /usr/lib/jvm/java-7-oracle/jre/lib/amd64/libjava.so
7f3a9bbe8000-7f3a9bbf5000 r-xp 00000000 08:02 8391404                    /usr/lib/jvm/java-7-oracle/jre/lib/amd64/libverify.so
7f3a9bbf5000-7f3a9bdf4000 ---p 0000d000 08:02 8391404                    /usr/lib/jvm/java-7-oracle/jre/lib/amd64/libverify.so
7f3a9bdf4000-7f3a9bdf6000 rw-p 0000c000 08:02 8391404                    /usr/lib/jvm/java-7-oracle/jre/lib/amd64/libverify.so
7f3a9bdf8000-7f3a9bdff000 r-xp 00000000 08:02 6815862                    /lib/x86_64-linux-gnu/librt-2.15.so
7f3a9bdff000-7f3a9bffe000 ---p 00007000 08:02 6815862                    /lib/x86_64-linux-gnu/librt-2.15.so
7f3a9bffe000-7f3a9bfff000 r--p 00006000 08:02 6815862                    /lib/x86_64-linux-gnu/librt-2.15.so
7f3a9bfff000-7f3a9c000000 rw-p 00007000 08:02 6815862                    /lib/x86_64-linux-gnu/librt-2.15.so
7f3a9c000000-7f3a9c3fa000 rw-p 00000000 00:00 0 
7f3a9c3fa000-7f3aa0000000 ---p 00000000 00:00 0 
7f3aa0007000-7f3aa007f000 rw-p 00000000 00:00 0 
7f3aa007f000-7f3aa0080000 ---p 00000000 00:00 0 
7f3aa0080000-7f3aa0180000 rw-p 00000000 00:00 0                          [stack:5410]
7f3aa0180000-7f3aa027b000 r-xp 00000000 08:02 6815866                    /lib/x86_64-linux-gnu/libm-2.15.so
7f3aa027b000-7f3aa047a000 ---p 000fb000 08:02 6815866                    /lib/x86_64-linux-gnu/libm-2.15.so
7f3aa047a000-7f3aa047b000 r--p 000fa000 08:02 6815866                    /lib/x86_64-linux-gnu/libm-2.15.so
7f3aa047b000-7f3aa047c000 rw-p 000fb000 08:02 6815866                    /lib/x86_64-linux-gnu/libm-2.15.so
7f3aa0480000-7f3aa0ff0000 r-xp 00000000 08:02 8391414                    /usr/lib/jvm/java-7-oracle/jre/lib/amd64/server/libjvm.so
7f3aa0ff0000-7f3aa11ef000 ---p 00b70000 08:02 8391414                    /usr/lib/jvm/java-7-oracle/jre/lib/amd64/server/libjvm.so
7f3aa11ef000-7f3aa12b4000 rw-p 00b6f000 08:02 8391414                    /usr/lib/jvm/java-7-oracle/jre/lib/amd64/server/libjvm.so
7f3aa12b4000-7f3aa12f4000 rw-p 00000000 00:00 0 
7f3aa12f8000-7f3aa14ad000 r-xp 00000000 08:02 6815755                    /lib/x86_64-linux-gnu/libc-2.15.so
7f3aa14ad000-7f3aa16ad000 ---p 001b5000 08:02 6815755                    /lib/x86_64-linux-gnu/libc-2.15.so
7f3aa16ad000-7f3aa16b1000 r--p 001b5000 08:02 6815755                    /lib/x86_64-linux-gnu/libc-2.15.so
7f3aa16b1000-7f3aa16b3000 rw-p 001b9000 08:02 6815755                    /lib/x86_64-linux-gnu/libc-2.15.so
7f3aa16b3000-7f3aa16b8000 rw-p 00000000 00:00 0 
7f3aa16b8000-7f3aa16ba000 r-xp 00000000 08:02 6815870                    /lib/x86_64-linux-gnu/libdl-2.15.so
7f3aa16ba000-7f3aa18ba000 ---p 00002000 08:02 6815870                    /lib/x86_64-linux-gnu/libdl-2.15.so
7f3aa18ba000-7f3aa18bb000 r--p 00002000 08:02 6815870                    /lib/x86_64-linux-gnu/libdl-2.15.so
7f3aa18bb000-7f3aa18bc000 rw-p 00003000 08:02 6815870                    /lib/x86_64-linux-gnu/libdl-2.15.so
7f3aa18c0000-7f3aa18d6000 r-xp 00000000 08:02 8390226                    /usr/lib/jvm/java-7-oracle/lib/amd64/jli/libjli.so
7f3aa18d6000-7f3aa1ad6000 ---p 00016000 08:02 8390226                    /usr/lib/jvm/java-7-oracle/lib/amd64/jli/libjli.so
7f3aa1ad6000-7f3aa1ad7000 rw-p 00016000 08:02 8390226                    /usr/lib/jvm/java-7-oracle/lib/amd64/jli/libjli.so
7f3aa1ad8000-7f3aa1af0000 r-xp 00000000 08:02 6815864                    /lib/x86_64-linux-gnu/libpthread-2.15.so
7f3aa1af0000-7f3aa1cef000 ---p 00018000 08:02 6815864                    /lib/x86_64-linux-gnu/libpthread-2.15.so
7f3aa1cef000-7f3aa1cf0000 r--p 00017000 08:02 6815864                    /lib/x86_64-linux-gnu/libpthread-2.15.so
7f3aa1cf0000-7f3aa1cf1000 rw-p 00018000 08:02 6815864                    /lib/x86_64-linux-gnu/libpthread-2.15.so
7f3aa1cf1000-7f3aa1cf5000 rw-p 00000000 00:00 0 
7f3aa1cf8000-7f3aa1d1a000 r-xp 00000000 08:02 6815867                    /lib/x86_64-linux-gnu/ld-2.15.so
7f3aa1d1f000-7f3aa1d2a000 rw-p 00000000 00:00 0 
7f3aa1d2a000-7f3aa1d48000 rw-p 00000000 00:00 0 
7f3aa1d48000-7f3aa1d52000 rw-p 00000000 00:00 0 
7f3aa1d52000-7f3aa1e08000 rw-p 00000000 00:00 0 
7f3aa1e08000-7f3aa1e10000 rw-s 00000000 08:02 8262770                    /tmp/hsperfdata_gregor/5405
7f3aa1e14000-7f3aa1e18000 rw-p 00000000 00:00 0 
7f3aa1e18000-7f3aa1e19000 r--p 00000000 00:00 0 
7f3aa1e19000-7f3aa1e1c000 ---p 00000000 00:00 0 
7f3aa1e1c000-7f3aa1f1a000 rw-p 00000000 00:00 0                          [stack:5409]
7f3aa1f1a000-7f3aa1f1b000 r--p 00022000 08:02 6815867                    /lib/x86_64-linux-gnu/ld-2.15.so
7f3aa1f1b000-7f3aa1f1d000 rw-p 00023000 08:02 6815867                    /lib/x86_64-linux-gnu/ld-2.15.so
7f3aa1f1d000-7f3aa1f23000 rw-p 00000000 00:00 0 
7fff2e242000-7fff2e263000 rw-p 00000000 00:00 0                          [stack]
7fff2e400000-7fff2e402000 r-xp 00000000 00:00 0                          [vdso]
ffffffffff600000-ffffffffff601000 r-xp 00000000 00:00 0                  [vsyscall]

VM Arguments:
jvm_args: -Djava.library.path=/usr/local/share/OpenCV/java 
java_command: balldetection.Main
Launcher Type: SUN_STANDARD

Environment Variables:
JAVA_HOME=/usr/lib/jvm/java-7-oracle
PATH=/home/gregor/bin:/usr/lib/lightdm/lightdm:/usr/local/sbin:/usr/local/bin:/usr/sbin:/usr/bin:/sbin:/bin:/usr/games
LD_LIBRARY_PATH=/usr/lib/jvm/java-7-oracle/jre/lib/amd64:/usr/lib/jvm/java-7-oracle/jre/lib/i386:
SHELL=/bin/bash
DISPLAY=:0

Signal Handlers:
SIGSEGV: [libjvm.so+0x99f4a0], sa_mask[0]=0x7ffbfeff, sa_flags=0x10000004
SIGBUS: [libjvm.so+0x99f4a0], sa_mask[0]=0x7ffbfeff, sa_flags=0x10000004
SIGFPE: [libjvm.so+0x81a860], sa_mask[0]=0x7ffbfeff, sa_flags=0x10000004
SIGPIPE: [libjvm.so+0x81a860], sa_mask[0]=0x7ffbfeff, sa_flags=0x10000004
SIGXFSZ: [libjvm.so+0x81a860], sa_mask[0]=0x7ffbfeff, sa_flags=0x10000004
SIGILL: [libjvm.so+0x81a860], sa_mask[0]=0x7ffbfeff, sa_flags=0x10000004
SIGUSR1: SIG_DFL, sa_mask[0]=0x00000000, sa_flags=0x00000000
SIGUSR2: [libjvm.so+0x81c060], sa_mask[0]=0x00000004, sa_flags=0x10000004
SIGHUP: [libjvm.so+0x81d160], sa_mask[0]=0x7ffbfeff, sa_flags=0x10000004
SIGINT: SIG_IGN, sa_mask[0]=0x00000000, sa_flags=0x00000000
SIGTERM: [libjvm.so+0x81d160], sa_mask[0]=0x7ffbfeff, sa_flags=0x10000004
SIGQUIT: [libjvm.so+0x81d160], sa_mask[0]=0x7ffbfeff, sa_flags=0x10000004


---------------  S Y S T E M  ---------------

OS:wheezy/sid

uname:Linux 3.8.0-44-generic #66~precise1-Ubuntu SMP Tue Jul 15 04:01:04 UTC 2014 x86_64
libc:glibc 2.15 NPTL 2.15 
rlimit: STACK 8192k, CORE 0k, NPROC 126941, NOFILE 4096, AS infinity
load average:1.54 1.42 1.12

/proc/meminfo:
MemTotal:       16333552 kB
MemFree:         6665112 kB
Buffers:          405176 kB
Cached:          3549548 kB
SwapCached:            0 kB
Active:          5900788 kB
Inactive:        2285912 kB
Active(anon):    4233068 kB
Inactive(anon):    60660 kB
Active(file):    1667720 kB
Inactive(file):  2225252 kB
Unevictable:         260 kB
Mlocked:             260 kB
SwapTotal:       8396796 kB
SwapFree:        8396796 kB
Dirty:              6396 kB
Writeback:             0 kB
AnonPages:       4232336 kB
Mapped:           946540 kB
Shmem:             61756 kB
Slab:             365000 kB
SReclaimable:     317744 kB
SUnreclaim:        47256 kB
KernelStack:        6880 kB
PageTables:        67760 kB
NFS_Unstable:          0 kB
Bounce:                0 kB
WritebackTmp:          0 kB
CommitLimit:    16563572 kB
Committed_AS:   11573204 kB
VmallocTotal:   34359738367 kB
VmallocUsed:      338508 kB
VmallocChunk:   34359380340 kB
HardwareCorrupted:     0 kB
AnonHugePages:         0 kB
HugePages_Total:       0
HugePages_Free:        0
HugePages_Rsvd:        0
HugePages_Surp:        0
Hugepagesize:       2048 kB
DirectMap4k:      884732 kB
DirectMap2M:    11640832 kB
DirectMap1G:     4194304 kB


CPU:total 8 (8 cores per cpu, 1 threads per core) family 21 model 2 stepping 0, cmov, cx8, fxsr, mmx, sse, sse2, sse3, ssse3, sse4.1, sse4.2, popcnt, avx, aes, mmxext, 3dnowpref, lzcnt, sse4a, tsc, tscinvbit, tscinv

/proc/cpuinfo:
processor	: 0
vendor_id	: AuthenticAMD
cpu family	: 21
model		: 2
model name	: AMD FX(tm)-8350 Eight-Core Processor
stepping	: 0
microcode	: 0x600081f
cpu MHz		: 4000.000
cache size	: 2048 KB
physical id	: 0
siblings	: 8
core id		: 0
cpu cores	: 4
apicid		: 16
initial apicid	: 0
fpu		: yes
fpu_exception	: yes
cpuid level	: 13
wp		: yes
flags		: fpu vme de pse tsc msr pae mce cx8 apic sep mtrr pge mca cmov pat pse36 clflush mmx fxsr sse sse2 ht syscall nx mmxext fxsr_opt pdpe1gb rdtscp lm constant_tsc rep_good nopl nonstop_tsc extd_apicid aperfmperf pni pclmulqdq monitor ssse3 fma cx16 sse4_1 sse4_2 popcnt aes xsave avx f16c lahf_lm cmp_legacy svm extapic cr8_legacy abm sse4a misalignsse 3dnowprefetch osvw ibs xop skinit wdt lwp fma4 tce nodeid_msr tbm topoext perfctr_core arat cpb hw_pstate npt lbrv svm_lock nrip_save tsc_scale vmcb_clean flushbyasid decodeassists pausefilter pfthreshold bmi1
bogomips	: 8669.74
TLB size	: 1536 4K pages
clflush size	: 64
cache_alignment	: 64
address sizes	: 48 bits physical, 48 bits virtual
power management: ts ttp tm 100mhzsteps hwpstate cpb eff_freq_ro

processor	: 1
vendor_id	: AuthenticAMD
cpu family	: 21
model		: 2
model name	: AMD FX(tm)-8350 Eight-Core Processor           
stepping	: 0
microcode	: 0x600081f
cpu MHz		: 4000.000
cache size	: 2048 KB
physical id	: 0
siblings	: 8
core id		: 1
cpu cores	: 4
apicid		: 17
initial apicid	: 1
fpu		: yes
fpu_exception	: yes
cpuid level	: 13
wp		: yes
flags		: fpu vme de pse tsc msr pae mce cx8 apic sep mtrr pge mca cmov pat pse36 clflush mmx fxsr sse sse2 ht syscall nx mmxext fxsr_opt pdpe1gb rdtscp lm constant_tsc rep_good nopl nonstop_tsc extd_apicid aperfmperf pni pclmulqdq monitor ssse3 fma cx16 sse4_1 sse4_2 popcnt aes xsave avx f16c lahf_lm cmp_legacy svm extapic cr8_legacy abm sse4a misalignsse 3dnowprefetch osvw ibs xop skinit wdt lwp fma4 tce nodeid_msr tbm topoext perfctr_core arat cpb hw_pstate npt lbrv svm_lock nrip_save tsc_scale vmcb_clean flushbyasid decodeassists pausefilter pfthreshold bmi1
bogomips	: 8669.74
TLB size	: 1536 4K pages
clflush size	: 64
cache_alignment	: 64
address sizes	: 48 bits physical, 48 bits virtual
power management: ts ttp tm 100mhzsteps hwpstate cpb eff_freq_ro

processor	: 2
vendor_id	: AuthenticAMD
cpu family	: 21
model		: 2
model name	: AMD FX(tm)-8350 Eight-Core Processor           
stepping	: 0
microcode	: 0x600081f
cpu MHz		: 1400.000
cache size	: 2048 KB
physical id	: 0
siblings	: 8
core id		: 2
cpu cores	: 4
apicid		: 18
initial apicid	: 2
fpu		: yes
fpu_exception	: yes
cpuid level	: 13
wp		: yes
flags		: fpu vme de pse tsc msr pae mce cx8 apic sep mtrr pge mca cmov pat pse36 clflush mmx fxsr sse sse2 ht syscall nx mmxext fxsr_opt pdpe1gb rdtscp lm constant_tsc rep_good nopl nonstop_tsc extd_apicid aperfmperf pni pclmulqdq monitor ssse3 fma cx16 sse4_1 sse4_2 popcnt aes xsave avx f16c lahf_lm cmp_legacy svm extapic cr8_legacy abm sse4a misalignsse 3dnowprefetch osvw ibs xop skinit wdt lwp fma4 tce nodeid_msr tbm topoext perfctr_core arat cpb hw_pstate npt lbrv svm_lock nrip_save tsc_scale vmcb_clean flushbyasid decodeassists pausefilter pfthreshold bmi1
bogomips	: 8669.74
TLB size	: 1536 4K pages
clflush size	: 64
cache_alignment	: 64
address sizes	: 48 bits physical, 48 bits virtual
power management: ts ttp tm 100mhzsteps hwpstate cpb eff_freq_ro

processor	: 3
vendor_id	: AuthenticAMD
cpu family	: 21
model		: 2
model name	: AMD FX(tm)-8350 Eight-Core Processor           
stepping	: 0
microcode	: 0x600081f
cpu MHz		: 1400.000
cache size	: 2048 KB
physical id	: 0
siblings	: 8
core id		: 3
cpu cores	: 4
apicid		: 19
initial apicid	: 3
fpu		: yes
fpu_exception	: yes
cpuid level	: 13
wp		: yes
flags		: fpu vme de pse tsc msr pae mce cx8 apic sep mtrr pge mca cmov pat pse36 clflush mmx fxsr sse sse2 ht syscall nx mmxext fxsr_opt pdpe1gb rdtscp lm constant_tsc rep_good nopl nonstop_tsc extd_apicid aperfmperf pni pclmulqdq monitor ssse3 fma cx16 sse4_1 sse4_2 popcnt aes xsave avx f16c lahf_lm cmp_legacy svm extapic cr8_legacy abm sse4a misalignsse 3dnowprefetch osvw ibs xop skinit wdt lwp fma4 tce nodeid_msr tbm topoext perfctr_core arat cpb hw_pstate npt lbrv svm_lock nrip_save tsc_scale vmcb_clean flushbyasid decodeassists pausefilter pfthreshold bmi1
bogomips	: 8669.74
TLB size	: 1536 4K pages
clflush size	: 64
cache_alignment	: 64
address sizes	: 48 bits physical, 48 bits virtual
power management: ts ttp tm 100mhzsteps hwpstate cpb eff_freq_ro

processor	: 4
vendor_id	: AuthenticAMD
cpu family	: 21
model		: 2
model name	: AMD FX(tm)-8350 Eight-Core Processor           
stepping	: 0
microcode	: 0x600081f
cpu MHz		: 4000.000
cache size	: 2048 KB
physical id	: 0
siblings	: 8
core id		: 4
cpu cores	: 4
apicid		: 20
initial apicid	: 4
fpu		: yes
fpu_exception	: yes
cpuid level	: 13
wp		: yes
flags		: fpu vme de pse tsc msr pae mce cx8 apic sep mtrr pge mca cmov pat pse36 clflush mmx fxsr sse sse2 ht syscall nx mmxext fxsr_opt pdpe1gb rdtscp lm constant_tsc rep_good nopl nonstop_tsc extd_apicid aperfmperf pni pclmulqdq monitor ssse3 fma cx16 sse4_1 sse4_2 popcnt aes xsave avx f16c lahf_lm cmp_legacy svm extapic cr8_legacy abm sse4a misalignsse 3dnowprefetch osvw ibs xop skinit wdt lwp fma4 tce nodeid_msr tbm topoext perfctr_core arat cpb hw_pstate npt lbrv svm_lock nrip_save tsc_scale vmcb_clean flushbyasid decodeassists pausefilter pfthreshold bmi1
bogomips	: 8669.74
TLB size	: 1536 4K pages
clflush size	: 64
cache_alignment	: 64
address sizes	: 48 bits physical, 48 bits virtual
power management: ts ttp tm 100mhzsteps hwpstate cpb eff_freq_ro

processor	: 5
vendor_id	: AuthenticAMD
cpu family	: 21
model		: 2
model name	: AMD FX(tm)-8350 Eight-Core Processor           
stepping	: 0
microcode	: 0x600081f
cpu MHz		: 1400.000
cache size	: 2048 KB
physical id	: 0
siblings	: 8
core id		: 5
cpu cores	: 4
apicid		: 21
initial apicid	: 5
fpu		: yes
fpu_exception	: yes
cpuid level	: 13
wp		: yes
flags		: fpu vme de pse tsc msr pae mce cx8 apic sep mtrr pge mca cmov pat pse36 clflush mmx fxsr sse sse2 ht syscall nx mmxext fxsr_opt pdpe1gb rdtscp lm constant_tsc rep_good nopl nonstop_tsc extd_apicid aperfmperf pni pclmulqdq monitor ssse3 fma cx16 sse4_1 sse4_2 popcnt aes xsave avx f16c lahf_lm cmp_legacy svm extapic cr8_legacy abm sse4a misalignsse 3dnowprefetch osvw ibs xop skinit wdt lwp fma4 tce nodeid_msr tbm topoext perfctr_core arat cpb hw_pstate npt lbrv svm_lock nrip_save tsc_scale vmcb_clean flushbyasid decodeassists pausefilter pfthreshold bmi1
bogomips	: 8669.74
TLB size	: 1536 4K pages
clflush size	: 64
cache_alignment	: 64
address sizes	: 48 bits physical, 48 bits virtual
power management: ts ttp tm 100mhzsteps hwpstate cpb eff_freq_ro

processor	: 6
vendor_id	: AuthenticAMD
cpu family	: 21
model		: 2
model name	: AMD FX(tm)-8350 Eight-Core Processor           
stepping	: 0
microcode	: 0x600081f
cpu MHz		: 4000.000
cache size	: 2048 KB
physical id	: 0
siblings	: 8
core id		: 6
cpu cores	: 4
apicid		: 22
initial apicid	: 6
fpu		: yes
fpu_exception	: yes
cpuid level	: 13
wp		: yes
flags		: fpu vme de pse tsc msr pae mce cx8 apic sep mtrr pge mca cmov pat pse36 clflush mmx fxsr sse sse2 ht syscall nx mmxext fxsr_opt pdpe1gb rdtscp lm constant_tsc rep_good nopl nonstop_tsc extd_apicid aperfmperf pni pclmulqdq monitor ssse3 fma cx16 sse4_1 sse4_2 popcnt aes xsave avx f16c lahf_lm cmp_legacy svm extapic cr8_legacy abm sse4a misalignsse 3dnowprefetch osvw ibs xop skinit wdt lwp fma4 tce nodeid_msr tbm topoext perfctr_core arat cpb hw_pstate npt lbrv svm_lock nrip_save tsc_scale vmcb_clean flushbyasid decodeassists pausefilter pfthreshold bmi1
bogomips	: 8669.74
TLB size	: 1536 4K pages
clflush size	: 64
cache_alignment	: 64
address sizes	: 48 bits physical, 48 bits virtual
power management: ts ttp tm 100mhzsteps hwpstate cpb eff_freq_ro

processor	: 7
vendor_id	: AuthenticAMD
cpu family	: 21
model		: 2
model name	: AMD FX(tm)-8350 Eight-Core Processor           
stepping	: 0
microcode	: 0x600081f
cpu MHz		: 1400.000
cache size	: 2048 KB
physical id	: 0
siblings	: 8
core id		: 7
cpu cores	: 4
apicid		: 23
initial apicid	: 7
fpu		: yes
fpu_exception	: yes
cpuid level	: 13
wp		: yes
flags		: fpu vme de pse tsc msr pae mce cx8 apic sep mtrr pge mca cmov pat pse36 clflush mmx fxsr sse sse2 ht syscall nx mmxext fxsr_opt pdpe1gb rdtscp lm constant_tsc rep_good nopl nonstop_tsc extd_apicid aperfmperf pni pclmulqdq monitor ssse3 fma cx16 sse4_1 sse4_2 popcnt aes xsave avx f16c lahf_lm cmp_legacy svm extapic cr8_legacy abm sse4a misalignsse 3dnowprefetch osvw ibs xop skinit wdt lwp fma4 tce nodeid_msr tbm topoext perfctr_core arat cpb hw_pstate npt lbrv svm_lock nrip_save tsc_scale vmcb_clean flushbyasid decodeassists pausefilter pfthreshold bmi1
bogomips	: 8669.74
TLB size	: 1536 4K pages
clflush size	: 64
cache_alignment	: 64
address sizes	: 48 bits physical, 48 bits virtual
power management: ts ttp tm 100mhzsteps hwpstate cpb eff_freq_ro



Memory: 4k page, physical 16333552k(6665112k free), swap 8396796k(8396796k free)

vm_info: Java HotSpot(TM) 64-Bit Server VM (24.65-b04) for linux-amd64 JRE (1.7.0_65-b17), built on Jun 16 2014 20:55:34 by "java_re" with gcc 4.3.0 20080428 (Red Hat 4.3.0-8)

time: Mon Sep  1 11:20:27 2014
elapsed time: 1 seconds

