#
# A fatal error has been detected by the Java Runtime Environment:
#
#  SIGSEGV (0xb) at pc=0x00007f0694b45730, pid=9605, tid=139666262611712
#
# JRE version: Java(TM) SE Runtime Environment (7.0_65-b17) (build 1.7.0_65-b17)
# Java VM: Java HotSpot(TM) 64-Bit Server VM (24.65-b04 mixed mode linux-amd64 compressed oops)
# Problematic frame:
# V  [libjvm.so+0x655730]  jni_GetStringUTFChars+0xa0
#
# Failed to write core dump. Core dumps have been disabled. To enable core dumping, try "ulimit -c unlimited" before starting Java again
#
# If you would like to submit a bug report, please visit:
#   http://bugreport.sun.com/bugreport/crash.jsp
#

---------------  T H R E A D  ---------------

Current thread (0x00007f069000a000):  JavaThread "main" [_thread_in_vm, id=9609, stack(0x00007f0695e85000,0x00007f0695f86000)]

siginfo:si_signo=SIGSEGV: si_errno=0, si_code=1 (SEGV_MAPERR), si_addr=0x0000000000000000

Registers:
RAX=0x0000000000000000, RBX=0x0000000000000000, RCX=0x00007f0690005c30, RDX=0x00007f069533a360
RSP=0x00007f0695f846d0, RBP=0x00007f0695f84730, RSI=0x0000000000000000, RDI=0x00007f069000a1e8
R8 =0x00007f0695335d80, R9 =0x00007f06954afb10, R10=0x00007f068bf5a72c, R11=0x00007f0694da2870
R12=0x0000000000000000, R13=0x00007f069000a000, R14=0x00007f0695f847e8, R15=0x0000000000000000
RIP=0x00007f0694b45730, EFLAGS=0x0000000000010246, CSGSFS=0x0000000000000033, ERR=0x0000000000000004
  TRAPNO=0x000000000000000e

Top of Stack: (sp=0x00007f0695f846d0)
0x00007f0695f846d0:   00007f069000a000 0000000000000000
0x00007f0695f846e0:   00000000000003d8 00007f0600000000
0x00007f0695f846f0:   00007f069000a000 00007f069000a918
0x00007f0695f84700:   00007f069000a000 00007f069000a1e8
0x00007f0695f84710:   0000000000000000 0000000701c9a670
0x00007f0695f84720:   00007f0695f847e8 00007f069000a000
0x00007f0695f84730:   00007f0695f847c8 00007f06825707b7
0x00007f0695f84740:   0000000701c9a670 0000000000000000
0x00007f0695f84750:   0000000701c9a670 00007f0695f847e8
0x00007f0695f84760:   0000000701c9a670 00007f0695f847c8
0x00007f0695f84770:   0000000000000000 00007f068bf5a758
0x00007f0695f84780:   00007f069000a000 00007f0695f84788
0x00007f0695f84790:   0000000701c9a670 00007f0695f847e8
0x00007f0695f847a0:   0000000701c9b418 0000000000000000
0x00007f0695f847b0:   0000000701c9a670 0000000000000000
0x00007f0695f847c0:   00007f0695f847e8 00007f0695f84838
0x00007f0695f847d0:   00007f068bf4e175 00000007acee37e0
0x00007f0695f847e0:   00007f068bf56cd7 0000000000000000
0x00007f0695f847f0:   00000007ad32a6d8 00007f0695f847f8
0x00007f0695f84800:   0000000701c9976e 00007f0695f84850
0x00007f0695f84810:   0000000701c9b418 0000000000000000
0x00007f0695f84820:   0000000701c99798 00007f0695f847e8
0x00007f0695f84830:   00007f0695f84848 00007f0695f848a8
0x00007f0695f84840:   00007f068bf4e058 0000000000000000
0x00007f0695f84850:   00000007ad32a6d8 00000007ad32a6d8
0x00007f0695f84860:   00000007aced4270 00007f0695f84868
0x00007f0695f84870:   0000000701c5b54a 00007f0695f848c8
0x00007f0695f84880:   0000000701c5c150 0000000000000000
0x00007f0695f84890:   0000000701c5b590 00007f0695f84848
0x00007f0695f848a0:   00007f0695f848c0 00007f0695f84918
0x00007f0695f848b0:   00007f068bf4e8e1 0000000000000000
0x00007f0695f848c0:   00000007ad32a3e8 00000007aced4270 

Instructions: (pc=0x00007f0694b45730)
0x00007f0694b45710:   4c 89 6d c0 4c 89 6d a0 48 c7 45 a8 00 00 00 00
0x00007f0694b45720:   49 83 7d 08 00 74 09 48 8d 7d a0 e8 e0 78 21 00
0x00007f0694b45730:   4c 8b 23 4c 89 e7 e8 65 db fa ff 48 63 f8 31 c9
0x00007f0694b45740:   31 d2 48 83 c7 01 89 c3 be 00 07 00 00 e8 8e 6a 

Register to memory mapping:

RAX=0x0000000000000000 is an unknown value
RBX=0x0000000000000000 is an unknown value
RCX=0x00007f0690005c30 is an unknown value
RDX=0x00007f069533a360: <offset 0xe4a360> in /usr/lib/jvm/java-7-oracle/jre/lib/amd64/server/libjvm.so at 0x00007f06944f0000
RSP=0x00007f0695f846d0 is pointing into the stack for thread: 0x00007f069000a000
RBP=0x00007f0695f84730 is pointing into the stack for thread: 0x00007f069000a000
RSI=0x0000000000000000 is an unknown value
RDI=0x00007f069000a1e8 is an unknown value
R8 =0x00007f0695335d80: <offset 0xe45d80> in /usr/lib/jvm/java-7-oracle/jre/lib/amd64/server/libjvm.so at 0x00007f06944f0000
R9 =0x00007f06954afb10: <offset 0x147b10> in /lib/x86_64-linux-gnu/libc.so.6 at 0x00007f0695368000
R10=0x00007f068bf5a72c is at code_begin+620 in an Interpreter codelet
method entry point (kind = native)  [0x00007f068bf5a4c0, 0x00007f068bf5ad20]  2144 bytes
R11=0x00007f0694da2870: <offset 0x8b2870> in /usr/lib/jvm/java-7-oracle/jre/lib/amd64/server/libjvm.so at 0x00007f06944f0000
R12=0x0000000000000000 is an unknown value
R13=0x00007f069000a000 is a thread
R14=0x00007f0695f847e8 is pointing into the stack for thread: 0x00007f069000a000
R15=0x0000000000000000 is an unknown value


Stack: [0x00007f0695e85000,0x00007f0695f86000],  sp=0x00007f0695f846d0,  free space=1021k
Native frames: (J=compiled Java code, j=interpreted, Vv=VM code, C=native code)
V  [libjvm.so+0x655730]  jni_GetStringUTFChars+0xa0
C  [libopencv_java249.so+0x2307b7]  Java_org_opencv_highgui_VideoCapture_VideoCapture_11+0x27
j  org.opencv.highgui.VideoCapture.<init>(Ljava/lang/String;)V+6
j  balldetection.processors.VideoProvidorProcessor.process(Lorg/opencv/core/Mat;)Lorg/opencv/core/Mat;+26
j  balldetection.ImageProcessor.process()V+44
j  balldetection.Main.main([Ljava/lang/String;)V+157
v  ~StubRoutines::call_stub
V  [libjvm.so+0x5ffb65]  JavaCalls::call_helper(JavaValue*, methodHandle*, JavaCallArguments*, Thread*)+0x365
V  [libjvm.so+0x5fe5c8]  JavaCalls::call(JavaValue*, methodHandle, JavaCallArguments*, Thread*)+0x28
V  [libjvm.so+0x638309]  jni_invoke_static(JNIEnv_*, JavaValue*, _jobject*, JNICallType, _jmethodID*, JNI_ArgumentPusher*, Thread*)+0x219
V  [libjvm.so+0x640f22]  jni_CallStaticVoidMethod+0x162
C  [libjli.so+0x36d9]  JavaMain+0x7e9

Java frames: (J=compiled Java code, j=interpreted, Vv=VM code)
j  org.opencv.highgui.VideoCapture.VideoCapture_1(Ljava/lang/String;)J+0
j  org.opencv.highgui.VideoCapture.<init>(Ljava/lang/String;)V+6
j  balldetection.processors.VideoProvidorProcessor.process(Lorg/opencv/core/Mat;)Lorg/opencv/core/Mat;+26
j  balldetection.ImageProcessor.process()V+44
j  balldetection.Main.main([Ljava/lang/String;)V+157
v  ~StubRoutines::call_stub

---------------  P R O C E S S  ---------------

Java Threads: ( => current thread )
  0x00007f0690235000 JavaThread "AWT-EventQueue-0" [_thread_blocked, id=9629, stack(0x00007f067afa5000,0x00007f067b0a6000)]
  0x00007f0690231800 JavaThread "AWT-Shutdown" [_thread_blocked, id=9628, stack(0x00007f067b0a6000,0x00007f067b1a7000)]
  0x00007f06901ee000 JavaThread "AWT-XAWT" daemon [_thread_in_Java, id=9627, stack(0x00007f067b1a7000,0x00007f067b2a8000)]
  0x00007f06901cc000 JavaThread "Java2D Disposer" daemon [_thread_blocked, id=9626, stack(0x00007f067b6bf000,0x00007f067b7c0000)]
  0x00007f06900a7000 JavaThread "Service Thread" daemon [_thread_blocked, id=9624, stack(0x00007f0683615000,0x00007f0683716000)]
  0x00007f06900a5000 JavaThread "C2 CompilerThread1" daemon [_thread_blocked, id=9623, stack(0x00007f0683716000,0x00007f0683817000)]
  0x00007f06900a2000 JavaThread "C2 CompilerThread0" daemon [_thread_in_native, id=9622, stack(0x00007f0683817000,0x00007f0683918000)]
  0x00007f06900a0000 JavaThread "Signal Dispatcher" daemon [_thread_blocked, id=9621, stack(0x00007f068805a000,0x00007f068815b000)]
  0x00007f0690078800 JavaThread "Finalizer" daemon [_thread_blocked, id=9620, stack(0x00007f068815b000,0x00007f068825c000)]
  0x00007f0690076800 JavaThread "Reference Handler" daemon [_thread_blocked, id=9619, stack(0x00007f068825c000,0x00007f068835d000)]
=>0x00007f069000a000 JavaThread "main" [_thread_in_vm, id=9609, stack(0x00007f0695e85000,0x00007f0695f86000)]

Other Threads:
  0x00007f0690072000 VMThread [stack: 0x00007f068835d000,0x00007f068845e000] [id=9618]
  0x00007f06900b2000 WatcherThread [stack: 0x00007f0683514000,0x00007f0683615000] [id=9625]

VM state:not at safepoint (normal execution)

VM Mutex/Monitor currently owned by a thread: None

Heap
 PSYoungGen      total 75264K, used 6502K [0x00000007ace80000, 0x00000007b2200000, 0x0000000800000000)
  eden space 65024K, 10% used [0x00000007ace80000,0x00000007ad4d9b68,0x00000007b0e00000)
  from space 10240K, 0% used [0x00000007b1800000,0x00000007b1800000,0x00000007b2200000)
  to   space 10240K, 0% used [0x00000007b0e00000,0x00000007b0e00000,0x00000007b1800000)
 ParOldGen       total 169984K, used 0K [0x0000000706c00000, 0x0000000711200000, 0x00000007ace80000)
  object space 169984K, 0% used [0x0000000706c00000,0x0000000706c00000,0x0000000711200000)
 PSPermGen       total 21504K, used 7614K [0x0000000701a00000, 0x0000000702f00000, 0x0000000706c00000)
  object space 21504K, 35% used [0x0000000701a00000,0x000000070216f988,0x0000000702f00000)

Card table byte_map: [0x00007f068b754000,0x00007f068bf48000] byte_map_base: 0x00007f0687f47000

Polling page: 0x00007f0695e84000

Code Cache  [0x00007f068bf48000, 0x00007f068c1b8000, 0x00007f068ef48000)
 total_blobs=394 nmethods=13 adapters=336 free_code_cache=48652Kb largest_free_block=49810048

Compilation events (10 events):
Event: 0.771 Thread 0x00007f06900a5000 nmethod 9 0x00007f068bfc0290 code [0x00007f068bfc03c0, 0x00007f068bfc0438]
Event: 0.775 Thread 0x00007f06900a2000   10             java.util.concurrent.locks.AbstractQueuedSynchronizer::setState (6 bytes)
Event: 0.776 Thread 0x00007f06900a2000 nmethod 10 0x00007f068bfc1810 code [0x00007f068bfc1940, 0x00007f068bfc1998]
Event: 0.947 Thread 0x00007f06900a5000   11             sun.util.logging.PlatformLogger$DefaultLoggerProxy::isLoggable (29 bytes)
Event: 0.949 Thread 0x00007f06900a5000 nmethod 11 0x00007f068bfc0e10 code [0x00007f068bfc0f60, 0x00007f068bfc1058]
Event: 1.030 Thread 0x00007f06900a2000   12             sun.util.logging.PlatformLogger$DefaultLoggerProxy::doLog (22 bytes)
Event: 1.033 Thread 0x00007f06900a2000 nmethod 12 0x00007f068bfc08d0 code [0x00007f068bfc0a40, 0x00007f068bfc0bb8]
Event: 1.043 Thread 0x00007f06900a5000   13             sun.util.logging.PlatformLogger::finest (12 bytes)
Event: 1.046 Thread 0x00007f06900a5000 nmethod 13 0x00007f068bfc4210 code [0x00007f068bfc4380, 0x00007f068bfc4538]
Event: 1.101 Thread 0x00007f06900a2000   14             sun.nio.cs.UTF_8$Encoder::encode (361 bytes)

GC Heap History (0 events):
No events

Deoptimization events (0 events):
No events

Internal exceptions (10 events):
Event: 0.205 Thread 0x00007f069000a000 Threw 0x00000007acef2e88 at /HUDSON/workspace/7u-2-build-linux-amd64/jdk7u65/1224/hotspot/src/share/vm/prims/jni.cpp:717
Event: 0.205 Thread 0x00007f069000a000 Threw 0x00000007acef3790 at /HUDSON/workspace/7u-2-build-linux-amd64/jdk7u65/1224/hotspot/src/share/vm/prims/jni.cpp:717
Event: 0.207 Thread 0x00007f069000a000 Threw 0x00000007acef80c8 at /HUDSON/workspace/7u-2-build-linux-amd64/jdk7u65/1224/hotspot/src/share/vm/prims/jvm.cpp:1244
Event: 0.208 Thread 0x00007f069000a000 Threw 0x00000007acf09520 at /HUDSON/workspace/7u-2-build-linux-amd64/jdk7u65/1224/hotspot/src/share/vm/prims/jvm.cpp:1244
Event: 0.562 Thread 0x00007f069000a000 Threw 0x00000007ad29dc70 at /HUDSON/workspace/7u-2-build-linux-amd64/jdk7u65/1224/hotspot/src/share/vm/prims/jvm.cpp:1244
Event: 0.562 Thread 0x00007f069000a000 Threw 0x00000007ad29fc60 at /HUDSON/workspace/7u-2-build-linux-amd64/jdk7u65/1224/hotspot/src/share/vm/prims/jvm.cpp:1244
Event: 0.562 Thread 0x00007f069000a000 Threw 0x00000007ad2a19c0 at /HUDSON/workspace/7u-2-build-linux-amd64/jdk7u65/1224/hotspot/src/share/vm/prims/jvm.cpp:1244
Event: 0.563 Thread 0x00007f069000a000 Threw 0x00000007ad2a5b68 at /HUDSON/workspace/7u-2-build-linux-amd64/jdk7u65/1224/hotspot/src/share/vm/prims/jvm.cpp:1244
Event: 0.837 Thread 0x00007f069000a000 Threw 0x00000007ad2e5470 at /HUDSON/workspace/7u-2-build-linux-amd64/jdk7u65/1224/hotspot/src/share/vm/prims/jvm.cpp:1244
Event: 1.100 Thread 0x00007f069000a000 Threw 0x00000007ad3281c0 at /HUDSON/workspace/7u-2-build-linux-amd64/jdk7u65/1224/hotspot/src/share/vm/prims/jvm.cpp:1244

Events (10 events):
Event: 1.100 loading class 0x00007f06900eec00
Event: 1.100 loading class 0x00007f06900eec00 done
Event: 1.101 loading class 0x00007f0634007970
Event: 1.101 loading class 0x00007f0634007970 done
Event: 1.102 loading class 0x00007f06900d29c0
Event: 1.102 loading class 0x00007f06900d29c0 done
Event: 1.102 loading class 0x00007f06901530c0
Event: 1.102 loading class 0x00007f06900f0b30
Event: 1.102 loading class 0x00007f06900f0b30 done
Event: 1.102 loading class 0x00007f06901530c0 done


Dynamic libraries:
00400000-00401000 r-xp 00000000 08:02 8391584                            /usr/lib/jvm/java-7-oracle/bin/java
00600000-00601000 rw-p 00000000 08:02 8391584                            /usr/lib/jvm/java-7-oracle/bin/java
00e24000-00e45000 rw-p 00000000 00:00 0                                  [heap]
701a00000-702f00000 rw-p 00000000 00:00 0 
702f00000-706c00000 rw-p 00000000 00:00 0 
706c00000-711200000 rw-p 00000000 00:00 0 
711200000-7ace80000 rw-p 00000000 00:00 0 
7ace80000-7b2200000 rw-p 00000000 00:00 0 
7b2200000-800000000 rw-p 00000000 00:00 0 
7f0610000000-7f0610021000 rw-p 00000000 00:00 0 
7f0610021000-7f0614000000 ---p 00000000 00:00 0 
7f0618000000-7f0618021000 rw-p 00000000 00:00 0 
7f0618021000-7f061c000000 ---p 00000000 00:00 0 
7f061c000000-7f061c021000 rw-p 00000000 00:00 0 
7f061c021000-7f0620000000 ---p 00000000 00:00 0 
7f0620000000-7f0620021000 rw-p 00000000 00:00 0 
7f0620021000-7f0624000000 ---p 00000000 00:00 0 
7f0624000000-7f0624021000 rw-p 00000000 00:00 0 
7f0624021000-7f0628000000 ---p 00000000 00:00 0 
7f0628000000-7f0628021000 rw-p 00000000 00:00 0 
7f0628021000-7f062c000000 ---p 00000000 00:00 0 
7f062c000000-7f062c021000 rw-p 00000000 00:00 0 
7f062c021000-7f0630000000 ---p 00000000 00:00 0 
7f0630000000-7f0630021000 rw-p 00000000 00:00 0 
7f0630021000-7f0634000000 ---p 00000000 00:00 0 
7f0634000000-7f0634107000 rw-p 00000000 00:00 0 
7f0634107000-7f0638000000 ---p 00000000 00:00 0 
7f0638000000-7f0638021000 rw-p 00000000 00:00 0 
7f0638021000-7f063c000000 ---p 00000000 00:00 0 
7f063c000000-7f063c021000 rw-p 00000000 00:00 0 
7f063c021000-7f0640000000 ---p 00000000 00:00 0 
7f0640000000-7f0640021000 rw-p 00000000 00:00 0 
7f0640021000-7f0644000000 ---p 00000000 00:00 0 
7f06440d0000-7f064c000000 rw-p 00000000 00:00 0 
7f064c000000-7f064c021000 rw-p 00000000 00:00 0 
7f064c021000-7f0650000000 ---p 00000000 00:00 0 
7f0654000000-7f0654021000 rw-p 00000000 00:00 0 
7f0654021000-7f0658000000 ---p 00000000 00:00 0 
7f065c000000-7f065c021000 rw-p 00000000 00:00 0 
7f065c021000-7f0660000000 ---p 00000000 00:00 0 
7f0664000000-7f0664021000 rw-p 00000000 00:00 0 
7f0664021000-7f0668000000 ---p 00000000 00:00 0 
7f066c000000-7f066c021000 rw-p 00000000 00:00 0 
7f066c021000-7f0670000000 ---p 00000000 00:00 0 
7f0674000000-7f0674021000 rw-p 00000000 00:00 0 
7f0674021000-7f0678000000 ---p 00000000 00:00 0 
7f067ac00000-7f067ad19000 rw-s 00000000 00:04 13238287                   /SYSV00000000 (deleted)
7f067ad1c000-7f067ae88000 rw-p 00000000 00:00 0 
7f067ae88000-7f067afa1000 rw-s 00000000 00:04 13205514                   /SYSV00000000 (deleted)
7f067afa5000-7f067afa8000 ---p 00000000 00:00 0 
7f067afa8000-7f067b0a6000 rw-p 00000000 00:00 0                          [stack:9629]
7f067b0a6000-7f067b0a9000 ---p 00000000 00:00 0 
7f067b0a9000-7f067b1a7000 rw-p 00000000 00:00 0                          [stack:9628]
7f067b1a7000-7f067b1aa000 ---p 00000000 00:00 0 
7f067b1aa000-7f067b2a8000 rw-p 00000000 00:00 0                          [stack:9627]
7f067b2a8000-7f067b2ad000 r-xp 00000000 08:02 4982906                    /usr/lib/x86_64-linux-gnu/libXfixes.so.3.1.0
7f067b2ad000-7f067b4ac000 ---p 00005000 08:02 4982906                    /usr/lib/x86_64-linux-gnu/libXfixes.so.3.1.0
7f067b4ac000-7f067b4ad000 r--p 00004000 08:02 4982906                    /usr/lib/x86_64-linux-gnu/libXfixes.so.3.1.0
7f067b4ad000-7f067b4ae000 rw-p 00005000 08:02 4982906                    /usr/lib/x86_64-linux-gnu/libXfixes.so.3.1.0
7f067b4b0000-7f067b4b9000 r-xp 00000000 08:02 4988146                    /usr/lib/x86_64-linux-gnu/libXcursor.so.1.0.2
7f067b4b9000-7f067b6b8000 ---p 00009000 08:02 4988146                    /usr/lib/x86_64-linux-gnu/libXcursor.so.1.0.2
7f067b6b8000-7f067b6b9000 r--p 00008000 08:02 4988146                    /usr/lib/x86_64-linux-gnu/libXcursor.so.1.0.2
7f067b6b9000-7f067b6ba000 rw-p 00009000 08:02 4988146                    /usr/lib/x86_64-linux-gnu/libXcursor.so.1.0.2
7f067b6bf000-7f067b6c2000 ---p 00000000 00:00 0 
7f067b6c2000-7f067b7c0000 rw-p 00000000 00:00 0                          [stack:9626]
7f067b7c0000-7f067b7c5000 r-xp 00000000 08:02 4988150                    /usr/lib/x86_64-linux-gnu/libXdmcp.so.6.0.0
7f067b7c5000-7f067b9c4000 ---p 00005000 08:02 4988150                    /usr/lib/x86_64-linux-gnu/libXdmcp.so.6.0.0
7f067b9c4000-7f067b9c5000 r--p 00004000 08:02 4988150                    /usr/lib/x86_64-linux-gnu/libXdmcp.so.6.0.0
7f067b9c5000-7f067b9c6000 rw-p 00005000 08:02 4988150                    /usr/lib/x86_64-linux-gnu/libXdmcp.so.6.0.0
7f067b9c8000-7f067b9ca000 r-xp 00000000 08:02 4988139                    /usr/lib/x86_64-linux-gnu/libXau.so.6.0.0
7f067b9ca000-7f067bbc9000 ---p 00002000 08:02 4988139                    /usr/lib/x86_64-linux-gnu/libXau.so.6.0.0
7f067bbc9000-7f067bbca000 r--p 00001000 08:02 4988139                    /usr/lib/x86_64-linux-gnu/libXau.so.6.0.0
7f067bbca000-7f067bbcb000 rw-p 00002000 08:02 4988139                    /usr/lib/x86_64-linux-gnu/libXau.so.6.0.0
7f067bbd0000-7f067bbed000 r-xp 00000000 08:02 4988746                    /usr/lib/x86_64-linux-gnu/libxcb.so.1.1.0
7f067bbed000-7f067bdec000 ---p 0001d000 08:02 4988746                    /usr/lib/x86_64-linux-gnu/libxcb.so.1.1.0
7f067bdec000-7f067bded000 r--p 0001c000 08:02 4988746                    /usr/lib/x86_64-linux-gnu/libxcb.so.1.1.0
7f067bded000-7f067bdee000 rw-p 0001d000 08:02 4988746                    /usr/lib/x86_64-linux-gnu/libxcb.so.1.1.0
7f067bdf0000-7f067bdff000 r-xp 00000000 08:02 4982908                    /usr/lib/x86_64-linux-gnu/libXi.so.6.1.0
7f067bdff000-7f067bffe000 ---p 0000f000 08:02 4982908                    /usr/lib/x86_64-linux-gnu/libXi.so.6.1.0
7f067bffe000-7f067bfff000 r--p 0000e000 08:02 4982908                    /usr/lib/x86_64-linux-gnu/libXi.so.6.1.0
7f067bfff000-7f067c000000 rw-p 0000f000 08:02 4982908                    /usr/lib/x86_64-linux-gnu/libXi.so.6.1.0
7f067c000000-7f067c021000 rw-p 00000000 00:00 0 
7f067c021000-7f0680000000 ---p 00000000 00:00 0 
7f0680008000-7f068000d000 r-xp 00000000 08:02 4988178                    /usr/lib/x86_64-linux-gnu/libXtst.so.6.1.0
7f068000d000-7f068020c000 ---p 00005000 08:02 4988178                    /usr/lib/x86_64-linux-gnu/libXtst.so.6.1.0
7f068020c000-7f068020d000 r--p 00004000 08:02 4988178                    /usr/lib/x86_64-linux-gnu/libXtst.so.6.1.0
7f068020d000-7f068020e000 rw-p 00005000 08:02 4988178                    /usr/lib/x86_64-linux-gnu/libXtst.so.6.1.0
7f0680210000-7f0680219000 r-xp 00000000 08:02 4988174                    /usr/lib/x86_64-linux-gnu/libXrender.so.1.3.0
7f0680219000-7f0680418000 ---p 00009000 08:02 4988174                    /usr/lib/x86_64-linux-gnu/libXrender.so.1.3.0
7f0680418000-7f0680419000 r--p 00008000 08:02 4988174                    /usr/lib/x86_64-linux-gnu/libXrender.so.1.3.0
7f0680419000-7f068041a000 rw-p 00009000 08:02 4988174                    /usr/lib/x86_64-linux-gnu/libXrender.so.1.3.0
7f0680420000-7f0680550000 r-xp 00000000 08:02 4982903                    /usr/lib/x86_64-linux-gnu/libX11.so.6.3.0
7f0680550000-7f0680750000 ---p 00130000 08:02 4982903                    /usr/lib/x86_64-linux-gnu/libX11.so.6.3.0
7f0680750000-7f0680751000 r--p 00130000 08:02 4982903                    /usr/lib/x86_64-linux-gnu/libX11.so.6.3.0
7f0680751000-7f0680755000 rw-p 00131000 08:02 4982903                    /usr/lib/x86_64-linux-gnu/libX11.so.6.3.0
7f0680758000-7f0680768000 r-xp 00000000 08:02 4988152                    /usr/lib/x86_64-linux-gnu/libXext.so.6.4.0
7f0680768000-7f0680967000 ---p 00010000 08:02 4988152                    /usr/lib/x86_64-linux-gnu/libXext.so.6.4.0
7f0680967000-7f0680968000 r--p 0000f000 08:02 4988152                    /usr/lib/x86_64-linux-gnu/libXext.so.6.4.0
7f0680968000-7f0680969000 rw-p 00010000 08:02 4988152                    /usr/lib/x86_64-linux-gnu/libXext.so.6.4.0
7f0680970000-7f06809c0000 r-xp 00000000 08:02 8391396                    /usr/lib/jvm/java-7-oracle/jre/lib/amd64/xawt/libmawt.so
7f06809c0000-7f0680bc0000 ---p 00050000 08:02 8391396                    /usr/lib/jvm/java-7-oracle/jre/lib/amd64/xawt/libmawt.so
7f0680bc0000-7f0680bc4000 rw-p 00050000 08:02 8391396                    /usr/lib/jvm/java-7-oracle/jre/lib/amd64/xawt/libmawt.so
7f0680bc4000-7f0680bc5000 rw-p 00000000 00:00 0 
7f0680bc8000-7f0680c6a000 r-xp 00000000 08:02 8391399                    /usr/lib/jvm/java-7-oracle/jre/lib/amd64/libawt.so
7f0680c6a000-7f0680e6a000 ---p 000a2000 08:02 8391399                    /usr/lib/jvm/java-7-oracle/jre/lib/amd64/libawt.so
7f0680e6a000-7f0680e76000 rw-p 000a2000 08:02 8391399                    /usr/lib/jvm/java-7-oracle/jre/lib/amd64/libawt.so
7f0680e76000-7f0680e9a000 rw-p 00000000 00:00 0 
7f0680ea0000-7f0680ec1000 r-xp 00000000 08:02 4988711                    /usr/lib/x86_64-linux-gnu/libv4lconvert.so.0
7f0680ec1000-7f06810c0000 ---p 00021000 08:02 4988711                    /usr/lib/x86_64-linux-gnu/libv4lconvert.so.0
7f06810c0000-7f06810c2000 r--p 00020000 08:02 4988711                    /usr/lib/x86_64-linux-gnu/libv4lconvert.so.0
7f06810c2000-7f06810c3000 rw-p 00022000 08:02 4988711                    /usr/lib/x86_64-linux-gnu/libv4lconvert.so.0
7f06810c3000-7f0681115000 rw-p 00000000 00:00 0 
7f0681118000-7f0681120000 r-xp 00000000 08:02 4988710                    /usr/lib/x86_64-linux-gnu/libv4l2.so.0
7f0681120000-7f068131f000 ---p 00008000 08:02 4988710                    /usr/lib/x86_64-linux-gnu/libv4l2.so.0
7f068131f000-7f0681320000 r--p 00007000 08:02 4988710                    /usr/lib/x86_64-linux-gnu/libv4l2.so.0
7f0681320000-7f0681324000 rw-p 00008000 08:02 4988710                    /usr/lib/x86_64-linux-gnu/libv4l2.so.0
7f0681328000-7f068133d000 r-xp 00000000 08:02 6819542                    /lib/x86_64-linux-gnu/libgcc_s.so.1
7f068133d000-7f068153c000 ---p 00015000 08:02 6819542                    /lib/x86_64-linux-gnu/libgcc_s.so.1
7f068153c000-7f068153d000 r--p 00014000 08:02 6819542                    /lib/x86_64-linux-gnu/libgcc_s.so.1
7f068153d000-7f068153e000 rw-p 00015000 08:02 6819542                    /lib/x86_64-linux-gnu/libgcc_s.so.1
7f0681540000-7f0681556000 r-xp 00000000 08:02 6819632                    /lib/x86_64-linux-gnu/libz.so.1.2.3.4
7f0681556000-7f0681755000 ---p 00016000 08:02 6819632                    /lib/x86_64-linux-gnu/libz.so.1.2.3.4
7f0681755000-7f0681756000 r--p 00015000 08:02 6819632                    /lib/x86_64-linux-gnu/libz.so.1.2.3.4
7f0681756000-7f0681757000 rw-p 00016000 08:02 6819632                    /lib/x86_64-linux-gnu/libz.so.1.2.3.4
7f0681758000-7f068175d000 r-xp 00000000 08:02 4988709                    /usr/lib/x86_64-linux-gnu/libv4l1.so.0
7f068175d000-7f068195c000 ---p 00005000 08:02 4988709                    /usr/lib/x86_64-linux-gnu/libv4l1.so.0
7f068195c000-7f068195d000 r--p 00004000 08:02 4988709                    /usr/lib/x86_64-linux-gnu/libv4l1.so.0
7f068195d000-7f068195e000 rw-p 00005000 08:02 4988709                    /usr/lib/x86_64-linux-gnu/libv4l1.so.0
7f0681960000-7f06819c1000 r-xp 00000000 08:02 4991012                    /usr/lib/x86_64-linux-gnu/libtiff.so.4.3.4
7f06819c1000-7f0681bc1000 ---p 00061000 08:02 4991012                    /usr/lib/x86_64-linux-gnu/libtiff.so.4.3.4
7f0681bc1000-7f0681bc3000 r--p 00061000 08:02 4991012                    /usr/lib/x86_64-linux-gnu/libtiff.so.4.3.4
7f0681bc3000-7f0681bc4000 rw-p 00063000 08:02 4991012                    /usr/lib/x86_64-linux-gnu/libtiff.so.4.3.4
7f0681bc8000-7f0681bee000 r-xp 00000000 08:02 6819598                    /lib/x86_64-linux-gnu/libpng12.so.0.46.0
7f0681bee000-7f0681dee000 ---p 00026000 08:02 6819598                    /lib/x86_64-linux-gnu/libpng12.so.0.46.0
7f0681dee000-7f0681def000 r--p 00026000 08:02 6819598                    /lib/x86_64-linux-gnu/libpng12.so.0.46.0
7f0681def000-7f0681df0000 rw-p 00027000 08:02 6819598                    /lib/x86_64-linux-gnu/libpng12.so.0.46.0
7f0681df0000-7f0681e2f000 r-xp 00000000 08:02 4987524                    /usr/lib/x86_64-linux-gnu/libjpeg.so.8.0.2
7f0681e2f000-7f068202e000 ---p 0003f000 08:02 4987524                    /usr/lib/x86_64-linux-gnu/libjpeg.so.8.0.2
7f068202e000-7f068202f000 r--p 0003e000 08:02 4987524                    /usr/lib/x86_64-linux-gnu/libjpeg.so.8.0.2
7f068202f000-7f0682030000 rw-p 0003f000 08:02 4987524                    /usr/lib/x86_64-linux-gnu/libjpeg.so.8.0.2
7f0682030000-7f0682040000 rw-p 00000000 00:00 0 
7f0682040000-7f0682122000 r-xp 00000000 08:02 4988682                    /usr/lib/x86_64-linux-gnu/libstdc++.so.6.0.16
7f0682122000-7f0682321000 ---p 000e2000 08:02 4988682                    /usr/lib/x86_64-linux-gnu/libstdc++.so.6.0.16
7f0682321000-7f0682329000 r--p 000e1000 08:02 4988682                    /usr/lib/x86_64-linux-gnu/libstdc++.so.6.0.16
7f0682329000-7f068232b000 rw-p 000e9000 08:02 4988682                    /usr/lib/x86_64-linux-gnu/libstdc++.so.6.0.16
7f068232b000-7f0682340000 rw-p 00000000 00:00 0 
7f0682340000-7f0683234000 r-xp 00000000 08:02 10095302                   /usr/local/share/OpenCV/java/libopencv_java249.so
7f0683234000-7f0683434000 ---p 00ef4000 08:02 10095302                   /usr/local/share/OpenCV/java/libopencv_java249.so
7f0683434000-7f0683458000 r--p 00ef4000 08:02 10095302                   /usr/local/share/OpenCV/java/libopencv_java249.so
7f0683458000-7f0683470000 rw-p 00f18000 08:02 10095302                   /usr/local/share/OpenCV/java/libopencv_java249.so
7f0683470000-7f0683513000 rw-p 00000000 00:00 0 
7f0683514000-7f0683515000 ---p 00000000 00:00 0 
7f0683515000-7f0683615000 rw-p 00000000 00:00 0                          [stack:9625]
7f0683615000-7f0683618000 ---p 00000000 00:00 0 
7f0683618000-7f0683716000 rw-p 00000000 00:00 0                          [stack:9624]
7f0683716000-7f0683719000 ---p 00000000 00:00 0 
7f0683719000-7f0683817000 rw-p 00000000 00:00 0                          [stack:9623]
7f0683817000-7f068381a000 ---p 00000000 00:00 0 
7f068381a000-7f0683918000 rw-p 00000000 00:00 0                          [stack:9622]
7f0683918000-7f0683ffb000 r--p 00000000 08:02 4987440                    /usr/lib/locale/locale-archive
7f0684000000-7f0684021000 rw-p 00000000 00:00 0 
7f0684021000-7f0688000000 ---p 00000000 00:00 0 
7f068805a000-7f068805d000 ---p 00000000 00:00 0 
7f068805d000-7f068815b000 rw-p 00000000 00:00 0                          [stack:9621]
7f068815b000-7f068815e000 ---p 00000000 00:00 0 
7f068815e000-7f068825c000 rw-p 00000000 00:00 0                          [stack:9620]
7f068825c000-7f068825f000 ---p 00000000 00:00 0 
7f068825f000-7f068835d000 rw-p 00000000 00:00 0                          [stack:9619]
7f068835d000-7f068835e000 ---p 00000000 00:00 0 
7f068835e000-7f068a0ed000 rw-p 00000000 00:00 0                          [stack:9618]
7f068a0ed000-7f068a2ac000 r--s 039e5000 08:02 8390889                    /usr/lib/jvm/java-7-oracle/jre/lib/rt.jar
7f068a2b2000-7f068ab1b000 rw-p 00000000 00:00 0 
7f068ab1b000-7f068ab1c000 ---p 00000000 00:00 0 
7f068ab1c000-7f068ac1c000 rw-p 00000000 00:00 0                          [stack:9617]
7f068ac1c000-7f068ac1d000 ---p 00000000 00:00 0 
7f068ac1d000-7f068ad1d000 rw-p 00000000 00:00 0                          [stack:9616]
7f068ad1d000-7f068ad1e000 ---p 00000000 00:00 0 
7f068ad1e000-7f068ae1e000 rw-p 00000000 00:00 0                          [stack:9615]
7f068ae1e000-7f068ae1f000 ---p 00000000 00:00 0 
7f068ae1f000-7f068af1f000 rw-p 00000000 00:00 0                          [stack:9614]
7f068af1f000-7f068af20000 ---p 00000000 00:00 0 
7f068af20000-7f068b020000 rw-p 00000000 00:00 0                          [stack:9613]
7f068b020000-7f068b021000 ---p 00000000 00:00 0 
7f068b021000-7f068b121000 rw-p 00000000 00:00 0                          [stack:9612]
7f068b121000-7f068b122000 ---p 00000000 00:00 0 
7f068b122000-7f068b275000 rw-p 00000000 00:00 0                          [stack:9611]
7f068b275000-7f068b754000 rw-p 00000000 00:00 0 
7f068b754000-7f068b75f000 rw-p 00000000 00:00 0 
7f068b75f000-7f068b77d000 rw-p 00000000 00:00 0 
7f068b77d000-7f068b7d0000 rw-p 00000000 00:00 0 
7f068b7d0000-7f068bcae000 rw-p 00000000 00:00 0 
7f068bcae000-7f068bcd8000 rw-p 00000000 00:00 0 
7f068bcd8000-7f068bf47000 rw-p 00000000 00:00 0 
7f068bf47000-7f068bf48000 rw-p 00000000 00:00 0 
7f068bf48000-7f068c1b8000 rwxp 00000000 00:00 0 
7f068c1b8000-7f068ef48000 rw-p 00000000 00:00 0 
7f068ef48000-7f068ef62000 r-xp 00000000 08:02 8391417                    /usr/lib/jvm/java-7-oracle/jre/lib/amd64/libzip.so
7f068ef62000-7f068f162000 ---p 0001a000 08:02 8391417                    /usr/lib/jvm/java-7-oracle/jre/lib/amd64/libzip.so
7f068f162000-7f068f163000 rw-p 0001a000 08:02 8391417                    /usr/lib/jvm/java-7-oracle/jre/lib/amd64/libzip.so
7f068f168000-7f068f174000 r-xp 00000000 08:02 6815859                    /lib/x86_64-linux-gnu/libnss_files-2.15.so
7f068f174000-7f068f373000 ---p 0000c000 08:02 6815859                    /lib/x86_64-linux-gnu/libnss_files-2.15.so
7f068f373000-7f068f374000 r--p 0000b000 08:02 6815859                    /lib/x86_64-linux-gnu/libnss_files-2.15.so
7f068f374000-7f068f375000 rw-p 0000c000 08:02 6815859                    /lib/x86_64-linux-gnu/libnss_files-2.15.so
7f068f378000-7f068f382000 r-xp 00000000 08:02 6815863                    /lib/x86_64-linux-gnu/libnss_nis-2.15.so
7f068f382000-7f068f582000 ---p 0000a000 08:02 6815863                    /lib/x86_64-linux-gnu/libnss_nis-2.15.so
7f068f582000-7f068f583000 r--p 0000a000 08:02 6815863                    /lib/x86_64-linux-gnu/libnss_nis-2.15.so
7f068f583000-7f068f584000 rw-p 0000b000 08:02 6815863                    /lib/x86_64-linux-gnu/libnss_nis-2.15.so
7f068f588000-7f068f59f000 r-xp 00000000 08:02 6820619                    /lib/x86_64-linux-gnu/libnsl-2.15.so
7f068f59f000-7f068f79e000 ---p 00017000 08:02 6820619                    /lib/x86_64-linux-gnu/libnsl-2.15.so
7f068f79e000-7f068f79f000 r--p 00016000 08:02 6820619                    /lib/x86_64-linux-gnu/libnsl-2.15.so
7f068f79f000-7f068f7a0000 rw-p 00017000 08:02 6820619                    /lib/x86_64-linux-gnu/libnsl-2.15.so
7f068f7a0000-7f068f7a2000 rw-p 00000000 00:00 0 
7f068f7a8000-7f068f7b0000 r-xp 00000000 08:02 6815857                    /lib/x86_64-linux-gnu/libnss_compat-2.15.so
7f068f7b0000-7f068f9af000 ---p 00008000 08:02 6815857                    /lib/x86_64-linux-gnu/libnss_compat-2.15.so
7f068f9af000-7f068f9b0000 r--p 00007000 08:02 6815857                    /lib/x86_64-linux-gnu/libnss_compat-2.15.so
7f068f9b0000-7f068f9b1000 rw-p 00008000 08:02 6815857                    /lib/x86_64-linux-gnu/libnss_compat-2.15.so
7f068f9b8000-7f068f9e1000 r-xp 00000000 08:02 8391373                    /usr/lib/jvm/java-7-oracle/jre/lib/amd64/libjava.so
7f068f9e1000-7f068fbe1000 ---p 00029000 08:02 8391373                    /usr/lib/jvm/java-7-oracle/jre/lib/amd64/libjava.so
7f068fbe1000-7f068fbe3000 rw-p 00029000 08:02 8391373                    /usr/lib/jvm/java-7-oracle/jre/lib/amd64/libjava.so
7f068fbe8000-7f068fbf5000 r-xp 00000000 08:02 8391404                    /usr/lib/jvm/java-7-oracle/jre/lib/amd64/libverify.so
7f068fbf5000-7f068fdf4000 ---p 0000d000 08:02 8391404                    /usr/lib/jvm/java-7-oracle/jre/lib/amd64/libverify.so
7f068fdf4000-7f068fdf6000 rw-p 0000c000 08:02 8391404                    /usr/lib/jvm/java-7-oracle/jre/lib/amd64/libverify.so
7f068fdf8000-7f068fdff000 r-xp 00000000 08:02 6815862                    /lib/x86_64-linux-gnu/librt-2.15.so
7f068fdff000-7f068fffe000 ---p 00007000 08:02 6815862                    /lib/x86_64-linux-gnu/librt-2.15.so
7f068fffe000-7f068ffff000 r--p 00006000 08:02 6815862                    /lib/x86_64-linux-gnu/librt-2.15.so
7f068ffff000-7f0690000000 rw-p 00007000 08:02 6815862                    /lib/x86_64-linux-gnu/librt-2.15.so
7f0690000000-7f0690321000 rw-p 00000000 00:00 0 
7f0690321000-7f0694000000 ---p 00000000 00:00 0 
7f0694009000-7f069400d000 r--s 00069000 08:02 3278518                    /home/gregor/.m2/repository/opencv/opencv/1/opencv-1.jar
7f0694014000-7f0694016000 r--s 00024000 08:02 3278315                    /home/gregor/.m2/repository/org/scream3r/jssc/2.8.0/jssc-2.8.0.jar
7f069401c000-7f06940ef000 rw-p 00000000 00:00 0 
7f06940ef000-7f06940f0000 ---p 00000000 00:00 0 
7f06940f0000-7f06941f0000 rw-p 00000000 00:00 0                          [stack:9610]
7f06941f0000-7f06942eb000 r-xp 00000000 08:02 6815866                    /lib/x86_64-linux-gnu/libm-2.15.so
7f06942eb000-7f06944ea000 ---p 000fb000 08:02 6815866                    /lib/x86_64-linux-gnu/libm-2.15.so
7f06944ea000-7f06944eb000 r--p 000fa000 08:02 6815866                    /lib/x86_64-linux-gnu/libm-2.15.so
7f06944eb000-7f06944ec000 rw-p 000fb000 08:02 6815866                    /lib/x86_64-linux-gnu/libm-2.15.so
7f06944f0000-7f0695060000 r-xp 00000000 08:02 8391414                    /usr/lib/jvm/java-7-oracle/jre/lib/amd64/server/libjvm.so
7f0695060000-7f069525f000 ---p 00b70000 08:02 8391414                    /usr/lib/jvm/java-7-oracle/jre/lib/amd64/server/libjvm.so
7f069525f000-7f0695324000 rw-p 00b6f000 08:02 8391414                    /usr/lib/jvm/java-7-oracle/jre/lib/amd64/server/libjvm.so
7f0695324000-7f0695364000 rw-p 00000000 00:00 0 
7f0695368000-7f069551d000 r-xp 00000000 08:02 6815755                    /lib/x86_64-linux-gnu/libc-2.15.so
7f069551d000-7f069571d000 ---p 001b5000 08:02 6815755                    /lib/x86_64-linux-gnu/libc-2.15.so
7f069571d000-7f0695721000 r--p 001b5000 08:02 6815755                    /lib/x86_64-linux-gnu/libc-2.15.so
7f0695721000-7f0695723000 rw-p 001b9000 08:02 6815755                    /lib/x86_64-linux-gnu/libc-2.15.so
7f0695723000-7f0695728000 rw-p 00000000 00:00 0 
7f0695728000-7f069572a000 r-xp 00000000 08:02 6815870                    /lib/x86_64-linux-gnu/libdl-2.15.so
7f069572a000-7f069592a000 ---p 00002000 08:02 6815870                    /lib/x86_64-linux-gnu/libdl-2.15.so
7f069592a000-7f069592b000 r--p 00002000 08:02 6815870                    /lib/x86_64-linux-gnu/libdl-2.15.so
7f069592b000-7f069592c000 rw-p 00003000 08:02 6815870                    /lib/x86_64-linux-gnu/libdl-2.15.so
7f0695930000-7f0695946000 r-xp 00000000 08:02 8390226                    /usr/lib/jvm/java-7-oracle/lib/amd64/jli/libjli.so
7f0695946000-7f0695b46000 ---p 00016000 08:02 8390226                    /usr/lib/jvm/java-7-oracle/lib/amd64/jli/libjli.so
7f0695b46000-7f0695b47000 rw-p 00016000 08:02 8390226                    /usr/lib/jvm/java-7-oracle/lib/amd64/jli/libjli.so
7f0695b48000-7f0695b60000 r-xp 00000000 08:02 6815864                    /lib/x86_64-linux-gnu/libpthread-2.15.so
7f0695b60000-7f0695d5f000 ---p 00018000 08:02 6815864                    /lib/x86_64-linux-gnu/libpthread-2.15.so
7f0695d5f000-7f0695d60000 r--p 00017000 08:02 6815864                    /lib/x86_64-linux-gnu/libpthread-2.15.so
7f0695d60000-7f0695d61000 rw-p 00018000 08:02 6815864                    /lib/x86_64-linux-gnu/libpthread-2.15.so
7f0695d61000-7f0695d65000 rw-p 00000000 00:00 0 
7f0695d68000-7f0695d8a000 r-xp 00000000 08:02 6815867                    /lib/x86_64-linux-gnu/ld-2.15.so
7f0695d8f000-7f0695d9a000 rw-p 00000000 00:00 0 
7f0695d9a000-7f0695db8000 rw-p 00000000 00:00 0 
7f0695db8000-7f0695dc2000 rw-p 00000000 00:00 0 
7f0695dc2000-7f0695e78000 rw-p 00000000 00:00 0 
7f0695e78000-7f0695e80000 rw-s 00000000 08:02 8262768                    /tmp/hsperfdata_gregor/9605
7f0695e80000-7f0695e84000 rw-p 00000000 00:00 0 
7f0695e84000-7f0695e85000 r--p 00000000 00:00 0 
7f0695e85000-7f0695e88000 ---p 00000000 00:00 0 
7f0695e88000-7f0695f8a000 rw-p 00000000 00:00 0                          [stack:9609]
7f0695f8a000-7f0695f8b000 r--p 00022000 08:02 6815867                    /lib/x86_64-linux-gnu/ld-2.15.so
7f0695f8b000-7f0695f8d000 rw-p 00023000 08:02 6815867                    /lib/x86_64-linux-gnu/ld-2.15.so
7f0695f8d000-7f0695f8f000 rw-p 00000000 00:00 0 
7fff1f0a5000-7fff1f0c6000 rw-p 00000000 00:00 0                          [stack]
7fff1f1e0000-7fff1f1e2000 r-xp 00000000 00:00 0                          [vdso]
ffffffffff600000-ffffffffff601000 r-xp 00000000 00:00 0                  [vsyscall]

VM Arguments:
jvm_args: -Djava.library.path=/usr/local/share/OpenCV/java 
java_command: balldetection.Main
Launcher Type: SUN_STANDARD

Environment Variables:
JAVA_HOME=/usr/lib/jvm/java-7-oracle
PATH=/home/gregor/bin:/usr/lib/lightdm/lightdm:/usr/local/sbin:/usr/local/bin:/usr/sbin:/usr/bin:/sbin:/bin:/usr/games
LD_LIBRARY_PATH=/usr/lib/jvm/java-7-oracle/jre/lib/amd64:/usr/lib/jvm/java-7-oracle/jre/lib/i386:
SHELL=/bin/bash
DISPLAY=:0

Signal Handlers:
SIGSEGV: [libjvm.so+0x99f4a0], sa_mask[0]=0x7ffbfeff, sa_flags=0x10000004
SIGBUS: [libjvm.so+0x99f4a0], sa_mask[0]=0x7ffbfeff, sa_flags=0x10000004
SIGFPE: [libjvm.so+0x81a860], sa_mask[0]=0x7ffbfeff, sa_flags=0x10000004
SIGPIPE: [libjvm.so+0x81a860], sa_mask[0]=0x7ffbfeff, sa_flags=0x10000004
SIGXFSZ: [libjvm.so+0x81a860], sa_mask[0]=0x7ffbfeff, sa_flags=0x10000004
SIGILL: [libjvm.so+0x81a860], sa_mask[0]=0x7ffbfeff, sa_flags=0x10000004
SIGUSR1: SIG_DFL, sa_mask[0]=0x00000000, sa_flags=0x00000000
SIGUSR2: [libjvm.so+0x81c060], sa_mask[0]=0x00000004, sa_flags=0x10000004
SIGHUP: [libjvm.so+0x81d160], sa_mask[0]=0x7ffbfeff, sa_flags=0x10000004
SIGINT: SIG_IGN, sa_mask[0]=0x00000000, sa_flags=0x00000000
SIGTERM: [libjvm.so+0x81d160], sa_mask[0]=0x7ffbfeff, sa_flags=0x10000004
SIGQUIT: [libjvm.so+0x81d160], sa_mask[0]=0x7ffbfeff, sa_flags=0x10000004


---------------  S Y S T E M  ---------------

OS:wheezy/sid

uname:Linux 3.8.0-44-generic #66~precise1-Ubuntu SMP Tue Jul 15 04:01:04 UTC 2014 x86_64
libc:glibc 2.15 NPTL 2.15 
rlimit: STACK 8192k, CORE 0k, NPROC 126941, NOFILE 4096, AS infinity
load average:0.84 0.66 0.69

/proc/meminfo:
MemTotal:       16333552 kB
MemFree:         8497252 kB
Buffers:          408896 kB
Cached:          3863340 kB
SwapCached:            0 kB
Active:          4130960 kB
Inactive:        2478880 kB
Active(anon):    2339000 kB
Inactive(anon):    52744 kB
Active(file):    1791960 kB
Inactive(file):  2426136 kB
Unevictable:         336 kB
Mlocked:             336 kB
SwapTotal:       8396796 kB
SwapFree:        8396796 kB
Dirty:               448 kB
Writeback:             4 kB
AnonPages:       2339084 kB
Mapped:           691440 kB
Shmem:             54144 kB
Slab:             373208 kB
SReclaimable:     326244 kB
SUnreclaim:        46964 kB
KernelStack:        5640 kB
PageTables:        49332 kB
NFS_Unstable:          0 kB
Bounce:                0 kB
WritebackTmp:          0 kB
CommitLimit:    16563572 kB
Committed_AS:    8003740 kB
VmallocTotal:   34359738367 kB
VmallocUsed:      336612 kB
VmallocChunk:   34359399148 kB
HardwareCorrupted:     0 kB
AnonHugePages:         0 kB
HugePages_Total:       0
HugePages_Free:        0
HugePages_Rsvd:        0
HugePages_Surp:        0
Hugepagesize:       2048 kB
DirectMap4k:     1058812 kB
DirectMap2M:    12515328 kB
DirectMap1G:     3145728 kB


CPU:total 8 (8 cores per cpu, 1 threads per core) family 21 model 2 stepping 0, cmov, cx8, fxsr, mmx, sse, sse2, sse3, ssse3, sse4.1, sse4.2, popcnt, avx, aes, mmxext, 3dnowpref, lzcnt, sse4a, tsc, tscinvbit, tscinv

/proc/cpuinfo:
processor	: 0
vendor_id	: AuthenticAMD
cpu family	: 21
model		: 2
model name	: AMD FX(tm)-8350 Eight-Core Processor
stepping	: 0
microcode	: 0x600081f
cpu MHz		: 2100.000
cache size	: 2048 KB
physical id	: 0
siblings	: 8
core id		: 0
cpu cores	: 4
apicid		: 16
initial apicid	: 0
fpu		: yes
fpu_exception	: yes
cpuid level	: 13
wp		: yes
flags		: fpu vme de pse tsc msr pae mce cx8 apic sep mtrr pge mca cmov pat pse36 clflush mmx fxsr sse sse2 ht syscall nx mmxext fxsr_opt pdpe1gb rdtscp lm constant_tsc rep_good nopl nonstop_tsc extd_apicid aperfmperf pni pclmulqdq monitor ssse3 fma cx16 sse4_1 sse4_2 popcnt aes xsave avx f16c lahf_lm cmp_legacy svm extapic cr8_legacy abm sse4a misalignsse 3dnowprefetch osvw ibs xop skinit wdt lwp fma4 tce nodeid_msr tbm topoext perfctr_core arat cpb hw_pstate npt lbrv svm_lock nrip_save tsc_scale vmcb_clean flushbyasid decodeassists pausefilter pfthreshold bmi1
bogomips	: 8669.74
TLB size	: 1536 4K pages
clflush size	: 64
cache_alignment	: 64
address sizes	: 48 bits physical, 48 bits virtual
power management: ts ttp tm 100mhzsteps hwpstate cpb eff_freq_ro

processor	: 1
vendor_id	: AuthenticAMD
cpu family	: 21
model		: 2
model name	: AMD FX(tm)-8350 Eight-Core Processor           
stepping	: 0
microcode	: 0x600081f
cpu MHz		: 1400.000
cache size	: 2048 KB
physical id	: 0
siblings	: 8
core id		: 1
cpu cores	: 4
apicid		: 17
initial apicid	: 1
fpu		: yes
fpu_exception	: yes
cpuid level	: 13
wp		: yes
flags		: fpu vme de pse tsc msr pae mce cx8 apic sep mtrr pge mca cmov pat pse36 clflush mmx fxsr sse sse2 ht syscall nx mmxext fxsr_opt pdpe1gb rdtscp lm constant_tsc rep_good nopl nonstop_tsc extd_apicid aperfmperf pni pclmulqdq monitor ssse3 fma cx16 sse4_1 sse4_2 popcnt aes xsave avx f16c lahf_lm cmp_legacy svm extapic cr8_legacy abm sse4a misalignsse 3dnowprefetch osvw ibs xop skinit wdt lwp fma4 tce nodeid_msr tbm topoext perfctr_core arat cpb hw_pstate npt lbrv svm_lock nrip_save tsc_scale vmcb_clean flushbyasid decodeassists pausefilter pfthreshold bmi1
bogomips	: 8669.74
TLB size	: 1536 4K pages
clflush size	: 64
cache_alignment	: 64
address sizes	: 48 bits physical, 48 bits virtual
power management: ts ttp tm 100mhzsteps hwpstate cpb eff_freq_ro

processor	: 2
vendor_id	: AuthenticAMD
cpu family	: 21
model		: 2
model name	: AMD FX(tm)-8350 Eight-Core Processor           
stepping	: 0
microcode	: 0x600081f
cpu MHz		: 4000.000
cache size	: 2048 KB
physical id	: 0
siblings	: 8
core id		: 2
cpu cores	: 4
apicid		: 18
initial apicid	: 2
fpu		: yes
fpu_exception	: yes
cpuid level	: 13
wp		: yes
flags		: fpu vme de pse tsc msr pae mce cx8 apic sep mtrr pge mca cmov pat pse36 clflush mmx fxsr sse sse2 ht syscall nx mmxext fxsr_opt pdpe1gb rdtscp lm constant_tsc rep_good nopl nonstop_tsc extd_apicid aperfmperf pni pclmulqdq monitor ssse3 fma cx16 sse4_1 sse4_2 popcnt aes xsave avx f16c lahf_lm cmp_legacy svm extapic cr8_legacy abm sse4a misalignsse 3dnowprefetch osvw ibs xop skinit wdt lwp fma4 tce nodeid_msr tbm topoext perfctr_core arat cpb hw_pstate npt lbrv svm_lock nrip_save tsc_scale vmcb_clean flushbyasid decodeassists pausefilter pfthreshold bmi1
bogomips	: 8669.74
TLB size	: 1536 4K pages
clflush size	: 64
cache_alignment	: 64
address sizes	: 48 bits physical, 48 bits virtual
power management: ts ttp tm 100mhzsteps hwpstate cpb eff_freq_ro

processor	: 3
vendor_id	: AuthenticAMD
cpu family	: 21
model		: 2
model name	: AMD FX(tm)-8350 Eight-Core Processor           
stepping	: 0
microcode	: 0x600081f
cpu MHz		: 1400.000
cache size	: 2048 KB
physical id	: 0
siblings	: 8
core id		: 3
cpu cores	: 4
apicid		: 19
initial apicid	: 3
fpu		: yes
fpu_exception	: yes
cpuid level	: 13
wp		: yes
flags		: fpu vme de pse tsc msr pae mce cx8 apic sep mtrr pge mca cmov pat pse36 clflush mmx fxsr sse sse2 ht syscall nx mmxext fxsr_opt pdpe1gb rdtscp lm constant_tsc rep_good nopl nonstop_tsc extd_apicid aperfmperf pni pclmulqdq monitor ssse3 fma cx16 sse4_1 sse4_2 popcnt aes xsave avx f16c lahf_lm cmp_legacy svm extapic cr8_legacy abm sse4a misalignsse 3dnowprefetch osvw ibs xop skinit wdt lwp fma4 tce nodeid_msr tbm topoext perfctr_core arat cpb hw_pstate npt lbrv svm_lock nrip_save tsc_scale vmcb_clean flushbyasid decodeassists pausefilter pfthreshold bmi1
bogomips	: 8669.74
TLB size	: 1536 4K pages
clflush size	: 64
cache_alignment	: 64
address sizes	: 48 bits physical, 48 bits virtual
power management: ts ttp tm 100mhzsteps hwpstate cpb eff_freq_ro

processor	: 4
vendor_id	: AuthenticAMD
cpu family	: 21
model		: 2
model name	: AMD FX(tm)-8350 Eight-Core Processor           
stepping	: 0
microcode	: 0x600081f
cpu MHz		: 1400.000
cache size	: 2048 KB
physical id	: 0
siblings	: 8
core id		: 4
cpu cores	: 4
apicid		: 20
initial apicid	: 4
fpu		: yes
fpu_exception	: yes
cpuid level	: 13
wp		: yes
flags		: fpu vme de pse tsc msr pae mce cx8 apic sep mtrr pge mca cmov pat pse36 clflush mmx fxsr sse sse2 ht syscall nx mmxext fxsr_opt pdpe1gb rdtscp lm constant_tsc rep_good nopl nonstop_tsc extd_apicid aperfmperf pni pclmulqdq monitor ssse3 fma cx16 sse4_1 sse4_2 popcnt aes xsave avx f16c lahf_lm cmp_legacy svm extapic cr8_legacy abm sse4a misalignsse 3dnowprefetch osvw ibs xop skinit wdt lwp fma4 tce nodeid_msr tbm topoext perfctr_core arat cpb hw_pstate npt lbrv svm_lock nrip_save tsc_scale vmcb_clean flushbyasid decodeassists pausefilter pfthreshold bmi1
bogomips	: 8669.74
TLB size	: 1536 4K pages
clflush size	: 64
cache_alignment	: 64
address sizes	: 48 bits physical, 48 bits virtual
power management: ts ttp tm 100mhzsteps hwpstate cpb eff_freq_ro

processor	: 5
vendor_id	: AuthenticAMD
cpu family	: 21
model		: 2
model name	: AMD FX(tm)-8350 Eight-Core Processor           
stepping	: 0
microcode	: 0x600081f
cpu MHz		: 1400.000
cache size	: 2048 KB
physical id	: 0
siblings	: 8
core id		: 5
cpu cores	: 4
apicid		: 21
initial apicid	: 5
fpu		: yes
fpu_exception	: yes
cpuid level	: 13
wp		: yes
flags		: fpu vme de pse tsc msr pae mce cx8 apic sep mtrr pge mca cmov pat pse36 clflush mmx fxsr sse sse2 ht syscall nx mmxext fxsr_opt pdpe1gb rdtscp lm constant_tsc rep_good nopl nonstop_tsc extd_apicid aperfmperf pni pclmulqdq monitor ssse3 fma cx16 sse4_1 sse4_2 popcnt aes xsave avx f16c lahf_lm cmp_legacy svm extapic cr8_legacy abm sse4a misalignsse 3dnowprefetch osvw ibs xop skinit wdt lwp fma4 tce nodeid_msr tbm topoext perfctr_core arat cpb hw_pstate npt lbrv svm_lock nrip_save tsc_scale vmcb_clean flushbyasid decodeassists pausefilter pfthreshold bmi1
bogomips	: 8669.74
TLB size	: 1536 4K pages
clflush size	: 64
cache_alignment	: 64
address sizes	: 48 bits physical, 48 bits virtual
power management: ts ttp tm 100mhzsteps hwpstate cpb eff_freq_ro

processor	: 6
vendor_id	: AuthenticAMD
cpu family	: 21
model		: 2
model name	: AMD FX(tm)-8350 Eight-Core Processor           
stepping	: 0
microcode	: 0x600081f
cpu MHz		: 4000.000
cache size	: 2048 KB
physical id	: 0
siblings	: 8
core id		: 6
cpu cores	: 4
apicid		: 22
initial apicid	: 6
fpu		: yes
fpu_exception	: yes
cpuid level	: 13
wp		: yes
flags		: fpu vme de pse tsc msr pae mce cx8 apic sep mtrr pge mca cmov pat pse36 clflush mmx fxsr sse sse2 ht syscall nx mmxext fxsr_opt pdpe1gb rdtscp lm constant_tsc rep_good nopl nonstop_tsc extd_apicid aperfmperf pni pclmulqdq monitor ssse3 fma cx16 sse4_1 sse4_2 popcnt aes xsave avx f16c lahf_lm cmp_legacy svm extapic cr8_legacy abm sse4a misalignsse 3dnowprefetch osvw ibs xop skinit wdt lwp fma4 tce nodeid_msr tbm topoext perfctr_core arat cpb hw_pstate npt lbrv svm_lock nrip_save tsc_scale vmcb_clean flushbyasid decodeassists pausefilter pfthreshold bmi1
bogomips	: 8669.74
TLB size	: 1536 4K pages
clflush size	: 64
cache_alignment	: 64
address sizes	: 48 bits physical, 48 bits virtual
power management: ts ttp tm 100mhzsteps hwpstate cpb eff_freq_ro

processor	: 7
vendor_id	: AuthenticAMD
cpu family	: 21
model		: 2
model name	: AMD FX(tm)-8350 Eight-Core Processor           
stepping	: 0
microcode	: 0x600081f
cpu MHz		: 1400.000
cache size	: 2048 KB
physical id	: 0
siblings	: 8
core id		: 7
cpu cores	: 4
apicid		: 23
initial apicid	: 7
fpu		: yes
fpu_exception	: yes
cpuid level	: 13
wp		: yes
flags		: fpu vme de pse tsc msr pae mce cx8 apic sep mtrr pge mca cmov pat pse36 clflush mmx fxsr sse sse2 ht syscall nx mmxext fxsr_opt pdpe1gb rdtscp lm constant_tsc rep_good nopl nonstop_tsc extd_apicid aperfmperf pni pclmulqdq monitor ssse3 fma cx16 sse4_1 sse4_2 popcnt aes xsave avx f16c lahf_lm cmp_legacy svm extapic cr8_legacy abm sse4a misalignsse 3dnowprefetch osvw ibs xop skinit wdt lwp fma4 tce nodeid_msr tbm topoext perfctr_core arat cpb hw_pstate npt lbrv svm_lock nrip_save tsc_scale vmcb_clean flushbyasid decodeassists pausefilter pfthreshold bmi1
bogomips	: 8669.74
TLB size	: 1536 4K pages
clflush size	: 64
cache_alignment	: 64
address sizes	: 48 bits physical, 48 bits virtual
power management: ts ttp tm 100mhzsteps hwpstate cpb eff_freq_ro



Memory: 4k page, physical 16333552k(8497252k free), swap 8396796k(8396796k free)

vm_info: Java HotSpot(TM) 64-Bit Server VM (24.65-b04) for linux-amd64 JRE (1.7.0_65-b17), built on Jun 16 2014 20:55:34 by "java_re" with gcc 4.3.0 20080428 (Red Hat 4.3.0-8)

time: Mon Sep  1 14:04:20 2014
elapsed time: 1 seconds

