#
# A fatal error has been detected by the Java Runtime Environment:
#
#  SIGSEGV (0xb) at pc=0x00007f7ce9e35730, pid=6440, tid=140174497896192
#
# JRE version: Java(TM) SE Runtime Environment (7.0_65-b17) (build 1.7.0_65-b17)
# Java VM: Java HotSpot(TM) 64-Bit Server VM (24.65-b04 mixed mode linux-amd64 compressed oops)
# Problematic frame:
# V  [libjvm.so+0x655730]  jni_GetStringUTFChars+0xa0
#
# Failed to write core dump. Core dumps have been disabled. To enable core dumping, try "ulimit -c unlimited" before starting Java again
#
# If you would like to submit a bug report, please visit:
#   http://bugreport.sun.com/bugreport/crash.jsp
#

---------------  T H R E A D  ---------------

Current thread (0x00007f7ce400c000):  JavaThread "main" [_thread_in_vm, id=6444, stack(0x00007f7ceb175000,0x00007f7ceb276000)]

siginfo:si_signo=SIGSEGV: si_errno=0, si_code=1 (SEGV_MAPERR), si_addr=0x0000000000000000

Registers:
RAX=0x0000000000000000, RBX=0x0000000000000000, RCX=0x00007f7ce40081c0, RDX=0x00007f7cea62a360
RSP=0x00007f7ceb2746d0, RBP=0x00007f7ceb274730, RSI=0x0000000000000000, RDI=0x00007f7ce400c1e8
R8 =0x00007f7cea625d80, R9 =0x00007f7cea79fb10, R10=0x00007f7ce07b85cd, R11=0x00007f7cea092870
R12=0x0000000000000000, R13=0x00007f7ce400c000, R14=0x00007f7ceb2747f0, R15=0x0000000000000000
RIP=0x00007f7ce9e35730, EFLAGS=0x0000000000010246, CSGSFS=0x0000000000000033, ERR=0x0000000000000004
  TRAPNO=0x000000000000000e

Top of Stack: (sp=0x00007f7ceb2746d0)
0x00007f7ceb2746d0:   00007f7ce400c000 0000000000000000
0x00007f7ceb2746e0:   00000000000003d8 00007f7c00000000
0x00007f7ceb2746f0:   00007f7ce400c000 00007f7ce400cea8
0x00007f7ceb274700:   00007f7ce400c000 00007f7ce400c1e8
0x00007f7ceb274710:   0000000000000000 0000000701ca32e0
0x00007f7ceb274720:   00007f7ceb2747f0 00007f7ce400c000
0x00007f7ceb274730:   00007f7ceb2747d0 00007f7cd6f587b7
0x00007f7ceb274740:   0000000701ca32e0 0000000000000000
0x00007f7ceb274750:   0000000701ca32e0 00007f7ceb2747f0
0x00007f7ceb274760:   0000000701ca32e0 00007f7ceb2747d0
0x00007f7ceb274770:   0000000000000000 00007f7ce07b85f9
0x00007f7ceb274780:   00007f7ce400c000 00007f7cea0890ef
0x00007f7ceb274790:   00007f7ceb274790 0000000701ca32e0
0x00007f7ceb2747a0:   00007f7ceb2747f0 0000000701ca4118
0x00007f7ceb2747b0:   0000000000000000 0000000701ca32e0
0x00007f7ceb2747c0:   0000000000000000 00007f7ceb2747f0
0x00007f7ceb2747d0:   00007f7ceb274840 00007f7ce07a61f5
0x00007f7ceb2747e0:   00000007acee4a50 00007f7ce07b2f37
0x00007f7ceb2747f0:   0000000000000000 00000007ad4818e0
0x00007f7ceb274800:   00007f7ceb274800 0000000701ca23de
0x00007f7ceb274810:   00007f7ceb274858 0000000701ca4118
0x00007f7ceb274820:   0000000000000000 0000000701ca2408
0x00007f7ceb274830:   00007f7ceb2747f0 00007f7ceb274850
0x00007f7ceb274840:   00007f7ceb2748b0 00007f7ce07a60d8
0x00007f7ceb274850:   0000000000000000 00000007ad4818e0
0x00007f7ceb274860:   00000007ad4818e0 00000007aced55a0
0x00007f7ceb274870:   00007f7ceb274870 0000000701c6370a
0x00007f7ceb274880:   00007f7ceb2748d0 0000000701c64358
0x00007f7ceb274890:   0000000000000000 0000000701c63750
0x00007f7ceb2748a0:   00007f7ceb274850 00007f7ceb2748c8
0x00007f7ceb2748b0:   00007f7ceb274920 00007f7ce07a6961
0x00007f7ceb2748c0:   0000000000000000 00000007ad481590 

Instructions: (pc=0x00007f7ce9e35730)
0x00007f7ce9e35710:   4c 89 6d c0 4c 89 6d a0 48 c7 45 a8 00 00 00 00
0x00007f7ce9e35720:   49 83 7d 08 00 74 09 48 8d 7d a0 e8 e0 78 21 00
0x00007f7ce9e35730:   4c 8b 23 4c 89 e7 e8 65 db fa ff 48 63 f8 31 c9
0x00007f7ce9e35740:   31 d2 48 83 c7 01 89 c3 be 00 07 00 00 e8 8e 6a 

Register to memory mapping:

RAX=0x0000000000000000 is an unknown value
RBX=0x0000000000000000 is an unknown value
RCX=0x00007f7ce40081c0 is an unknown value
RDX=0x00007f7cea62a360: <offset 0xe4a360> in /usr/lib/jvm/java-7-oracle/jre/lib/amd64/server/libjvm.so at 0x00007f7ce97e0000
RSP=0x00007f7ceb2746d0 is pointing into the stack for thread: 0x00007f7ce400c000
RBP=0x00007f7ceb274730 is pointing into the stack for thread: 0x00007f7ce400c000
RSI=0x0000000000000000 is an unknown value
RDI=0x00007f7ce400c1e8 is an unknown value
R8 =0x00007f7cea625d80: <offset 0xe45d80> in /usr/lib/jvm/java-7-oracle/jre/lib/amd64/server/libjvm.so at 0x00007f7ce97e0000
R9 =0x00007f7cea79fb10: <offset 0x147b10> in /lib/x86_64-linux-gnu/libc.so.6 at 0x00007f7cea658000
R10=0x00007f7ce07b85cd is at code_begin+1197 in an Interpreter codelet
method entry point (kind = native)  [0x00007f7ce07b8120, 0x00007f7ce07b8f20]  3584 bytes
R11=0x00007f7cea092870: <offset 0x8b2870> in /usr/lib/jvm/java-7-oracle/jre/lib/amd64/server/libjvm.so at 0x00007f7ce97e0000
R12=0x0000000000000000 is an unknown value
R13=0x00007f7ce400c000 is a thread
R14=0x00007f7ceb2747f0 is pointing into the stack for thread: 0x00007f7ce400c000
R15=0x0000000000000000 is an unknown value


Stack: [0x00007f7ceb175000,0x00007f7ceb276000],  sp=0x00007f7ceb2746d0,  free space=1021k
Native frames: (J=compiled Java code, j=interpreted, Vv=VM code, C=native code)
V  [libjvm.so+0x655730]  jni_GetStringUTFChars+0xa0
C  [libopencv_java249.so+0x2307b7]  Java_org_opencv_highgui_VideoCapture_VideoCapture_11+0x27
j  org.opencv.highgui.VideoCapture.<init>(Ljava/lang/String;)V+6
j  balldetection.processors.VideoProvidorProcessor.process(Lorg/opencv/core/Mat;)Lorg/opencv/core/Mat;+26
j  balldetection.ImageProcessor.process()V+44
j  balldetection.Main.main([Ljava/lang/String;)V+155
v  ~StubRoutines::call_stub
V  [libjvm.so+0x5ffb65]  JavaCalls::call_helper(JavaValue*, methodHandle*, JavaCallArguments*, Thread*)+0x365
V  [libjvm.so+0x5fe5c8]  JavaCalls::call(JavaValue*, methodHandle, JavaCallArguments*, Thread*)+0x28
V  [libjvm.so+0x638309]  jni_invoke_static(JNIEnv_*, JavaValue*, _jobject*, JNICallType, _jmethodID*, JNI_ArgumentPusher*, Thread*)+0x219
V  [libjvm.so+0x640f22]  jni_CallStaticVoidMethod+0x162
C  [libjli.so+0x36d9]  JavaMain+0x7e9

Java frames: (J=compiled Java code, j=interpreted, Vv=VM code)
j  org.opencv.highgui.VideoCapture.VideoCapture_1(Ljava/lang/String;)J+0
j  org.opencv.highgui.VideoCapture.<init>(Ljava/lang/String;)V+6
j  balldetection.processors.VideoProvidorProcessor.process(Lorg/opencv/core/Mat;)Lorg/opencv/core/Mat;+26
j  balldetection.ImageProcessor.process()V+44
j  balldetection.Main.main([Ljava/lang/String;)V+155
v  ~StubRoutines::call_stub

---------------  P R O C E S S  ---------------

Java Threads: ( => current thread )
  0x00007f7c60003800 JavaThread "org.netbeans.modules.debugger.jpda.visual AWT Access Loop" daemon [_thread_blocked, id=6471, stack(0x00007f7ccf7e4000,0x00007f7ccf8e5000)]
  0x00007f7ce421d800 JavaThread "AWT-EventQueue-0" [_thread_in_native, id=6470, stack(0x00007f7ccf8e5000,0x00007f7ccf9e6000)]
  0x00007f7ce4219800 JavaThread "AWT-Shutdown" [_thread_blocked, id=6469, stack(0x00007f7ccf9e6000,0x00007f7ccfae7000)]
  0x00007f7ce41d9800 JavaThread "AWT-XAWT" daemon [_thread_blocked, id=6468, stack(0x00007f7ccfae7000,0x00007f7ccfbe8000)]
  0x00007f7ce41b7000 JavaThread "Java2D Disposer" daemon [_thread_blocked, id=6467, stack(0x00007f7cd406f000,0x00007f7cd4170000)]
  0x00007f7ce40b1000 JavaThread "Service Thread" daemon [_thread_blocked, id=6465, stack(0x00007f7cdc022000,0x00007f7cdc123000)]
  0x00007f7ce40ae800 JavaThread "C2 CompilerThread1" daemon [_thread_blocked, id=6464, stack(0x00007f7cdc123000,0x00007f7cdc224000)]
  0x00007f7ce40ac000 JavaThread "C2 CompilerThread0" daemon [_thread_blocked, id=6463, stack(0x00007f7cdc224000,0x00007f7cdc325000)]
  0x00007f7c88001000 JavaThread "JDWP Command Reader" daemon [_thread_in_native, id=6461, stack(0x00007f7cdc325000,0x00007f7cdc426000)]
  0x00007f7ce40a9800 JavaThread "JDWP Event Helper Thread" daemon [_thread_blocked, id=6459, stack(0x00007f7cdc426000,0x00007f7cdc527000)]
  0x00007f7ce40a6000 JavaThread "JDWP Transport Listener: dt_socket" daemon [_thread_blocked, id=6457, stack(0x00007f7cdc527000,0x00007f7cdc628000)]
  0x00007f7ce4099800 JavaThread "Signal Dispatcher" daemon [_thread_blocked, id=6456, stack(0x00007f7cdc832000,0x00007f7cdc933000)]
  0x00007f7ce407b000 JavaThread "Finalizer" daemon [_thread_blocked, id=6455, stack(0x00007f7cdc933000,0x00007f7cdca34000)]
  0x00007f7ce4079000 JavaThread "Reference Handler" daemon [_thread_blocked, id=6454, stack(0x00007f7cdca34000,0x00007f7cdcb35000)]
=>0x00007f7ce400c000 JavaThread "main" [_thread_in_vm, id=6444, stack(0x00007f7ceb175000,0x00007f7ceb276000)]

Other Threads:
  0x00007f7ce4074800 VMThread [stack: 0x00007f7cdcb35000,0x00007f7cdcc36000] [id=6453]
  0x00007f7ce40bc000 WatcherThread [stack: 0x00007f7cd7eff000,0x00007f7cd8000000] [id=6466]

VM state:not at safepoint (normal execution)

VM Mutex/Monitor currently owned by a thread: None

Heap
 PSYoungGen      total 75264K, used 9104K [0x00000007ace80000, 0x00000007b2200000, 0x0000000800000000)
  eden space 65024K, 14% used [0x00000007ace80000,0x00000007ad7640c0,0x00000007b0e00000)
  from space 10240K, 0% used [0x00000007b1800000,0x00000007b1800000,0x00000007b2200000)
  to   space 10240K, 0% used [0x00000007b0e00000,0x00000007b0e00000,0x00000007b1800000)
 ParOldGen       total 169984K, used 0K [0x0000000706c00000, 0x0000000711200000, 0x00000007ace80000)
  object space 169984K, 0% used [0x0000000706c00000,0x0000000706c00000,0x0000000711200000)
 PSPermGen       total 21504K, used 7942K [0x0000000701a00000, 0x0000000702f00000, 0x0000000706c00000)
  object space 21504K, 36% used [0x0000000701a00000,0x00000007021c1b48,0x0000000702f00000)

Card table byte_map: [0x00007f7cdffac000,0x00007f7ce07a0000] byte_map_base: 0x00007f7cdc79f000

Polling page: 0x00007f7ceb174000

Code Cache  [0x00007f7ce07a0000, 0x00007f7ce0a10000, 0x00007f7ce37a0000)
 total_blobs=390 nmethods=12 adapters=341 free_code_cache=48650Kb largest_free_block=49802304

Compilation events (10 events):
Event: 0.627 Thread 0x00007f7ce40ae800 nmethod 6 0x00007f7ce0817dd0 code [0x00007f7ce0817f00, 0x00007f7ce0817f58]
Event: 0.647 Thread 0x00007f7ce40ac000    7             sun.util.logging.PlatformLogger$Level::intValue (9 bytes)
Event: 0.648 Thread 0x00007f7ce40ac000 nmethod 7 0x00007f7ce0817b90 code [0x00007f7ce0817cc0, 0x00007f7ce0817d58]
Event: 0.856 Thread 0x00007f7ce40ae800    9             java.util.concurrent.locks.AbstractQueuedSynchronizer::getState (5 bytes)
Event: 0.856 Thread 0x00007f7ce40ae800 nmethod 9 0x00007f7ce0817790 code [0x00007f7ce08178c0, 0x00007f7ce0817918]
Event: 0.863 Thread 0x00007f7ce40ac000   10             java.util.concurrent.locks.AbstractOwnableSynchronizer::getExclusiveOwnerThread (5 bytes)
Event: 0.864 Thread 0x00007f7ce40ac000 nmethod 10 0x00007f7ce081d6d0 code [0x00007f7ce081d800, 0x00007f7ce081d878]
Event: 0.866 Thread 0x00007f7ce40ae800   11             java.util.concurrent.locks.AbstractQueuedSynchronizer::setState (6 bytes)
Event: 0.867 Thread 0x00007f7ce40ae800 nmethod 11 0x00007f7ce081ac90 code [0x00007f7ce081adc0, 0x00007f7ce081ae18]
Event: 0.973 Thread 0x00007f7ce40ac000   12             java.lang.String::indexOf (166 bytes)

GC Heap History (0 events):
No events

Deoptimization events (0 events):
No events

Internal exceptions (10 events):
Event: 0.184 Thread 0x00007f7ce400c000 Threw 0x00000007acf0a6f0 at /HUDSON/workspace/7u-2-build-linux-amd64/jdk7u65/1224/hotspot/src/share/vm/prims/jvm.cpp:1244
Event: 0.570 Thread 0x00007f7ce400c000 Threw 0x00000007ad3eab10 at /HUDSON/workspace/7u-2-build-linux-amd64/jdk7u65/1224/hotspot/src/share/vm/prims/jvm.cpp:1244
Event: 0.570 Thread 0x00007f7ce400c000 Threw 0x00000007ad3ecb00 at /HUDSON/workspace/7u-2-build-linux-amd64/jdk7u65/1224/hotspot/src/share/vm/prims/jvm.cpp:1244
Event: 0.571 Thread 0x00007f7ce400c000 Threw 0x00000007ad3ee980 at /HUDSON/workspace/7u-2-build-linux-amd64/jdk7u65/1224/hotspot/src/share/vm/prims/jvm.cpp:1244
Event: 0.571 Thread 0x00007f7ce400c000 Threw 0x00000007ad3f2b28 at /HUDSON/workspace/7u-2-build-linux-amd64/jdk7u65/1224/hotspot/src/share/vm/prims/jvm.cpp:1244
Event: 0.572 Thread 0x00007f7ce400c000 Threw 0x00000007ad3f4aa0 at /HUDSON/workspace/7u-2-build-linux-amd64/jdk7u65/1224/hotspot/src/share/vm/prims/jvm.cpp:1244
Event: 0.572 Thread 0x00007f7ce400c000 Threw 0x00000007ad3f6850 at /HUDSON/workspace/7u-2-build-linux-amd64/jdk7u65/1224/hotspot/src/share/vm/prims/jvm.cpp:1244
Event: 0.987 Thread 0x00007f7ce421d800 Threw 0x00000007ad4ec938 at /HUDSON/workspace/7u-2-build-linux-amd64/jdk7u65/1224/hotspot/src/share/vm/prims/jvm.cpp:1244
Event: 0.987 Thread 0x00007f7ce421d800 Threw 0x00000007ad4ecb60 at /HUDSON/workspace/7u-2-build-linux-amd64/jdk7u65/1224/hotspot/src/share/vm/prims/jvm.cpp:1244
Event: 0.988 Thread 0x00007f7ce400c000 Threw 0x00000007ad47f368 at /HUDSON/workspace/7u-2-build-linux-amd64/jdk7u65/1224/hotspot/src/share/vm/prims/jvm.cpp:1244

Events (10 events):
Event: 0.986 loading class 0x00007f7cdeb09e20
Event: 0.986 loading class 0x00007f7cdeb09e20 done
Event: 0.986 loading class 0x00007f7cdeb4e740
Event: 0.986 loading class 0x00007f7cdeb4e740 done
Event: 0.986 loading class 0x00007f7cdeb43500
Event: 0.986 loading class 0x00007f7cdeb43500 done
Event: 0.986 loading class 0x00007f7cdeb0a530
Event: 0.986 loading class 0x00007f7cdeb0a530 done
Event: 0.987 loading class 0x00007f7ce40c5510
Event: 0.987 loading class 0x00007f7ce40c5510 done


Dynamic libraries:
00400000-00401000 r-xp 00000000 08:02 8391584                            /usr/lib/jvm/java-7-oracle/bin/java
00600000-00601000 rw-p 00000000 08:02 8391584                            /usr/lib/jvm/java-7-oracle/bin/java
02498000-024b9000 rw-p 00000000 00:00 0                                  [heap]
701a00000-702f00000 rw-p 00000000 00:00 0 
702f00000-706c00000 rw-p 00000000 00:00 0 
706c00000-711200000 rw-p 00000000 00:00 0 
711200000-7ace80000 rw-p 00000000 00:00 0 
7ace80000-7b2200000 rw-p 00000000 00:00 0 
7b2200000-800000000 rw-p 00000000 00:00 0 
7f7c54000000-7f7c54021000 rw-p 00000000 00:00 0 
7f7c54021000-7f7c58000000 ---p 00000000 00:00 0 
7f7c5c000000-7f7c5c021000 rw-p 00000000 00:00 0 
7f7c5c021000-7f7c60000000 ---p 00000000 00:00 0 
7f7c60000000-7f7c6009c000 rw-p 00000000 00:00 0 
7f7c6009c000-7f7c64000000 ---p 00000000 00:00 0 
7f7c64000000-7f7c64021000 rw-p 00000000 00:00 0 
7f7c64021000-7f7c68000000 ---p 00000000 00:00 0 
7f7c68000000-7f7c68027000 rw-p 00000000 00:00 0 
7f7c68027000-7f7c6c000000 ---p 00000000 00:00 0 
7f7c6c000000-7f7c6c021000 rw-p 00000000 00:00 0 
7f7c6c021000-7f7c70000000 ---p 00000000 00:00 0 
7f7c70000000-7f7c70021000 rw-p 00000000 00:00 0 
7f7c70021000-7f7c74000000 ---p 00000000 00:00 0 
7f7c74000000-7f7c7415d000 rw-p 00000000 00:00 0 
7f7c7415d000-7f7c78000000 ---p 00000000 00:00 0 
7f7c78000000-7f7c78021000 rw-p 00000000 00:00 0 
7f7c78021000-7f7c7c000000 ---p 00000000 00:00 0 
7f7c7c000000-7f7c7c021000 rw-p 00000000 00:00 0 
7f7c7c021000-7f7c80000000 ---p 00000000 00:00 0 
7f7c80000000-7f7c80021000 rw-p 00000000 00:00 0 
7f7c80021000-7f7c84000000 ---p 00000000 00:00 0 
7f7c84000000-7f7c84021000 rw-p 00000000 00:00 0 
7f7c84021000-7f7c88000000 ---p 00000000 00:00 0 
7f7c88000000-7f7c88042000 rw-p 00000000 00:00 0 
7f7c88042000-7f7c8c000000 ---p 00000000 00:00 0 
7f7c8c000000-7f7c8c021000 rw-p 00000000 00:00 0 
7f7c8c021000-7f7c90000000 ---p 00000000 00:00 0 
7f7c90000000-7f7c90021000 rw-p 00000000 00:00 0 
7f7c90021000-7f7c94000000 ---p 00000000 00:00 0 
7f7c94000000-7f7c94021000 rw-p 00000000 00:00 0 
7f7c94021000-7f7c98000000 ---p 00000000 00:00 0 
7f7c980d0000-7f7ca0000000 rw-p 00000000 00:00 0 
7f7ca0000000-7f7ca0021000 rw-p 00000000 00:00 0 
7f7ca0021000-7f7ca4000000 ---p 00000000 00:00 0 
7f7ca8000000-7f7ca8021000 rw-p 00000000 00:00 0 
7f7ca8021000-7f7cac000000 ---p 00000000 00:00 0 
7f7cb0000000-7f7cb0021000 rw-p 00000000 00:00 0 
7f7cb0021000-7f7cb4000000 ---p 00000000 00:00 0 
7f7cb8000000-7f7cb8021000 rw-p 00000000 00:00 0 
7f7cb8021000-7f7cbc000000 ---p 00000000 00:00 0 
7f7cc0000000-7f7cc0021000 rw-p 00000000 00:00 0 
7f7cc0021000-7f7cc4000000 ---p 00000000 00:00 0 
7f7cc8000000-7f7cc8021000 rw-p 00000000 00:00 0 
7f7cc8021000-7f7ccc000000 ---p 00000000 00:00 0 
7f7ccf54c000-7f7ccf6b8000 rw-p 00000000 00:00 0 
7f7ccf6b8000-7f7ccf7e4000 rw-s 00000000 00:04 10453007                   /SYSV00000000 (deleted)
7f7ccf7e4000-7f7ccf7e7000 ---p 00000000 00:00 0 
7f7ccf7e7000-7f7ccf8e5000 rw-p 00000000 00:00 0                          [stack:6471]
7f7ccf8e5000-7f7ccf8e8000 ---p 00000000 00:00 0 
7f7ccf8e8000-7f7ccf9e6000 rw-p 00000000 00:00 0                          [stack:6470]
7f7ccf9e6000-7f7ccf9e9000 ---p 00000000 00:00 0 
7f7ccf9e9000-7f7ccfae7000 rw-p 00000000 00:00 0                          [stack:6469]
7f7ccfae7000-7f7ccfaea000 ---p 00000000 00:00 0 
7f7ccfaea000-7f7ccfbe8000 rw-p 00000000 00:00 0                          [stack:6468]
7f7ccfbe8000-7f7ccfbed000 r-xp 00000000 08:02 4982906                    /usr/lib/x86_64-linux-gnu/libXfixes.so.3.1.0
7f7ccfbed000-7f7ccfdec000 ---p 00005000 08:02 4982906                    /usr/lib/x86_64-linux-gnu/libXfixes.so.3.1.0
7f7ccfdec000-7f7ccfded000 r--p 00004000 08:02 4982906                    /usr/lib/x86_64-linux-gnu/libXfixes.so.3.1.0
7f7ccfded000-7f7ccfdee000 rw-p 00005000 08:02 4982906                    /usr/lib/x86_64-linux-gnu/libXfixes.so.3.1.0
7f7ccfdf0000-7f7ccfdf9000 r-xp 00000000 08:02 4988146                    /usr/lib/x86_64-linux-gnu/libXcursor.so.1.0.2
7f7ccfdf9000-7f7ccfff8000 ---p 00009000 08:02 4988146                    /usr/lib/x86_64-linux-gnu/libXcursor.so.1.0.2
7f7ccfff8000-7f7ccfff9000 r--p 00008000 08:02 4988146                    /usr/lib/x86_64-linux-gnu/libXcursor.so.1.0.2
7f7ccfff9000-7f7ccfffa000 rw-p 00009000 08:02 4988146                    /usr/lib/x86_64-linux-gnu/libXcursor.so.1.0.2
7f7cd0000000-7f7cd0021000 rw-p 00000000 00:00 0 
7f7cd0021000-7f7cd4000000 ---p 00000000 00:00 0 
7f7cd406f000-7f7cd4072000 ---p 00000000 00:00 0 
7f7cd4072000-7f7cd4170000 rw-p 00000000 00:00 0                          [stack:6467]
7f7cd4170000-7f7cd4175000 r-xp 00000000 08:02 4988150                    /usr/lib/x86_64-linux-gnu/libXdmcp.so.6.0.0
7f7cd4175000-7f7cd4374000 ---p 00005000 08:02 4988150                    /usr/lib/x86_64-linux-gnu/libXdmcp.so.6.0.0
7f7cd4374000-7f7cd4375000 r--p 00004000 08:02 4988150                    /usr/lib/x86_64-linux-gnu/libXdmcp.so.6.0.0
7f7cd4375000-7f7cd4376000 rw-p 00005000 08:02 4988150                    /usr/lib/x86_64-linux-gnu/libXdmcp.so.6.0.0
7f7cd4378000-7f7cd437a000 r-xp 00000000 08:02 4988139                    /usr/lib/x86_64-linux-gnu/libXau.so.6.0.0
7f7cd437a000-7f7cd4579000 ---p 00002000 08:02 4988139                    /usr/lib/x86_64-linux-gnu/libXau.so.6.0.0
7f7cd4579000-7f7cd457a000 r--p 00001000 08:02 4988139                    /usr/lib/x86_64-linux-gnu/libXau.so.6.0.0
7f7cd457a000-7f7cd457b000 rw-p 00002000 08:02 4988139                    /usr/lib/x86_64-linux-gnu/libXau.so.6.0.0
7f7cd4580000-7f7cd459d000 r-xp 00000000 08:02 4988746                    /usr/lib/x86_64-linux-gnu/libxcb.so.1.1.0
7f7cd459d000-7f7cd479c000 ---p 0001d000 08:02 4988746                    /usr/lib/x86_64-linux-gnu/libxcb.so.1.1.0
7f7cd479c000-7f7cd479d000 r--p 0001c000 08:02 4988746                    /usr/lib/x86_64-linux-gnu/libxcb.so.1.1.0
7f7cd479d000-7f7cd479e000 rw-p 0001d000 08:02 4988746                    /usr/lib/x86_64-linux-gnu/libxcb.so.1.1.0
7f7cd47a0000-7f7cd47af000 r-xp 00000000 08:02 4982908                    /usr/lib/x86_64-linux-gnu/libXi.so.6.1.0
7f7cd47af000-7f7cd49ae000 ---p 0000f000 08:02 4982908                    /usr/lib/x86_64-linux-gnu/libXi.so.6.1.0
7f7cd49ae000-7f7cd49af000 r--p 0000e000 08:02 4982908                    /usr/lib/x86_64-linux-gnu/libXi.so.6.1.0
7f7cd49af000-7f7cd49b0000 rw-p 0000f000 08:02 4982908                    /usr/lib/x86_64-linux-gnu/libXi.so.6.1.0
7f7cd49b0000-7f7cd49b5000 r-xp 00000000 08:02 4988178                    /usr/lib/x86_64-linux-gnu/libXtst.so.6.1.0
7f7cd49b5000-7f7cd4bb4000 ---p 00005000 08:02 4988178                    /usr/lib/x86_64-linux-gnu/libXtst.so.6.1.0
7f7cd4bb4000-7f7cd4bb5000 r--p 00004000 08:02 4988178                    /usr/lib/x86_64-linux-gnu/libXtst.so.6.1.0
7f7cd4bb5000-7f7cd4bb6000 rw-p 00005000 08:02 4988178                    /usr/lib/x86_64-linux-gnu/libXtst.so.6.1.0
7f7cd4bb8000-7f7cd4bc1000 r-xp 00000000 08:02 4988174                    /usr/lib/x86_64-linux-gnu/libXrender.so.1.3.0
7f7cd4bc1000-7f7cd4dc0000 ---p 00009000 08:02 4988174                    /usr/lib/x86_64-linux-gnu/libXrender.so.1.3.0
7f7cd4dc0000-7f7cd4dc1000 r--p 00008000 08:02 4988174                    /usr/lib/x86_64-linux-gnu/libXrender.so.1.3.0
7f7cd4dc1000-7f7cd4dc2000 rw-p 00009000 08:02 4988174                    /usr/lib/x86_64-linux-gnu/libXrender.so.1.3.0
7f7cd4dc8000-7f7cd4ef8000 r-xp 00000000 08:02 4982903                    /usr/lib/x86_64-linux-gnu/libX11.so.6.3.0
7f7cd4ef8000-7f7cd50f8000 ---p 00130000 08:02 4982903                    /usr/lib/x86_64-linux-gnu/libX11.so.6.3.0
7f7cd50f8000-7f7cd50f9000 r--p 00130000 08:02 4982903                    /usr/lib/x86_64-linux-gnu/libX11.so.6.3.0
7f7cd50f9000-7f7cd50fd000 rw-p 00131000 08:02 4982903                    /usr/lib/x86_64-linux-gnu/libX11.so.6.3.0
7f7cd5100000-7f7cd5110000 r-xp 00000000 08:02 4988152                    /usr/lib/x86_64-linux-gnu/libXext.so.6.4.0
7f7cd5110000-7f7cd530f000 ---p 00010000 08:02 4988152                    /usr/lib/x86_64-linux-gnu/libXext.so.6.4.0
7f7cd530f000-7f7cd5310000 r--p 0000f000 08:02 4988152                    /usr/lib/x86_64-linux-gnu/libXext.so.6.4.0
7f7cd5310000-7f7cd5311000 rw-p 00010000 08:02 4988152                    /usr/lib/x86_64-linux-gnu/libXext.so.6.4.0
7f7cd5338000-7f7cd5388000 r-xp 00000000 08:02 8391396                    /usr/lib/jvm/java-7-oracle/jre/lib/amd64/xawt/libmawt.so
7f7cd5388000-7f7cd5588000 ---p 00050000 08:02 8391396                    /usr/lib/jvm/java-7-oracle/jre/lib/amd64/xawt/libmawt.so
7f7cd5588000-7f7cd558c000 rw-p 00050000 08:02 8391396                    /usr/lib/jvm/java-7-oracle/jre/lib/amd64/xawt/libmawt.so
7f7cd558c000-7f7cd558d000 rw-p 00000000 00:00 0 
7f7cd5590000-7f7cd5632000 r-xp 00000000 08:02 8391399                    /usr/lib/jvm/java-7-oracle/jre/lib/amd64/libawt.so
7f7cd5632000-7f7cd5832000 ---p 000a2000 08:02 8391399                    /usr/lib/jvm/java-7-oracle/jre/lib/amd64/libawt.so
7f7cd5832000-7f7cd583e000 rw-p 000a2000 08:02 8391399                    /usr/lib/jvm/java-7-oracle/jre/lib/amd64/libawt.so
7f7cd583e000-7f7cd5862000 rw-p 00000000 00:00 0 
7f7cd5868000-7f7cd5889000 r-xp 00000000 08:02 4988711                    /usr/lib/x86_64-linux-gnu/libv4lconvert.so.0
7f7cd5889000-7f7cd5a88000 ---p 00021000 08:02 4988711                    /usr/lib/x86_64-linux-gnu/libv4lconvert.so.0
7f7cd5a88000-7f7cd5a8a000 r--p 00020000 08:02 4988711                    /usr/lib/x86_64-linux-gnu/libv4lconvert.so.0
7f7cd5a8a000-7f7cd5a8b000 rw-p 00022000 08:02 4988711                    /usr/lib/x86_64-linux-gnu/libv4lconvert.so.0
7f7cd5a8b000-7f7cd5add000 rw-p 00000000 00:00 0 
7f7cd5ae0000-7f7cd5ae8000 r-xp 00000000 08:02 4988710                    /usr/lib/x86_64-linux-gnu/libv4l2.so.0
7f7cd5ae8000-7f7cd5ce7000 ---p 00008000 08:02 4988710                    /usr/lib/x86_64-linux-gnu/libv4l2.so.0
7f7cd5ce7000-7f7cd5ce8000 r--p 00007000 08:02 4988710                    /usr/lib/x86_64-linux-gnu/libv4l2.so.0
7f7cd5ce8000-7f7cd5cec000 rw-p 00008000 08:02 4988710                    /usr/lib/x86_64-linux-gnu/libv4l2.so.0
7f7cd5cf0000-7f7cd5d05000 r-xp 00000000 08:02 6819542                    /lib/x86_64-linux-gnu/libgcc_s.so.1
7f7cd5d05000-7f7cd5f04000 ---p 00015000 08:02 6819542                    /lib/x86_64-linux-gnu/libgcc_s.so.1
7f7cd5f04000-7f7cd5f05000 r--p 00014000 08:02 6819542                    /lib/x86_64-linux-gnu/libgcc_s.so.1
7f7cd5f05000-7f7cd5f06000 rw-p 00015000 08:02 6819542                    /lib/x86_64-linux-gnu/libgcc_s.so.1
7f7cd5f08000-7f7cd5f1e000 r-xp 00000000 08:02 6819632                    /lib/x86_64-linux-gnu/libz.so.1.2.3.4
7f7cd5f1e000-7f7cd611d000 ---p 00016000 08:02 6819632                    /lib/x86_64-linux-gnu/libz.so.1.2.3.4
7f7cd611d000-7f7cd611e000 r--p 00015000 08:02 6819632                    /lib/x86_64-linux-gnu/libz.so.1.2.3.4
7f7cd611e000-7f7cd611f000 rw-p 00016000 08:02 6819632                    /lib/x86_64-linux-gnu/libz.so.1.2.3.4
7f7cd6120000-7f7cd6125000 r-xp 00000000 08:02 4988709                    /usr/lib/x86_64-linux-gnu/libv4l1.so.0
7f7cd6125000-7f7cd6324000 ---p 00005000 08:02 4988709                    /usr/lib/x86_64-linux-gnu/libv4l1.so.0
7f7cd6324000-7f7cd6325000 r--p 00004000 08:02 4988709                    /usr/lib/x86_64-linux-gnu/libv4l1.so.0
7f7cd6325000-7f7cd6326000 rw-p 00005000 08:02 4988709                    /usr/lib/x86_64-linux-gnu/libv4l1.so.0
7f7cd6328000-7f7cd6389000 r-xp 00000000 08:02 4991012                    /usr/lib/x86_64-linux-gnu/libtiff.so.4.3.4
7f7cd6389000-7f7cd6589000 ---p 00061000 08:02 4991012                    /usr/lib/x86_64-linux-gnu/libtiff.so.4.3.4
7f7cd6589000-7f7cd658b000 r--p 00061000 08:02 4991012                    /usr/lib/x86_64-linux-gnu/libtiff.so.4.3.4
7f7cd658b000-7f7cd658c000 rw-p 00063000 08:02 4991012                    /usr/lib/x86_64-linux-gnu/libtiff.so.4.3.4
7f7cd6590000-7f7cd65b6000 r-xp 00000000 08:02 6819598                    /lib/x86_64-linux-gnu/libpng12.so.0.46.0
7f7cd65b6000-7f7cd67b6000 ---p 00026000 08:02 6819598                    /lib/x86_64-linux-gnu/libpng12.so.0.46.0
7f7cd67b6000-7f7cd67b7000 r--p 00026000 08:02 6819598                    /lib/x86_64-linux-gnu/libpng12.so.0.46.0
7f7cd67b7000-7f7cd67b8000 rw-p 00027000 08:02 6819598                    /lib/x86_64-linux-gnu/libpng12.so.0.46.0
7f7cd67b8000-7f7cd67f7000 r-xp 00000000 08:02 4987524                    /usr/lib/x86_64-linux-gnu/libjpeg.so.8.0.2
7f7cd67f7000-7f7cd69f6000 ---p 0003f000 08:02 4987524                    /usr/lib/x86_64-linux-gnu/libjpeg.so.8.0.2
7f7cd69f6000-7f7cd69f7000 r--p 0003e000 08:02 4987524                    /usr/lib/x86_64-linux-gnu/libjpeg.so.8.0.2
7f7cd69f7000-7f7cd69f8000 rw-p 0003f000 08:02 4987524                    /usr/lib/x86_64-linux-gnu/libjpeg.so.8.0.2
7f7cd69f8000-7f7cd6a08000 rw-p 00000000 00:00 0 
7f7cd6a08000-7f7cd6aea000 r-xp 00000000 08:02 4988682                    /usr/lib/x86_64-linux-gnu/libstdc++.so.6.0.16
7f7cd6aea000-7f7cd6ce9000 ---p 000e2000 08:02 4988682                    /usr/lib/x86_64-linux-gnu/libstdc++.so.6.0.16
7f7cd6ce9000-7f7cd6cf1000 r--p 000e1000 08:02 4988682                    /usr/lib/x86_64-linux-gnu/libstdc++.so.6.0.16
7f7cd6cf1000-7f7cd6cf3000 rw-p 000e9000 08:02 4988682                    /usr/lib/x86_64-linux-gnu/libstdc++.so.6.0.16
7f7cd6cf3000-7f7cd6d08000 rw-p 00000000 00:00 0 
7f7cd6d28000-7f7cd7c1c000 r-xp 00000000 08:02 10095302                   /usr/local/share/OpenCV/java/libopencv_java249.so
7f7cd7c1c000-7f7cd7e1c000 ---p 00ef4000 08:02 10095302                   /usr/local/share/OpenCV/java/libopencv_java249.so
7f7cd7e1c000-7f7cd7e40000 r--p 00ef4000 08:02 10095302                   /usr/local/share/OpenCV/java/libopencv_java249.so
7f7cd7e40000-7f7cd7e58000 rw-p 00f18000 08:02 10095302                   /usr/local/share/OpenCV/java/libopencv_java249.so
7f7cd7e58000-7f7cd7efb000 rw-p 00000000 00:00 0 
7f7cd7eff000-7f7cd7f00000 ---p 00000000 00:00 0 
7f7cd7f00000-7f7cd8000000 rw-p 00000000 00:00 0                          [stack:6466]
7f7cd8000000-7f7cd8021000 rw-p 00000000 00:00 0 
7f7cd8021000-7f7cdc000000 ---p 00000000 00:00 0 
7f7cdc008000-7f7cdc00f000 r--s 00000000 08:02 5250113                    /usr/lib/x86_64-linux-gnu/gconv/gconv-modules.cache
7f7cdc011000-7f7cdc015000 r--s 00069000 08:02 3278518                    /home/gregor/.m2/repository/opencv/opencv/1/opencv-1.jar
7f7cdc01c000-7f7cdc01e000 r--s 00024000 08:02 3278315                    /home/gregor/.m2/repository/org/scream3r/jssc/2.8.0/jssc-2.8.0.jar
7f7cdc022000-7f7cdc025000 ---p 00000000 00:00 0 
7f7cdc025000-7f7cdc123000 rw-p 00000000 00:00 0                          [stack:6465]
7f7cdc123000-7f7cdc126000 ---p 00000000 00:00 0 
7f7cdc126000-7f7cdc224000 rw-p 00000000 00:00 0                          [stack:6464]
7f7cdc224000-7f7cdc227000 ---p 00000000 00:00 0 
7f7cdc227000-7f7cdc325000 rw-p 00000000 00:00 0                          [stack:6463]
7f7cdc325000-7f7cdc328000 ---p 00000000 00:00 0 
7f7cdc328000-7f7cdc426000 rw-p 00000000 00:00 0                          [stack:6461]
7f7cdc426000-7f7cdc429000 ---p 00000000 00:00 0 
7f7cdc429000-7f7cdc527000 rw-p 00000000 00:00 0                          [stack:6459]
7f7cdc527000-7f7cdc52a000 ---p 00000000 00:00 0 
7f7cdc52a000-7f7cdc628000 rw-p 00000000 00:00 0                          [stack:6457]
7f7cdc628000-7f7cdc62c000 r-xp 00000000 08:02 8391393                    /usr/lib/jvm/java-7-oracle/jre/lib/amd64/libdt_socket.so
7f7cdc62c000-7f7cdc82b000 ---p 00004000 08:02 8391393                    /usr/lib/jvm/java-7-oracle/jre/lib/amd64/libdt_socket.so
7f7cdc82b000-7f7cdc82c000 rw-p 00003000 08:02 8391393                    /usr/lib/jvm/java-7-oracle/jre/lib/amd64/libdt_socket.so
7f7cdc832000-7f7cdc835000 ---p 00000000 00:00 0 
7f7cdc835000-7f7cdc933000 rw-p 00000000 00:00 0                          [stack:6456]
7f7cdc933000-7f7cdc936000 ---p 00000000 00:00 0 
7f7cdc936000-7f7cdca34000 rw-p 00000000 00:00 0                          [stack:6455]
7f7cdca34000-7f7cdca37000 ---p 00000000 00:00 0 
7f7cdca37000-7f7cdcb35000 rw-p 00000000 00:00 0                          [stack:6454]
7f7cdcb35000-7f7cdcb36000 ---p 00000000 00:00 0 
7f7cdcb36000-7f7cde8c5000 rw-p 00000000 00:00 0                          [stack:6453]
7f7cde8c5000-7f7cdea84000 r--s 039e5000 08:02 8390889                    /usr/lib/jvm/java-7-oracle/jre/lib/rt.jar
7f7cdea87000-7f7cdf373000 rw-p 00000000 00:00 0 
7f7cdf373000-7f7cdf374000 ---p 00000000 00:00 0 
7f7cdf374000-7f7cdf474000 rw-p 00000000 00:00 0                          [stack:6452]
7f7cdf474000-7f7cdf475000 ---p 00000000 00:00 0 
7f7cdf475000-7f7cdf575000 rw-p 00000000 00:00 0                          [stack:6451]
7f7cdf575000-7f7cdf576000 ---p 00000000 00:00 0 
7f7cdf576000-7f7cdf676000 rw-p 00000000 00:00 0                          [stack:6450]
7f7cdf676000-7f7cdf677000 ---p 00000000 00:00 0 
7f7cdf677000-7f7cdf777000 rw-p 00000000 00:00 0                          [stack:6449]
7f7cdf777000-7f7cdf778000 ---p 00000000 00:00 0 
7f7cdf778000-7f7cdf878000 rw-p 00000000 00:00 0                          [stack:6448]
7f7cdf878000-7f7cdf879000 ---p 00000000 00:00 0 
7f7cdf879000-7f7cdf979000 rw-p 00000000 00:00 0                          [stack:6447]
7f7cdf979000-7f7cdf97a000 ---p 00000000 00:00 0 
7f7cdf97a000-7f7cdfacd000 rw-p 00000000 00:00 0                          [stack:6446]
7f7cdfacd000-7f7cdffac000 rw-p 00000000 00:00 0 
7f7cdffac000-7f7cdffb7000 rw-p 00000000 00:00 0 
7f7cdffb7000-7f7cdffd5000 rw-p 00000000 00:00 0 
7f7cdffd5000-7f7ce0028000 rw-p 00000000 00:00 0 
7f7ce0028000-7f7ce0506000 rw-p 00000000 00:00 0 
7f7ce0506000-7f7ce0530000 rw-p 00000000 00:00 0 
7f7ce0530000-7f7ce079f000 rw-p 00000000 00:00 0 
7f7ce079f000-7f7ce07a0000 rw-p 00000000 00:00 0 
7f7ce07a0000-7f7ce0a10000 rwxp 00000000 00:00 0 
7f7ce0a10000-7f7ce37a0000 rw-p 00000000 00:00 0 
7f7ce37a0000-7f7ce37ba000 r-xp 00000000 08:02 8391417                    /usr/lib/jvm/java-7-oracle/jre/lib/amd64/libzip.so
7f7ce37ba000-7f7ce39ba000 ---p 0001a000 08:02 8391417                    /usr/lib/jvm/java-7-oracle/jre/lib/amd64/libzip.so
7f7ce39ba000-7f7ce39bb000 rw-p 0001a000 08:02 8391417                    /usr/lib/jvm/java-7-oracle/jre/lib/amd64/libzip.so
7f7ce39c0000-7f7ce39cc000 r-xp 00000000 08:02 6815859                    /lib/x86_64-linux-gnu/libnss_files-2.15.so
7f7ce39cc000-7f7ce3bcb000 ---p 0000c000 08:02 6815859                    /lib/x86_64-linux-gnu/libnss_files-2.15.so
7f7ce3bcb000-7f7ce3bcc000 r--p 0000b000 08:02 6815859                    /lib/x86_64-linux-gnu/libnss_files-2.15.so
7f7ce3bcc000-7f7ce3bcd000 rw-p 0000c000 08:02 6815859                    /lib/x86_64-linux-gnu/libnss_files-2.15.so
7f7ce3bd0000-7f7ce3bda000 r-xp 00000000 08:02 6815863                    /lib/x86_64-linux-gnu/libnss_nis-2.15.so
7f7ce3bda000-7f7ce3dda000 ---p 0000a000 08:02 6815863                    /lib/x86_64-linux-gnu/libnss_nis-2.15.so
7f7ce3dda000-7f7ce3ddb000 r--p 0000a000 08:02 6815863                    /lib/x86_64-linux-gnu/libnss_nis-2.15.so
7f7ce3ddb000-7f7ce3ddc000 rw-p 0000b000 08:02 6815863                    /lib/x86_64-linux-gnu/libnss_nis-2.15.so
7f7ce3de0000-7f7ce3df7000 r-xp 00000000 08:02 6820619                    /lib/x86_64-linux-gnu/libnsl-2.15.so
7f7ce3df7000-7f7ce3ff6000 ---p 00017000 08:02 6820619                    /lib/x86_64-linux-gnu/libnsl-2.15.so
7f7ce3ff6000-7f7ce3ff7000 r--p 00016000 08:02 6820619                    /lib/x86_64-linux-gnu/libnsl-2.15.so
7f7ce3ff7000-7f7ce3ff8000 rw-p 00017000 08:02 6820619                    /lib/x86_64-linux-gnu/libnsl-2.15.so
7f7ce3ff8000-7f7ce3ffa000 rw-p 00000000 00:00 0 
7f7ce4000000-7f7ce4309000 rw-p 00000000 00:00 0 
7f7ce4309000-7f7ce8000000 ---p 00000000 00:00 0 
7f7ce8007000-7f7ce8057000 rw-p 00000000 00:00 0 
7f7ce8057000-7f7ce8058000 ---p 00000000 00:00 0 
7f7ce8058000-7f7ce8158000 rw-p 00000000 00:00 0                          [stack:6445]
7f7ce8158000-7f7ce8160000 r-xp 00000000 08:02 6815857                    /lib/x86_64-linux-gnu/libnss_compat-2.15.so
7f7ce8160000-7f7ce835f000 ---p 00008000 08:02 6815857                    /lib/x86_64-linux-gnu/libnss_compat-2.15.so
7f7ce835f000-7f7ce8360000 r--p 00007000 08:02 6815857                    /lib/x86_64-linux-gnu/libnss_compat-2.15.so
7f7ce8360000-7f7ce8361000 rw-p 00008000 08:02 6815857                    /lib/x86_64-linux-gnu/libnss_compat-2.15.so
7f7ce8368000-7f7ce8a4b000 r--p 00000000 08:02 4987440                    /usr/lib/locale/locale-archive
7f7ce8a50000-7f7ce8a53000 r-xp 00000000 08:02 8391376                    /usr/lib/jvm/java-7-oracle/jre/lib/amd64/libnpt.so
7f7ce8a53000-7f7ce8c52000 ---p 00003000 08:02 8391376                    /usr/lib/jvm/java-7-oracle/jre/lib/amd64/libnpt.so
7f7ce8c52000-7f7ce8c53000 rw-p 00002000 08:02 8391376                    /usr/lib/jvm/java-7-oracle/jre/lib/amd64/libnpt.so
7f7ce8c58000-7f7ce8c91000 r-xp 00000000 08:02 8391370                    /usr/lib/jvm/java-7-oracle/jre/lib/amd64/libjdwp.so
7f7ce8c91000-7f7ce8e91000 ---p 00039000 08:02 8391370                    /usr/lib/jvm/java-7-oracle/jre/lib/amd64/libjdwp.so
7f7ce8e91000-7f7ce8e92000 rw-p 00039000 08:02 8391370                    /usr/lib/jvm/java-7-oracle/jre/lib/amd64/libjdwp.so
7f7ce8e92000-7f7ce8e93000 rw-p 00000000 00:00 0 
7f7ce8e98000-7f7ce8ec1000 r-xp 00000000 08:02 8391373                    /usr/lib/jvm/java-7-oracle/jre/lib/amd64/libjava.so
7f7ce8ec1000-7f7ce90c1000 ---p 00029000 08:02 8391373                    /usr/lib/jvm/java-7-oracle/jre/lib/amd64/libjava.so
7f7ce90c1000-7f7ce90c3000 rw-p 00029000 08:02 8391373                    /usr/lib/jvm/java-7-oracle/jre/lib/amd64/libjava.so
7f7ce90c8000-7f7ce90d5000 r-xp 00000000 08:02 8391404                    /usr/lib/jvm/java-7-oracle/jre/lib/amd64/libverify.so
7f7ce90d5000-7f7ce92d4000 ---p 0000d000 08:02 8391404                    /usr/lib/jvm/java-7-oracle/jre/lib/amd64/libverify.so
7f7ce92d4000-7f7ce92d6000 rw-p 0000c000 08:02 8391404                    /usr/lib/jvm/java-7-oracle/jre/lib/amd64/libverify.so
7f7ce92d8000-7f7ce92df000 r-xp 00000000 08:02 6815862                    /lib/x86_64-linux-gnu/librt-2.15.so
7f7ce92df000-7f7ce94de000 ---p 00007000 08:02 6815862                    /lib/x86_64-linux-gnu/librt-2.15.so
7f7ce94de000-7f7ce94df000 r--p 00006000 08:02 6815862                    /lib/x86_64-linux-gnu/librt-2.15.so
7f7ce94df000-7f7ce94e0000 rw-p 00007000 08:02 6815862                    /lib/x86_64-linux-gnu/librt-2.15.so
7f7ce94e0000-7f7ce95db000 r-xp 00000000 08:02 6815866                    /lib/x86_64-linux-gnu/libm-2.15.so
7f7ce95db000-7f7ce97da000 ---p 000fb000 08:02 6815866                    /lib/x86_64-linux-gnu/libm-2.15.so
7f7ce97da000-7f7ce97db000 r--p 000fa000 08:02 6815866                    /lib/x86_64-linux-gnu/libm-2.15.so
7f7ce97db000-7f7ce97dc000 rw-p 000fb000 08:02 6815866                    /lib/x86_64-linux-gnu/libm-2.15.so
7f7ce97e0000-7f7cea350000 r-xp 00000000 08:02 8391414                    /usr/lib/jvm/java-7-oracle/jre/lib/amd64/server/libjvm.so
7f7cea350000-7f7cea54f000 ---p 00b70000 08:02 8391414                    /usr/lib/jvm/java-7-oracle/jre/lib/amd64/server/libjvm.so
7f7cea54f000-7f7cea614000 rw-p 00b6f000 08:02 8391414                    /usr/lib/jvm/java-7-oracle/jre/lib/amd64/server/libjvm.so
7f7cea614000-7f7cea654000 rw-p 00000000 00:00 0 
7f7cea658000-7f7cea80d000 r-xp 00000000 08:02 6815755                    /lib/x86_64-linux-gnu/libc-2.15.so
7f7cea80d000-7f7ceaa0d000 ---p 001b5000 08:02 6815755                    /lib/x86_64-linux-gnu/libc-2.15.so
7f7ceaa0d000-7f7ceaa11000 r--p 001b5000 08:02 6815755                    /lib/x86_64-linux-gnu/libc-2.15.so
7f7ceaa11000-7f7ceaa13000 rw-p 001b9000 08:02 6815755                    /lib/x86_64-linux-gnu/libc-2.15.so
7f7ceaa13000-7f7ceaa18000 rw-p 00000000 00:00 0 
7f7ceaa18000-7f7ceaa1a000 r-xp 00000000 08:02 6815870                    /lib/x86_64-linux-gnu/libdl-2.15.so
7f7ceaa1a000-7f7ceac1a000 ---p 00002000 08:02 6815870                    /lib/x86_64-linux-gnu/libdl-2.15.so
7f7ceac1a000-7f7ceac1b000 r--p 00002000 08:02 6815870                    /lib/x86_64-linux-gnu/libdl-2.15.so
7f7ceac1b000-7f7ceac1c000 rw-p 00003000 08:02 6815870                    /lib/x86_64-linux-gnu/libdl-2.15.so
7f7ceac20000-7f7ceac36000 r-xp 00000000 08:02 8390226                    /usr/lib/jvm/java-7-oracle/lib/amd64/jli/libjli.so
7f7ceac36000-7f7ceae36000 ---p 00016000 08:02 8390226                    /usr/lib/jvm/java-7-oracle/lib/amd64/jli/libjli.so
7f7ceae36000-7f7ceae37000 rw-p 00016000 08:02 8390226                    /usr/lib/jvm/java-7-oracle/lib/amd64/jli/libjli.so
7f7ceae38000-7f7ceae50000 r-xp 00000000 08:02 6815864                    /lib/x86_64-linux-gnu/libpthread-2.15.so
7f7ceae50000-7f7ceb04f000 ---p 00018000 08:02 6815864                    /lib/x86_64-linux-gnu/libpthread-2.15.so
7f7ceb04f000-7f7ceb050000 r--p 00017000 08:02 6815864                    /lib/x86_64-linux-gnu/libpthread-2.15.so
7f7ceb050000-7f7ceb051000 rw-p 00018000 08:02 6815864                    /lib/x86_64-linux-gnu/libpthread-2.15.so
7f7ceb051000-7f7ceb055000 rw-p 00000000 00:00 0 
7f7ceb058000-7f7ceb07a000 r-xp 00000000 08:02 6815867                    /lib/x86_64-linux-gnu/ld-2.15.so
7f7ceb07e000-7f7ceb08a000 rw-p 00000000 00:00 0 
7f7ceb08a000-7f7ceb0a8000 rw-p 00000000 00:00 0 
7f7ceb0a8000-7f7ceb0b2000 rw-p 00000000 00:00 0 
7f7ceb0b2000-7f7ceb168000 rw-p 00000000 00:00 0 
7f7ceb168000-7f7ceb170000 rw-s 00000000 08:02 8262770                    /tmp/hsperfdata_gregor/6440
7f7ceb170000-7f7ceb174000 rw-p 00000000 00:00 0 
7f7ceb174000-7f7ceb175000 r--p 00000000 00:00 0 
7f7ceb175000-7f7ceb178000 ---p 00000000 00:00 0 
7f7ceb178000-7f7ceb27a000 rw-p 00000000 00:00 0                          [stack:6444]
7f7ceb27a000-7f7ceb27b000 r--p 00022000 08:02 6815867                    /lib/x86_64-linux-gnu/ld-2.15.so
7f7ceb27b000-7f7ceb27d000 rw-p 00023000 08:02 6815867                    /lib/x86_64-linux-gnu/ld-2.15.so
7f7ceb27d000-7f7ceb27f000 rw-p 00000000 00:00 0 
7fffb2d72000-7fffb2d93000 rw-p 00000000 00:00 0                          [stack]
7fffb2e00000-7fffb2e02000 r-xp 00000000 00:00 0                          [vdso]
ffffffffff600000-ffffffffff601000 r-xp 00000000 00:00 0                  [vsyscall]

VM Arguments:
jvm_args: -Xdebug -Xrunjdwp:transport=dt_socket,server=n,address=46143 -Djava.library.path=/usr/local/share/OpenCV/java 
java_command: balldetection.Main
Launcher Type: SUN_STANDARD

Environment Variables:
JAVA_HOME=/usr/lib/jvm/java-7-oracle
PATH=/home/gregor/bin:/usr/lib/lightdm/lightdm:/usr/local/sbin:/usr/local/bin:/usr/sbin:/usr/bin:/sbin:/bin:/usr/games
LD_LIBRARY_PATH=/usr/lib/jvm/java-7-oracle/jre/lib/amd64:/usr/lib/jvm/java-7-oracle/jre/lib/i386:
SHELL=/bin/bash
DISPLAY=:0

Signal Handlers:
SIGSEGV: [libjvm.so+0x99f4a0], sa_mask[0]=0x7ffbfeff, sa_flags=0x10000004
SIGBUS: [libjvm.so+0x99f4a0], sa_mask[0]=0x7ffbfeff, sa_flags=0x10000004
SIGFPE: [libjvm.so+0x81a860], sa_mask[0]=0x7ffbfeff, sa_flags=0x10000004
SIGPIPE: [libjvm.so+0x81a860], sa_mask[0]=0x7ffbfeff, sa_flags=0x10000004
SIGXFSZ: [libjvm.so+0x81a860], sa_mask[0]=0x7ffbfeff, sa_flags=0x10000004
SIGILL: [libjvm.so+0x81a860], sa_mask[0]=0x7ffbfeff, sa_flags=0x10000004
SIGUSR1: SIG_DFL, sa_mask[0]=0x00000000, sa_flags=0x00000000
SIGUSR2: [libjvm.so+0x81c060], sa_mask[0]=0x00000004, sa_flags=0x10000004
SIGHUP: [libjvm.so+0x81d160], sa_mask[0]=0x7ffbfeff, sa_flags=0x10000004
SIGINT: SIG_IGN, sa_mask[0]=0x00000000, sa_flags=0x00000000
SIGTERM: [libjvm.so+0x81d160], sa_mask[0]=0x7ffbfeff, sa_flags=0x10000004
SIGQUIT: [libjvm.so+0x81d160], sa_mask[0]=0x7ffbfeff, sa_flags=0x10000004


---------------  S Y S T E M  ---------------

OS:wheezy/sid

uname:Linux 3.8.0-44-generic #66~precise1-Ubuntu SMP Tue Jul 15 04:01:04 UTC 2014 x86_64
libc:glibc 2.15 NPTL 2.15 
rlimit: STACK 8192k, CORE 0k, NPROC 126941, NOFILE 4096, AS infinity
load average:1.20 1.16 1.01

/proc/meminfo:
MemTotal:       16333552 kB
MemFree:         6271836 kB
Buffers:          406636 kB
Cached:          3569480 kB
SwapCached:            0 kB
Active:          6157356 kB
Inactive:        2294276 kB
Active(anon):    4476784 kB
Inactive(anon):    61500 kB
Active(file):    1680572 kB
Inactive(file):  2232776 kB
Unevictable:         260 kB
Mlocked:             260 kB
SwapTotal:       8396796 kB
SwapFree:        8396796 kB
Dirty:               520 kB
Writeback:             0 kB
AnonPages:       4476684 kB
Mapped:           984088 kB
Shmem:             62772 kB
Slab:             367316 kB
SReclaimable:     318916 kB
SUnreclaim:        48400 kB
KernelStack:        6944 kB
PageTables:        69684 kB
NFS_Unstable:          0 kB
Bounce:                0 kB
WritebackTmp:          0 kB
CommitLimit:    16563572 kB
Committed_AS:   11945080 kB
VmallocTotal:   34359738367 kB
VmallocUsed:      338508 kB
VmallocChunk:   34359390004 kB
HardwareCorrupted:     0 kB
AnonHugePages:         0 kB
HugePages_Total:       0
HugePages_Free:        0
HugePages_Rsvd:        0
HugePages_Surp:        0
Hugepagesize:       2048 kB
DirectMap4k:     1046524 kB
DirectMap2M:    12527616 kB
DirectMap1G:     3145728 kB


CPU:total 8 (8 cores per cpu, 1 threads per core) family 21 model 2 stepping 0, cmov, cx8, fxsr, mmx, sse, sse2, sse3, ssse3, sse4.1, sse4.2, popcnt, avx, aes, mmxext, 3dnowpref, lzcnt, sse4a, tsc, tscinvbit, tscinv

/proc/cpuinfo:
processor	: 0
vendor_id	: AuthenticAMD
cpu family	: 21
model		: 2
model name	: AMD FX(tm)-8350 Eight-Core Processor
stepping	: 0
microcode	: 0x600081f
cpu MHz		: 1400.000
cache size	: 2048 KB
physical id	: 0
siblings	: 8
core id		: 0
cpu cores	: 4
apicid		: 16
initial apicid	: 0
fpu		: yes
fpu_exception	: yes
cpuid level	: 13
wp		: yes
flags		: fpu vme de pse tsc msr pae mce cx8 apic sep mtrr pge mca cmov pat pse36 clflush mmx fxsr sse sse2 ht syscall nx mmxext fxsr_opt pdpe1gb rdtscp lm constant_tsc rep_good nopl nonstop_tsc extd_apicid aperfmperf pni pclmulqdq monitor ssse3 fma cx16 sse4_1 sse4_2 popcnt aes xsave avx f16c lahf_lm cmp_legacy svm extapic cr8_legacy abm sse4a misalignsse 3dnowprefetch osvw ibs xop skinit wdt lwp fma4 tce nodeid_msr tbm topoext perfctr_core arat cpb hw_pstate npt lbrv svm_lock nrip_save tsc_scale vmcb_clean flushbyasid decodeassists pausefilter pfthreshold bmi1
bogomips	: 8669.74
TLB size	: 1536 4K pages
clflush size	: 64
cache_alignment	: 64
address sizes	: 48 bits physical, 48 bits virtual
power management: ts ttp tm 100mhzsteps hwpstate cpb eff_freq_ro

processor	: 1
vendor_id	: AuthenticAMD
cpu family	: 21
model		: 2
model name	: AMD FX(tm)-8350 Eight-Core Processor           
stepping	: 0
microcode	: 0x600081f
cpu MHz		: 4000.000
cache size	: 2048 KB
physical id	: 0
siblings	: 8
core id		: 1
cpu cores	: 4
apicid		: 17
initial apicid	: 1
fpu		: yes
fpu_exception	: yes
cpuid level	: 13
wp		: yes
flags		: fpu vme de pse tsc msr pae mce cx8 apic sep mtrr pge mca cmov pat pse36 clflush mmx fxsr sse sse2 ht syscall nx mmxext fxsr_opt pdpe1gb rdtscp lm constant_tsc rep_good nopl nonstop_tsc extd_apicid aperfmperf pni pclmulqdq monitor ssse3 fma cx16 sse4_1 sse4_2 popcnt aes xsave avx f16c lahf_lm cmp_legacy svm extapic cr8_legacy abm sse4a misalignsse 3dnowprefetch osvw ibs xop skinit wdt lwp fma4 tce nodeid_msr tbm topoext perfctr_core arat cpb hw_pstate npt lbrv svm_lock nrip_save tsc_scale vmcb_clean flushbyasid decodeassists pausefilter pfthreshold bmi1
bogomips	: 8669.74
TLB size	: 1536 4K pages
clflush size	: 64
cache_alignment	: 64
address sizes	: 48 bits physical, 48 bits virtual
power management: ts ttp tm 100mhzsteps hwpstate cpb eff_freq_ro

processor	: 2
vendor_id	: AuthenticAMD
cpu family	: 21
model		: 2
model name	: AMD FX(tm)-8350 Eight-Core Processor           
stepping	: 0
microcode	: 0x600081f
cpu MHz		: 4000.000
cache size	: 2048 KB
physical id	: 0
siblings	: 8
core id		: 2
cpu cores	: 4
apicid		: 18
initial apicid	: 2
fpu		: yes
fpu_exception	: yes
cpuid level	: 13
wp		: yes
flags		: fpu vme de pse tsc msr pae mce cx8 apic sep mtrr pge mca cmov pat pse36 clflush mmx fxsr sse sse2 ht syscall nx mmxext fxsr_opt pdpe1gb rdtscp lm constant_tsc rep_good nopl nonstop_tsc extd_apicid aperfmperf pni pclmulqdq monitor ssse3 fma cx16 sse4_1 sse4_2 popcnt aes xsave avx f16c lahf_lm cmp_legacy svm extapic cr8_legacy abm sse4a misalignsse 3dnowprefetch osvw ibs xop skinit wdt lwp fma4 tce nodeid_msr tbm topoext perfctr_core arat cpb hw_pstate npt lbrv svm_lock nrip_save tsc_scale vmcb_clean flushbyasid decodeassists pausefilter pfthreshold bmi1
bogomips	: 8669.74
TLB size	: 1536 4K pages
clflush size	: 64
cache_alignment	: 64
address sizes	: 48 bits physical, 48 bits virtual
power management: ts ttp tm 100mhzsteps hwpstate cpb eff_freq_ro

processor	: 3
vendor_id	: AuthenticAMD
cpu family	: 21
model		: 2
model name	: AMD FX(tm)-8350 Eight-Core Processor           
stepping	: 0
microcode	: 0x600081f
cpu MHz		: 1400.000
cache size	: 2048 KB
physical id	: 0
siblings	: 8
core id		: 3
cpu cores	: 4
apicid		: 19
initial apicid	: 3
fpu		: yes
fpu_exception	: yes
cpuid level	: 13
wp		: yes
flags		: fpu vme de pse tsc msr pae mce cx8 apic sep mtrr pge mca cmov pat pse36 clflush mmx fxsr sse sse2 ht syscall nx mmxext fxsr_opt pdpe1gb rdtscp lm constant_tsc rep_good nopl nonstop_tsc extd_apicid aperfmperf pni pclmulqdq monitor ssse3 fma cx16 sse4_1 sse4_2 popcnt aes xsave avx f16c lahf_lm cmp_legacy svm extapic cr8_legacy abm sse4a misalignsse 3dnowprefetch osvw ibs xop skinit wdt lwp fma4 tce nodeid_msr tbm topoext perfctr_core arat cpb hw_pstate npt lbrv svm_lock nrip_save tsc_scale vmcb_clean flushbyasid decodeassists pausefilter pfthreshold bmi1
bogomips	: 8669.74
TLB size	: 1536 4K pages
clflush size	: 64
cache_alignment	: 64
address sizes	: 48 bits physical, 48 bits virtual
power management: ts ttp tm 100mhzsteps hwpstate cpb eff_freq_ro

processor	: 4
vendor_id	: AuthenticAMD
cpu family	: 21
model		: 2
model name	: AMD FX(tm)-8350 Eight-Core Processor           
stepping	: 0
microcode	: 0x600081f
cpu MHz		: 4000.000
cache size	: 2048 KB
physical id	: 0
siblings	: 8
core id		: 4
cpu cores	: 4
apicid		: 20
initial apicid	: 4
fpu		: yes
fpu_exception	: yes
cpuid level	: 13
wp		: yes
flags		: fpu vme de pse tsc msr pae mce cx8 apic sep mtrr pge mca cmov pat pse36 clflush mmx fxsr sse sse2 ht syscall nx mmxext fxsr_opt pdpe1gb rdtscp lm constant_tsc rep_good nopl nonstop_tsc extd_apicid aperfmperf pni pclmulqdq monitor ssse3 fma cx16 sse4_1 sse4_2 popcnt aes xsave avx f16c lahf_lm cmp_legacy svm extapic cr8_legacy abm sse4a misalignsse 3dnowprefetch osvw ibs xop skinit wdt lwp fma4 tce nodeid_msr tbm topoext perfctr_core arat cpb hw_pstate npt lbrv svm_lock nrip_save tsc_scale vmcb_clean flushbyasid decodeassists pausefilter pfthreshold bmi1
bogomips	: 8669.74
TLB size	: 1536 4K pages
clflush size	: 64
cache_alignment	: 64
address sizes	: 48 bits physical, 48 bits virtual
power management: ts ttp tm 100mhzsteps hwpstate cpb eff_freq_ro

processor	: 5
vendor_id	: AuthenticAMD
cpu family	: 21
model		: 2
model name	: AMD FX(tm)-8350 Eight-Core Processor           
stepping	: 0
microcode	: 0x600081f
cpu MHz		: 1400.000
cache size	: 2048 KB
physical id	: 0
siblings	: 8
core id		: 5
cpu cores	: 4
apicid		: 21
initial apicid	: 5
fpu		: yes
fpu_exception	: yes
cpuid level	: 13
wp		: yes
flags		: fpu vme de pse tsc msr pae mce cx8 apic sep mtrr pge mca cmov pat pse36 clflush mmx fxsr sse sse2 ht syscall nx mmxext fxsr_opt pdpe1gb rdtscp lm constant_tsc rep_good nopl nonstop_tsc extd_apicid aperfmperf pni pclmulqdq monitor ssse3 fma cx16 sse4_1 sse4_2 popcnt aes xsave avx f16c lahf_lm cmp_legacy svm extapic cr8_legacy abm sse4a misalignsse 3dnowprefetch osvw ibs xop skinit wdt lwp fma4 tce nodeid_msr tbm topoext perfctr_core arat cpb hw_pstate npt lbrv svm_lock nrip_save tsc_scale vmcb_clean flushbyasid decodeassists pausefilter pfthreshold bmi1
bogomips	: 8669.74
TLB size	: 1536 4K pages
clflush size	: 64
cache_alignment	: 64
address sizes	: 48 bits physical, 48 bits virtual
power management: ts ttp tm 100mhzsteps hwpstate cpb eff_freq_ro

processor	: 6
vendor_id	: AuthenticAMD
cpu family	: 21
model		: 2
model name	: AMD FX(tm)-8350 Eight-Core Processor           
stepping	: 0
microcode	: 0x600081f
cpu MHz		: 1400.000
cache size	: 2048 KB
physical id	: 0
siblings	: 8
core id		: 6
cpu cores	: 4
apicid		: 22
initial apicid	: 6
fpu		: yes
fpu_exception	: yes
cpuid level	: 13
wp		: yes
flags		: fpu vme de pse tsc msr pae mce cx8 apic sep mtrr pge mca cmov pat pse36 clflush mmx fxsr sse sse2 ht syscall nx mmxext fxsr_opt pdpe1gb rdtscp lm constant_tsc rep_good nopl nonstop_tsc extd_apicid aperfmperf pni pclmulqdq monitor ssse3 fma cx16 sse4_1 sse4_2 popcnt aes xsave avx f16c lahf_lm cmp_legacy svm extapic cr8_legacy abm sse4a misalignsse 3dnowprefetch osvw ibs xop skinit wdt lwp fma4 tce nodeid_msr tbm topoext perfctr_core arat cpb hw_pstate npt lbrv svm_lock nrip_save tsc_scale vmcb_clean flushbyasid decodeassists pausefilter pfthreshold bmi1
bogomips	: 8669.74
TLB size	: 1536 4K pages
clflush size	: 64
cache_alignment	: 64
address sizes	: 48 bits physical, 48 bits virtual
power management: ts ttp tm 100mhzsteps hwpstate cpb eff_freq_ro

processor	: 7
vendor_id	: AuthenticAMD
cpu family	: 21
model		: 2
model name	: AMD FX(tm)-8350 Eight-Core Processor           
stepping	: 0
microcode	: 0x600081f
cpu MHz		: 1400.000
cache size	: 2048 KB
physical id	: 0
siblings	: 8
core id		: 7
cpu cores	: 4
apicid		: 23
initial apicid	: 7
fpu		: yes
fpu_exception	: yes
cpuid level	: 13
wp		: yes
flags		: fpu vme de pse tsc msr pae mce cx8 apic sep mtrr pge mca cmov pat pse36 clflush mmx fxsr sse sse2 ht syscall nx mmxext fxsr_opt pdpe1gb rdtscp lm constant_tsc rep_good nopl nonstop_tsc extd_apicid aperfmperf pni pclmulqdq monitor ssse3 fma cx16 sse4_1 sse4_2 popcnt aes xsave avx f16c lahf_lm cmp_legacy svm extapic cr8_legacy abm sse4a misalignsse 3dnowprefetch osvw ibs xop skinit wdt lwp fma4 tce nodeid_msr tbm topoext perfctr_core arat cpb hw_pstate npt lbrv svm_lock nrip_save tsc_scale vmcb_clean flushbyasid decodeassists pausefilter pfthreshold bmi1
bogomips	: 8669.74
TLB size	: 1536 4K pages
clflush size	: 64
cache_alignment	: 64
address sizes	: 48 bits physical, 48 bits virtual
power management: ts ttp tm 100mhzsteps hwpstate cpb eff_freq_ro



Memory: 4k page, physical 16333552k(6271836k free), swap 8396796k(8396796k free)

vm_info: Java HotSpot(TM) 64-Bit Server VM (24.65-b04) for linux-amd64 JRE (1.7.0_65-b17), built on Jun 16 2014 20:55:34 by "java_re" with gcc 4.3.0 20080428 (Red Hat 4.3.0-8)

time: Mon Sep  1 12:09:29 2014
elapsed time: 0 seconds

