#
# A fatal error has been detected by the Java Runtime Environment:
#
#  SIGSEGV (0xb) at pc=0x00007f80ecdf5730, pid=31248, tid=140191727851264
#
# JRE version: Java(TM) SE Runtime Environment (7.0_65-b17) (build 1.7.0_65-b17)
# Java VM: Java HotSpot(TM) 64-Bit Server VM (24.65-b04 mixed mode linux-amd64 compressed oops)
# Problematic frame:
# V  [libjvm.so+0x655730]  jni_GetStringUTFChars+0xa0
#
# Failed to write core dump. Core dumps have been disabled. To enable core dumping, try "ulimit -c unlimited" before starting Java again
#
# If you would like to submit a bug report, please visit:
#   http://bugreport.sun.com/bugreport/crash.jsp
#

---------------  T H R E A D  ---------------

Current thread (0x00007f80e800a000):  JavaThread "main" [_thread_in_vm, id=31252, stack(0x00007f80ee139000,0x00007f80ee23a000)]

siginfo:si_signo=SIGSEGV: si_errno=0, si_code=1 (SEGV_MAPERR), si_addr=0x0000000000000000

Registers:
RAX=0x0000000000000000, RBX=0x0000000000000000, RCX=0x00007f80e8005c30, RDX=0x00007f80ed5ea360
RSP=0x00007f80ee2386d0, RBP=0x00007f80ee238730, RSI=0x0000000000000000, RDI=0x00007f80e800a1e8
R8 =0x00007f80ed5e5d80, R9 =0x00007f80ed75fb10, R10=0x00007f80e437272c, R11=0x00007f80ed052870
R12=0x0000000000000000, R13=0x00007f80e800a000, R14=0x00007f80ee2387f0, R15=0x0000000000000000
RIP=0x00007f80ecdf5730, EFLAGS=0x0000000000010246, CSGSFS=0x0000000000000033, ERR=0x0000000000000004
  TRAPNO=0x000000000000000e

Top of Stack: (sp=0x00007f80ee2386d0)
0x00007f80ee2386d0:   00007f80e800a000 0000000000000000
0x00007f80ee2386e0:   00000000000003d8 00007f8000000000
0x00007f80ee2386f0:   00007f80e800a000 00007f80e800a918
0x00007f80ee238700:   00007f80e800a000 00007f80e800a1e8
0x00007f80ee238710:   0000000000000000 0000000701c9a438
0x00007f80ee238720:   00007f80ee2387f0 00007f80e800a000
0x00007f80ee238730:   00007f80ee2387d0 00007f80da8707b7
0x00007f80ee238740:   0000000701c9a438 0000000000000000
0x00007f80ee238750:   0000000701c9a438 00007f80ee2387f0
0x00007f80ee238760:   0000000701c9a438 00007f80ee2387d0
0x00007f80ee238770:   0000000000000000 00007f80e4372758
0x00007f80ee238780:   00007f80e800a000 00007f80ed0490ef
0x00007f80ee238790:   00007f80ee238790 0000000701c9a438
0x00007f80ee2387a0:   00007f80ee2387f0 0000000701c9b1e0
0x00007f80ee2387b0:   0000000000000000 0000000701c9a438
0x00007f80ee2387c0:   0000000000000000 00007f80ee2387f0
0x00007f80ee2387d0:   00007f80ee238840 00007f80e4366175
0x00007f80ee2387e0:   00000007acee3538 00007f80e436ecd7
0x00007f80ee2387f0:   0000000000000000 00000007ad2950e0
0x00007f80ee238800:   00007f80ee238800 0000000701c99536
0x00007f80ee238810:   00007f80ee238858 0000000701c9b1e0
0x00007f80ee238820:   0000000000000000 0000000701c99560
0x00007f80ee238830:   00007f80ee2387f0 00007f80ee238850
0x00007f80ee238840:   00007f80ee2388b0 00007f80e4366058
0x00007f80ee238850:   0000000000000000 00000007ad2950e0
0x00007f80ee238860:   00000007ad2950e0 00000007aced3fc8
0x00007f80ee238870:   00007f80ee238870 0000000701c5b312
0x00007f80ee238880:   00007f80ee2388d0 0000000701c5bf18
0x00007f80ee238890:   0000000000000000 0000000701c5b358
0x00007f80ee2388a0:   00007f80ee238850 00007f80ee2388c8
0x00007f80ee2388b0:   00007f80ee238920 00007f80e43668e1
0x00007f80ee2388c0:   0000000000000000 00000007ad294df0 

Instructions: (pc=0x00007f80ecdf5730)
0x00007f80ecdf5710:   4c 89 6d c0 4c 89 6d a0 48 c7 45 a8 00 00 00 00
0x00007f80ecdf5720:   49 83 7d 08 00 74 09 48 8d 7d a0 e8 e0 78 21 00
0x00007f80ecdf5730:   4c 8b 23 4c 89 e7 e8 65 db fa ff 48 63 f8 31 c9
0x00007f80ecdf5740:   31 d2 48 83 c7 01 89 c3 be 00 07 00 00 e8 8e 6a 

Register to memory mapping:

RAX=0x0000000000000000 is an unknown value
RBX=0x0000000000000000 is an unknown value
RCX=0x00007f80e8005c30 is an unknown value
RDX=0x00007f80ed5ea360: <offset 0xe4a360> in /usr/lib/jvm/java-7-oracle/jre/lib/amd64/server/libjvm.so at 0x00007f80ec7a0000
RSP=0x00007f80ee2386d0 is pointing into the stack for thread: 0x00007f80e800a000
RBP=0x00007f80ee238730 is pointing into the stack for thread: 0x00007f80e800a000
RSI=0x0000000000000000 is an unknown value
RDI=0x00007f80e800a1e8 is an unknown value
R8 =0x00007f80ed5e5d80: <offset 0xe45d80> in /usr/lib/jvm/java-7-oracle/jre/lib/amd64/server/libjvm.so at 0x00007f80ec7a0000
R9 =0x00007f80ed75fb10: <offset 0x147b10> in /lib/x86_64-linux-gnu/libc.so.6 at 0x00007f80ed618000
R10=0x00007f80e437272c is at code_begin+620 in an Interpreter codelet
method entry point (kind = native)  [0x00007f80e43724c0, 0x00007f80e4372d20]  2144 bytes
R11=0x00007f80ed052870: <offset 0x8b2870> in /usr/lib/jvm/java-7-oracle/jre/lib/amd64/server/libjvm.so at 0x00007f80ec7a0000
R12=0x0000000000000000 is an unknown value
R13=0x00007f80e800a000 is a thread
R14=0x00007f80ee2387f0 is pointing into the stack for thread: 0x00007f80e800a000
R15=0x0000000000000000 is an unknown value


Stack: [0x00007f80ee139000,0x00007f80ee23a000],  sp=0x00007f80ee2386d0,  free space=1021k
Native frames: (J=compiled Java code, j=interpreted, Vv=VM code, C=native code)
V  [libjvm.so+0x655730]  jni_GetStringUTFChars+0xa0
C  [libopencv_java249.so+0x2307b7]  Java_org_opencv_highgui_VideoCapture_VideoCapture_11+0x27
j  org.opencv.highgui.VideoCapture.<init>(Ljava/lang/String;)V+6
j  balldetection.processors.VideoProvidorProcessor.process(Lorg/opencv/core/Mat;)Lorg/opencv/core/Mat;+26
j  balldetection.ImageProcessor.process()V+44
j  balldetection.Main.main([Ljava/lang/String;)V+57
v  ~StubRoutines::call_stub
V  [libjvm.so+0x5ffb65]  JavaCalls::call_helper(JavaValue*, methodHandle*, JavaCallArguments*, Thread*)+0x365
V  [libjvm.so+0x5fe5c8]  JavaCalls::call(JavaValue*, methodHandle, JavaCallArguments*, Thread*)+0x28
V  [libjvm.so+0x638309]  jni_invoke_static(JNIEnv_*, JavaValue*, _jobject*, JNICallType, _jmethodID*, JNI_ArgumentPusher*, Thread*)+0x219
V  [libjvm.so+0x640f22]  jni_CallStaticVoidMethod+0x162
C  [libjli.so+0x36d9]  JavaMain+0x7e9

Java frames: (J=compiled Java code, j=interpreted, Vv=VM code)
j  org.opencv.highgui.VideoCapture.VideoCapture_1(Ljava/lang/String;)J+0
j  org.opencv.highgui.VideoCapture.<init>(Ljava/lang/String;)V+6
j  balldetection.processors.VideoProvidorProcessor.process(Lorg/opencv/core/Mat;)Lorg/opencv/core/Mat;+26
j  balldetection.ImageProcessor.process()V+44
j  balldetection.Main.main([Ljava/lang/String;)V+57
v  ~StubRoutines::call_stub

---------------  P R O C E S S  ---------------

Java Threads: ( => current thread )
  0x00007f80e81ed000 JavaThread "AWT-EventQueue-0" [_thread_blocked, id=31273, stack(0x00007f80d31b5000,0x00007f80d32b6000)]
  0x00007f80e81e9800 JavaThread "AWT-Shutdown" [_thread_blocked, id=31272, stack(0x00007f80d32b6000,0x00007f80d33b7000)]
  0x00007f80e81a5800 JavaThread "AWT-XAWT" daemon [_thread_in_native, id=31271, stack(0x00007f80d33b7000,0x00007f80d34b8000)]
  0x00007f80e8184000 JavaThread "Java2D Disposer" daemon [_thread_blocked, id=31270, stack(0x00007f80d38cf000,0x00007f80d39d0000)]
  0x00007f80e809f000 JavaThread "Service Thread" daemon [_thread_blocked, id=31268, stack(0x00007f80e0017000,0x00007f80e0118000)]
  0x00007f80e809d000 JavaThread "C2 CompilerThread1" daemon [_thread_blocked, id=31267, stack(0x00007f80e0118000,0x00007f80e0219000)]
  0x00007f80e809a000 JavaThread "C2 CompilerThread0" daemon [_thread_blocked, id=31266, stack(0x00007f80e0219000,0x00007f80e031a000)]
  0x00007f80e8098000 JavaThread "Signal Dispatcher" daemon [_thread_blocked, id=31265, stack(0x00007f80e031a000,0x00007f80e041b000)]
  0x00007f80e8078800 JavaThread "Finalizer" daemon [_thread_blocked, id=31264, stack(0x00007f80e041b000,0x00007f80e051c000)]
  0x00007f80e8076800 JavaThread "Reference Handler" daemon [_thread_blocked, id=31263, stack(0x00007f80e051c000,0x00007f80e061d000)]
=>0x00007f80e800a000 JavaThread "main" [_thread_in_vm, id=31252, stack(0x00007f80ee139000,0x00007f80ee23a000)]

Other Threads:
  0x00007f80e8072000 VMThread [stack: 0x00007f80e061d000,0x00007f80e071e000] [id=31262]
  0x00007f80e80aa000 WatcherThread [stack: 0x00007f80db817000,0x00007f80db918000] [id=31269]

VM state:not at safepoint (normal execution)

VM Mutex/Monitor currently owned by a thread: None

Heap
 PSYoungGen      total 75264K, used 6504K [0x00000007ace80000, 0x00000007b2200000, 0x0000000800000000)
  eden space 65024K, 10% used [0x00000007ace80000,0x00000007ad4da2a8,0x00000007b0e00000)
  from space 10240K, 0% used [0x00000007b1800000,0x00000007b1800000,0x00000007b2200000)
  to   space 10240K, 0% used [0x00000007b0e00000,0x00000007b0e00000,0x00000007b1800000)
 ParOldGen       total 169984K, used 0K [0x0000000706c00000, 0x0000000711200000, 0x00000007ace80000)
  object space 169984K, 0% used [0x0000000706c00000,0x0000000706c00000,0x0000000711200000)
 PSPermGen       total 21504K, used 7508K [0x0000000701a00000, 0x0000000702f00000, 0x0000000706c00000)
  object space 21504K, 34% used [0x0000000701a00000,0x0000000702155118,0x0000000702f00000)

Card table byte_map: [0x00007f80e3b6c000,0x00007f80e4360000] byte_map_base: 0x00007f80e035f000

Polling page: 0x00007f80ee23d000

Code Cache  [0x00007f80e4360000, 0x00007f80e45d0000, 0x00007f80e7360000)
 total_blobs=385 nmethods=4 adapters=336 free_code_cache=48660Kb largest_free_block=49827264

Compilation events (8 events):
Event: 0.077 Thread 0x00007f80e809d000    1             java.lang.String::hashCode (55 bytes)
Event: 0.087 Thread 0x00007f80e809d000 nmethod 1 0x00007f80e43c9190 code [0x00007f80e43c92e0, 0x00007f80e43c9458]
Event: 0.292 Thread 0x00007f80e809a000    2             java.lang.Object::<init> (1 bytes)
Event: 0.293 Thread 0x00007f80e809a000 nmethod 2 0x00007f80e43d9110 code [0x00007f80e43d9240, 0x00007f80e43d92d8]
Event: 0.306 Thread 0x00007f80e809d000    3             java.lang.String::indexOf (70 bytes)
Event: 0.310 Thread 0x00007f80e809d000 nmethod 3 0x00007f80e43d6dd0 code [0x00007f80e43d6f20, 0x00007f80e43d70c8]
Event: 0.341 Thread 0x00007f80e809a000    4             sun.java2d.loops.GraphicsPrimitive::getUniqueID (5 bytes)
Event: 0.342 Thread 0x00007f80e809a000 nmethod 4 0x00007f80e43dabd0 code [0x00007f80e43dad00, 0x00007f80e43dad58]

GC Heap History (0 events):
No events

Deoptimization events (0 events):
No events

Internal exceptions (10 events):
Event: 0.052 Thread 0x00007f80e800a000 Threw 0x00000007aced2338 at /HUDSON/workspace/7u-2-build-linux-amd64/jdk7u65/1224/hotspot/src/share/vm/prims/jvm.cpp:1244
Event: 0.052 Thread 0x00007f80e800a000 Threw 0x00000007aced44c0 at /HUDSON/workspace/7u-2-build-linux-amd64/jdk7u65/1224/hotspot/src/share/vm/prims/jvm.cpp:1244
Event: 0.058 Thread 0x00007f80e800a000 Threw 0x00000007acee3c00 at /HUDSON/workspace/7u-2-build-linux-amd64/jdk7u65/1224/hotspot/src/share/vm/prims/jvm.cpp:1244
Event: 0.059 Thread 0x00007f80e800a000 Threw 0x00000007acee5f58 at /HUDSON/workspace/7u-2-build-linux-amd64/jdk7u65/1224/hotspot/src/share/vm/prims/jvm.cpp:1244
Event: 0.062 Thread 0x00007f80e800a000 Threw 0x00000007acee90b0 at /HUDSON/workspace/7u-2-build-linux-amd64/jdk7u65/1224/hotspot/src/share/vm/prims/jvm.cpp:1244
Event: 0.070 Thread 0x00007f80e800a000 Threw 0x00000007acef4ea0 at /HUDSON/workspace/7u-2-build-linux-amd64/jdk7u65/1224/hotspot/src/share/vm/prims/jni.cpp:717
Event: 0.070 Thread 0x00007f80e800a000 Threw 0x00000007acef57a8 at /HUDSON/workspace/7u-2-build-linux-amd64/jdk7u65/1224/hotspot/src/share/vm/prims/jni.cpp:717
Event: 0.072 Thread 0x00007f80e800a000 Threw 0x00000007acefa0e0 at /HUDSON/workspace/7u-2-build-linux-amd64/jdk7u65/1224/hotspot/src/share/vm/prims/jvm.cpp:1244
Event: 0.073 Thread 0x00007f80e800a000 Threw 0x00000007acf0b598 at /HUDSON/workspace/7u-2-build-linux-amd64/jdk7u65/1224/hotspot/src/share/vm/prims/jvm.cpp:1244
Event: 0.367 Thread 0x00007f80e800a000 Threw 0x00000007ad292bc8 at /HUDSON/workspace/7u-2-build-linux-amd64/jdk7u65/1224/hotspot/src/share/vm/prims/jvm.cpp:1244

Events (10 events):
Event: 0.367 loading class 0x00007f80e80a5e20
Event: 0.367 loading class 0x00007f80e80a5e20 done
Event: 0.368 loading class 0x00007f80e8119600
Event: 0.368 loading class 0x00007f80e8119600 done
Event: 0.368 loading class 0x00007f80e8113000
Event: 0.368 loading class 0x00007f80e8113000 done
Event: 0.368 loading class 0x00007f80e81194d0
Event: 0.368 loading class 0x00007f80e81194d0 done
Event: 0.369 loading class 0x00007f808001c720
Event: 0.369 loading class 0x00007f808001c720 done


Dynamic libraries:
00400000-00401000 r-xp 00000000 08:02 8391584                            /usr/lib/jvm/java-7-oracle/bin/java
00600000-00601000 rw-p 00000000 08:02 8391584                            /usr/lib/jvm/java-7-oracle/bin/java
01480000-014a1000 rw-p 00000000 00:00 0                                  [heap]
701a00000-702f00000 rw-p 00000000 00:00 0 
702f00000-706c00000 rw-p 00000000 00:00 0 
706c00000-711200000 rw-p 00000000 00:00 0 
711200000-7ace80000 rw-p 00000000 00:00 0 
7ace80000-7b2200000 rw-p 00000000 00:00 0 
7b2200000-800000000 rw-p 00000000 00:00 0 
7f8068000000-7f8068021000 rw-p 00000000 00:00 0 
7f8068021000-7f806c000000 ---p 00000000 00:00 0 
7f8070000000-7f8070021000 rw-p 00000000 00:00 0 
7f8070021000-7f8074000000 ---p 00000000 00:00 0 
7f8074000000-7f8074021000 rw-p 00000000 00:00 0 
7f8074021000-7f8078000000 ---p 00000000 00:00 0 
7f8078000000-7f8078021000 rw-p 00000000 00:00 0 
7f8078021000-7f807c000000 ---p 00000000 00:00 0 
7f807c000000-7f807c021000 rw-p 00000000 00:00 0 
7f807c021000-7f8080000000 ---p 00000000 00:00 0 
7f8080000000-7f8080095000 rw-p 00000000 00:00 0 
7f8080095000-7f8084000000 ---p 00000000 00:00 0 
7f8084000000-7f8084021000 rw-p 00000000 00:00 0 
7f8084021000-7f8088000000 ---p 00000000 00:00 0 
7f8088000000-7f8088021000 rw-p 00000000 00:00 0 
7f8088021000-7f808c000000 ---p 00000000 00:00 0 
7f808c000000-7f808c021000 rw-p 00000000 00:00 0 
7f808c021000-7f8090000000 ---p 00000000 00:00 0 
7f8090000000-7f8090021000 rw-p 00000000 00:00 0 
7f8090021000-7f8094000000 ---p 00000000 00:00 0 
7f8094000000-7f8094021000 rw-p 00000000 00:00 0 
7f8094021000-7f8098000000 ---p 00000000 00:00 0 
7f8098000000-7f8098021000 rw-p 00000000 00:00 0 
7f8098021000-7f809c000000 ---p 00000000 00:00 0 
7f809c0d0000-7f80a4000000 rw-p 00000000 00:00 0 
7f80a4000000-7f80a4021000 rw-p 00000000 00:00 0 
7f80a4021000-7f80a8000000 ---p 00000000 00:00 0 
7f80ac000000-7f80ac021000 rw-p 00000000 00:00 0 
7f80ac021000-7f80b0000000 ---p 00000000 00:00 0 
7f80b4000000-7f80b4021000 rw-p 00000000 00:00 0 
7f80b4021000-7f80b8000000 ---p 00000000 00:00 0 
7f80bc000000-7f80bc021000 rw-p 00000000 00:00 0 
7f80bc021000-7f80c0000000 ---p 00000000 00:00 0 
7f80c4000000-7f80c4021000 rw-p 00000000 00:00 0 
7f80c4021000-7f80c8000000 ---p 00000000 00:00 0 
7f80cc000000-7f80cc021000 rw-p 00000000 00:00 0 
7f80cc021000-7f80d0000000 ---p 00000000 00:00 0 
7f80d2f30000-7f80d3045000 rw-s 00000000 00:04 5603338                    /SYSV00000000 (deleted)
7f80d3049000-7f80d31b5000 rw-p 00000000 00:00 0 
7f80d31b5000-7f80d31b8000 ---p 00000000 00:00 0 
7f80d31b8000-7f80d32b6000 rw-p 00000000 00:00 0                          [stack:31273]
7f80d32b6000-7f80d32b9000 ---p 00000000 00:00 0 
7f80d32b9000-7f80d33b7000 rw-p 00000000 00:00 0                          [stack:31272]
7f80d33b7000-7f80d33ba000 ---p 00000000 00:00 0 
7f80d33ba000-7f80d34b8000 rw-p 00000000 00:00 0                          [stack:31271]
7f80d34b8000-7f80d34bd000 r-xp 00000000 08:02 4982906                    /usr/lib/x86_64-linux-gnu/libXfixes.so.3.1.0
7f80d34bd000-7f80d36bc000 ---p 00005000 08:02 4982906                    /usr/lib/x86_64-linux-gnu/libXfixes.so.3.1.0
7f80d36bc000-7f80d36bd000 r--p 00004000 08:02 4982906                    /usr/lib/x86_64-linux-gnu/libXfixes.so.3.1.0
7f80d36bd000-7f80d36be000 rw-p 00005000 08:02 4982906                    /usr/lib/x86_64-linux-gnu/libXfixes.so.3.1.0
7f80d36c0000-7f80d36c9000 r-xp 00000000 08:02 4988146                    /usr/lib/x86_64-linux-gnu/libXcursor.so.1.0.2
7f80d36c9000-7f80d38c8000 ---p 00009000 08:02 4988146                    /usr/lib/x86_64-linux-gnu/libXcursor.so.1.0.2
7f80d38c8000-7f80d38c9000 r--p 00008000 08:02 4988146                    /usr/lib/x86_64-linux-gnu/libXcursor.so.1.0.2
7f80d38c9000-7f80d38ca000 rw-p 00009000 08:02 4988146                    /usr/lib/x86_64-linux-gnu/libXcursor.so.1.0.2
7f80d38cf000-7f80d38d2000 ---p 00000000 00:00 0 
7f80d38d2000-7f80d39d0000 rw-p 00000000 00:00 0                          [stack:31270]
7f80d39d0000-7f80d39d5000 r-xp 00000000 08:02 4988150                    /usr/lib/x86_64-linux-gnu/libXdmcp.so.6.0.0
7f80d39d5000-7f80d3bd4000 ---p 00005000 08:02 4988150                    /usr/lib/x86_64-linux-gnu/libXdmcp.so.6.0.0
7f80d3bd4000-7f80d3bd5000 r--p 00004000 08:02 4988150                    /usr/lib/x86_64-linux-gnu/libXdmcp.so.6.0.0
7f80d3bd5000-7f80d3bd6000 rw-p 00005000 08:02 4988150                    /usr/lib/x86_64-linux-gnu/libXdmcp.so.6.0.0
7f80d3bd8000-7f80d3bda000 r-xp 00000000 08:02 4988139                    /usr/lib/x86_64-linux-gnu/libXau.so.6.0.0
7f80d3bda000-7f80d3dd9000 ---p 00002000 08:02 4988139                    /usr/lib/x86_64-linux-gnu/libXau.so.6.0.0
7f80d3dd9000-7f80d3dda000 r--p 00001000 08:02 4988139                    /usr/lib/x86_64-linux-gnu/libXau.so.6.0.0
7f80d3dda000-7f80d3ddb000 rw-p 00002000 08:02 4988139                    /usr/lib/x86_64-linux-gnu/libXau.so.6.0.0
7f80d3de0000-7f80d3dfd000 r-xp 00000000 08:02 4988746                    /usr/lib/x86_64-linux-gnu/libxcb.so.1.1.0
7f80d3dfd000-7f80d3ffc000 ---p 0001d000 08:02 4988746                    /usr/lib/x86_64-linux-gnu/libxcb.so.1.1.0
7f80d3ffc000-7f80d3ffd000 r--p 0001c000 08:02 4988746                    /usr/lib/x86_64-linux-gnu/libxcb.so.1.1.0
7f80d3ffd000-7f80d3ffe000 rw-p 0001d000 08:02 4988746                    /usr/lib/x86_64-linux-gnu/libxcb.so.1.1.0
7f80d4000000-7f80d4021000 rw-p 00000000 00:00 0 
7f80d4021000-7f80d8000000 ---p 00000000 00:00 0 
7f80d80b8000-7f80d80c7000 r-xp 00000000 08:02 4982908                    /usr/lib/x86_64-linux-gnu/libXi.so.6.1.0
7f80d80c7000-7f80d82c6000 ---p 0000f000 08:02 4982908                    /usr/lib/x86_64-linux-gnu/libXi.so.6.1.0
7f80d82c6000-7f80d82c7000 r--p 0000e000 08:02 4982908                    /usr/lib/x86_64-linux-gnu/libXi.so.6.1.0
7f80d82c7000-7f80d82c8000 rw-p 0000f000 08:02 4982908                    /usr/lib/x86_64-linux-gnu/libXi.so.6.1.0
7f80d82c8000-7f80d82cd000 r-xp 00000000 08:02 4988178                    /usr/lib/x86_64-linux-gnu/libXtst.so.6.1.0
7f80d82cd000-7f80d84cc000 ---p 00005000 08:02 4988178                    /usr/lib/x86_64-linux-gnu/libXtst.so.6.1.0
7f80d84cc000-7f80d84cd000 r--p 00004000 08:02 4988178                    /usr/lib/x86_64-linux-gnu/libXtst.so.6.1.0
7f80d84cd000-7f80d84ce000 rw-p 00005000 08:02 4988178                    /usr/lib/x86_64-linux-gnu/libXtst.so.6.1.0
7f80d84d0000-7f80d84d9000 r-xp 00000000 08:02 4988174                    /usr/lib/x86_64-linux-gnu/libXrender.so.1.3.0
7f80d84d9000-7f80d86d8000 ---p 00009000 08:02 4988174                    /usr/lib/x86_64-linux-gnu/libXrender.so.1.3.0
7f80d86d8000-7f80d86d9000 r--p 00008000 08:02 4988174                    /usr/lib/x86_64-linux-gnu/libXrender.so.1.3.0
7f80d86d9000-7f80d86da000 rw-p 00009000 08:02 4988174                    /usr/lib/x86_64-linux-gnu/libXrender.so.1.3.0
7f80d86e0000-7f80d8810000 r-xp 00000000 08:02 4982903                    /usr/lib/x86_64-linux-gnu/libX11.so.6.3.0
7f80d8810000-7f80d8a10000 ---p 00130000 08:02 4982903                    /usr/lib/x86_64-linux-gnu/libX11.so.6.3.0
7f80d8a10000-7f80d8a11000 r--p 00130000 08:02 4982903                    /usr/lib/x86_64-linux-gnu/libX11.so.6.3.0
7f80d8a11000-7f80d8a15000 rw-p 00131000 08:02 4982903                    /usr/lib/x86_64-linux-gnu/libX11.so.6.3.0
7f80d8a18000-7f80d8a28000 r-xp 00000000 08:02 4988152                    /usr/lib/x86_64-linux-gnu/libXext.so.6.4.0
7f80d8a28000-7f80d8c27000 ---p 00010000 08:02 4988152                    /usr/lib/x86_64-linux-gnu/libXext.so.6.4.0
7f80d8c27000-7f80d8c28000 r--p 0000f000 08:02 4988152                    /usr/lib/x86_64-linux-gnu/libXext.so.6.4.0
7f80d8c28000-7f80d8c29000 rw-p 00010000 08:02 4988152                    /usr/lib/x86_64-linux-gnu/libXext.so.6.4.0
7f80d8c50000-7f80d8ca0000 r-xp 00000000 08:02 8391396                    /usr/lib/jvm/java-7-oracle/jre/lib/amd64/xawt/libmawt.so
7f80d8ca0000-7f80d8ea0000 ---p 00050000 08:02 8391396                    /usr/lib/jvm/java-7-oracle/jre/lib/amd64/xawt/libmawt.so
7f80d8ea0000-7f80d8ea4000 rw-p 00050000 08:02 8391396                    /usr/lib/jvm/java-7-oracle/jre/lib/amd64/xawt/libmawt.so
7f80d8ea4000-7f80d8ea5000 rw-p 00000000 00:00 0 
7f80d8ea8000-7f80d8f4a000 r-xp 00000000 08:02 8391399                    /usr/lib/jvm/java-7-oracle/jre/lib/amd64/libawt.so
7f80d8f4a000-7f80d914a000 ---p 000a2000 08:02 8391399                    /usr/lib/jvm/java-7-oracle/jre/lib/amd64/libawt.so
7f80d914a000-7f80d9156000 rw-p 000a2000 08:02 8391399                    /usr/lib/jvm/java-7-oracle/jre/lib/amd64/libawt.so
7f80d9156000-7f80d917a000 rw-p 00000000 00:00 0 
7f80d9180000-7f80d91a1000 r-xp 00000000 08:02 4988711                    /usr/lib/x86_64-linux-gnu/libv4lconvert.so.0
7f80d91a1000-7f80d93a0000 ---p 00021000 08:02 4988711                    /usr/lib/x86_64-linux-gnu/libv4lconvert.so.0
7f80d93a0000-7f80d93a2000 r--p 00020000 08:02 4988711                    /usr/lib/x86_64-linux-gnu/libv4lconvert.so.0
7f80d93a2000-7f80d93a3000 rw-p 00022000 08:02 4988711                    /usr/lib/x86_64-linux-gnu/libv4lconvert.so.0
7f80d93a3000-7f80d93f5000 rw-p 00000000 00:00 0 
7f80d93f8000-7f80d9400000 r-xp 00000000 08:02 4988710                    /usr/lib/x86_64-linux-gnu/libv4l2.so.0
7f80d9400000-7f80d95ff000 ---p 00008000 08:02 4988710                    /usr/lib/x86_64-linux-gnu/libv4l2.so.0
7f80d95ff000-7f80d9600000 r--p 00007000 08:02 4988710                    /usr/lib/x86_64-linux-gnu/libv4l2.so.0
7f80d9600000-7f80d9604000 rw-p 00008000 08:02 4988710                    /usr/lib/x86_64-linux-gnu/libv4l2.so.0
7f80d9608000-7f80d961d000 r-xp 00000000 08:02 6819542                    /lib/x86_64-linux-gnu/libgcc_s.so.1
7f80d961d000-7f80d981c000 ---p 00015000 08:02 6819542                    /lib/x86_64-linux-gnu/libgcc_s.so.1
7f80d981c000-7f80d981d000 r--p 00014000 08:02 6819542                    /lib/x86_64-linux-gnu/libgcc_s.so.1
7f80d981d000-7f80d981e000 rw-p 00015000 08:02 6819542                    /lib/x86_64-linux-gnu/libgcc_s.so.1
7f80d9820000-7f80d9836000 r-xp 00000000 08:02 6819632                    /lib/x86_64-linux-gnu/libz.so.1.2.3.4
7f80d9836000-7f80d9a35000 ---p 00016000 08:02 6819632                    /lib/x86_64-linux-gnu/libz.so.1.2.3.4
7f80d9a35000-7f80d9a36000 r--p 00015000 08:02 6819632                    /lib/x86_64-linux-gnu/libz.so.1.2.3.4
7f80d9a36000-7f80d9a37000 rw-p 00016000 08:02 6819632                    /lib/x86_64-linux-gnu/libz.so.1.2.3.4
7f80d9a38000-7f80d9a3d000 r-xp 00000000 08:02 4988709                    /usr/lib/x86_64-linux-gnu/libv4l1.so.0
7f80d9a3d000-7f80d9c3c000 ---p 00005000 08:02 4988709                    /usr/lib/x86_64-linux-gnu/libv4l1.so.0
7f80d9c3c000-7f80d9c3d000 r--p 00004000 08:02 4988709                    /usr/lib/x86_64-linux-gnu/libv4l1.so.0
7f80d9c3d000-7f80d9c3e000 rw-p 00005000 08:02 4988709                    /usr/lib/x86_64-linux-gnu/libv4l1.so.0
7f80d9c40000-7f80d9ca1000 r-xp 00000000 08:02 4991012                    /usr/lib/x86_64-linux-gnu/libtiff.so.4.3.4
7f80d9ca1000-7f80d9ea1000 ---p 00061000 08:02 4991012                    /usr/lib/x86_64-linux-gnu/libtiff.so.4.3.4
7f80d9ea1000-7f80d9ea3000 r--p 00061000 08:02 4991012                    /usr/lib/x86_64-linux-gnu/libtiff.so.4.3.4
7f80d9ea3000-7f80d9ea4000 rw-p 00063000 08:02 4991012                    /usr/lib/x86_64-linux-gnu/libtiff.so.4.3.4
7f80d9ea8000-7f80d9ece000 r-xp 00000000 08:02 6819598                    /lib/x86_64-linux-gnu/libpng12.so.0.46.0
7f80d9ece000-7f80da0ce000 ---p 00026000 08:02 6819598                    /lib/x86_64-linux-gnu/libpng12.so.0.46.0
7f80da0ce000-7f80da0cf000 r--p 00026000 08:02 6819598                    /lib/x86_64-linux-gnu/libpng12.so.0.46.0
7f80da0cf000-7f80da0d0000 rw-p 00027000 08:02 6819598                    /lib/x86_64-linux-gnu/libpng12.so.0.46.0
7f80da0d0000-7f80da10f000 r-xp 00000000 08:02 4987524                    /usr/lib/x86_64-linux-gnu/libjpeg.so.8.0.2
7f80da10f000-7f80da30e000 ---p 0003f000 08:02 4987524                    /usr/lib/x86_64-linux-gnu/libjpeg.so.8.0.2
7f80da30e000-7f80da30f000 r--p 0003e000 08:02 4987524                    /usr/lib/x86_64-linux-gnu/libjpeg.so.8.0.2
7f80da30f000-7f80da310000 rw-p 0003f000 08:02 4987524                    /usr/lib/x86_64-linux-gnu/libjpeg.so.8.0.2
7f80da310000-7f80da320000 rw-p 00000000 00:00 0 
7f80da320000-7f80da402000 r-xp 00000000 08:02 4988682                    /usr/lib/x86_64-linux-gnu/libstdc++.so.6.0.16
7f80da402000-7f80da601000 ---p 000e2000 08:02 4988682                    /usr/lib/x86_64-linux-gnu/libstdc++.so.6.0.16
7f80da601000-7f80da609000 r--p 000e1000 08:02 4988682                    /usr/lib/x86_64-linux-gnu/libstdc++.so.6.0.16
7f80da609000-7f80da60b000 rw-p 000e9000 08:02 4988682                    /usr/lib/x86_64-linux-gnu/libstdc++.so.6.0.16
7f80da60b000-7f80da620000 rw-p 00000000 00:00 0 
7f80da640000-7f80db534000 r-xp 00000000 08:02 10095302                   /usr/local/share/OpenCV/java/libopencv_java249.so
7f80db534000-7f80db734000 ---p 00ef4000 08:02 10095302                   /usr/local/share/OpenCV/java/libopencv_java249.so
7f80db734000-7f80db758000 r--p 00ef4000 08:02 10095302                   /usr/local/share/OpenCV/java/libopencv_java249.so
7f80db758000-7f80db770000 rw-p 00f18000 08:02 10095302                   /usr/local/share/OpenCV/java/libopencv_java249.so
7f80db770000-7f80db813000 rw-p 00000000 00:00 0 
7f80db817000-7f80db818000 ---p 00000000 00:00 0 
7f80db818000-7f80db918000 rw-p 00000000 00:00 0                          [stack:31269]
7f80db918000-7f80dbffb000 r--p 00000000 08:02 4987440                    /usr/lib/locale/locale-archive
7f80dc000000-7f80dc021000 rw-p 00000000 00:00 0 
7f80dc021000-7f80e0000000 ---p 00000000 00:00 0 
7f80e0017000-7f80e001a000 ---p 00000000 00:00 0 
7f80e001a000-7f80e0118000 rw-p 00000000 00:00 0                          [stack:31268]
7f80e0118000-7f80e011b000 ---p 00000000 00:00 0 
7f80e011b000-7f80e0219000 rw-p 00000000 00:00 0                          [stack:31267]
7f80e0219000-7f80e021c000 ---p 00000000 00:00 0 
7f80e021c000-7f80e031a000 rw-p 00000000 00:00 0                          [stack:31266]
7f80e031a000-7f80e031d000 ---p 00000000 00:00 0 
7f80e031d000-7f80e041b000 rw-p 00000000 00:00 0                          [stack:31265]
7f80e041b000-7f80e041e000 ---p 00000000 00:00 0 
7f80e041e000-7f80e051c000 rw-p 00000000 00:00 0                          [stack:31264]
7f80e051c000-7f80e051f000 ---p 00000000 00:00 0 
7f80e051f000-7f80e061d000 rw-p 00000000 00:00 0                          [stack:31263]
7f80e061d000-7f80e061e000 ---p 00000000 00:00 0 
7f80e061e000-7f80e23ad000 rw-p 00000000 00:00 0                          [stack:31262]
7f80e23ad000-7f80e256c000 r--s 039e5000 08:02 8390889                    /usr/lib/jvm/java-7-oracle/jre/lib/rt.jar
7f80e256e000-7f80e2e32000 rw-p 00000000 00:00 0 
7f80e2e32000-7f80e2e33000 ---p 00000000 00:00 0 
7f80e2e33000-7f80e2f33000 rw-p 00000000 00:00 0                          [stack:31260]
7f80e2f33000-7f80e2f34000 ---p 00000000 00:00 0 
7f80e2f34000-7f80e3034000 rw-p 00000000 00:00 0                          [stack:31259]
7f80e3034000-7f80e3035000 ---p 00000000 00:00 0 
7f80e3035000-7f80e3135000 rw-p 00000000 00:00 0                          [stack:31258]
7f80e3135000-7f80e3136000 ---p 00000000 00:00 0 
7f80e3136000-7f80e3236000 rw-p 00000000 00:00 0                          [stack:31257]
7f80e3236000-7f80e3237000 ---p 00000000 00:00 0 
7f80e3237000-7f80e3337000 rw-p 00000000 00:00 0                          [stack:31256]
7f80e3337000-7f80e3338000 ---p 00000000 00:00 0 
7f80e3338000-7f80e3438000 rw-p 00000000 00:00 0                          [stack:31255]
7f80e3438000-7f80e3439000 ---p 00000000 00:00 0 
7f80e3439000-7f80e3539000 rw-p 00000000 00:00 0                          [stack:31254]
7f80e3539000-7f80e353a000 ---p 00000000 00:00 0 
7f80e353a000-7f80e368d000 rw-p 00000000 00:00 0                          [stack:31253]
7f80e368d000-7f80e3b6c000 rw-p 00000000 00:00 0 
7f80e3b6c000-7f80e3b77000 rw-p 00000000 00:00 0 
7f80e3b77000-7f80e3b95000 rw-p 00000000 00:00 0 
7f80e3b95000-7f80e3be8000 rw-p 00000000 00:00 0 
7f80e3be8000-7f80e40c6000 rw-p 00000000 00:00 0 
7f80e40c6000-7f80e40f0000 rw-p 00000000 00:00 0 
7f80e40f0000-7f80e435f000 rw-p 00000000 00:00 0 
7f80e435f000-7f80e4360000 rw-p 00000000 00:00 0 
7f80e4360000-7f80e45d0000 rwxp 00000000 00:00 0 
7f80e45d0000-7f80e7360000 rw-p 00000000 00:00 0 
7f80e7360000-7f80e737a000 r-xp 00000000 08:02 8391417                    /usr/lib/jvm/java-7-oracle/jre/lib/amd64/libzip.so
7f80e737a000-7f80e757a000 ---p 0001a000 08:02 8391417                    /usr/lib/jvm/java-7-oracle/jre/lib/amd64/libzip.so
7f80e757a000-7f80e757b000 rw-p 0001a000 08:02 8391417                    /usr/lib/jvm/java-7-oracle/jre/lib/amd64/libzip.so
7f80e7580000-7f80e758c000 r-xp 00000000 08:02 6815859                    /lib/x86_64-linux-gnu/libnss_files-2.15.so
7f80e758c000-7f80e778b000 ---p 0000c000 08:02 6815859                    /lib/x86_64-linux-gnu/libnss_files-2.15.so
7f80e778b000-7f80e778c000 r--p 0000b000 08:02 6815859                    /lib/x86_64-linux-gnu/libnss_files-2.15.so
7f80e778c000-7f80e778d000 rw-p 0000c000 08:02 6815859                    /lib/x86_64-linux-gnu/libnss_files-2.15.so
7f80e7790000-7f80e779a000 r-xp 00000000 08:02 6815863                    /lib/x86_64-linux-gnu/libnss_nis-2.15.so
7f80e779a000-7f80e799a000 ---p 0000a000 08:02 6815863                    /lib/x86_64-linux-gnu/libnss_nis-2.15.so
7f80e799a000-7f80e799b000 r--p 0000a000 08:02 6815863                    /lib/x86_64-linux-gnu/libnss_nis-2.15.so
7f80e799b000-7f80e799c000 rw-p 0000b000 08:02 6815863                    /lib/x86_64-linux-gnu/libnss_nis-2.15.so
7f80e79a0000-7f80e79b7000 r-xp 00000000 08:02 6820619                    /lib/x86_64-linux-gnu/libnsl-2.15.so
7f80e79b7000-7f80e7bb6000 ---p 00017000 08:02 6820619                    /lib/x86_64-linux-gnu/libnsl-2.15.so
7f80e7bb6000-7f80e7bb7000 r--p 00016000 08:02 6820619                    /lib/x86_64-linux-gnu/libnsl-2.15.so
7f80e7bb7000-7f80e7bb8000 rw-p 00017000 08:02 6820619                    /lib/x86_64-linux-gnu/libnsl-2.15.so
7f80e7bb8000-7f80e7bba000 rw-p 00000000 00:00 0 
7f80e7bc0000-7f80e7bc8000 r-xp 00000000 08:02 6815857                    /lib/x86_64-linux-gnu/libnss_compat-2.15.so
7f80e7bc8000-7f80e7dc7000 ---p 00008000 08:02 6815857                    /lib/x86_64-linux-gnu/libnss_compat-2.15.so
7f80e7dc7000-7f80e7dc8000 r--p 00007000 08:02 6815857                    /lib/x86_64-linux-gnu/libnss_compat-2.15.so
7f80e7dc8000-7f80e7dc9000 rw-p 00008000 08:02 6815857                    /lib/x86_64-linux-gnu/libnss_compat-2.15.so
7f80e7dd0000-7f80e7df9000 r-xp 00000000 08:02 8391373                    /usr/lib/jvm/java-7-oracle/jre/lib/amd64/libjava.so
7f80e7df9000-7f80e7ff9000 ---p 00029000 08:02 8391373                    /usr/lib/jvm/java-7-oracle/jre/lib/amd64/libjava.so
7f80e7ff9000-7f80e7ffb000 rw-p 00029000 08:02 8391373                    /usr/lib/jvm/java-7-oracle/jre/lib/amd64/libjava.so
7f80e8000000-7f80e82d7000 rw-p 00000000 00:00 0 
7f80e82d7000-7f80ec000000 ---p 00000000 00:00 0 
7f80ec009000-7f80ec00d000 r--s 00069000 08:02 3278518                    /home/gregor/.m2/repository/opencv/opencv/1/opencv-1.jar
7f80ec010000-7f80ec088000 rw-p 00000000 00:00 0 
7f80ec088000-7f80ec095000 r-xp 00000000 08:02 8391404                    /usr/lib/jvm/java-7-oracle/jre/lib/amd64/libverify.so
7f80ec095000-7f80ec294000 ---p 0000d000 08:02 8391404                    /usr/lib/jvm/java-7-oracle/jre/lib/amd64/libverify.so
7f80ec294000-7f80ec296000 rw-p 0000c000 08:02 8391404                    /usr/lib/jvm/java-7-oracle/jre/lib/amd64/libverify.so
7f80ec298000-7f80ec29f000 r-xp 00000000 08:02 6815862                    /lib/x86_64-linux-gnu/librt-2.15.so
7f80ec29f000-7f80ec49e000 ---p 00007000 08:02 6815862                    /lib/x86_64-linux-gnu/librt-2.15.so
7f80ec49e000-7f80ec49f000 r--p 00006000 08:02 6815862                    /lib/x86_64-linux-gnu/librt-2.15.so
7f80ec49f000-7f80ec4a0000 rw-p 00007000 08:02 6815862                    /lib/x86_64-linux-gnu/librt-2.15.so
7f80ec4a0000-7f80ec59b000 r-xp 00000000 08:02 6815866                    /lib/x86_64-linux-gnu/libm-2.15.so
7f80ec59b000-7f80ec79a000 ---p 000fb000 08:02 6815866                    /lib/x86_64-linux-gnu/libm-2.15.so
7f80ec79a000-7f80ec79b000 r--p 000fa000 08:02 6815866                    /lib/x86_64-linux-gnu/libm-2.15.so
7f80ec79b000-7f80ec79c000 rw-p 000fb000 08:02 6815866                    /lib/x86_64-linux-gnu/libm-2.15.so
7f80ec7a0000-7f80ed310000 r-xp 00000000 08:02 8391414                    /usr/lib/jvm/java-7-oracle/jre/lib/amd64/server/libjvm.so
7f80ed310000-7f80ed50f000 ---p 00b70000 08:02 8391414                    /usr/lib/jvm/java-7-oracle/jre/lib/amd64/server/libjvm.so
7f80ed50f000-7f80ed5d4000 rw-p 00b6f000 08:02 8391414                    /usr/lib/jvm/java-7-oracle/jre/lib/amd64/server/libjvm.so
7f80ed5d4000-7f80ed614000 rw-p 00000000 00:00 0 
7f80ed618000-7f80ed7cd000 r-xp 00000000 08:02 6815755                    /lib/x86_64-linux-gnu/libc-2.15.so
7f80ed7cd000-7f80ed9cd000 ---p 001b5000 08:02 6815755                    /lib/x86_64-linux-gnu/libc-2.15.so
7f80ed9cd000-7f80ed9d1000 r--p 001b5000 08:02 6815755                    /lib/x86_64-linux-gnu/libc-2.15.so
7f80ed9d1000-7f80ed9d3000 rw-p 001b9000 08:02 6815755                    /lib/x86_64-linux-gnu/libc-2.15.so
7f80ed9d3000-7f80ed9d8000 rw-p 00000000 00:00 0 
7f80ed9d8000-7f80ed9da000 r-xp 00000000 08:02 6815870                    /lib/x86_64-linux-gnu/libdl-2.15.so
7f80ed9da000-7f80edbda000 ---p 00002000 08:02 6815870                    /lib/x86_64-linux-gnu/libdl-2.15.so
7f80edbda000-7f80edbdb000 r--p 00002000 08:02 6815870                    /lib/x86_64-linux-gnu/libdl-2.15.so
7f80edbdb000-7f80edbdc000 rw-p 00003000 08:02 6815870                    /lib/x86_64-linux-gnu/libdl-2.15.so
7f80edbe0000-7f80edbf6000 r-xp 00000000 08:02 8390226                    /usr/lib/jvm/java-7-oracle/lib/amd64/jli/libjli.so
7f80edbf6000-7f80eddf6000 ---p 00016000 08:02 8390226                    /usr/lib/jvm/java-7-oracle/lib/amd64/jli/libjli.so
7f80eddf6000-7f80eddf7000 rw-p 00016000 08:02 8390226                    /usr/lib/jvm/java-7-oracle/lib/amd64/jli/libjli.so
7f80eddf8000-7f80ede10000 r-xp 00000000 08:02 6815864                    /lib/x86_64-linux-gnu/libpthread-2.15.so
7f80ede10000-7f80ee00f000 ---p 00018000 08:02 6815864                    /lib/x86_64-linux-gnu/libpthread-2.15.so
7f80ee00f000-7f80ee010000 r--p 00017000 08:02 6815864                    /lib/x86_64-linux-gnu/libpthread-2.15.so
7f80ee010000-7f80ee011000 rw-p 00018000 08:02 6815864                    /lib/x86_64-linux-gnu/libpthread-2.15.so
7f80ee011000-7f80ee015000 rw-p 00000000 00:00 0 
7f80ee018000-7f80ee03a000 r-xp 00000000 08:02 6815867                    /lib/x86_64-linux-gnu/ld-2.15.so
7f80ee042000-7f80ee044000 rw-p 00000000 00:00 0 
7f80ee044000-7f80ee046000 r--s 00024000 08:02 3278315                    /home/gregor/.m2/repository/org/scream3r/jssc/2.8.0/jssc-2.8.0.jar
7f80ee046000-7f80ee052000 rw-p 00000000 00:00 0 
7f80ee052000-7f80ee070000 rw-p 00000000 00:00 0 
7f80ee070000-7f80ee07a000 rw-p 00000000 00:00 0 
7f80ee07a000-7f80ee130000 rw-p 00000000 00:00 0 
7f80ee130000-7f80ee138000 rw-s 00000000 08:02 8262767                    /tmp/hsperfdata_gregor/31248
7f80ee138000-7f80ee139000 rw-p 00000000 00:00 0 
7f80ee139000-7f80ee13c000 ---p 00000000 00:00 0 
7f80ee13c000-7f80ee23a000 rw-p 00000000 00:00 0                          [stack:31252]
7f80ee23a000-7f80ee23b000 r--p 00022000 08:02 6815867                    /lib/x86_64-linux-gnu/ld-2.15.so
7f80ee23b000-7f80ee23d000 rw-p 00023000 08:02 6815867                    /lib/x86_64-linux-gnu/ld-2.15.so
7f80ee23d000-7f80ee23e000 r--p 00000000 00:00 0 
7f80ee23e000-7f80ee244000 rw-p 00000000 00:00 0 
7fffe0b50000-7fffe0b71000 rw-p 00000000 00:00 0                          [stack]
7fffe0c00000-7fffe0c02000 r-xp 00000000 00:00 0                          [vdso]
ffffffffff600000-ffffffffff601000 r-xp 00000000 00:00 0                  [vsyscall]

VM Arguments:
jvm_args: -Djava.library.path=/usr/local/share/OpenCV/java 
java_command: balldetection.Main
Launcher Type: SUN_STANDARD

Environment Variables:
JAVA_HOME=/usr/lib/jvm/java-7-oracle
PATH=/home/gregor/bin:/usr/lib/lightdm/lightdm:/usr/local/sbin:/usr/local/bin:/usr/sbin:/usr/bin:/sbin:/bin:/usr/games
LD_LIBRARY_PATH=/usr/lib/jvm/java-7-oracle/jre/lib/amd64:/usr/lib/jvm/java-7-oracle/jre/lib/i386:
SHELL=/bin/bash
DISPLAY=:0

Signal Handlers:
SIGSEGV: [libjvm.so+0x99f4a0], sa_mask[0]=0x7ffbfeff, sa_flags=0x10000004
SIGBUS: [libjvm.so+0x99f4a0], sa_mask[0]=0x7ffbfeff, sa_flags=0x10000004
SIGFPE: [libjvm.so+0x81a860], sa_mask[0]=0x7ffbfeff, sa_flags=0x10000004
SIGPIPE: [libjvm.so+0x81a860], sa_mask[0]=0x7ffbfeff, sa_flags=0x10000004
SIGXFSZ: [libjvm.so+0x81a860], sa_mask[0]=0x7ffbfeff, sa_flags=0x10000004
SIGILL: [libjvm.so+0x81a860], sa_mask[0]=0x7ffbfeff, sa_flags=0x10000004
SIGUSR1: SIG_DFL, sa_mask[0]=0x00000000, sa_flags=0x00000000
SIGUSR2: [libjvm.so+0x81c060], sa_mask[0]=0x00000004, sa_flags=0x10000004
SIGHUP: [libjvm.so+0x81d160], sa_mask[0]=0x7ffbfeff, sa_flags=0x10000004
SIGINT: SIG_IGN, sa_mask[0]=0x00000000, sa_flags=0x00000000
SIGTERM: [libjvm.so+0x81d160], sa_mask[0]=0x7ffbfeff, sa_flags=0x10000004
SIGQUIT: [libjvm.so+0x81d160], sa_mask[0]=0x7ffbfeff, sa_flags=0x10000004


---------------  S Y S T E M  ---------------

OS:wheezy/sid

uname:Linux 3.8.0-44-generic #66~precise1-Ubuntu SMP Tue Jul 15 04:01:04 UTC 2014 x86_64
libc:glibc 2.15 NPTL 2.15 
rlimit: STACK 8192k, CORE 0k, NPROC 126941, NOFILE 4096, AS infinity
load average:2.15 1.26 0.80

/proc/meminfo:
MemTotal:       16333552 kB
MemFree:         7993468 kB
Buffers:          366020 kB
Cached:          3286352 kB
SwapCached:            0 kB
Active:          5007452 kB
Inactive:        1989772 kB
Active(anon):    3345948 kB
Inactive(anon):    59468 kB
Active(file):    1661504 kB
Inactive(file):  1930304 kB
Unevictable:         260 kB
Mlocked:             260 kB
SwapTotal:       8396796 kB
SwapFree:        8396796 kB
Dirty:               460 kB
Writeback:             0 kB
AnonPages:       3345412 kB
Mapped:           860048 kB
Shmem:             60552 kB
Slab:             362884 kB
SReclaimable:     317176 kB
SUnreclaim:        45708 kB
KernelStack:        6080 kB
PageTables:        60556 kB
NFS_Unstable:          0 kB
Bounce:                0 kB
WritebackTmp:          0 kB
CommitLimit:    16563572 kB
Committed_AS:    9741916 kB
VmallocTotal:   34359738367 kB
VmallocUsed:      336092 kB
VmallocChunk:   34359399668 kB
HardwareCorrupted:     0 kB
AnonHugePages:         0 kB
HugePages_Total:       0
HugePages_Free:        0
HugePages_Rsvd:        0
HugePages_Surp:        0
Hugepagesize:       2048 kB
DirectMap4k:      815100 kB
DirectMap2M:    11710464 kB
DirectMap1G:     4194304 kB


CPU:total 8 (8 cores per cpu, 1 threads per core) family 21 model 2 stepping 0, cmov, cx8, fxsr, mmx, sse, sse2, sse3, ssse3, sse4.1, sse4.2, popcnt, avx, aes, mmxext, 3dnowpref, lzcnt, sse4a, tsc, tscinvbit, tscinv

/proc/cpuinfo:
processor	: 0
vendor_id	: AuthenticAMD
cpu family	: 21
model		: 2
model name	: AMD FX(tm)-8350 Eight-Core Processor
stepping	: 0
microcode	: 0x600081f
cpu MHz		: 1400.000
cache size	: 2048 KB
physical id	: 0
siblings	: 8
core id		: 0
cpu cores	: 4
apicid		: 16
initial apicid	: 0
fpu		: yes
fpu_exception	: yes
cpuid level	: 13
wp		: yes
flags		: fpu vme de pse tsc msr pae mce cx8 apic sep mtrr pge mca cmov pat pse36 clflush mmx fxsr sse sse2 ht syscall nx mmxext fxsr_opt pdpe1gb rdtscp lm constant_tsc rep_good nopl nonstop_tsc extd_apicid aperfmperf pni pclmulqdq monitor ssse3 fma cx16 sse4_1 sse4_2 popcnt aes xsave avx f16c lahf_lm cmp_legacy svm extapic cr8_legacy abm sse4a misalignsse 3dnowprefetch osvw ibs xop skinit wdt lwp fma4 tce nodeid_msr tbm topoext perfctr_core arat cpb hw_pstate npt lbrv svm_lock nrip_save tsc_scale vmcb_clean flushbyasid decodeassists pausefilter pfthreshold bmi1
bogomips	: 8669.74
TLB size	: 1536 4K pages
clflush size	: 64
cache_alignment	: 64
address sizes	: 48 bits physical, 48 bits virtual
power management: ts ttp tm 100mhzsteps hwpstate cpb eff_freq_ro

processor	: 1
vendor_id	: AuthenticAMD
cpu family	: 21
model		: 2
model name	: AMD FX(tm)-8350 Eight-Core Processor           
stepping	: 0
microcode	: 0x600081f
cpu MHz		: 1400.000
cache size	: 2048 KB
physical id	: 0
siblings	: 8
core id		: 1
cpu cores	: 4
apicid		: 17
initial apicid	: 1
fpu		: yes
fpu_exception	: yes
cpuid level	: 13
wp		: yes
flags		: fpu vme de pse tsc msr pae mce cx8 apic sep mtrr pge mca cmov pat pse36 clflush mmx fxsr sse sse2 ht syscall nx mmxext fxsr_opt pdpe1gb rdtscp lm constant_tsc rep_good nopl nonstop_tsc extd_apicid aperfmperf pni pclmulqdq monitor ssse3 fma cx16 sse4_1 sse4_2 popcnt aes xsave avx f16c lahf_lm cmp_legacy svm extapic cr8_legacy abm sse4a misalignsse 3dnowprefetch osvw ibs xop skinit wdt lwp fma4 tce nodeid_msr tbm topoext perfctr_core arat cpb hw_pstate npt lbrv svm_lock nrip_save tsc_scale vmcb_clean flushbyasid decodeassists pausefilter pfthreshold bmi1
bogomips	: 8669.74
TLB size	: 1536 4K pages
clflush size	: 64
cache_alignment	: 64
address sizes	: 48 bits physical, 48 bits virtual
power management: ts ttp tm 100mhzsteps hwpstate cpb eff_freq_ro

processor	: 2
vendor_id	: AuthenticAMD
cpu family	: 21
model		: 2
model name	: AMD FX(tm)-8350 Eight-Core Processor           
stepping	: 0
microcode	: 0x600081f
cpu MHz		: 1400.000
cache size	: 2048 KB
physical id	: 0
siblings	: 8
core id		: 2
cpu cores	: 4
apicid		: 18
initial apicid	: 2
fpu		: yes
fpu_exception	: yes
cpuid level	: 13
wp		: yes
flags		: fpu vme de pse tsc msr pae mce cx8 apic sep mtrr pge mca cmov pat pse36 clflush mmx fxsr sse sse2 ht syscall nx mmxext fxsr_opt pdpe1gb rdtscp lm constant_tsc rep_good nopl nonstop_tsc extd_apicid aperfmperf pni pclmulqdq monitor ssse3 fma cx16 sse4_1 sse4_2 popcnt aes xsave avx f16c lahf_lm cmp_legacy svm extapic cr8_legacy abm sse4a misalignsse 3dnowprefetch osvw ibs xop skinit wdt lwp fma4 tce nodeid_msr tbm topoext perfctr_core arat cpb hw_pstate npt lbrv svm_lock nrip_save tsc_scale vmcb_clean flushbyasid decodeassists pausefilter pfthreshold bmi1
bogomips	: 8669.74
TLB size	: 1536 4K pages
clflush size	: 64
cache_alignment	: 64
address sizes	: 48 bits physical, 48 bits virtual
power management: ts ttp tm 100mhzsteps hwpstate cpb eff_freq_ro

processor	: 3
vendor_id	: AuthenticAMD
cpu family	: 21
model		: 2
model name	: AMD FX(tm)-8350 Eight-Core Processor           
stepping	: 0
microcode	: 0x600081f
cpu MHz		: 1400.000
cache size	: 2048 KB
physical id	: 0
siblings	: 8
core id		: 3
cpu cores	: 4
apicid		: 19
initial apicid	: 3
fpu		: yes
fpu_exception	: yes
cpuid level	: 13
wp		: yes
flags		: fpu vme de pse tsc msr pae mce cx8 apic sep mtrr pge mca cmov pat pse36 clflush mmx fxsr sse sse2 ht syscall nx mmxext fxsr_opt pdpe1gb rdtscp lm constant_tsc rep_good nopl nonstop_tsc extd_apicid aperfmperf pni pclmulqdq monitor ssse3 fma cx16 sse4_1 sse4_2 popcnt aes xsave avx f16c lahf_lm cmp_legacy svm extapic cr8_legacy abm sse4a misalignsse 3dnowprefetch osvw ibs xop skinit wdt lwp fma4 tce nodeid_msr tbm topoext perfctr_core arat cpb hw_pstate npt lbrv svm_lock nrip_save tsc_scale vmcb_clean flushbyasid decodeassists pausefilter pfthreshold bmi1
bogomips	: 8669.74
TLB size	: 1536 4K pages
clflush size	: 64
cache_alignment	: 64
address sizes	: 48 bits physical, 48 bits virtual
power management: ts ttp tm 100mhzsteps hwpstate cpb eff_freq_ro

processor	: 4
vendor_id	: AuthenticAMD
cpu family	: 21
model		: 2
model name	: AMD FX(tm)-8350 Eight-Core Processor           
stepping	: 0
microcode	: 0x600081f
cpu MHz		: 4000.000
cache size	: 2048 KB
physical id	: 0
siblings	: 8
core id		: 4
cpu cores	: 4
apicid		: 20
initial apicid	: 4
fpu		: yes
fpu_exception	: yes
cpuid level	: 13
wp		: yes
flags		: fpu vme de pse tsc msr pae mce cx8 apic sep mtrr pge mca cmov pat pse36 clflush mmx fxsr sse sse2 ht syscall nx mmxext fxsr_opt pdpe1gb rdtscp lm constant_tsc rep_good nopl nonstop_tsc extd_apicid aperfmperf pni pclmulqdq monitor ssse3 fma cx16 sse4_1 sse4_2 popcnt aes xsave avx f16c lahf_lm cmp_legacy svm extapic cr8_legacy abm sse4a misalignsse 3dnowprefetch osvw ibs xop skinit wdt lwp fma4 tce nodeid_msr tbm topoext perfctr_core arat cpb hw_pstate npt lbrv svm_lock nrip_save tsc_scale vmcb_clean flushbyasid decodeassists pausefilter pfthreshold bmi1
bogomips	: 8669.74
TLB size	: 1536 4K pages
clflush size	: 64
cache_alignment	: 64
address sizes	: 48 bits physical, 48 bits virtual
power management: ts ttp tm 100mhzsteps hwpstate cpb eff_freq_ro

processor	: 5
vendor_id	: AuthenticAMD
cpu family	: 21
model		: 2
model name	: AMD FX(tm)-8350 Eight-Core Processor           
stepping	: 0
microcode	: 0x600081f
cpu MHz		: 1400.000
cache size	: 2048 KB
physical id	: 0
siblings	: 8
core id		: 5
cpu cores	: 4
apicid		: 21
initial apicid	: 5
fpu		: yes
fpu_exception	: yes
cpuid level	: 13
wp		: yes
flags		: fpu vme de pse tsc msr pae mce cx8 apic sep mtrr pge mca cmov pat pse36 clflush mmx fxsr sse sse2 ht syscall nx mmxext fxsr_opt pdpe1gb rdtscp lm constant_tsc rep_good nopl nonstop_tsc extd_apicid aperfmperf pni pclmulqdq monitor ssse3 fma cx16 sse4_1 sse4_2 popcnt aes xsave avx f16c lahf_lm cmp_legacy svm extapic cr8_legacy abm sse4a misalignsse 3dnowprefetch osvw ibs xop skinit wdt lwp fma4 tce nodeid_msr tbm topoext perfctr_core arat cpb hw_pstate npt lbrv svm_lock nrip_save tsc_scale vmcb_clean flushbyasid decodeassists pausefilter pfthreshold bmi1
bogomips	: 8669.74
TLB size	: 1536 4K pages
clflush size	: 64
cache_alignment	: 64
address sizes	: 48 bits physical, 48 bits virtual
power management: ts ttp tm 100mhzsteps hwpstate cpb eff_freq_ro

processor	: 6
vendor_id	: AuthenticAMD
cpu family	: 21
model		: 2
model name	: AMD FX(tm)-8350 Eight-Core Processor           
stepping	: 0
microcode	: 0x600081f
cpu MHz		: 1400.000
cache size	: 2048 KB
physical id	: 0
siblings	: 8
core id		: 6
cpu cores	: 4
apicid		: 22
initial apicid	: 6
fpu		: yes
fpu_exception	: yes
cpuid level	: 13
wp		: yes
flags		: fpu vme de pse tsc msr pae mce cx8 apic sep mtrr pge mca cmov pat pse36 clflush mmx fxsr sse sse2 ht syscall nx mmxext fxsr_opt pdpe1gb rdtscp lm constant_tsc rep_good nopl nonstop_tsc extd_apicid aperfmperf pni pclmulqdq monitor ssse3 fma cx16 sse4_1 sse4_2 popcnt aes xsave avx f16c lahf_lm cmp_legacy svm extapic cr8_legacy abm sse4a misalignsse 3dnowprefetch osvw ibs xop skinit wdt lwp fma4 tce nodeid_msr tbm topoext perfctr_core arat cpb hw_pstate npt lbrv svm_lock nrip_save tsc_scale vmcb_clean flushbyasid decodeassists pausefilter pfthreshold bmi1
bogomips	: 8669.74
TLB size	: 1536 4K pages
clflush size	: 64
cache_alignment	: 64
address sizes	: 48 bits physical, 48 bits virtual
power management: ts ttp tm 100mhzsteps hwpstate cpb eff_freq_ro

processor	: 7
vendor_id	: AuthenticAMD
cpu family	: 21
model		: 2
model name	: AMD FX(tm)-8350 Eight-Core Processor           
stepping	: 0
microcode	: 0x600081f
cpu MHz		: 1400.000
cache size	: 2048 KB
physical id	: 0
siblings	: 8
core id		: 7
cpu cores	: 4
apicid		: 23
initial apicid	: 7
fpu		: yes
fpu_exception	: yes
cpuid level	: 13
wp		: yes
flags		: fpu vme de pse tsc msr pae mce cx8 apic sep mtrr pge mca cmov pat pse36 clflush mmx fxsr sse sse2 ht syscall nx mmxext fxsr_opt pdpe1gb rdtscp lm constant_tsc rep_good nopl nonstop_tsc extd_apicid aperfmperf pni pclmulqdq monitor ssse3 fma cx16 sse4_1 sse4_2 popcnt aes xsave avx f16c lahf_lm cmp_legacy svm extapic cr8_legacy abm sse4a misalignsse 3dnowprefetch osvw ibs xop skinit wdt lwp fma4 tce nodeid_msr tbm topoext perfctr_core arat cpb hw_pstate npt lbrv svm_lock nrip_save tsc_scale vmcb_clean flushbyasid decodeassists pausefilter pfthreshold bmi1
bogomips	: 8669.74
TLB size	: 1536 4K pages
clflush size	: 64
cache_alignment	: 64
address sizes	: 48 bits physical, 48 bits virtual
power management: ts ttp tm 100mhzsteps hwpstate cpb eff_freq_ro



Memory: 4k page, physical 16333552k(7993468k free), swap 8396796k(8396796k free)

vm_info: Java HotSpot(TM) 64-Bit Server VM (24.65-b04) for linux-amd64 JRE (1.7.0_65-b17), built on Jun 16 2014 20:55:34 by "java_re" with gcc 4.3.0 20080428 (Red Hat 4.3.0-8)

time: Sun Aug 31 20:15:28 2014
elapsed time: 0 seconds

