#
# A fatal error has been detected by the Java Runtime Environment:
#
#  SIGSEGV (0xb) at pc=0x00007fb8ac395730, pid=9650, tid=140431161382656
#
# JRE version: Java(TM) SE Runtime Environment (7.0_65-b17) (build 1.7.0_65-b17)
# Java VM: Java HotSpot(TM) 64-Bit Server VM (24.65-b04 mixed mode linux-amd64 compressed oops)
# Problematic frame:
# V  [libjvm.so+0x655730]  jni_GetStringUTFChars+0xa0
#
# Failed to write core dump. Core dumps have been disabled. To enable core dumping, try "ulimit -c unlimited" before starting Java again
#
# If you would like to submit a bug report, please visit:
#   http://bugreport.sun.com/bugreport/crash.jsp
#

---------------  T H R E A D  ---------------

Current thread (0x00007fb8a400a000):  JavaThread "main" [_thread_in_vm, id=9654, stack(0x00007fb8ad6d5000,0x00007fb8ad7d6000)]

siginfo:si_signo=SIGSEGV: si_errno=0, si_code=1 (SEGV_MAPERR), si_addr=0x0000000000000000

Registers:
RAX=0x0000000000000000, RBX=0x0000000000000000, RCX=0x00007fb8a4005c30, RDX=0x00007fb8acb8a360
RSP=0x00007fb8ad7d46d0, RBP=0x00007fb8ad7d4730, RSI=0x0000000000000000, RDI=0x00007fb8a400a1e8
R8 =0x00007fb8acb85d80, R9 =0x00000000ffffffff, R10=0x00007fb8a101272c, R11=0x00007fb8ac5f2870
R12=0x0000000000000000, R13=0x00007fb8a400a000, R14=0x00007fb8ad7d47e8, R15=0x0000000000000000
RIP=0x00007fb8ac395730, EFLAGS=0x0000000000010246, CSGSFS=0x0000000000000033, ERR=0x0000000000000004
  TRAPNO=0x000000000000000e

Top of Stack: (sp=0x00007fb8ad7d46d0)
0x00007fb8ad7d46d0:   00007fb8a400a000 0000000000000000
0x00007fb8ad7d46e0:   00007fb8a1005310 00007fb800000000
0x00007fb8ad7d46f0:   00007fb8a400a000 00007fb8a400a918
0x00007fb8ad7d4700:   00007fb8a400a000 00007fb8a400a1e8
0x00007fb8ad7d4710:   0000000000000000 0000000701c9b7e8
0x00007fb8ad7d4720:   00007fb8ad7d47e8 00007fb8a400a000
0x00007fb8ad7d4730:   00007fb8ad7d47c8 00007fb899d687b7
0x00007fb8ad7d4740:   0000000701c9b7e8 0000000000000000
0x00007fb8ad7d4750:   0000000701c9b7e8 00007fb8ad7d47e8
0x00007fb8ad7d4760:   0000000701c9b7e8 00007fb8ad7d47c8
0x00007fb8ad7d4770:   0000000000000000 00007fb8a1012758
0x00007fb8ad7d4780:   00007fb8a400a000 00007fb8ad7d4788
0x00007fb8ad7d4790:   0000000701c9b7e8 00007fb8ad7d47e8
0x00007fb8ad7d47a0:   0000000701c9c590 0000000000000000
0x00007fb8ad7d47b0:   0000000701c9b7e8 0000000000000000
0x00007fb8ad7d47c0:   00007fb8ad7d47e8 00007fb8ad7d4838
0x00007fb8ad7d47d0:   00007fb8a1006175 00000007aceeb2e0
0x00007fb8ad7d47e0:   00007fb8a100ecd7 0000000000000000
0x00007fb8ad7d47f0:   00000007ada4dba0 00007fb8ad7d47f8
0x00007fb8ad7d4800:   0000000701c9a8e6 00007fb8ad7d4850
0x00007fb8ad7d4810:   0000000701c9c590 0000000000000000
0x00007fb8ad7d4820:   0000000701c9a910 00007fb8ad7d47e8
0x00007fb8ad7d4830:   00007fb8ad7d4848 00007fb8ad7d48a8
0x00007fb8ad7d4840:   00007fb8a1006058 0000000000000000
0x00007fb8ad7d4850:   00000007ada4dba0 00000007ada4dba0
0x00007fb8ad7d4860:   00000007acee1388 00007fb8ad7d4868
0x00007fb8ad7d4870:   0000000701c992e2 00007fb8ad7d48c8
0x00007fb8ad7d4880:   0000000701c99ee8 0000000000000000
0x00007fb8ad7d4890:   0000000701c99328 00007fb8ad7d4848
0x00007fb8ad7d48a0:   00007fb8ad7d48c0 00007fb8ad7d4918
0x00007fb8ad7d48b0:   00007fb8a10068e1 0000000000000000
0x00007fb8ad7d48c0:   00000007ada4da50 00000007acee1388 

Instructions: (pc=0x00007fb8ac395730)
0x00007fb8ac395710:   4c 89 6d c0 4c 89 6d a0 48 c7 45 a8 00 00 00 00
0x00007fb8ac395720:   49 83 7d 08 00 74 09 48 8d 7d a0 e8 e0 78 21 00
0x00007fb8ac395730:   4c 8b 23 4c 89 e7 e8 65 db fa ff 48 63 f8 31 c9
0x00007fb8ac395740:   31 d2 48 83 c7 01 89 c3 be 00 07 00 00 e8 8e 6a 

Register to memory mapping:

RAX=0x0000000000000000 is an unknown value
RBX=0x0000000000000000 is an unknown value
RCX=0x00007fb8a4005c30 is an unknown value
RDX=0x00007fb8acb8a360: <offset 0xe4a360> in /usr/lib/jvm/java-7-oracle/jre/lib/amd64/server/libjvm.so at 0x00007fb8abd40000
RSP=0x00007fb8ad7d46d0 is pointing into the stack for thread: 0x00007fb8a400a000
RBP=0x00007fb8ad7d4730 is pointing into the stack for thread: 0x00007fb8a400a000
RSI=0x0000000000000000 is an unknown value
RDI=0x00007fb8a400a1e8 is an unknown value
R8 =0x00007fb8acb85d80: <offset 0xe45d80> in /usr/lib/jvm/java-7-oracle/jre/lib/amd64/server/libjvm.so at 0x00007fb8abd40000
R9 =0x00000000ffffffff is an unknown value
R10=0x00007fb8a101272c is at code_begin+620 in an Interpreter codelet
method entry point (kind = native)  [0x00007fb8a10124c0, 0x00007fb8a1012d20]  2144 bytes
R11=0x00007fb8ac5f2870: <offset 0x8b2870> in /usr/lib/jvm/java-7-oracle/jre/lib/amd64/server/libjvm.so at 0x00007fb8abd40000
R12=0x0000000000000000 is an unknown value
R13=0x00007fb8a400a000 is a thread
R14=0x00007fb8ad7d47e8 is pointing into the stack for thread: 0x00007fb8a400a000
R15=0x0000000000000000 is an unknown value


Stack: [0x00007fb8ad6d5000,0x00007fb8ad7d6000],  sp=0x00007fb8ad7d46d0,  free space=1021k
Native frames: (J=compiled Java code, j=interpreted, Vv=VM code, C=native code)
V  [libjvm.so+0x655730]  jni_GetStringUTFChars+0xa0
C  [libopencv_java249.so+0x2307b7]  Java_org_opencv_highgui_VideoCapture_VideoCapture_11+0x27
j  org.opencv.highgui.VideoCapture.<init>(Ljava/lang/String;)V+6
j  balldetection.processors.VideoProvidorProcessor.process(Lorg/opencv/core/Mat;)Lorg/opencv/core/Mat;+26
j  balldetection.ImageProcessor.process()V+44
j  balldetection.Main.main([Ljava/lang/String;)V+183
v  ~StubRoutines::call_stub
V  [libjvm.so+0x5ffb65]  JavaCalls::call_helper(JavaValue*, methodHandle*, JavaCallArguments*, Thread*)+0x365
V  [libjvm.so+0x5fe5c8]  JavaCalls::call(JavaValue*, methodHandle, JavaCallArguments*, Thread*)+0x28
V  [libjvm.so+0x638309]  jni_invoke_static(JNIEnv_*, JavaValue*, _jobject*, JNICallType, _jmethodID*, JNI_ArgumentPusher*, Thread*)+0x219
V  [libjvm.so+0x640f22]  jni_CallStaticVoidMethod+0x162
C  [libjli.so+0x36d9]  JavaMain+0x7e9

Java frames: (J=compiled Java code, j=interpreted, Vv=VM code)
j  org.opencv.highgui.VideoCapture.VideoCapture_1(Ljava/lang/String;)J+0
j  org.opencv.highgui.VideoCapture.<init>(Ljava/lang/String;)V+6
j  balldetection.processors.VideoProvidorProcessor.process(Lorg/opencv/core/Mat;)Lorg/opencv/core/Mat;+26
j  balldetection.ImageProcessor.process()V+44
j  balldetection.Main.main([Ljava/lang/String;)V+183
v  ~StubRoutines::call_stub

---------------  P R O C E S S  ---------------

Java Threads: ( => current thread )
  0x00007fb8a420d800 JavaThread "AWT-EventQueue-0" [_thread_in_native, id=9674, stack(0x00007fb89273d000,0x00007fb89283e000)]
  0x00007fb8a420c800 JavaThread "AWT-Shutdown" [_thread_blocked, id=9673, stack(0x00007fb89283e000,0x00007fb89293f000)]
  0x00007fb8a41be000 JavaThread "AWT-XAWT" daemon [_thread_in_native, id=9672, stack(0x00007fb89293f000,0x00007fb892a40000)]
  0x00007fb8a419d000 JavaThread "Java2D Disposer" daemon [_thread_blocked, id=9671, stack(0x00007fb898067000,0x00007fb898168000)]
  0x00007fb8a409f000 JavaThread "Service Thread" daemon [_thread_blocked, id=9669, stack(0x00007fb89ae0c000,0x00007fb89af0d000)]
  0x00007fb8a409d000 JavaThread "C2 CompilerThread1" daemon [_thread_blocked, id=9668, stack(0x00007fb89af0d000,0x00007fb89b00e000)]
  0x00007fb8a409a000 JavaThread "C2 CompilerThread0" daemon [_thread_blocked, id=9667, stack(0x00007fb89b00e000,0x00007fb89b10f000)]
  0x00007fb8a4098800 JavaThread "Signal Dispatcher" daemon [_thread_blocked, id=9666, stack(0x00007fb89b10f000,0x00007fb89b210000)]
  0x00007fb8a4078800 JavaThread "Finalizer" daemon [_thread_blocked, id=9665, stack(0x00007fb89b8f9000,0x00007fb89b9fa000)]
  0x00007fb8a4076800 JavaThread "Reference Handler" daemon [_thread_blocked, id=9664, stack(0x00007fb89b9fa000,0x00007fb89bafb000)]
=>0x00007fb8a400a000 JavaThread "main" [_thread_in_vm, id=9654, stack(0x00007fb8ad6d5000,0x00007fb8ad7d6000)]

Other Threads:
  0x00007fb8a4072000 VMThread [stack: 0x00007fb89bafb000,0x00007fb89bbfc000] [id=9663]
  0x00007fb8a40aa000 WatcherThread [stack: 0x00007fb89ad0b000,0x00007fb89ae0c000] [id=9670]

VM state:not at safepoint (normal execution)

VM Mutex/Monitor currently owned by a thread: None

Heap
 PSYoungGen      total 75264K, used 13006K [0x00000007ace80000, 0x00000007b2200000, 0x0000000800000000)
  eden space 65024K, 20% used [0x00000007ace80000,0x00000007adb33980,0x00000007b0e00000)
  from space 10240K, 0% used [0x00000007b1800000,0x00000007b1800000,0x00000007b2200000)
  to   space 10240K, 0% used [0x00000007b0e00000,0x00000007b0e00000,0x00000007b1800000)
 ParOldGen       total 169984K, used 0K [0x0000000706c00000, 0x0000000711200000, 0x00000007ace80000)
  object space 169984K, 0% used [0x0000000706c00000,0x0000000706c00000,0x0000000711200000)
 PSPermGen       total 21504K, used 11557K [0x0000000701a00000, 0x0000000702f00000, 0x0000000706c00000)
  object space 21504K, 53% used [0x0000000701a00000,0x0000000702549510,0x0000000702f00000)

Card table byte_map: [0x00007fb8aa194000,0x00007fb8aa988000] byte_map_base: 0x00007fb8a6987000

Polling page: 0x00007fb8ad6d4000

Code Cache  [0x00007fb8a1000000, 0x00007fb8a1270000, 0x00007fb8a4000000)
 total_blobs=546 nmethods=75 adapters=425 free_code_cache=48437Kb largest_free_block=49564800

Compilation events (10 events):
Event: 2.681 Thread 0x00007fb8a409d000   71             sun.awt.X11.Native::getInt (8 bytes)
Event: 2.682 Thread 0x00007fb8a409d000 nmethod 71 0x00007fb8a1094f10 code [0x00007fb8a1095040, 0x00007fb8a10950b8]
Event: 2.691 Thread 0x00007fb8a409a000   72             java.util.Arrays::binarySearch0 (95 bytes)
Event: 2.694 Thread 0x00007fb8a409a000 nmethod 72 0x00007fb8a10a4a50 code [0x00007fb8a10a4ba0, 0x00007fb8a10a4d58]
Event: 2.711 Thread 0x00007fb8a409d000   73             java.util.HashMap::getEntry (86 bytes)
Event: 2.717 Thread 0x00007fb8a409d000 nmethod 73 0x00007fb8a10a57d0 code [0x00007fb8a10a5940, 0x00007fb8a10a5b68]
Event: 2.724 Thread 0x00007fb8a409a000   74             sun.awt.X11.Native::getLongSize (4 bytes)
Event: 2.725 Thread 0x00007fb8a409a000 nmethod 74 0x00007fb8a10a55d0 code [0x00007fb8a10a5700, 0x00007fb8a10a5758]
Event: 2.853 Thread 0x00007fb8a409d000   75             java.util.HashMap$HashIterator::hasNext (13 bytes)
Event: 2.854 Thread 0x00007fb8a409d000 nmethod 75 0x00007fb8a10a53d0 code [0x00007fb8a10a5500, 0x00007fb8a10a5578]

GC Heap History (0 events):
No events

Deoptimization events (0 events):
No events

Internal exceptions (10 events):
Event: 2.707 Thread 0x00007fb8a400a000 Threw 0x00000007ad9c8c20 at /HUDSON/workspace/7u-2-build-linux-amd64/jdk7u65/1224/hotspot/src/share/vm/prims/jvm.cpp:1244
Event: 2.707 Thread 0x00007fb8a400a000 Threw 0x00000007ad9c9378 at /HUDSON/workspace/7u-2-build-linux-amd64/jdk7u65/1224/hotspot/src/share/vm/prims/jvm.cpp:1244
Event: 2.707 Thread 0x00007fb8a400a000 Threw 0x00000007ad9caee8 at /HUDSON/workspace/7u-2-build-linux-amd64/jdk7u65/1224/hotspot/src/share/vm/prims/jvm.cpp:1244
Event: 2.707 Thread 0x00007fb8a400a000 Threw 0x00000007ad9cb0b0 at /HUDSON/workspace/7u-2-build-linux-amd64/jdk7u65/1224/hotspot/src/share/vm/classfile/systemDictionary.cpp:185
Event: 2.708 Thread 0x00007fb8a400a000 Threw 0x00000007ad9ce4a0 at /HUDSON/workspace/7u-2-build-linux-amd64/jdk7u65/1224/hotspot/src/share/vm/prims/jvm.cpp:1244
Event: 2.708 Thread 0x00007fb8a400a000 Threw 0x00000007ad9d0190 at /HUDSON/workspace/7u-2-build-linux-amd64/jdk7u65/1224/hotspot/src/share/vm/prims/jvm.cpp:1244
Event: 2.708 Thread 0x00007fb8a400a000 Threw 0x00000007ad9d0a00 at /HUDSON/workspace/7u-2-build-linux-amd64/jdk7u65/1224/hotspot/src/share/vm/prims/jvm.cpp:1244
Event: 2.708 Thread 0x00007fb8a400a000 Threw 0x00000007ad9d26f0 at /HUDSON/workspace/7u-2-build-linux-amd64/jdk7u65/1224/hotspot/src/share/vm/prims/jvm.cpp:1244
Event: 2.708 Thread 0x00007fb8a400a000 Threw 0x00000007ad9d28e8 at /HUDSON/workspace/7u-2-build-linux-amd64/jdk7u65/1224/hotspot/src/share/vm/classfile/systemDictionary.cpp:185
Event: 2.967 Thread 0x00007fb8a400a000 Threw 0x00000007ada4bb00 at /HUDSON/workspace/7u-2-build-linux-amd64/jdk7u65/1224/hotspot/src/share/vm/prims/jvm.cpp:1244

Events (10 events):
Event: 2.708 loading class 0x00007fb8a424a670
Event: 2.708 loading class 0x00007fb8a424a670 done
Event: 2.708 loading class 0x00007fb8a424a670
Event: 2.708 loading class 0x00007fb8a424a670 done
Event: 2.708 loading class 0x00007fb8a424a670
Event: 2.708 loading class 0x00007fb8a424a670 done
Event: 2.716 loading class 0x00007fb8a414c1b0
Event: 2.716 loading class 0x00007fb8a414c1b0 done
Event: 2.967 loading class 0x00007fb8a40b27d0
Event: 2.967 loading class 0x00007fb8a40b27d0 done


Dynamic libraries:
00400000-00401000 r-xp 00000000 08:02 8391584                            /usr/lib/jvm/java-7-oracle/bin/java
00600000-00601000 rw-p 00000000 08:02 8391584                            /usr/lib/jvm/java-7-oracle/bin/java
00b5a000-00b7b000 rw-p 00000000 00:00 0                                  [heap]
701a00000-702f00000 rw-p 00000000 00:00 0 
702f00000-706c00000 rw-p 00000000 00:00 0 
706c00000-711200000 rw-p 00000000 00:00 0 
711200000-7ace80000 rw-p 00000000 00:00 0 
7ace80000-7b2200000 rw-p 00000000 00:00 0 
7b2200000-800000000 rw-p 00000000 00:00 0 
7fb828000000-7fb828124000 rw-p 00000000 00:00 0 
7fb828124000-7fb82c000000 ---p 00000000 00:00 0 
7fb830000000-7fb830021000 rw-p 00000000 00:00 0 
7fb830021000-7fb834000000 ---p 00000000 00:00 0 
7fb834000000-7fb834021000 rw-p 00000000 00:00 0 
7fb834021000-7fb838000000 ---p 00000000 00:00 0 
7fb838000000-7fb838021000 rw-p 00000000 00:00 0 
7fb838021000-7fb83c000000 ---p 00000000 00:00 0 
7fb83c000000-7fb83c021000 rw-p 00000000 00:00 0 
7fb83c021000-7fb840000000 ---p 00000000 00:00 0 
7fb840000000-7fb840203000 rw-p 00000000 00:00 0 
7fb840203000-7fb844000000 ---p 00000000 00:00 0 
7fb844000000-7fb844021000 rw-p 00000000 00:00 0 
7fb844021000-7fb848000000 ---p 00000000 00:00 0 
7fb848000000-7fb848021000 rw-p 00000000 00:00 0 
7fb848021000-7fb84c000000 ---p 00000000 00:00 0 
7fb84c000000-7fb84d276000 rw-p 00000000 00:00 0 
7fb84d276000-7fb850000000 ---p 00000000 00:00 0 
7fb850000000-7fb850021000 rw-p 00000000 00:00 0 
7fb850021000-7fb854000000 ---p 00000000 00:00 0 
7fb854000000-7fb854021000 rw-p 00000000 00:00 0 
7fb854021000-7fb858000000 ---p 00000000 00:00 0 
7fb858000000-7fb858021000 rw-p 00000000 00:00 0 
7fb858021000-7fb85c000000 ---p 00000000 00:00 0 
7fb85c0d0000-7fb864000000 rw-p 00000000 00:00 0 
7fb864000000-7fb864021000 rw-p 00000000 00:00 0 
7fb864021000-7fb868000000 ---p 00000000 00:00 0 
7fb86c000000-7fb86c021000 rw-p 00000000 00:00 0 
7fb86c021000-7fb870000000 ---p 00000000 00:00 0 
7fb874000000-7fb874021000 rw-p 00000000 00:00 0 
7fb874021000-7fb878000000 ---p 00000000 00:00 0 
7fb87c000000-7fb87c021000 rw-p 00000000 00:00 0 
7fb87c021000-7fb880000000 ---p 00000000 00:00 0 
7fb884000000-7fb884021000 rw-p 00000000 00:00 0 
7fb884021000-7fb888000000 ---p 00000000 00:00 0 
7fb88c000000-7fb88c021000 rw-p 00000000 00:00 0 
7fb88c021000-7fb890000000 ---p 00000000 00:00 0 
7fb891a90000-7fb891a9c000 rw-s 00000000 00:04 62685209                   /SYSV00000000 (deleted)
7fb891aa0000-7fb891aac000 rw-s 00000000 00:04 62652442                   /SYSV00000000 (deleted)
7fb891ab0000-7fb891b19000 r-xp 00000000 08:02 8391408                    /usr/lib/jvm/java-7-oracle/jre/lib/amd64/libt2k.so
7fb891b19000-7fb891d18000 ---p 00069000 08:02 8391408                    /usr/lib/jvm/java-7-oracle/jre/lib/amd64/libt2k.so
7fb891d18000-7fb891d1f000 rw-p 00068000 08:02 8391408                    /usr/lib/jvm/java-7-oracle/jre/lib/amd64/libt2k.so
7fb891d1f000-7fb891d2f000 rw-p 00000000 00:00 0 
7fb891d30000-7fb891d40000 r-xp 00000000 08:02 8391416                    /usr/lib/jvm/java-7-oracle/jre/lib/amd64/libnio.so
7fb891d40000-7fb891f40000 ---p 00010000 08:02 8391416                    /usr/lib/jvm/java-7-oracle/jre/lib/amd64/libnio.so
7fb891f40000-7fb891f41000 rw-p 00010000 08:02 8391416                    /usr/lib/jvm/java-7-oracle/jre/lib/amd64/libnio.so
7fb891f48000-7fb891f5e000 r-xp 00000000 08:02 8391391                    /usr/lib/jvm/java-7-oracle/jre/lib/amd64/libnet.so
7fb891f5e000-7fb89215e000 ---p 00016000 08:02 8391391                    /usr/lib/jvm/java-7-oracle/jre/lib/amd64/libnet.so
7fb89215e000-7fb89215f000 rw-p 00016000 08:02 8391391                    /usr/lib/jvm/java-7-oracle/jre/lib/amd64/libnet.so
7fb892160000-7fb8921c5000 r-xp 00000000 08:02 8391424                    /usr/lib/jvm/java-7-oracle/jre/lib/amd64/libfontmanager.so
7fb8921c5000-7fb8923c4000 ---p 00065000 08:02 8391424                    /usr/lib/jvm/java-7-oracle/jre/lib/amd64/libfontmanager.so
7fb8923c4000-7fb8923c8000 rw-p 00064000 08:02 8391424                    /usr/lib/jvm/java-7-oracle/jre/lib/amd64/libfontmanager.so
7fb8923c8000-7fb8923d9000 rw-p 00000000 00:00 0 
7fb8923e0000-7fb8924f9000 rw-s 00000000 00:04 62586904                   /SYSV00000000 (deleted)
7fb892500000-7fb892619000 rw-s 00000000 00:04 62554134                   /SYSV00000000 (deleted)
7fb892620000-7fb892739000 rw-s 00000000 00:04 62488597                   /SYSV00000000 (deleted)
7fb89273d000-7fb892740000 ---p 00000000 00:00 0 
7fb892740000-7fb89283e000 rw-p 00000000 00:00 0                          [stack:9674]
7fb89283e000-7fb892841000 ---p 00000000 00:00 0 
7fb892841000-7fb89293f000 rw-p 00000000 00:00 0                          [stack:9673]
7fb89293f000-7fb892942000 ---p 00000000 00:00 0 
7fb892942000-7fb892a40000 rw-p 00000000 00:00 0                          [stack:9672]
7fb892a40000-7fb892a45000 r-xp 00000000 08:02 4982906                    /usr/lib/x86_64-linux-gnu/libXfixes.so.3.1.0
7fb892a45000-7fb892c44000 ---p 00005000 08:02 4982906                    /usr/lib/x86_64-linux-gnu/libXfixes.so.3.1.0
7fb892c44000-7fb892c45000 r--p 00004000 08:02 4982906                    /usr/lib/x86_64-linux-gnu/libXfixes.so.3.1.0
7fb892c45000-7fb892c46000 rw-p 00005000 08:02 4982906                    /usr/lib/x86_64-linux-gnu/libXfixes.so.3.1.0
7fb892c48000-7fb892c51000 r-xp 00000000 08:02 4988146                    /usr/lib/x86_64-linux-gnu/libXcursor.so.1.0.2
7fb892c51000-7fb892e50000 ---p 00009000 08:02 4988146                    /usr/lib/x86_64-linux-gnu/libXcursor.so.1.0.2
7fb892e50000-7fb892e51000 r--p 00008000 08:02 4988146                    /usr/lib/x86_64-linux-gnu/libXcursor.so.1.0.2
7fb892e51000-7fb892e52000 rw-p 00009000 08:02 4988146                    /usr/lib/x86_64-linux-gnu/libXcursor.so.1.0.2
7fb892e58000-7fb892e5d000 r-xp 00000000 08:02 4988150                    /usr/lib/x86_64-linux-gnu/libXdmcp.so.6.0.0
7fb892e5d000-7fb89305c000 ---p 00005000 08:02 4988150                    /usr/lib/x86_64-linux-gnu/libXdmcp.so.6.0.0
7fb89305c000-7fb89305d000 r--p 00004000 08:02 4988150                    /usr/lib/x86_64-linux-gnu/libXdmcp.so.6.0.0
7fb89305d000-7fb89305e000 rw-p 00005000 08:02 4988150                    /usr/lib/x86_64-linux-gnu/libXdmcp.so.6.0.0
7fb893060000-7fb893062000 r-xp 00000000 08:02 4988139                    /usr/lib/x86_64-linux-gnu/libXau.so.6.0.0
7fb893062000-7fb893261000 ---p 00002000 08:02 4988139                    /usr/lib/x86_64-linux-gnu/libXau.so.6.0.0
7fb893261000-7fb893262000 r--p 00001000 08:02 4988139                    /usr/lib/x86_64-linux-gnu/libXau.so.6.0.0
7fb893262000-7fb893263000 rw-p 00002000 08:02 4988139                    /usr/lib/x86_64-linux-gnu/libXau.so.6.0.0
7fb893268000-7fb893285000 r-xp 00000000 08:02 4988746                    /usr/lib/x86_64-linux-gnu/libxcb.so.1.1.0
7fb893285000-7fb893484000 ---p 0001d000 08:02 4988746                    /usr/lib/x86_64-linux-gnu/libxcb.so.1.1.0
7fb893484000-7fb893485000 r--p 0001c000 08:02 4988746                    /usr/lib/x86_64-linux-gnu/libxcb.so.1.1.0
7fb893485000-7fb893486000 rw-p 0001d000 08:02 4988746                    /usr/lib/x86_64-linux-gnu/libxcb.so.1.1.0
7fb893488000-7fb893497000 r-xp 00000000 08:02 4982908                    /usr/lib/x86_64-linux-gnu/libXi.so.6.1.0
7fb893497000-7fb893696000 ---p 0000f000 08:02 4982908                    /usr/lib/x86_64-linux-gnu/libXi.so.6.1.0
7fb893696000-7fb893697000 r--p 0000e000 08:02 4982908                    /usr/lib/x86_64-linux-gnu/libXi.so.6.1.0
7fb893697000-7fb893698000 rw-p 0000f000 08:02 4982908                    /usr/lib/x86_64-linux-gnu/libXi.so.6.1.0
7fb893698000-7fb89369d000 r-xp 00000000 08:02 4988178                    /usr/lib/x86_64-linux-gnu/libXtst.so.6.1.0
7fb89369d000-7fb89389c000 ---p 00005000 08:02 4988178                    /usr/lib/x86_64-linux-gnu/libXtst.so.6.1.0
7fb89389c000-7fb89389d000 r--p 00004000 08:02 4988178                    /usr/lib/x86_64-linux-gnu/libXtst.so.6.1.0
7fb89389d000-7fb89389e000 rw-p 00005000 08:02 4988178                    /usr/lib/x86_64-linux-gnu/libXtst.so.6.1.0
7fb8938a0000-7fb8938a9000 r-xp 00000000 08:02 4988174                    /usr/lib/x86_64-linux-gnu/libXrender.so.1.3.0
7fb8938a9000-7fb893aa8000 ---p 00009000 08:02 4988174                    /usr/lib/x86_64-linux-gnu/libXrender.so.1.3.0
7fb893aa8000-7fb893aa9000 r--p 00008000 08:02 4988174                    /usr/lib/x86_64-linux-gnu/libXrender.so.1.3.0
7fb893aa9000-7fb893aaa000 rw-p 00009000 08:02 4988174                    /usr/lib/x86_64-linux-gnu/libXrender.so.1.3.0
7fb893ab0000-7fb893be0000 r-xp 00000000 08:02 4982903                    /usr/lib/x86_64-linux-gnu/libX11.so.6.3.0
7fb893be0000-7fb893de0000 ---p 00130000 08:02 4982903                    /usr/lib/x86_64-linux-gnu/libX11.so.6.3.0
7fb893de0000-7fb893de1000 r--p 00130000 08:02 4982903                    /usr/lib/x86_64-linux-gnu/libX11.so.6.3.0
7fb893de1000-7fb893de5000 rw-p 00131000 08:02 4982903                    /usr/lib/x86_64-linux-gnu/libX11.so.6.3.0
7fb893de8000-7fb893df8000 r-xp 00000000 08:02 4988152                    /usr/lib/x86_64-linux-gnu/libXext.so.6.4.0
7fb893df8000-7fb893ff7000 ---p 00010000 08:02 4988152                    /usr/lib/x86_64-linux-gnu/libXext.so.6.4.0
7fb893ff7000-7fb893ff8000 r--p 0000f000 08:02 4988152                    /usr/lib/x86_64-linux-gnu/libXext.so.6.4.0
7fb893ff8000-7fb893ff9000 rw-p 00010000 08:02 4988152                    /usr/lib/x86_64-linux-gnu/libXext.so.6.4.0
7fb894000000-7fb894021000 rw-p 00000000 00:00 0 
7fb894021000-7fb898000000 ---p 00000000 00:00 0 
7fb898000000-7fb898001000 r--s 00000000 08:02 1704019                    /var/cache/fontconfig/c05880de57d1f5e948fdfacc138775d9-le64.cache-3
7fb898008000-7fb898011000 r--s 00000000 08:02 1704014                    /var/cache/fontconfig/945677eb7aeaf62f1d50efc3fb3ec7d8-le64.cache-3
7fb898018000-7fb89801a000 r--s 00000000 08:02 1704015                    /var/cache/fontconfig/99e8ed0e538f840c565b6ed5dad60d56-le64.cache-3
7fb898020000-7fb898028000 r--s 00000000 08:02 1711652                    /var/cache/fontconfig/a6d8cf8e4ec09cdbc8633c31745a07dd-le64.cache-3
7fb898028000-7fb89802c000 r--s 00000000 08:02 1704001                    /var/cache/fontconfig/2cd17615ca594fa2959ae173292e504c-le64.cache-3
7fb898030000-7fb898031000 r--s 00000000 08:02 1704026                    /var/cache/fontconfig/e7071f4a29fa870f4323321c154eba04-le64.cache-3
7fb898038000-7fb89803e000 r--s 00000000 08:02 1704016                    /var/cache/fontconfig/a755afe4a08bf5b97852ceb7400b47bc-le64.cache-3
7fb898040000-7fb898049000 r--s 00000000 08:02 1724859                    /var/cache/fontconfig/6d41288fd70b0be22e8c3a91e032eec0-le64.cache-3
7fb898050000-7fb898060000 r--s 00000000 08:02 1703998                    /var/cache/fontconfig/04aabc0a78ac019cf9454389977116d2-le64.cache-3
7fb898067000-7fb89806a000 ---p 00000000 00:00 0 
7fb89806a000-7fb898168000 rw-p 00000000 00:00 0                          [stack:9671]
7fb898168000-7fb8981b8000 r-xp 00000000 08:02 8391396                    /usr/lib/jvm/java-7-oracle/jre/lib/amd64/xawt/libmawt.so
7fb8981b8000-7fb8983b8000 ---p 00050000 08:02 8391396                    /usr/lib/jvm/java-7-oracle/jre/lib/amd64/xawt/libmawt.so
7fb8983b8000-7fb8983bc000 rw-p 00050000 08:02 8391396                    /usr/lib/jvm/java-7-oracle/jre/lib/amd64/xawt/libmawt.so
7fb8983bc000-7fb8983bd000 rw-p 00000000 00:00 0 
7fb8983c0000-7fb898462000 r-xp 00000000 08:02 8391399                    /usr/lib/jvm/java-7-oracle/jre/lib/amd64/libawt.so
7fb898462000-7fb898662000 ---p 000a2000 08:02 8391399                    /usr/lib/jvm/java-7-oracle/jre/lib/amd64/libawt.so
7fb898662000-7fb89866e000 rw-p 000a2000 08:02 8391399                    /usr/lib/jvm/java-7-oracle/jre/lib/amd64/libawt.so
7fb89866e000-7fb898692000 rw-p 00000000 00:00 0 
7fb898698000-7fb8986b9000 r-xp 00000000 08:02 4988711                    /usr/lib/x86_64-linux-gnu/libv4lconvert.so.0
7fb8986b9000-7fb8988b8000 ---p 00021000 08:02 4988711                    /usr/lib/x86_64-linux-gnu/libv4lconvert.so.0
7fb8988b8000-7fb8988ba000 r--p 00020000 08:02 4988711                    /usr/lib/x86_64-linux-gnu/libv4lconvert.so.0
7fb8988ba000-7fb8988bb000 rw-p 00022000 08:02 4988711                    /usr/lib/x86_64-linux-gnu/libv4lconvert.so.0
7fb8988bb000-7fb89890d000 rw-p 00000000 00:00 0 
7fb898910000-7fb898918000 r-xp 00000000 08:02 4988710                    /usr/lib/x86_64-linux-gnu/libv4l2.so.0
7fb898918000-7fb898b17000 ---p 00008000 08:02 4988710                    /usr/lib/x86_64-linux-gnu/libv4l2.so.0
7fb898b17000-7fb898b18000 r--p 00007000 08:02 4988710                    /usr/lib/x86_64-linux-gnu/libv4l2.so.0
7fb898b18000-7fb898b1c000 rw-p 00008000 08:02 4988710                    /usr/lib/x86_64-linux-gnu/libv4l2.so.0
7fb898b20000-7fb898b35000 r-xp 00000000 08:02 6819542                    /lib/x86_64-linux-gnu/libgcc_s.so.1
7fb898b35000-7fb898d34000 ---p 00015000 08:02 6819542                    /lib/x86_64-linux-gnu/libgcc_s.so.1
7fb898d34000-7fb898d35000 r--p 00014000 08:02 6819542                    /lib/x86_64-linux-gnu/libgcc_s.so.1
7fb898d35000-7fb898d36000 rw-p 00015000 08:02 6819542                    /lib/x86_64-linux-gnu/libgcc_s.so.1
7fb898d38000-7fb898d4e000 r-xp 00000000 08:02 6819632                    /lib/x86_64-linux-gnu/libz.so.1.2.3.4
7fb898d4e000-7fb898f4d000 ---p 00016000 08:02 6819632                    /lib/x86_64-linux-gnu/libz.so.1.2.3.4
7fb898f4d000-7fb898f4e000 r--p 00015000 08:02 6819632                    /lib/x86_64-linux-gnu/libz.so.1.2.3.4
7fb898f4e000-7fb898f4f000 rw-p 00016000 08:02 6819632                    /lib/x86_64-linux-gnu/libz.so.1.2.3.4
7fb898f50000-7fb898f55000 r-xp 00000000 08:02 4988709                    /usr/lib/x86_64-linux-gnu/libv4l1.so.0
7fb898f55000-7fb899154000 ---p 00005000 08:02 4988709                    /usr/lib/x86_64-linux-gnu/libv4l1.so.0
7fb899154000-7fb899155000 r--p 00004000 08:02 4988709                    /usr/lib/x86_64-linux-gnu/libv4l1.so.0
7fb899155000-7fb899156000 rw-p 00005000 08:02 4988709                    /usr/lib/x86_64-linux-gnu/libv4l1.so.0
7fb899158000-7fb8991b9000 r-xp 00000000 08:02 4991012                    /usr/lib/x86_64-linux-gnu/libtiff.so.4.3.4
7fb8991b9000-7fb8993b9000 ---p 00061000 08:02 4991012                    /usr/lib/x86_64-linux-gnu/libtiff.so.4.3.4
7fb8993b9000-7fb8993bb000 r--p 00061000 08:02 4991012                    /usr/lib/x86_64-linux-gnu/libtiff.so.4.3.4
7fb8993bb000-7fb8993bc000 rw-p 00063000 08:02 4991012                    /usr/lib/x86_64-linux-gnu/libtiff.so.4.3.4
7fb8993c0000-7fb8993e6000 r-xp 00000000 08:02 6819598                    /lib/x86_64-linux-gnu/libpng12.so.0.46.0
7fb8993e6000-7fb8995e6000 ---p 00026000 08:02 6819598                    /lib/x86_64-linux-gnu/libpng12.so.0.46.0
7fb8995e6000-7fb8995e7000 r--p 00026000 08:02 6819598                    /lib/x86_64-linux-gnu/libpng12.so.0.46.0
7fb8995e7000-7fb8995e8000 rw-p 00027000 08:02 6819598                    /lib/x86_64-linux-gnu/libpng12.so.0.46.0
7fb8995e8000-7fb899627000 r-xp 00000000 08:02 4987524                    /usr/lib/x86_64-linux-gnu/libjpeg.so.8.0.2
7fb899627000-7fb899826000 ---p 0003f000 08:02 4987524                    /usr/lib/x86_64-linux-gnu/libjpeg.so.8.0.2
7fb899826000-7fb899827000 r--p 0003e000 08:02 4987524                    /usr/lib/x86_64-linux-gnu/libjpeg.so.8.0.2
7fb899827000-7fb899828000 rw-p 0003f000 08:02 4987524                    /usr/lib/x86_64-linux-gnu/libjpeg.so.8.0.2
7fb899828000-7fb899838000 rw-p 00000000 00:00 0 
7fb899838000-7fb89991a000 r-xp 00000000 08:02 4988682                    /usr/lib/x86_64-linux-gnu/libstdc++.so.6.0.16
7fb89991a000-7fb899b19000 ---p 000e2000 08:02 4988682                    /usr/lib/x86_64-linux-gnu/libstdc++.so.6.0.16
7fb899b19000-7fb899b21000 r--p 000e1000 08:02 4988682                    /usr/lib/x86_64-linux-gnu/libstdc++.so.6.0.16
7fb899b21000-7fb899b23000 rw-p 000e9000 08:02 4988682                    /usr/lib/x86_64-linux-gnu/libstdc++.so.6.0.16
7fb899b23000-7fb899b38000 rw-p 00000000 00:00 0 
7fb899b38000-7fb89aa2c000 r-xp 00000000 08:02 10095302                   /usr/local/share/OpenCV/java/libopencv_java249.so
7fb89aa2c000-7fb89ac2c000 ---p 00ef4000 08:02 10095302                   /usr/local/share/OpenCV/java/libopencv_java249.so
7fb89ac2c000-7fb89ac50000 r--p 00ef4000 08:02 10095302                   /usr/local/share/OpenCV/java/libopencv_java249.so
7fb89ac50000-7fb89ac68000 rw-p 00f18000 08:02 10095302                   /usr/local/share/OpenCV/java/libopencv_java249.so
7fb89ac68000-7fb89ad0b000 rw-p 00000000 00:00 0 
7fb89ad0b000-7fb89ad0c000 ---p 00000000 00:00 0 
7fb89ad0c000-7fb89ae0c000 rw-p 00000000 00:00 0                          [stack:9670]
7fb89ae0c000-7fb89ae0f000 ---p 00000000 00:00 0 
7fb89ae0f000-7fb89af0d000 rw-p 00000000 00:00 0                          [stack:9669]
7fb89af0d000-7fb89af10000 ---p 00000000 00:00 0 
7fb89af10000-7fb89b00e000 rw-p 00000000 00:00 0                          [stack:9668]
7fb89b00e000-7fb89b011000 ---p 00000000 00:00 0 
7fb89b011000-7fb89b10f000 rw-p 00000000 00:00 0                          [stack:9667]
7fb89b10f000-7fb89b112000 ---p 00000000 00:00 0 
7fb89b112000-7fb89b210000 rw-p 00000000 00:00 0                          [stack:9666]
7fb89b210000-7fb89b8f3000 r--p 00000000 08:02 4987440                    /usr/lib/locale/locale-archive
7fb89b8f9000-7fb89b8fc000 ---p 00000000 00:00 0 
7fb89b8fc000-7fb89b9fa000 rw-p 00000000 00:00 0                          [stack:9665]
7fb89b9fa000-7fb89b9fd000 ---p 00000000 00:00 0 
7fb89b9fd000-7fb89bafb000 rw-p 00000000 00:00 0                          [stack:9664]
7fb89bafb000-7fb89bafc000 ---p 00000000 00:00 0 
7fb89bafc000-7fb89c000000 rw-p 00000000 00:00 0                          [stack:9663]
7fb89c000000-7fb89c021000 rw-p 00000000 00:00 0 
7fb89c021000-7fb8a0000000 ---p 00000000 00:00 0 
7fb8a0000000-7fb8a0001000 r--s 00000000 08:02 1703999                    /var/cache/fontconfig/0d8c3b2ac0904cb8a57a757ad11a4a08-le64.cache-3
7fb8a0008000-7fb8a000b000 r--s 00000000 08:02 1704004                    /var/cache/fontconfig/385c0604a188198f04d133e54aba7fe7-le64.cache-3
7fb8a0010000-7fb8a0011000 r--s 00000000 08:02 1724509                    /var/cache/fontconfig/4794a0821666d79190d59a36cb4f44b5-le64.cache-3
7fb8a0018000-7fb8a001b000 r--s 00000000 08:02 1704013                    /var/cache/fontconfig/8801497958630a81b71ace7c5f9b32a8-le64.cache-3
7fb8a0020000-7fb8a004e000 r--s 00000000 08:02 1705409                    /var/cache/fontconfig/365b55f210c0a22e9a19e35191240f32-le64.cache-3
7fb8a0050000-7fb8a0055000 r--s 00000000 08:02 1704002                    /var/cache/fontconfig/3047814df9a2f067bd2d96a2b9c36e5a-le64.cache-3
7fb8a0058000-7fb8a0059000 r--s 00000000 08:02 1704007                    /var/cache/fontconfig/56cf4f4769d0f4abc89a4895d7bd3ae1-le64.cache-3
7fb8a0060000-7fb8a0061000 r--s 00000000 08:02 1704018                    /var/cache/fontconfig/b9d506c9ac06c20b433354fa67a72993-le64.cache-3
7fb8a0068000-7fb8a006d000 r--s 00000000 08:02 1704017                    /var/cache/fontconfig/b47c4e1ecd0709278f4910c18777a504-le64.cache-3
7fb8a0070000-7fb8a0078000 r--s 00000000 08:02 1711651                    /var/cache/fontconfig/52f7bdb7ce746bfd7eaa1985bd9cfa93-le64.cache-3
7fb8a0078000-7fb8a007b000 r--s 00000000 08:02 1712409                    /var/cache/fontconfig/e49e89034d371f0f9de17aab02136486-le64.cache-3
7fb8a0080000-7fb8a0082000 r--s 00000000 08:02 1712407                    /var/cache/fontconfig/4b14b093aebc79c320de5e86ae1d3314-le64.cache-3
7fb8a0088000-7fb8a0098000 r--s 00000000 08:02 1704022                    /var/cache/fontconfig/d52a8644073d54c13679302ca1180695-le64.cache-3
7fb8a0098000-7fb8a00a3000 r--s 00000000 08:02 1704544                    /var/cache/fontconfig/e13b20fdb08344e0e664864cc2ede53d-le64.cache-3
7fb8a00a8000-7fb8a00ac000 r--s 00000000 08:02 1712401                    /var/cache/fontconfig/7ef2298fde41cc6eeb7af42e48b7d293-le64.cache-3
7fb8a00ac000-7fb8a00b3000 r--s 00094000 08:02 3278527                    /home/gregor/.m2/repository/org/jdesktop/beansbinding/1.2.1/beansbinding-1.2.1.jar
7fb8a00b8000-7fb8a00bf000 r--s 00000000 08:02 5250113                    /usr/lib/x86_64-linux-gnu/gconv/gconv-modules.cache
7fb8a00c1000-7fb8a00c5000 r--s 00069000 08:02 3278518                    /home/gregor/.m2/repository/opencv/opencv/1/opencv-1.jar
7fb8a00c9000-7fb8a1000000 rw-p 00000000 00:00 0 
7fb8a1000000-7fb8a1270000 rwxp 00000000 00:00 0 
7fb8a1270000-7fb8a457a000 rw-p 00000000 00:00 0 
7fb8a457a000-7fb8a8000000 ---p 00000000 00:00 0 
7fb8a8004000-7fb8a8006000 r--s 00024000 08:02 3278315                    /home/gregor/.m2/repository/org/scream3r/jssc/2.8.0/jssc-2.8.0.jar
7fb8a8009000-7fb8a895d000 rw-p 00000000 00:00 0 
7fb8a895d000-7fb8a8b1c000 r--s 039e5000 08:02 8390889                    /usr/lib/jvm/java-7-oracle/jre/lib/rt.jar
7fb8a8b1e000-7fb8a945a000 rw-p 00000000 00:00 0 
7fb8a945a000-7fb8a945b000 ---p 00000000 00:00 0 
7fb8a945b000-7fb8a955b000 rw-p 00000000 00:00 0                          [stack:9662]
7fb8a955b000-7fb8a955c000 ---p 00000000 00:00 0 
7fb8a955c000-7fb8a965c000 rw-p 00000000 00:00 0                          [stack:9661]
7fb8a965c000-7fb8a965d000 ---p 00000000 00:00 0 
7fb8a965d000-7fb8a975d000 rw-p 00000000 00:00 0                          [stack:9660]
7fb8a975d000-7fb8a975e000 ---p 00000000 00:00 0 
7fb8a975e000-7fb8a985e000 rw-p 00000000 00:00 0                          [stack:9659]
7fb8a985e000-7fb8a985f000 ---p 00000000 00:00 0 
7fb8a985f000-7fb8a995f000 rw-p 00000000 00:00 0                          [stack:9658]
7fb8a995f000-7fb8a9960000 ---p 00000000 00:00 0 
7fb8a9960000-7fb8a9a60000 rw-p 00000000 00:00 0                          [stack:9657]
7fb8a9a60000-7fb8a9a61000 ---p 00000000 00:00 0 
7fb8a9a61000-7fb8a9b61000 rw-p 00000000 00:00 0                          [stack:9656]
7fb8a9b61000-7fb8a9b62000 ---p 00000000 00:00 0 
7fb8a9b62000-7fb8a9cb5000 rw-p 00000000 00:00 0                          [stack:9655]
7fb8a9cb5000-7fb8aa194000 rw-p 00000000 00:00 0 
7fb8aa194000-7fb8aa19f000 rw-p 00000000 00:00 0 
7fb8aa19f000-7fb8aa1bd000 rw-p 00000000 00:00 0 
7fb8aa1bd000-7fb8aa210000 rw-p 00000000 00:00 0 
7fb8aa210000-7fb8aa6ee000 rw-p 00000000 00:00 0 
7fb8aa6ee000-7fb8aa718000 rw-p 00000000 00:00 0 
7fb8aa718000-7fb8aa987000 rw-p 00000000 00:00 0 
7fb8aa987000-7fb8aa988000 rw-p 00000000 00:00 0 
7fb8aa988000-7fb8aa9a2000 r-xp 00000000 08:02 8391417                    /usr/lib/jvm/java-7-oracle/jre/lib/amd64/libzip.so
7fb8aa9a2000-7fb8aaba2000 ---p 0001a000 08:02 8391417                    /usr/lib/jvm/java-7-oracle/jre/lib/amd64/libzip.so
7fb8aaba2000-7fb8aaba3000 rw-p 0001a000 08:02 8391417                    /usr/lib/jvm/java-7-oracle/jre/lib/amd64/libzip.so
7fb8aaba8000-7fb8aabb4000 r-xp 00000000 08:02 6815859                    /lib/x86_64-linux-gnu/libnss_files-2.15.so
7fb8aabb4000-7fb8aadb3000 ---p 0000c000 08:02 6815859                    /lib/x86_64-linux-gnu/libnss_files-2.15.so
7fb8aadb3000-7fb8aadb4000 r--p 0000b000 08:02 6815859                    /lib/x86_64-linux-gnu/libnss_files-2.15.so
7fb8aadb4000-7fb8aadb5000 rw-p 0000c000 08:02 6815859                    /lib/x86_64-linux-gnu/libnss_files-2.15.so
7fb8aadb8000-7fb8aadc2000 r-xp 00000000 08:02 6815863                    /lib/x86_64-linux-gnu/libnss_nis-2.15.so
7fb8aadc2000-7fb8aafc2000 ---p 0000a000 08:02 6815863                    /lib/x86_64-linux-gnu/libnss_nis-2.15.so
7fb8aafc2000-7fb8aafc3000 r--p 0000a000 08:02 6815863                    /lib/x86_64-linux-gnu/libnss_nis-2.15.so
7fb8aafc3000-7fb8aafc4000 rw-p 0000b000 08:02 6815863                    /lib/x86_64-linux-gnu/libnss_nis-2.15.so
7fb8aafc8000-7fb8aafdf000 r-xp 00000000 08:02 6820619                    /lib/x86_64-linux-gnu/libnsl-2.15.so
7fb8aafdf000-7fb8ab1de000 ---p 00017000 08:02 6820619                    /lib/x86_64-linux-gnu/libnsl-2.15.so
7fb8ab1de000-7fb8ab1df000 r--p 00016000 08:02 6820619                    /lib/x86_64-linux-gnu/libnsl-2.15.so
7fb8ab1df000-7fb8ab1e0000 rw-p 00017000 08:02 6820619                    /lib/x86_64-linux-gnu/libnsl-2.15.so
7fb8ab1e0000-7fb8ab1e2000 rw-p 00000000 00:00 0 
7fb8ab1e8000-7fb8ab1f0000 r-xp 00000000 08:02 6815857                    /lib/x86_64-linux-gnu/libnss_compat-2.15.so
7fb8ab1f0000-7fb8ab3ef000 ---p 00008000 08:02 6815857                    /lib/x86_64-linux-gnu/libnss_compat-2.15.so
7fb8ab3ef000-7fb8ab3f0000 r--p 00007000 08:02 6815857                    /lib/x86_64-linux-gnu/libnss_compat-2.15.so
7fb8ab3f0000-7fb8ab3f1000 rw-p 00008000 08:02 6815857                    /lib/x86_64-linux-gnu/libnss_compat-2.15.so
7fb8ab3f8000-7fb8ab421000 r-xp 00000000 08:02 8391373                    /usr/lib/jvm/java-7-oracle/jre/lib/amd64/libjava.so
7fb8ab421000-7fb8ab621000 ---p 00029000 08:02 8391373                    /usr/lib/jvm/java-7-oracle/jre/lib/amd64/libjava.so
7fb8ab621000-7fb8ab623000 rw-p 00029000 08:02 8391373                    /usr/lib/jvm/java-7-oracle/jre/lib/amd64/libjava.so
7fb8ab628000-7fb8ab635000 r-xp 00000000 08:02 8391404                    /usr/lib/jvm/java-7-oracle/jre/lib/amd64/libverify.so
7fb8ab635000-7fb8ab834000 ---p 0000d000 08:02 8391404                    /usr/lib/jvm/java-7-oracle/jre/lib/amd64/libverify.so
7fb8ab834000-7fb8ab836000 rw-p 0000c000 08:02 8391404                    /usr/lib/jvm/java-7-oracle/jre/lib/amd64/libverify.so
7fb8ab838000-7fb8ab83f000 r-xp 00000000 08:02 6815862                    /lib/x86_64-linux-gnu/librt-2.15.so
7fb8ab83f000-7fb8aba3e000 ---p 00007000 08:02 6815862                    /lib/x86_64-linux-gnu/librt-2.15.so
7fb8aba3e000-7fb8aba3f000 r--p 00006000 08:02 6815862                    /lib/x86_64-linux-gnu/librt-2.15.so
7fb8aba3f000-7fb8aba40000 rw-p 00007000 08:02 6815862                    /lib/x86_64-linux-gnu/librt-2.15.so
7fb8aba40000-7fb8abb3b000 r-xp 00000000 08:02 6815866                    /lib/x86_64-linux-gnu/libm-2.15.so
7fb8abb3b000-7fb8abd3a000 ---p 000fb000 08:02 6815866                    /lib/x86_64-linux-gnu/libm-2.15.so
7fb8abd3a000-7fb8abd3b000 r--p 000fa000 08:02 6815866                    /lib/x86_64-linux-gnu/libm-2.15.so
7fb8abd3b000-7fb8abd3c000 rw-p 000fb000 08:02 6815866                    /lib/x86_64-linux-gnu/libm-2.15.so
7fb8abd40000-7fb8ac8b0000 r-xp 00000000 08:02 8391414                    /usr/lib/jvm/java-7-oracle/jre/lib/amd64/server/libjvm.so
7fb8ac8b0000-7fb8acaaf000 ---p 00b70000 08:02 8391414                    /usr/lib/jvm/java-7-oracle/jre/lib/amd64/server/libjvm.so
7fb8acaaf000-7fb8acb74000 rw-p 00b6f000 08:02 8391414                    /usr/lib/jvm/java-7-oracle/jre/lib/amd64/server/libjvm.so
7fb8acb74000-7fb8acbb4000 rw-p 00000000 00:00 0 
7fb8acbb8000-7fb8acd6d000 r-xp 00000000 08:02 6815755                    /lib/x86_64-linux-gnu/libc-2.15.so
7fb8acd6d000-7fb8acf6d000 ---p 001b5000 08:02 6815755                    /lib/x86_64-linux-gnu/libc-2.15.so
7fb8acf6d000-7fb8acf71000 r--p 001b5000 08:02 6815755                    /lib/x86_64-linux-gnu/libc-2.15.so
7fb8acf71000-7fb8acf73000 rw-p 001b9000 08:02 6815755                    /lib/x86_64-linux-gnu/libc-2.15.so
7fb8acf73000-7fb8acf78000 rw-p 00000000 00:00 0 
7fb8acf78000-7fb8acf7a000 r-xp 00000000 08:02 6815870                    /lib/x86_64-linux-gnu/libdl-2.15.so
7fb8acf7a000-7fb8ad17a000 ---p 00002000 08:02 6815870                    /lib/x86_64-linux-gnu/libdl-2.15.so
7fb8ad17a000-7fb8ad17b000 r--p 00002000 08:02 6815870                    /lib/x86_64-linux-gnu/libdl-2.15.so
7fb8ad17b000-7fb8ad17c000 rw-p 00003000 08:02 6815870                    /lib/x86_64-linux-gnu/libdl-2.15.so
7fb8ad180000-7fb8ad196000 r-xp 00000000 08:02 8390226                    /usr/lib/jvm/java-7-oracle/lib/amd64/jli/libjli.so
7fb8ad196000-7fb8ad396000 ---p 00016000 08:02 8390226                    /usr/lib/jvm/java-7-oracle/lib/amd64/jli/libjli.so
7fb8ad396000-7fb8ad397000 rw-p 00016000 08:02 8390226                    /usr/lib/jvm/java-7-oracle/lib/amd64/jli/libjli.so
7fb8ad398000-7fb8ad3b0000 r-xp 00000000 08:02 6815864                    /lib/x86_64-linux-gnu/libpthread-2.15.so
7fb8ad3b0000-7fb8ad5af000 ---p 00018000 08:02 6815864                    /lib/x86_64-linux-gnu/libpthread-2.15.so
7fb8ad5af000-7fb8ad5b0000 r--p 00017000 08:02 6815864                    /lib/x86_64-linux-gnu/libpthread-2.15.so
7fb8ad5b0000-7fb8ad5b1000 rw-p 00018000 08:02 6815864                    /lib/x86_64-linux-gnu/libpthread-2.15.so
7fb8ad5b1000-7fb8ad5b5000 rw-p 00000000 00:00 0 
7fb8ad5b8000-7fb8ad5da000 r-xp 00000000 08:02 6815867                    /lib/x86_64-linux-gnu/ld-2.15.so
7fb8ad5df000-7fb8ad5ea000 rw-p 00000000 00:00 0 
7fb8ad5ea000-7fb8ad608000 rw-p 00000000 00:00 0 
7fb8ad608000-7fb8ad612000 rw-p 00000000 00:00 0 
7fb8ad612000-7fb8ad6c8000 rw-p 00000000 00:00 0 
7fb8ad6c8000-7fb8ad6d0000 rw-s 00000000 08:02 8262905                    /tmp/hsperfdata_gregor/9650
7fb8ad6d0000-7fb8ad6d4000 rw-p 00000000 00:00 0 
7fb8ad6d4000-7fb8ad6d5000 r--p 00000000 00:00 0 
7fb8ad6d5000-7fb8ad6d8000 ---p 00000000 00:00 0 
7fb8ad6d8000-7fb8ad7da000 rw-p 00000000 00:00 0                          [stack:9654]
7fb8ad7da000-7fb8ad7db000 r--p 00022000 08:02 6815867                    /lib/x86_64-linux-gnu/ld-2.15.so
7fb8ad7db000-7fb8ad7dd000 rw-p 00023000 08:02 6815867                    /lib/x86_64-linux-gnu/ld-2.15.so
7fb8ad7dd000-7fb8ad7df000 rw-p 00000000 00:00 0 
7fff70491000-7fff704b2000 rw-p 00000000 00:00 0                          [stack]
7fff70600000-7fff70602000 r-xp 00000000 00:00 0                          [vdso]
ffffffffff600000-ffffffffff601000 r-xp 00000000 00:00 0                  [vsyscall]

VM Arguments:
jvm_args: -Djava.library.path=/usr/local/share/OpenCV/java 
java_command: balldetection.Main
Launcher Type: SUN_STANDARD

Environment Variables:
JAVA_HOME=/usr/lib/jvm/java-7-oracle
PATH=/home/gregor/bin:/usr/lib/lightdm/lightdm:/usr/local/sbin:/usr/local/bin:/usr/sbin:/usr/bin:/sbin:/bin:/usr/games
LD_LIBRARY_PATH=/usr/lib/jvm/java-7-oracle/jre/lib/amd64:/usr/lib/jvm/java-7-oracle/jre/lib/i386:
SHELL=/bin/bash
DISPLAY=:0

Signal Handlers:
SIGSEGV: [libjvm.so+0x99f4a0], sa_mask[0]=0x7ffbfeff, sa_flags=0x10000004
SIGBUS: [libjvm.so+0x99f4a0], sa_mask[0]=0x7ffbfeff, sa_flags=0x10000004
SIGFPE: [libjvm.so+0x81a860], sa_mask[0]=0x7ffbfeff, sa_flags=0x10000004
SIGPIPE: [libjvm.so+0x81a860], sa_mask[0]=0x7ffbfeff, sa_flags=0x10000004
SIGXFSZ: [libjvm.so+0x81a860], sa_mask[0]=0x7ffbfeff, sa_flags=0x10000004
SIGILL: [libjvm.so+0x81a860], sa_mask[0]=0x7ffbfeff, sa_flags=0x10000004
SIGUSR1: SIG_DFL, sa_mask[0]=0x00000000, sa_flags=0x00000000
SIGUSR2: [libjvm.so+0x81c060], sa_mask[0]=0x00000004, sa_flags=0x10000004
SIGHUP: [libjvm.so+0x81d160], sa_mask[0]=0x7ffbfeff, sa_flags=0x10000004
SIGINT: SIG_IGN, sa_mask[0]=0x00000000, sa_flags=0x00000000
SIGTERM: [libjvm.so+0x81d160], sa_mask[0]=0x7ffbfeff, sa_flags=0x10000004
SIGQUIT: [libjvm.so+0x81d160], sa_mask[0]=0x7ffbfeff, sa_flags=0x10000004


---------------  S Y S T E M  ---------------

OS:wheezy/sid

uname:Linux 3.8.0-44-generic #66~precise1-Ubuntu SMP Tue Jul 15 04:01:04 UTC 2014 x86_64
libc:glibc 2.15 NPTL 2.15 
rlimit: STACK 8192k, CORE 0k, NPROC 126941, NOFILE 4096, AS infinity
load average:1.76 1.92 1.75

/proc/meminfo:
MemTotal:       16333552 kB
MemFree:         1403628 kB
Buffers:          364036 kB
Cached:          2682128 kB
SwapCached:          356 kB
Active:         12104784 kB
Inactive:        1198384 kB
Active(anon):    9851636 kB
Inactive(anon):   480268 kB
Active(file):    2253148 kB
Inactive(file):   718116 kB
Unevictable:         268 kB
Mlocked:             268 kB
SwapTotal:       8396796 kB
SwapFree:        8396284 kB
Dirty:               392 kB
Writeback:             0 kB
AnonPages:      10257268 kB
Mapped:           942180 kB
Shmem:             74900 kB
Slab:             398576 kB
SReclaimable:     337816 kB
SUnreclaim:        60760 kB
KernelStack:        7088 kB
PageTables:        80456 kB
NFS_Unstable:          0 kB
Bounce:                0 kB
WritebackTmp:          0 kB
CommitLimit:    16563572 kB
Committed_AS:   18772784 kB
VmallocTotal:   34359738367 kB
VmallocUsed:      362796 kB
VmallocChunk:   34359311220 kB
HardwareCorrupted:     0 kB
AnonHugePages:         0 kB
HugePages_Total:       0
HugePages_Free:        0
HugePages_Rsvd:        0
HugePages_Surp:        0
Hugepagesize:       2048 kB
DirectMap4k:     2404348 kB
DirectMap2M:    14315520 kB
DirectMap1G:           0 kB


CPU:total 8 (8 cores per cpu, 1 threads per core) family 21 model 2 stepping 0, cmov, cx8, fxsr, mmx, sse, sse2, sse3, ssse3, sse4.1, sse4.2, popcnt, avx, aes, mmxext, 3dnowpref, lzcnt, sse4a, tsc, tscinvbit, tscinv

/proc/cpuinfo:
processor	: 0
vendor_id	: AuthenticAMD
cpu family	: 21
model		: 2
model name	: AMD FX(tm)-8350 Eight-Core Processor
stepping	: 0
microcode	: 0x600081f
cpu MHz		: 2100.000
cache size	: 2048 KB
physical id	: 0
siblings	: 8
core id		: 0
cpu cores	: 4
apicid		: 16
initial apicid	: 0
fpu		: yes
fpu_exception	: yes
cpuid level	: 13
wp		: yes
flags		: fpu vme de pse tsc msr pae mce cx8 apic sep mtrr pge mca cmov pat pse36 clflush mmx fxsr sse sse2 ht syscall nx mmxext fxsr_opt pdpe1gb rdtscp lm constant_tsc rep_good nopl nonstop_tsc extd_apicid aperfmperf pni pclmulqdq monitor ssse3 fma cx16 sse4_1 sse4_2 popcnt aes xsave avx f16c lahf_lm cmp_legacy svm extapic cr8_legacy abm sse4a misalignsse 3dnowprefetch osvw ibs xop skinit wdt lwp fma4 tce nodeid_msr tbm topoext perfctr_core arat cpb hw_pstate npt lbrv svm_lock nrip_save tsc_scale vmcb_clean flushbyasid decodeassists pausefilter pfthreshold bmi1
bogomips	: 8027.54
TLB size	: 1536 4K pages
clflush size	: 64
cache_alignment	: 64
address sizes	: 48 bits physical, 48 bits virtual
power management: ts ttp tm 100mhzsteps hwpstate cpb eff_freq_ro

processor	: 1
vendor_id	: AuthenticAMD
cpu family	: 21
model		: 2
model name	: AMD FX(tm)-8350 Eight-Core Processor           
stepping	: 0
microcode	: 0x600081f
cpu MHz		: 4000.000
cache size	: 2048 KB
physical id	: 0
siblings	: 8
core id		: 1
cpu cores	: 4
apicid		: 17
initial apicid	: 1
fpu		: yes
fpu_exception	: yes
cpuid level	: 13
wp		: yes
flags		: fpu vme de pse tsc msr pae mce cx8 apic sep mtrr pge mca cmov pat pse36 clflush mmx fxsr sse sse2 ht syscall nx mmxext fxsr_opt pdpe1gb rdtscp lm constant_tsc rep_good nopl nonstop_tsc extd_apicid aperfmperf pni pclmulqdq monitor ssse3 fma cx16 sse4_1 sse4_2 popcnt aes xsave avx f16c lahf_lm cmp_legacy svm extapic cr8_legacy abm sse4a misalignsse 3dnowprefetch osvw ibs xop skinit wdt lwp fma4 tce nodeid_msr tbm topoext perfctr_core arat cpb hw_pstate npt lbrv svm_lock nrip_save tsc_scale vmcb_clean flushbyasid decodeassists pausefilter pfthreshold bmi1
bogomips	: 8027.54
TLB size	: 1536 4K pages
clflush size	: 64
cache_alignment	: 64
address sizes	: 48 bits physical, 48 bits virtual
power management: ts ttp tm 100mhzsteps hwpstate cpb eff_freq_ro

processor	: 2
vendor_id	: AuthenticAMD
cpu family	: 21
model		: 2
model name	: AMD FX(tm)-8350 Eight-Core Processor           
stepping	: 0
microcode	: 0x600081f
cpu MHz		: 2100.000
cache size	: 2048 KB
physical id	: 0
siblings	: 8
core id		: 2
cpu cores	: 4
apicid		: 18
initial apicid	: 2
fpu		: yes
fpu_exception	: yes
cpuid level	: 13
wp		: yes
flags		: fpu vme de pse tsc msr pae mce cx8 apic sep mtrr pge mca cmov pat pse36 clflush mmx fxsr sse sse2 ht syscall nx mmxext fxsr_opt pdpe1gb rdtscp lm constant_tsc rep_good nopl nonstop_tsc extd_apicid aperfmperf pni pclmulqdq monitor ssse3 fma cx16 sse4_1 sse4_2 popcnt aes xsave avx f16c lahf_lm cmp_legacy svm extapic cr8_legacy abm sse4a misalignsse 3dnowprefetch osvw ibs xop skinit wdt lwp fma4 tce nodeid_msr tbm topoext perfctr_core arat cpb hw_pstate npt lbrv svm_lock nrip_save tsc_scale vmcb_clean flushbyasid decodeassists pausefilter pfthreshold bmi1
bogomips	: 8027.54
TLB size	: 1536 4K pages
clflush size	: 64
cache_alignment	: 64
address sizes	: 48 bits physical, 48 bits virtual
power management: ts ttp tm 100mhzsteps hwpstate cpb eff_freq_ro

processor	: 3
vendor_id	: AuthenticAMD
cpu family	: 21
model		: 2
model name	: AMD FX(tm)-8350 Eight-Core Processor           
stepping	: 0
microcode	: 0x600081f
cpu MHz		: 2100.000
cache size	: 2048 KB
physical id	: 0
siblings	: 8
core id		: 3
cpu cores	: 4
apicid		: 19
initial apicid	: 3
fpu		: yes
fpu_exception	: yes
cpuid level	: 13
wp		: yes
flags		: fpu vme de pse tsc msr pae mce cx8 apic sep mtrr pge mca cmov pat pse36 clflush mmx fxsr sse sse2 ht syscall nx mmxext fxsr_opt pdpe1gb rdtscp lm constant_tsc rep_good nopl nonstop_tsc extd_apicid aperfmperf pni pclmulqdq monitor ssse3 fma cx16 sse4_1 sse4_2 popcnt aes xsave avx f16c lahf_lm cmp_legacy svm extapic cr8_legacy abm sse4a misalignsse 3dnowprefetch osvw ibs xop skinit wdt lwp fma4 tce nodeid_msr tbm topoext perfctr_core arat cpb hw_pstate npt lbrv svm_lock nrip_save tsc_scale vmcb_clean flushbyasid decodeassists pausefilter pfthreshold bmi1
bogomips	: 8027.54
TLB size	: 1536 4K pages
clflush size	: 64
cache_alignment	: 64
address sizes	: 48 bits physical, 48 bits virtual
power management: ts ttp tm 100mhzsteps hwpstate cpb eff_freq_ro

processor	: 4
vendor_id	: AuthenticAMD
cpu family	: 21
model		: 2
model name	: AMD FX(tm)-8350 Eight-Core Processor           
stepping	: 0
microcode	: 0x600081f
cpu MHz		: 1400.000
cache size	: 2048 KB
physical id	: 0
siblings	: 8
core id		: 4
cpu cores	: 4
apicid		: 20
initial apicid	: 4
fpu		: yes
fpu_exception	: yes
cpuid level	: 13
wp		: yes
flags		: fpu vme de pse tsc msr pae mce cx8 apic sep mtrr pge mca cmov pat pse36 clflush mmx fxsr sse sse2 ht syscall nx mmxext fxsr_opt pdpe1gb rdtscp lm constant_tsc rep_good nopl nonstop_tsc extd_apicid aperfmperf pni pclmulqdq monitor ssse3 fma cx16 sse4_1 sse4_2 popcnt aes xsave avx f16c lahf_lm cmp_legacy svm extapic cr8_legacy abm sse4a misalignsse 3dnowprefetch osvw ibs xop skinit wdt lwp fma4 tce nodeid_msr tbm topoext perfctr_core arat cpb hw_pstate npt lbrv svm_lock nrip_save tsc_scale vmcb_clean flushbyasid decodeassists pausefilter pfthreshold bmi1
bogomips	: 8027.54
TLB size	: 1536 4K pages
clflush size	: 64
cache_alignment	: 64
address sizes	: 48 bits physical, 48 bits virtual
power management: ts ttp tm 100mhzsteps hwpstate cpb eff_freq_ro

processor	: 5
vendor_id	: AuthenticAMD
cpu family	: 21
model		: 2
model name	: AMD FX(tm)-8350 Eight-Core Processor           
stepping	: 0
microcode	: 0x600081f
cpu MHz		: 1400.000
cache size	: 2048 KB
physical id	: 0
siblings	: 8
core id		: 5
cpu cores	: 4
apicid		: 21
initial apicid	: 5
fpu		: yes
fpu_exception	: yes
cpuid level	: 13
wp		: yes
flags		: fpu vme de pse tsc msr pae mce cx8 apic sep mtrr pge mca cmov pat pse36 clflush mmx fxsr sse sse2 ht syscall nx mmxext fxsr_opt pdpe1gb rdtscp lm constant_tsc rep_good nopl nonstop_tsc extd_apicid aperfmperf pni pclmulqdq monitor ssse3 fma cx16 sse4_1 sse4_2 popcnt aes xsave avx f16c lahf_lm cmp_legacy svm extapic cr8_legacy abm sse4a misalignsse 3dnowprefetch osvw ibs xop skinit wdt lwp fma4 tce nodeid_msr tbm topoext perfctr_core arat cpb hw_pstate npt lbrv svm_lock nrip_save tsc_scale vmcb_clean flushbyasid decodeassists pausefilter pfthreshold bmi1
bogomips	: 8027.54
TLB size	: 1536 4K pages
clflush size	: 64
cache_alignment	: 64
address sizes	: 48 bits physical, 48 bits virtual
power management: ts ttp tm 100mhzsteps hwpstate cpb eff_freq_ro

processor	: 6
vendor_id	: AuthenticAMD
cpu family	: 21
model		: 2
model name	: AMD FX(tm)-8350 Eight-Core Processor           
stepping	: 0
microcode	: 0x600081f
cpu MHz		: 1400.000
cache size	: 2048 KB
physical id	: 0
siblings	: 8
core id		: 6
cpu cores	: 4
apicid		: 22
initial apicid	: 6
fpu		: yes
fpu_exception	: yes
cpuid level	: 13
wp		: yes
flags		: fpu vme de pse tsc msr pae mce cx8 apic sep mtrr pge mca cmov pat pse36 clflush mmx fxsr sse sse2 ht syscall nx mmxext fxsr_opt pdpe1gb rdtscp lm constant_tsc rep_good nopl nonstop_tsc extd_apicid aperfmperf pni pclmulqdq monitor ssse3 fma cx16 sse4_1 sse4_2 popcnt aes xsave avx f16c lahf_lm cmp_legacy svm extapic cr8_legacy abm sse4a misalignsse 3dnowprefetch osvw ibs xop skinit wdt lwp fma4 tce nodeid_msr tbm topoext perfctr_core arat cpb hw_pstate npt lbrv svm_lock nrip_save tsc_scale vmcb_clean flushbyasid decodeassists pausefilter pfthreshold bmi1
bogomips	: 8027.54
TLB size	: 1536 4K pages
clflush size	: 64
cache_alignment	: 64
address sizes	: 48 bits physical, 48 bits virtual
power management: ts ttp tm 100mhzsteps hwpstate cpb eff_freq_ro

processor	: 7
vendor_id	: AuthenticAMD
cpu family	: 21
model		: 2
model name	: AMD FX(tm)-8350 Eight-Core Processor           
stepping	: 0
microcode	: 0x600081f
cpu MHz		: 4000.000
cache size	: 2048 KB
physical id	: 0
siblings	: 8
core id		: 7
cpu cores	: 4
apicid		: 23
initial apicid	: 7
fpu		: yes
fpu_exception	: yes
cpuid level	: 13
wp		: yes
flags		: fpu vme de pse tsc msr pae mce cx8 apic sep mtrr pge mca cmov pat pse36 clflush mmx fxsr sse sse2 ht syscall nx mmxext fxsr_opt pdpe1gb rdtscp lm constant_tsc rep_good nopl nonstop_tsc extd_apicid aperfmperf pni pclmulqdq monitor ssse3 fma cx16 sse4_1 sse4_2 popcnt aes xsave avx f16c lahf_lm cmp_legacy svm extapic cr8_legacy abm sse4a misalignsse 3dnowprefetch osvw ibs xop skinit wdt lwp fma4 tce nodeid_msr tbm topoext perfctr_core arat cpb hw_pstate npt lbrv svm_lock nrip_save tsc_scale vmcb_clean flushbyasid decodeassists pausefilter pfthreshold bmi1
bogomips	: 8027.54
TLB size	: 1536 4K pages
clflush size	: 64
cache_alignment	: 64
address sizes	: 48 bits physical, 48 bits virtual
power management: ts ttp tm 100mhzsteps hwpstate cpb eff_freq_ro



Memory: 4k page, physical 16333552k(1403424k free), swap 8396796k(8396284k free)

vm_info: Java HotSpot(TM) 64-Bit Server VM (24.65-b04) for linux-amd64 JRE (1.7.0_65-b17), built on Jun 16 2014 20:55:34 by "java_re" with gcc 4.3.0 20080428 (Red Hat 4.3.0-8)

time: Tue Sep 30 22:01:13 2014
elapsed time: 2 seconds

