#
# A fatal error has been detected by the Java Runtime Environment:
#
#  SIGSEGV (0xb) at pc=0x00007f8bacaed730, pid=20303, tid=140237895550720
#
# JRE version: Java(TM) SE Runtime Environment (7.0_65-b17) (build 1.7.0_65-b17)
# Java VM: Java HotSpot(TM) 64-Bit Server VM (24.65-b04 mixed mode linux-amd64 compressed oops)
# Problematic frame:
# V  [libjvm.so+0x655730]  jni_GetStringUTFChars+0xa0
#
# Failed to write core dump. Core dumps have been disabled. To enable core dumping, try "ulimit -c unlimited" before starting Java again
#
# If you would like to submit a bug report, please visit:
#   http://bugreport.sun.com/bugreport/crash.jsp
#

---------------  T H R E A D  ---------------

Current thread (0x00007f8ba800a000):  JavaThread "main" [_thread_in_vm, id=20307, stack(0x00007f8bade2c000,0x00007f8badf2d000)]

siginfo:si_signo=SIGSEGV: si_errno=0, si_code=1 (SEGV_MAPERR), si_addr=0x0000000000000000

Registers:
RAX=0x0000000000000000, RBX=0x0000000000000000, RCX=0x00007f8ba8005cf0, RDX=0x00007f8bad2e2360
RSP=0x00007f8badf2b6d0, RBP=0x00007f8badf2b730, RSI=0x0000000000000000, RDI=0x00007f8ba800a1e8
R8 =0x00007f8bad2ddd80, R9 =0x00007f8bad457b10, R10=0x00007f8ba3f5a72c, R11=0x00007f8bacd4a870
R12=0x0000000000000000, R13=0x00007f8ba800a000, R14=0x00007f8badf2b7e8, R15=0x0000000000000000
RIP=0x00007f8bacaed730, EFLAGS=0x0000000000010246, CSGSFS=0x0000000000000033, ERR=0x0000000000000004
  TRAPNO=0x000000000000000e

Top of Stack: (sp=0x00007f8badf2b6d0)
0x00007f8badf2b6d0:   00007f8ba800a000 0000000000000000
0x00007f8badf2b6e0:   00000000000003d8 00007f8b00000000
0x00007f8badf2b6f0:   00007f8ba800a000 00007f8ba800a9d8
0x00007f8badf2b700:   00007f8ba800a000 00007f8ba800a1e8
0x00007f8badf2b710:   0000000000000000 0000000701c9b558
0x00007f8badf2b720:   00007f8badf2b7e8 00007f8ba800a000
0x00007f8badf2b730:   00007f8badf2b7c8 00007f8b925707b7
0x00007f8badf2b740:   0000000701c9b558 0000000000000000
0x00007f8badf2b750:   0000000701c9b558 00007f8badf2b7e8
0x00007f8badf2b760:   0000000701c9b558 00007f8badf2b7c8
0x00007f8badf2b770:   0000000000000000 00007f8ba3f5a758
0x00007f8badf2b780:   00007f8ba800a000 00007f8badf2b788
0x00007f8badf2b790:   0000000701c9b558 00007f8badf2b7e8
0x00007f8badf2b7a0:   0000000701c9c300 0000000000000000
0x00007f8badf2b7b0:   0000000701c9b558 0000000000000000
0x00007f8badf2b7c0:   00007f8badf2b7e8 00007f8badf2b838
0x00007f8badf2b7d0:   00007f8ba3f4e175 00000007aceebca8
0x00007f8badf2b7e0:   00007f8ba3f56cd7 0000000000000000
0x00007f8badf2b7f0:   00000007ad4f8810 00007f8badf2b7f8
0x00007f8badf2b800:   0000000701c9a656 00007f8badf2b850
0x00007f8badf2b810:   0000000701c9c300 0000000000000000
0x00007f8badf2b820:   0000000701c9a680 00007f8badf2b7e8
0x00007f8badf2b830:   00007f8badf2b848 00007f8badf2b8a8
0x00007f8badf2b840:   00007f8ba3f4e058 0000000000000000
0x00007f8badf2b850:   00000007ad4f8810 00000007ad4f8810
0x00007f8badf2b860:   00000007acee1d50 00007f8badf2b868
0x00007f8badf2b870:   0000000701c99052 00007f8badf2b8c8
0x00007f8badf2b880:   0000000701c99c58 0000000000000000
0x00007f8badf2b890:   0000000701c99098 00007f8badf2b848
0x00007f8badf2b8a0:   00007f8badf2b8c0 00007f8badf2b918
0x00007f8badf2b8b0:   00007f8ba3f4e8e1 0000000000000000
0x00007f8badf2b8c0:   00000007ad4f8520 00000007acee1d50 

Instructions: (pc=0x00007f8bacaed730)
0x00007f8bacaed710:   4c 89 6d c0 4c 89 6d a0 48 c7 45 a8 00 00 00 00
0x00007f8bacaed720:   49 83 7d 08 00 74 09 48 8d 7d a0 e8 e0 78 21 00
0x00007f8bacaed730:   4c 8b 23 4c 89 e7 e8 65 db fa ff 48 63 f8 31 c9
0x00007f8bacaed740:   31 d2 48 83 c7 01 89 c3 be 00 07 00 00 e8 8e 6a 

Register to memory mapping:

RAX=0x0000000000000000 is an unknown value
RBX=0x0000000000000000 is an unknown value
RCX=0x00007f8ba8005cf0 is an unknown value
RDX=0x00007f8bad2e2360: <offset 0xe4a360> in /usr/lib/jvm/java-7-oracle/jre/lib/amd64/server/libjvm.so at 0x00007f8bac498000
RSP=0x00007f8badf2b6d0 is pointing into the stack for thread: 0x00007f8ba800a000
RBP=0x00007f8badf2b730 is pointing into the stack for thread: 0x00007f8ba800a000
RSI=0x0000000000000000 is an unknown value
RDI=0x00007f8ba800a1e8 is an unknown value
R8 =0x00007f8bad2ddd80: <offset 0xe45d80> in /usr/lib/jvm/java-7-oracle/jre/lib/amd64/server/libjvm.so at 0x00007f8bac498000
R9 =0x00007f8bad457b10: <offset 0x147b10> in /lib/x86_64-linux-gnu/libc.so.6 at 0x00007f8bad310000
R10=0x00007f8ba3f5a72c is at code_begin+620 in an Interpreter codelet
method entry point (kind = native)  [0x00007f8ba3f5a4c0, 0x00007f8ba3f5ad20]  2144 bytes
R11=0x00007f8bacd4a870: <offset 0x8b2870> in /usr/lib/jvm/java-7-oracle/jre/lib/amd64/server/libjvm.so at 0x00007f8bac498000
R12=0x0000000000000000 is an unknown value
R13=0x00007f8ba800a000 is a thread
R14=0x00007f8badf2b7e8 is pointing into the stack for thread: 0x00007f8ba800a000
R15=0x0000000000000000 is an unknown value


Stack: [0x00007f8bade2c000,0x00007f8badf2d000],  sp=0x00007f8badf2b6d0,  free space=1021k
Native frames: (J=compiled Java code, j=interpreted, Vv=VM code, C=native code)
V  [libjvm.so+0x655730]  jni_GetStringUTFChars+0xa0
C  [libopencv_java249.so+0x2307b7]  Java_org_opencv_highgui_VideoCapture_VideoCapture_11+0x27
j  org.opencv.highgui.VideoCapture.<init>(Ljava/lang/String;)V+6
j  balldetection.processors.VideoProvidorProcessor.process(Lorg/opencv/core/Mat;)Lorg/opencv/core/Mat;+26
j  balldetection.ImageProcessor.process()V+44
j  balldetection.Main.main([Ljava/lang/String;)V+55
v  ~StubRoutines::call_stub
V  [libjvm.so+0x5ffb65]  JavaCalls::call_helper(JavaValue*, methodHandle*, JavaCallArguments*, Thread*)+0x365
V  [libjvm.so+0x5fe5c8]  JavaCalls::call(JavaValue*, methodHandle, JavaCallArguments*, Thread*)+0x28
V  [libjvm.so+0x638309]  jni_invoke_static(JNIEnv_*, JavaValue*, _jobject*, JNICallType, _jmethodID*, JNI_ArgumentPusher*, Thread*)+0x219
V  [libjvm.so+0x640f22]  jni_CallStaticVoidMethod+0x162
C  [libjli.so+0x36d9]  JavaMain+0x7e9

Java frames: (J=compiled Java code, j=interpreted, Vv=VM code)
j  org.opencv.highgui.VideoCapture.VideoCapture_1(Ljava/lang/String;)J+0
j  org.opencv.highgui.VideoCapture.<init>(Ljava/lang/String;)V+6
j  balldetection.processors.VideoProvidorProcessor.process(Lorg/opencv/core/Mat;)Lorg/opencv/core/Mat;+26
j  balldetection.ImageProcessor.process()V+44
j  balldetection.Main.main([Ljava/lang/String;)V+55
v  ~StubRoutines::call_stub

---------------  P R O C E S S  ---------------

Java Threads: ( => current thread )
  0x00007f8ba8228000 JavaThread "Timer-0" [_thread_blocked, id=20328, stack(0x00007f8b82947000,0x00007f8b82a48000)]
  0x00007f8ba81f6800 JavaThread "AWT-EventQueue-0" [_thread_blocked, id=20327, stack(0x00007f8b82e9d000,0x00007f8b82f9e000)]
  0x00007f8ba81f5000 JavaThread "AWT-Shutdown" [_thread_blocked, id=20326, stack(0x00007f8b82f9e000,0x00007f8b8309f000)]
  0x00007f8ba81be800 JavaThread "AWT-XAWT" daemon [_thread_in_native, id=20325, stack(0x00007f8b8309f000,0x00007f8b831a0000)]
  0x00007f8ba819d000 JavaThread "Java2D Disposer" daemon [_thread_blocked, id=20324, stack(0x00007f8b900cf000,0x00007f8b901d0000)]
  0x00007f8ba80a7000 JavaThread "Service Thread" daemon [_thread_blocked, id=20322, stack(0x00007f8b93615000,0x00007f8b93716000)]
  0x00007f8ba80a5000 JavaThread "C2 CompilerThread1" daemon [_thread_blocked, id=20321, stack(0x00007f8b93716000,0x00007f8b93817000)]
  0x00007f8ba80a2000 JavaThread "C2 CompilerThread0" daemon [_thread_blocked, id=20320, stack(0x00007f8b93817000,0x00007f8b93918000)]
  0x00007f8ba80a0000 JavaThread "Signal Dispatcher" daemon [_thread_blocked, id=20319, stack(0x00007f8ba0002000,0x00007f8ba0103000)]
  0x00007f8ba8078800 JavaThread "Finalizer" daemon [_thread_blocked, id=20318, stack(0x00007f8ba0103000,0x00007f8ba0204000)]
  0x00007f8ba8076800 JavaThread "Reference Handler" daemon [_thread_blocked, id=20317, stack(0x00007f8ba0204000,0x00007f8ba0305000)]
=>0x00007f8ba800a000 JavaThread "main" [_thread_in_vm, id=20307, stack(0x00007f8bade2c000,0x00007f8badf2d000)]

Other Threads:
  0x00007f8ba8072000 VMThread [stack: 0x00007f8ba0305000,0x00007f8ba0406000] [id=20316]
  0x00007f8ba80b2000 WatcherThread [stack: 0x00007f8b93514000,0x00007f8b93615000] [id=20323]

VM state:not at safepoint (normal execution)

VM Mutex/Monitor currently owned by a thread: None

Heap
 PSYoungGen      total 75264K, used 9103K [0x00000007ace80000, 0x00000007b2200000, 0x0000000800000000)
  eden space 65024K, 14% used [0x00000007ace80000,0x00000007ad763fc8,0x00000007b0e00000)
  from space 10240K, 0% used [0x00000007b1800000,0x00000007b1800000,0x00000007b2200000)
  to   space 10240K, 0% used [0x00000007b0e00000,0x00000007b0e00000,0x00000007b1800000)
 ParOldGen       total 169984K, used 0K [0x0000000706c00000, 0x0000000711200000, 0x00000007ace80000)
  object space 169984K, 0% used [0x0000000706c00000,0x0000000706c00000,0x0000000711200000)
 PSPermGen       total 21504K, used 8083K [0x0000000701a00000, 0x0000000702f00000, 0x0000000706c00000)
  object space 21504K, 37% used [0x0000000701a00000,0x00000007021e4eb0,0x0000000702f00000)

Card table byte_map: [0x00007f8ba3754000,0x00007f8ba3f48000] byte_map_base: 0x00007f8b9ff47000

Polling page: 0x00007f8bade2b000

Code Cache  [0x00007f8ba3f48000, 0x00007f8ba41b8000, 0x00007f8ba6f48000)
 total_blobs=414 nmethods=28 adapters=341 free_code_cache=48634Kb largest_free_block=49787712

Compilation events (10 events):
Event: 1.206 Thread 0x00007f8ba80a2000 nmethod 23 0x00007f8ba3fc8ed0 code [0x00007f8ba3fc9040, 0x00007f8ba3fc91c8]
Event: 1.206 Thread 0x00007f8ba80a2000   25             java.util.concurrent.locks.ReentrantLock$NonfairSync::tryAcquire (6 bytes)
Event: 1.208 Thread 0x00007f8ba80a2000 nmethod 25 0x00007f8ba3fc8c10 code [0x00007f8ba3fc8d40, 0x00007f8ba3fc8e18]
Event: 1.208 Thread 0x00007f8ba80a5000 nmethod 24 0x00007f8ba3fc8850 code [0x00007f8ba3fc89a0, 0x00007f8ba3fc8aa8]
Event: 1.232 Thread 0x00007f8ba80a2000   26             java.lang.String::indexOf (166 bytes)
Event: 1.250 Thread 0x00007f8ba80a2000 nmethod 26 0x00007f8ba3fc1cd0 code [0x00007f8ba3fc1e20, 0x00007f8ba3fc2278]
Event: 1.258 Thread 0x00007f8ba80a5000   27             java.lang.String::charAt (29 bytes)
Event: 1.258 Thread 0x00007f8ba80a5000 nmethod 27 0x00007f8ba3fc6810 code [0x00007f8ba3fc6960, 0x00007f8ba3fc6a18]
Event: 1.260 Thread 0x00007f8ba80a2000   28             java.lang.String::lastIndexOf (52 bytes)
Event: 1.261 Thread 0x00007f8ba80a2000 nmethod 28 0x00007f8ba3fcb090 code [0x00007f8ba3fcb1e0, 0x00007f8ba3fcb368]

GC Heap History (0 events):
No events

Deoptimization events (0 events):
No events

Internal exceptions (10 events):
Event: 1.231 Thread 0x00007f8ba800a000 Threw 0x00000007ad3718d0 at /HUDSON/workspace/7u-2-build-linux-amd64/jdk7u65/1224/hotspot/src/share/vm/prims/jvm.cpp:1244
Event: 1.232 Thread 0x00007f8ba800a000 Threw 0x00000007ad377560 at /HUDSON/workspace/7u-2-build-linux-amd64/jdk7u65/1224/hotspot/src/share/vm/prims/jvm.cpp:1244
Event: 1.238 Thread 0x00007f8ba800a000 Threw 0x00000007ad3808d0 at /HUDSON/workspace/7u-2-build-linux-amd64/jdk7u65/1224/hotspot/src/share/vm/prims/jvm.cpp:1244
Event: 1.254 Thread 0x00007f8ba81f6800 Threw 0x00000007ad3a4ec0 at /HUDSON/workspace/7u-2-build-linux-amd64/jdk7u65/1224/hotspot/src/share/vm/prims/jvm.cpp:1244
Event: 1.254 Thread 0x00007f8ba81f6800 Threw 0x00000007ad3a50e8 at /HUDSON/workspace/7u-2-build-linux-amd64/jdk7u65/1224/hotspot/src/share/vm/prims/jvm.cpp:1244
Event: 1.255 Thread 0x00007f8ba81f6800 Threw 0x00000007ad3a7558 at /HUDSON/workspace/7u-2-build-linux-amd64/jdk7u65/1224/hotspot/src/share/vm/prims/jvm.cpp:1244
Event: 1.255 Thread 0x00007f8ba81f6800 Threw 0x00000007ad3a7780 at /HUDSON/workspace/7u-2-build-linux-amd64/jdk7u65/1224/hotspot/src/share/vm/prims/jvm.cpp:1244
Event: 1.315 Thread 0x00007f8ba81f6800 Threw 0x00000007ad3a85a8 at /HUDSON/workspace/7u-2-build-linux-amd64/jdk7u65/1224/hotspot/src/share/vm/prims/jni.cpp:743
Event: 5.263 Thread 0x00007f8ba800a000 Threw 0x00000007ad4f3968 at /HUDSON/workspace/7u-2-build-linux-amd64/jdk7u65/1224/hotspot/src/share/vm/prims/jvm.cpp:1244
Event: 5.474 Thread 0x00007f8ba800a000 Threw 0x00000007ad4f6388 at /HUDSON/workspace/7u-2-build-linux-amd64/jdk7u65/1224/hotspot/src/share/vm/prims/jvm.cpp:1244

Events (10 events):
Event: 5.473 loading class 0x00007f8b4c066e60 done
Event: 5.473 loading class 0x00007f8b4c066e40
Event: 5.473 loading class 0x00007f8b4c066e40 done
Event: 5.473 Thread 0x00007f8ba8228000 Thread added: 0x00007f8ba8228000
Event: 5.474 Executing VM operation: RevokeBias
Event: 5.474 Executing VM operation: RevokeBias done
Event: 5.474 loading class 0x00007f8ba80b9d90
Event: 5.474 loading class 0x00007f8ba80b9d90 done
Event: 5.474 Executing VM operation: RevokeBias
Event: 5.474 Executing VM operation: RevokeBias done


Dynamic libraries:
00400000-00401000 r-xp 00000000 08:02 8391584                            /usr/lib/jvm/java-7-oracle/bin/java
00600000-00601000 rw-p 00000000 08:02 8391584                            /usr/lib/jvm/java-7-oracle/bin/java
007d6000-007f7000 rw-p 00000000 00:00 0                                  [heap]
701a00000-702f00000 rw-p 00000000 00:00 0 
702f00000-706c00000 rw-p 00000000 00:00 0 
706c00000-711200000 rw-p 00000000 00:00 0 
711200000-7ace80000 rw-p 00000000 00:00 0 
7ace80000-7b2200000 rw-p 00000000 00:00 0 
7b2200000-800000000 rw-p 00000000 00:00 0 
7f8b34000000-7f8b34129000 rw-p 00000000 00:00 0 
7f8b34129000-7f8b38000000 ---p 00000000 00:00 0 
7f8b38000000-7f8b38021000 rw-p 00000000 00:00 0 
7f8b38021000-7f8b3c000000 ---p 00000000 00:00 0 
7f8b3c000000-7f8b3c021000 rw-p 00000000 00:00 0 
7f8b3c021000-7f8b40000000 ---p 00000000 00:00 0 
7f8b40000000-7f8b40021000 rw-p 00000000 00:00 0 
7f8b40021000-7f8b44000000 ---p 00000000 00:00 0 
7f8b44000000-7f8b44021000 rw-p 00000000 00:00 0 
7f8b44021000-7f8b48000000 ---p 00000000 00:00 0 
7f8b48000000-7f8b48021000 rw-p 00000000 00:00 0 
7f8b48021000-7f8b4c000000 ---p 00000000 00:00 0 
7f8b4c000000-7f8b4c0ad000 rw-p 00000000 00:00 0 
7f8b4c0ad000-7f8b50000000 ---p 00000000 00:00 0 
7f8b50000000-7f8b50021000 rw-p 00000000 00:00 0 
7f8b50021000-7f8b54000000 ---p 00000000 00:00 0 
7f8b54000000-7f8b54021000 rw-p 00000000 00:00 0 
7f8b54021000-7f8b58000000 ---p 00000000 00:00 0 
7f8b5c000000-7f8b5c021000 rw-p 00000000 00:00 0 
7f8b5c021000-7f8b60000000 ---p 00000000 00:00 0 
7f8b60000000-7f8b60021000 rw-p 00000000 00:00 0 
7f8b60021000-7f8b64000000 ---p 00000000 00:00 0 
7f8b64000000-7f8b64021000 rw-p 00000000 00:00 0 
7f8b64021000-7f8b68000000 ---p 00000000 00:00 0 
7f8b680d0000-7f8b70000000 rw-p 00000000 00:00 0 
7f8b70000000-7f8b70021000 rw-p 00000000 00:00 0 
7f8b70021000-7f8b74000000 ---p 00000000 00:00 0 
7f8b74000000-7f8b74021000 rw-p 00000000 00:00 0 
7f8b74021000-7f8b78000000 ---p 00000000 00:00 0 
7f8b7c000000-7f8b7c021000 rw-p 00000000 00:00 0 
7f8b7c021000-7f8b80000000 ---p 00000000 00:00 0 
7f8b827db000-7f8b82947000 rw-p 00000000 00:00 0 
7f8b82947000-7f8b8294a000 ---p 00000000 00:00 0 
7f8b8294a000-7f8b82a48000 rw-p 00000000 00:00 0                          [stack:20328]
7f8b82a48000-7f8b82b74000 rw-s 00000000 00:04 422838290                  /SYSV00000000 (deleted)
7f8b82b78000-7f8b82c91000 rw-s 00000000 00:04 422805513                  /SYSV00000000 (deleted)
7f8b82c98000-7f8b82c9b000 r-xp 00000000 08:02 526719                     /home/gregor/.jssc/linux/libjSSC-2.8_x86_64.so
7f8b82c9b000-7f8b82e9a000 ---p 00003000 08:02 526719                     /home/gregor/.jssc/linux/libjSSC-2.8_x86_64.so
7f8b82e9a000-7f8b82e9b000 r--p 00002000 08:02 526719                     /home/gregor/.jssc/linux/libjSSC-2.8_x86_64.so
7f8b82e9b000-7f8b82e9c000 rw-p 00003000 08:02 526719                     /home/gregor/.jssc/linux/libjSSC-2.8_x86_64.so
7f8b82e9d000-7f8b82ea0000 ---p 00000000 00:00 0 
7f8b82ea0000-7f8b82f9e000 rw-p 00000000 00:00 0                          [stack:20327]
7f8b82f9e000-7f8b82fa1000 ---p 00000000 00:00 0 
7f8b82fa1000-7f8b8309f000 rw-p 00000000 00:00 0                          [stack:20326]
7f8b8309f000-7f8b830a2000 ---p 00000000 00:00 0 
7f8b830a2000-7f8b831a0000 rw-p 00000000 00:00 0                          [stack:20325]
7f8b831a0000-7f8b831a5000 r-xp 00000000 08:02 4982906                    /usr/lib/x86_64-linux-gnu/libXfixes.so.3.1.0
7f8b831a5000-7f8b833a4000 ---p 00005000 08:02 4982906                    /usr/lib/x86_64-linux-gnu/libXfixes.so.3.1.0
7f8b833a4000-7f8b833a5000 r--p 00004000 08:02 4982906                    /usr/lib/x86_64-linux-gnu/libXfixes.so.3.1.0
7f8b833a5000-7f8b833a6000 rw-p 00005000 08:02 4982906                    /usr/lib/x86_64-linux-gnu/libXfixes.so.3.1.0
7f8b833a8000-7f8b833b1000 r-xp 00000000 08:02 4988146                    /usr/lib/x86_64-linux-gnu/libXcursor.so.1.0.2
7f8b833b1000-7f8b835b0000 ---p 00009000 08:02 4988146                    /usr/lib/x86_64-linux-gnu/libXcursor.so.1.0.2
7f8b835b0000-7f8b835b1000 r--p 00008000 08:02 4988146                    /usr/lib/x86_64-linux-gnu/libXcursor.so.1.0.2
7f8b835b1000-7f8b835b2000 rw-p 00009000 08:02 4988146                    /usr/lib/x86_64-linux-gnu/libXcursor.so.1.0.2
7f8b835b8000-7f8b835bd000 r-xp 00000000 08:02 4988150                    /usr/lib/x86_64-linux-gnu/libXdmcp.so.6.0.0
7f8b835bd000-7f8b837bc000 ---p 00005000 08:02 4988150                    /usr/lib/x86_64-linux-gnu/libXdmcp.so.6.0.0
7f8b837bc000-7f8b837bd000 r--p 00004000 08:02 4988150                    /usr/lib/x86_64-linux-gnu/libXdmcp.so.6.0.0
7f8b837bd000-7f8b837be000 rw-p 00005000 08:02 4988150                    /usr/lib/x86_64-linux-gnu/libXdmcp.so.6.0.0
7f8b837c0000-7f8b837c2000 r-xp 00000000 08:02 4988139                    /usr/lib/x86_64-linux-gnu/libXau.so.6.0.0
7f8b837c2000-7f8b839c1000 ---p 00002000 08:02 4988139                    /usr/lib/x86_64-linux-gnu/libXau.so.6.0.0
7f8b839c1000-7f8b839c2000 r--p 00001000 08:02 4988139                    /usr/lib/x86_64-linux-gnu/libXau.so.6.0.0
7f8b839c2000-7f8b839c3000 rw-p 00002000 08:02 4988139                    /usr/lib/x86_64-linux-gnu/libXau.so.6.0.0
7f8b839c8000-7f8b839e5000 r-xp 00000000 08:02 4988746                    /usr/lib/x86_64-linux-gnu/libxcb.so.1.1.0
7f8b839e5000-7f8b83be4000 ---p 0001d000 08:02 4988746                    /usr/lib/x86_64-linux-gnu/libxcb.so.1.1.0
7f8b83be4000-7f8b83be5000 r--p 0001c000 08:02 4988746                    /usr/lib/x86_64-linux-gnu/libxcb.so.1.1.0
7f8b83be5000-7f8b83be6000 rw-p 0001d000 08:02 4988746                    /usr/lib/x86_64-linux-gnu/libxcb.so.1.1.0
7f8b83be8000-7f8b83bf7000 r-xp 00000000 08:02 4982908                    /usr/lib/x86_64-linux-gnu/libXi.so.6.1.0
7f8b83bf7000-7f8b83df6000 ---p 0000f000 08:02 4982908                    /usr/lib/x86_64-linux-gnu/libXi.so.6.1.0
7f8b83df6000-7f8b83df7000 r--p 0000e000 08:02 4982908                    /usr/lib/x86_64-linux-gnu/libXi.so.6.1.0
7f8b83df7000-7f8b83df8000 rw-p 0000f000 08:02 4982908                    /usr/lib/x86_64-linux-gnu/libXi.so.6.1.0
7f8b83df8000-7f8b83dfd000 r-xp 00000000 08:02 4988178                    /usr/lib/x86_64-linux-gnu/libXtst.so.6.1.0
7f8b83dfd000-7f8b83ffc000 ---p 00005000 08:02 4988178                    /usr/lib/x86_64-linux-gnu/libXtst.so.6.1.0
7f8b83ffc000-7f8b83ffd000 r--p 00004000 08:02 4988178                    /usr/lib/x86_64-linux-gnu/libXtst.so.6.1.0
7f8b83ffd000-7f8b83ffe000 rw-p 00005000 08:02 4988178                    /usr/lib/x86_64-linux-gnu/libXtst.so.6.1.0
7f8b84000000-7f8b84021000 rw-p 00000000 00:00 0 
7f8b84021000-7f8b88000000 ---p 00000000 00:00 0 
7f8b88000000-7f8b880d1000 rw-p 00000000 00:00 0 
7f8b880d1000-7f8b8c000000 ---p 00000000 00:00 0 
7f8b8c000000-7f8b8c021000 rw-p 00000000 00:00 0 
7f8b8c021000-7f8b90000000 ---p 00000000 00:00 0 
7f8b900cf000-7f8b900d2000 ---p 00000000 00:00 0 
7f8b900d2000-7f8b901d0000 rw-p 00000000 00:00 0                          [stack:20324]
7f8b901d0000-7f8b901d9000 r-xp 00000000 08:02 4988174                    /usr/lib/x86_64-linux-gnu/libXrender.so.1.3.0
7f8b901d9000-7f8b903d8000 ---p 00009000 08:02 4988174                    /usr/lib/x86_64-linux-gnu/libXrender.so.1.3.0
7f8b903d8000-7f8b903d9000 r--p 00008000 08:02 4988174                    /usr/lib/x86_64-linux-gnu/libXrender.so.1.3.0
7f8b903d9000-7f8b903da000 rw-p 00009000 08:02 4988174                    /usr/lib/x86_64-linux-gnu/libXrender.so.1.3.0
7f8b903e0000-7f8b90510000 r-xp 00000000 08:02 4982903                    /usr/lib/x86_64-linux-gnu/libX11.so.6.3.0
7f8b90510000-7f8b90710000 ---p 00130000 08:02 4982903                    /usr/lib/x86_64-linux-gnu/libX11.so.6.3.0
7f8b90710000-7f8b90711000 r--p 00130000 08:02 4982903                    /usr/lib/x86_64-linux-gnu/libX11.so.6.3.0
7f8b90711000-7f8b90715000 rw-p 00131000 08:02 4982903                    /usr/lib/x86_64-linux-gnu/libX11.so.6.3.0
7f8b90718000-7f8b90728000 r-xp 00000000 08:02 4988152                    /usr/lib/x86_64-linux-gnu/libXext.so.6.4.0
7f8b90728000-7f8b90927000 ---p 00010000 08:02 4988152                    /usr/lib/x86_64-linux-gnu/libXext.so.6.4.0
7f8b90927000-7f8b90928000 r--p 0000f000 08:02 4988152                    /usr/lib/x86_64-linux-gnu/libXext.so.6.4.0
7f8b90928000-7f8b90929000 rw-p 00010000 08:02 4988152                    /usr/lib/x86_64-linux-gnu/libXext.so.6.4.0
7f8b90950000-7f8b909a0000 r-xp 00000000 08:02 8391396                    /usr/lib/jvm/java-7-oracle/jre/lib/amd64/xawt/libmawt.so
7f8b909a0000-7f8b90ba0000 ---p 00050000 08:02 8391396                    /usr/lib/jvm/java-7-oracle/jre/lib/amd64/xawt/libmawt.so
7f8b90ba0000-7f8b90ba4000 rw-p 00050000 08:02 8391396                    /usr/lib/jvm/java-7-oracle/jre/lib/amd64/xawt/libmawt.so
7f8b90ba4000-7f8b90ba5000 rw-p 00000000 00:00 0 
7f8b90ba8000-7f8b90c4a000 r-xp 00000000 08:02 8391399                    /usr/lib/jvm/java-7-oracle/jre/lib/amd64/libawt.so
7f8b90c4a000-7f8b90e4a000 ---p 000a2000 08:02 8391399                    /usr/lib/jvm/java-7-oracle/jre/lib/amd64/libawt.so
7f8b90e4a000-7f8b90e56000 rw-p 000a2000 08:02 8391399                    /usr/lib/jvm/java-7-oracle/jre/lib/amd64/libawt.so
7f8b90e56000-7f8b90e7a000 rw-p 00000000 00:00 0 
7f8b90e80000-7f8b90ea1000 r-xp 00000000 08:02 4988711                    /usr/lib/x86_64-linux-gnu/libv4lconvert.so.0
7f8b90ea1000-7f8b910a0000 ---p 00021000 08:02 4988711                    /usr/lib/x86_64-linux-gnu/libv4lconvert.so.0
7f8b910a0000-7f8b910a2000 r--p 00020000 08:02 4988711                    /usr/lib/x86_64-linux-gnu/libv4lconvert.so.0
7f8b910a2000-7f8b910a3000 rw-p 00022000 08:02 4988711                    /usr/lib/x86_64-linux-gnu/libv4lconvert.so.0
7f8b910a3000-7f8b910f5000 rw-p 00000000 00:00 0 
7f8b910f8000-7f8b91100000 r-xp 00000000 08:02 4988710                    /usr/lib/x86_64-linux-gnu/libv4l2.so.0
7f8b91100000-7f8b912ff000 ---p 00008000 08:02 4988710                    /usr/lib/x86_64-linux-gnu/libv4l2.so.0
7f8b912ff000-7f8b91300000 r--p 00007000 08:02 4988710                    /usr/lib/x86_64-linux-gnu/libv4l2.so.0
7f8b91300000-7f8b91304000 rw-p 00008000 08:02 4988710                    /usr/lib/x86_64-linux-gnu/libv4l2.so.0
7f8b91308000-7f8b9131d000 r-xp 00000000 08:02 6819542                    /lib/x86_64-linux-gnu/libgcc_s.so.1
7f8b9131d000-7f8b9151c000 ---p 00015000 08:02 6819542                    /lib/x86_64-linux-gnu/libgcc_s.so.1
7f8b9151c000-7f8b9151d000 r--p 00014000 08:02 6819542                    /lib/x86_64-linux-gnu/libgcc_s.so.1
7f8b9151d000-7f8b9151e000 rw-p 00015000 08:02 6819542                    /lib/x86_64-linux-gnu/libgcc_s.so.1
7f8b91520000-7f8b91536000 r-xp 00000000 08:02 6819632                    /lib/x86_64-linux-gnu/libz.so.1.2.3.4
7f8b91536000-7f8b91735000 ---p 00016000 08:02 6819632                    /lib/x86_64-linux-gnu/libz.so.1.2.3.4
7f8b91735000-7f8b91736000 r--p 00015000 08:02 6819632                    /lib/x86_64-linux-gnu/libz.so.1.2.3.4
7f8b91736000-7f8b91737000 rw-p 00016000 08:02 6819632                    /lib/x86_64-linux-gnu/libz.so.1.2.3.4
7f8b91738000-7f8b9173d000 r-xp 00000000 08:02 4988709                    /usr/lib/x86_64-linux-gnu/libv4l1.so.0
7f8b9173d000-7f8b9193c000 ---p 00005000 08:02 4988709                    /usr/lib/x86_64-linux-gnu/libv4l1.so.0
7f8b9193c000-7f8b9193d000 r--p 00004000 08:02 4988709                    /usr/lib/x86_64-linux-gnu/libv4l1.so.0
7f8b9193d000-7f8b9193e000 rw-p 00005000 08:02 4988709                    /usr/lib/x86_64-linux-gnu/libv4l1.so.0
7f8b91940000-7f8b919a1000 r-xp 00000000 08:02 4991012                    /usr/lib/x86_64-linux-gnu/libtiff.so.4.3.4
7f8b919a1000-7f8b91ba1000 ---p 00061000 08:02 4991012                    /usr/lib/x86_64-linux-gnu/libtiff.so.4.3.4
7f8b91ba1000-7f8b91ba3000 r--p 00061000 08:02 4991012                    /usr/lib/x86_64-linux-gnu/libtiff.so.4.3.4
7f8b91ba3000-7f8b91ba4000 rw-p 00063000 08:02 4991012                    /usr/lib/x86_64-linux-gnu/libtiff.so.4.3.4
7f8b91ba8000-7f8b91bce000 r-xp 00000000 08:02 6819598                    /lib/x86_64-linux-gnu/libpng12.so.0.46.0
7f8b91bce000-7f8b91dce000 ---p 00026000 08:02 6819598                    /lib/x86_64-linux-gnu/libpng12.so.0.46.0
7f8b91dce000-7f8b91dcf000 r--p 00026000 08:02 6819598                    /lib/x86_64-linux-gnu/libpng12.so.0.46.0
7f8b91dcf000-7f8b91dd0000 rw-p 00027000 08:02 6819598                    /lib/x86_64-linux-gnu/libpng12.so.0.46.0
7f8b91dd0000-7f8b91e0f000 r-xp 00000000 08:02 4987524                    /usr/lib/x86_64-linux-gnu/libjpeg.so.8.0.2
7f8b91e0f000-7f8b9200e000 ---p 0003f000 08:02 4987524                    /usr/lib/x86_64-linux-gnu/libjpeg.so.8.0.2
7f8b9200e000-7f8b9200f000 r--p 0003e000 08:02 4987524                    /usr/lib/x86_64-linux-gnu/libjpeg.so.8.0.2
7f8b9200f000-7f8b92010000 rw-p 0003f000 08:02 4987524                    /usr/lib/x86_64-linux-gnu/libjpeg.so.8.0.2
7f8b92010000-7f8b92020000 rw-p 00000000 00:00 0 
7f8b92020000-7f8b92102000 r-xp 00000000 08:02 4988682                    /usr/lib/x86_64-linux-gnu/libstdc++.so.6.0.16
7f8b92102000-7f8b92301000 ---p 000e2000 08:02 4988682                    /usr/lib/x86_64-linux-gnu/libstdc++.so.6.0.16
7f8b92301000-7f8b92309000 r--p 000e1000 08:02 4988682                    /usr/lib/x86_64-linux-gnu/libstdc++.so.6.0.16
7f8b92309000-7f8b9230b000 rw-p 000e9000 08:02 4988682                    /usr/lib/x86_64-linux-gnu/libstdc++.so.6.0.16
7f8b9230b000-7f8b92320000 rw-p 00000000 00:00 0 
7f8b92340000-7f8b93234000 r-xp 00000000 08:02 10095302                   /usr/local/share/OpenCV/java/libopencv_java249.so
7f8b93234000-7f8b93434000 ---p 00ef4000 08:02 10095302                   /usr/local/share/OpenCV/java/libopencv_java249.so
7f8b93434000-7f8b93458000 r--p 00ef4000 08:02 10095302                   /usr/local/share/OpenCV/java/libopencv_java249.so
7f8b93458000-7f8b93470000 rw-p 00f18000 08:02 10095302                   /usr/local/share/OpenCV/java/libopencv_java249.so
7f8b93470000-7f8b93513000 rw-p 00000000 00:00 0 
7f8b93514000-7f8b93515000 ---p 00000000 00:00 0 
7f8b93515000-7f8b93615000 rw-p 00000000 00:00 0                          [stack:20323]
7f8b93615000-7f8b93618000 ---p 00000000 00:00 0 
7f8b93618000-7f8b93716000 rw-p 00000000 00:00 0                          [stack:20322]
7f8b93716000-7f8b93719000 ---p 00000000 00:00 0 
7f8b93719000-7f8b93817000 rw-p 00000000 00:00 0                          [stack:20321]
7f8b93817000-7f8b9381a000 ---p 00000000 00:00 0 
7f8b9381a000-7f8b93918000 rw-p 00000000 00:00 0                          [stack:20320]
7f8b93918000-7f8b93ffb000 r--p 00000000 08:02 4987440                    /usr/lib/locale/locale-archive
7f8b94000000-7f8b94021000 rw-p 00000000 00:00 0 
7f8b94021000-7f8b98000000 ---p 00000000 00:00 0 
7f8b98000000-7f8b98021000 rw-p 00000000 00:00 0 
7f8b98021000-7f8b9c000000 ---p 00000000 00:00 0 
7f8b9c000000-7f8b9c021000 rw-p 00000000 00:00 0 
7f8b9c021000-7f8ba0000000 ---p 00000000 00:00 0 
7f8ba0002000-7f8ba0005000 ---p 00000000 00:00 0 
7f8ba0005000-7f8ba0103000 rw-p 00000000 00:00 0                          [stack:20319]
7f8ba0103000-7f8ba0106000 ---p 00000000 00:00 0 
7f8ba0106000-7f8ba0204000 rw-p 00000000 00:00 0                          [stack:20318]
7f8ba0204000-7f8ba0207000 ---p 00000000 00:00 0 
7f8ba0207000-7f8ba0305000 rw-p 00000000 00:00 0                          [stack:20317]
7f8ba0305000-7f8ba0306000 ---p 00000000 00:00 0 
7f8ba0306000-7f8ba2095000 rw-p 00000000 00:00 0                          [stack:20316]
7f8ba2095000-7f8ba2254000 r--s 039e5000 08:02 8390889                    /usr/lib/jvm/java-7-oracle/jre/lib/rt.jar
7f8ba2257000-7f8ba2b1b000 rw-p 00000000 00:00 0 
7f8ba2b1b000-7f8ba2b1c000 ---p 00000000 00:00 0 
7f8ba2b1c000-7f8ba2c1c000 rw-p 00000000 00:00 0                          [stack:20315]
7f8ba2c1c000-7f8ba2c1d000 ---p 00000000 00:00 0 
7f8ba2c1d000-7f8ba2d1d000 rw-p 00000000 00:00 0                          [stack:20314]
7f8ba2d1d000-7f8ba2d1e000 ---p 00000000 00:00 0 
7f8ba2d1e000-7f8ba2e1e000 rw-p 00000000 00:00 0                          [stack:20313]
7f8ba2e1e000-7f8ba2e1f000 ---p 00000000 00:00 0 
7f8ba2e1f000-7f8ba2f1f000 rw-p 00000000 00:00 0                          [stack:20312]
7f8ba2f1f000-7f8ba2f20000 ---p 00000000 00:00 0 
7f8ba2f20000-7f8ba3020000 rw-p 00000000 00:00 0                          [stack:20311]
7f8ba3020000-7f8ba3021000 ---p 00000000 00:00 0 
7f8ba3021000-7f8ba3121000 rw-p 00000000 00:00 0                          [stack:20310]
7f8ba3121000-7f8ba3122000 ---p 00000000 00:00 0 
7f8ba3122000-7f8ba3275000 rw-p 00000000 00:00 0                          [stack:20309]
7f8ba3275000-7f8ba3754000 rw-p 00000000 00:00 0 
7f8ba3754000-7f8ba375f000 rw-p 00000000 00:00 0 
7f8ba375f000-7f8ba377d000 rw-p 00000000 00:00 0 
7f8ba377d000-7f8ba37d0000 rw-p 00000000 00:00 0 
7f8ba37d0000-7f8ba3cae000 rw-p 00000000 00:00 0 
7f8ba3cae000-7f8ba3cd8000 rw-p 00000000 00:00 0 
7f8ba3cd8000-7f8ba3f47000 rw-p 00000000 00:00 0 
7f8ba3f47000-7f8ba3f48000 rw-p 00000000 00:00 0 
7f8ba3f48000-7f8ba41b8000 rwxp 00000000 00:00 0 
7f8ba41b8000-7f8ba6f48000 rw-p 00000000 00:00 0 
7f8ba6f48000-7f8ba6f62000 r-xp 00000000 08:02 8391417                    /usr/lib/jvm/java-7-oracle/jre/lib/amd64/libzip.so
7f8ba6f62000-7f8ba7162000 ---p 0001a000 08:02 8391417                    /usr/lib/jvm/java-7-oracle/jre/lib/amd64/libzip.so
7f8ba7162000-7f8ba7163000 rw-p 0001a000 08:02 8391417                    /usr/lib/jvm/java-7-oracle/jre/lib/amd64/libzip.so
7f8ba7168000-7f8ba7174000 r-xp 00000000 08:02 6815859                    /lib/x86_64-linux-gnu/libnss_files-2.15.so
7f8ba7174000-7f8ba7373000 ---p 0000c000 08:02 6815859                    /lib/x86_64-linux-gnu/libnss_files-2.15.so
7f8ba7373000-7f8ba7374000 r--p 0000b000 08:02 6815859                    /lib/x86_64-linux-gnu/libnss_files-2.15.so
7f8ba7374000-7f8ba7375000 rw-p 0000c000 08:02 6815859                    /lib/x86_64-linux-gnu/libnss_files-2.15.so
7f8ba7378000-7f8ba7382000 r-xp 00000000 08:02 6815863                    /lib/x86_64-linux-gnu/libnss_nis-2.15.so
7f8ba7382000-7f8ba7582000 ---p 0000a000 08:02 6815863                    /lib/x86_64-linux-gnu/libnss_nis-2.15.so
7f8ba7582000-7f8ba7583000 r--p 0000a000 08:02 6815863                    /lib/x86_64-linux-gnu/libnss_nis-2.15.so
7f8ba7583000-7f8ba7584000 rw-p 0000b000 08:02 6815863                    /lib/x86_64-linux-gnu/libnss_nis-2.15.so
7f8ba7588000-7f8ba759f000 r-xp 00000000 08:02 6820619                    /lib/x86_64-linux-gnu/libnsl-2.15.so
7f8ba759f000-7f8ba779e000 ---p 00017000 08:02 6820619                    /lib/x86_64-linux-gnu/libnsl-2.15.so
7f8ba779e000-7f8ba779f000 r--p 00016000 08:02 6820619                    /lib/x86_64-linux-gnu/libnsl-2.15.so
7f8ba779f000-7f8ba77a0000 rw-p 00017000 08:02 6820619                    /lib/x86_64-linux-gnu/libnsl-2.15.so
7f8ba77a0000-7f8ba77a2000 rw-p 00000000 00:00 0 
7f8ba77a8000-7f8ba77b0000 r-xp 00000000 08:02 6815857                    /lib/x86_64-linux-gnu/libnss_compat-2.15.so
7f8ba77b0000-7f8ba79af000 ---p 00008000 08:02 6815857                    /lib/x86_64-linux-gnu/libnss_compat-2.15.so
7f8ba79af000-7f8ba79b0000 r--p 00007000 08:02 6815857                    /lib/x86_64-linux-gnu/libnss_compat-2.15.so
7f8ba79b0000-7f8ba79b1000 rw-p 00008000 08:02 6815857                    /lib/x86_64-linux-gnu/libnss_compat-2.15.so
7f8ba79b8000-7f8ba79e1000 r-xp 00000000 08:02 8391373                    /usr/lib/jvm/java-7-oracle/jre/lib/amd64/libjava.so
7f8ba79e1000-7f8ba7be1000 ---p 00029000 08:02 8391373                    /usr/lib/jvm/java-7-oracle/jre/lib/amd64/libjava.so
7f8ba7be1000-7f8ba7be3000 rw-p 00029000 08:02 8391373                    /usr/lib/jvm/java-7-oracle/jre/lib/amd64/libjava.so
7f8ba7be8000-7f8ba7bf5000 r-xp 00000000 08:02 8391404                    /usr/lib/jvm/java-7-oracle/jre/lib/amd64/libverify.so
7f8ba7bf5000-7f8ba7df4000 ---p 0000d000 08:02 8391404                    /usr/lib/jvm/java-7-oracle/jre/lib/amd64/libverify.so
7f8ba7df4000-7f8ba7df6000 rw-p 0000c000 08:02 8391404                    /usr/lib/jvm/java-7-oracle/jre/lib/amd64/libverify.so
7f8ba7df8000-7f8ba7dff000 r-xp 00000000 08:02 6815862                    /lib/x86_64-linux-gnu/librt-2.15.so
7f8ba7dff000-7f8ba7ffe000 ---p 00007000 08:02 6815862                    /lib/x86_64-linux-gnu/librt-2.15.so
7f8ba7ffe000-7f8ba7fff000 r--p 00006000 08:02 6815862                    /lib/x86_64-linux-gnu/librt-2.15.so
7f8ba7fff000-7f8ba8000000 rw-p 00007000 08:02 6815862                    /lib/x86_64-linux-gnu/librt-2.15.so
7f8ba8000000-7f8ba830a000 rw-p 00000000 00:00 0 
7f8ba830a000-7f8bac000000 ---p 00000000 00:00 0 
7f8bac008000-7f8bac00f000 r--s 00000000 08:02 5250113                    /usr/lib/x86_64-linux-gnu/gconv/gconv-modules.cache
7f8bac011000-7f8bac015000 r--s 00069000 08:02 3278518                    /home/gregor/.m2/repository/opencv/opencv/1/opencv-1.jar
7f8bac01c000-7f8bac01e000 r--s 00024000 08:02 3278315                    /home/gregor/.m2/repository/org/scream3r/jssc/2.8.0/jssc-2.8.0.jar
7f8bac01f000-7f8bac097000 rw-p 00000000 00:00 0 
7f8bac097000-7f8bac098000 ---p 00000000 00:00 0 
7f8bac098000-7f8bac198000 rw-p 00000000 00:00 0                          [stack:20308]
7f8bac198000-7f8bac293000 r-xp 00000000 08:02 6815866                    /lib/x86_64-linux-gnu/libm-2.15.so
7f8bac293000-7f8bac492000 ---p 000fb000 08:02 6815866                    /lib/x86_64-linux-gnu/libm-2.15.so
7f8bac492000-7f8bac493000 r--p 000fa000 08:02 6815866                    /lib/x86_64-linux-gnu/libm-2.15.so
7f8bac493000-7f8bac494000 rw-p 000fb000 08:02 6815866                    /lib/x86_64-linux-gnu/libm-2.15.so
7f8bac498000-7f8bad008000 r-xp 00000000 08:02 8391414                    /usr/lib/jvm/java-7-oracle/jre/lib/amd64/server/libjvm.so
7f8bad008000-7f8bad207000 ---p 00b70000 08:02 8391414                    /usr/lib/jvm/java-7-oracle/jre/lib/amd64/server/libjvm.so
7f8bad207000-7f8bad2cc000 rw-p 00b6f000 08:02 8391414                    /usr/lib/jvm/java-7-oracle/jre/lib/amd64/server/libjvm.so
7f8bad2cc000-7f8bad30c000 rw-p 00000000 00:00 0 
7f8bad310000-7f8bad4c5000 r-xp 00000000 08:02 6815755                    /lib/x86_64-linux-gnu/libc-2.15.so
7f8bad4c5000-7f8bad6c5000 ---p 001b5000 08:02 6815755                    /lib/x86_64-linux-gnu/libc-2.15.so
7f8bad6c5000-7f8bad6c9000 r--p 001b5000 08:02 6815755                    /lib/x86_64-linux-gnu/libc-2.15.so
7f8bad6c9000-7f8bad6cb000 rw-p 001b9000 08:02 6815755                    /lib/x86_64-linux-gnu/libc-2.15.so
7f8bad6cb000-7f8bad6d0000 rw-p 00000000 00:00 0 
7f8bad6d0000-7f8bad6d2000 r-xp 00000000 08:02 6815870                    /lib/x86_64-linux-gnu/libdl-2.15.so
7f8bad6d2000-7f8bad8d2000 ---p 00002000 08:02 6815870                    /lib/x86_64-linux-gnu/libdl-2.15.so
7f8bad8d2000-7f8bad8d3000 r--p 00002000 08:02 6815870                    /lib/x86_64-linux-gnu/libdl-2.15.so
7f8bad8d3000-7f8bad8d4000 rw-p 00003000 08:02 6815870                    /lib/x86_64-linux-gnu/libdl-2.15.so
7f8bad8d8000-7f8bad8ee000 r-xp 00000000 08:02 8390226                    /usr/lib/jvm/java-7-oracle/lib/amd64/jli/libjli.so
7f8bad8ee000-7f8badaee000 ---p 00016000 08:02 8390226                    /usr/lib/jvm/java-7-oracle/lib/amd64/jli/libjli.so
7f8badaee000-7f8badaef000 rw-p 00016000 08:02 8390226                    /usr/lib/jvm/java-7-oracle/lib/amd64/jli/libjli.so
7f8badaf0000-7f8badb08000 r-xp 00000000 08:02 6815864                    /lib/x86_64-linux-gnu/libpthread-2.15.so
7f8badb08000-7f8badd07000 ---p 00018000 08:02 6815864                    /lib/x86_64-linux-gnu/libpthread-2.15.so
7f8badd07000-7f8badd08000 r--p 00017000 08:02 6815864                    /lib/x86_64-linux-gnu/libpthread-2.15.so
7f8badd08000-7f8badd09000 rw-p 00018000 08:02 6815864                    /lib/x86_64-linux-gnu/libpthread-2.15.so
7f8badd09000-7f8badd0d000 rw-p 00000000 00:00 0 
7f8badd10000-7f8badd32000 r-xp 00000000 08:02 6815867                    /lib/x86_64-linux-gnu/ld-2.15.so
7f8badd36000-7f8badd42000 rw-p 00000000 00:00 0 
7f8badd42000-7f8badd60000 rw-p 00000000 00:00 0 
7f8badd60000-7f8badd6a000 rw-p 00000000 00:00 0 
7f8badd6a000-7f8bade20000 rw-p 00000000 00:00 0 
7f8bade20000-7f8bade28000 rw-s 00000000 08:02 8262910                    /tmp/hsperfdata_gregor/20303
7f8bade28000-7f8bade2b000 rw-p 00000000 00:00 0 
7f8bade2b000-7f8bade2c000 r--p 00000000 00:00 0 
7f8bade2c000-7f8bade2f000 ---p 00000000 00:00 0 
7f8bade2f000-7f8badf32000 rw-p 00000000 00:00 0                          [stack:20307]
7f8badf32000-7f8badf33000 r--p 00022000 08:02 6815867                    /lib/x86_64-linux-gnu/ld-2.15.so
7f8badf33000-7f8badf35000 rw-p 00023000 08:02 6815867                    /lib/x86_64-linux-gnu/ld-2.15.so
7f8badf35000-7f8badf36000 rw-p 00000000 00:00 0 
7fff75acb000-7fff75aec000 rw-p 00000000 00:00 0                          [stack]
7fff75ba8000-7fff75baa000 r-xp 00000000 00:00 0                          [vdso]
ffffffffff600000-ffffffffff601000 r-xp 00000000 00:00 0                  [vsyscall]

VM Arguments:
jvm_args: -Djava.library.path=/usr/local/share/OpenCV/java 
java_command: balldetection.Main
Launcher Type: SUN_STANDARD

Environment Variables:
JAVA_HOME=/usr/lib/jvm/java-7-oracle
PATH=/home/gregor/bin:/usr/lib/lightdm/lightdm:/usr/local/sbin:/usr/local/bin:/usr/sbin:/usr/bin:/sbin:/bin:/usr/games
LD_LIBRARY_PATH=/usr/lib/jvm/java-7-oracle/jre/lib/amd64:/usr/lib/jvm/java-7-oracle/jre/lib/i386:
SHELL=/bin/bash
DISPLAY=:0

Signal Handlers:
SIGSEGV: [libjvm.so+0x99f4a0], sa_mask[0]=0x7ffbfeff, sa_flags=0x10000004
SIGBUS: [libjvm.so+0x99f4a0], sa_mask[0]=0x7ffbfeff, sa_flags=0x10000004
SIGFPE: [libjvm.so+0x81a860], sa_mask[0]=0x7ffbfeff, sa_flags=0x10000004
SIGPIPE: [libjvm.so+0x81a860], sa_mask[0]=0x7ffbfeff, sa_flags=0x10000004
SIGXFSZ: [libjvm.so+0x81a860], sa_mask[0]=0x7ffbfeff, sa_flags=0x10000004
SIGILL: [libjvm.so+0x81a860], sa_mask[0]=0x7ffbfeff, sa_flags=0x10000004
SIGUSR1: SIG_DFL, sa_mask[0]=0x00000000, sa_flags=0x00000000
SIGUSR2: [libjvm.so+0x81c060], sa_mask[0]=0x00000004, sa_flags=0x10000004
SIGHUP: [libjvm.so+0x81d160], sa_mask[0]=0x7ffbfeff, sa_flags=0x10000004
SIGINT: SIG_IGN, sa_mask[0]=0x00000000, sa_flags=0x00000000
SIGTERM: [libjvm.so+0x81d160], sa_mask[0]=0x7ffbfeff, sa_flags=0x10000004
SIGQUIT: [libjvm.so+0x81d160], sa_mask[0]=0x7ffbfeff, sa_flags=0x10000004


---------------  S Y S T E M  ---------------

OS:wheezy/sid

uname:Linux 3.8.0-44-generic #66~precise1-Ubuntu SMP Tue Jul 15 04:01:04 UTC 2014 x86_64
libc:glibc 2.15 NPTL 2.15 
rlimit: STACK 8192k, CORE 0k, NPROC 126941, NOFILE 4096, AS infinity
load average:1.11 1.03 1.06

/proc/meminfo:
MemTotal:       16333552 kB
MemFree:          159128 kB
Buffers:          123088 kB
Cached:          1436632 kB
SwapCached:          848 kB
Active:         12162828 kB
Inactive:        2337172 kB
Active(anon):   11416184 kB
Inactive(anon):  1589284 kB
Active(file):     746644 kB
Inactive(file):   747888 kB
Unevictable:         268 kB
Mlocked:             268 kB
SwapTotal:       8396796 kB
SwapFree:        8372048 kB
Dirty:               244 kB
Writeback:             0 kB
AnonPages:      12939736 kB
Mapped:           985464 kB
Shmem:             65188 kB
Slab:             377156 kB
SReclaimable:     314204 kB
SUnreclaim:        62952 kB
KernelStack:        7576 kB
PageTables:        92092 kB
NFS_Unstable:          0 kB
Bounce:                0 kB
WritebackTmp:          0 kB
CommitLimit:    16563572 kB
Committed_AS:   20504732 kB
VmallocTotal:   34359738367 kB
VmallocUsed:      368408 kB
VmallocChunk:   34359305868 kB
HardwareCorrupted:     0 kB
AnonHugePages:         0 kB
HugePages_Total:       0
HugePages_Free:        0
HugePages_Rsvd:        0
HugePages_Surp:        0
Hugepagesize:       2048 kB
DirectMap4k:     2506748 kB
DirectMap2M:    14213120 kB
DirectMap1G:           0 kB


CPU:total 8 (8 cores per cpu, 1 threads per core) family 21 model 2 stepping 0, cmov, cx8, fxsr, mmx, sse, sse2, sse3, ssse3, sse4.1, sse4.2, popcnt, avx, aes, mmxext, 3dnowpref, lzcnt, sse4a, tsc, tscinvbit, tscinv

/proc/cpuinfo:
processor	: 0
vendor_id	: AuthenticAMD
cpu family	: 21
model		: 2
model name	: AMD FX(tm)-8350 Eight-Core Processor
stepping	: 0
microcode	: 0x600081f
cpu MHz		: 1400.000
cache size	: 2048 KB
physical id	: 0
siblings	: 8
core id		: 0
cpu cores	: 4
apicid		: 16
initial apicid	: 0
fpu		: yes
fpu_exception	: yes
cpuid level	: 13
wp		: yes
flags		: fpu vme de pse tsc msr pae mce cx8 apic sep mtrr pge mca cmov pat pse36 clflush mmx fxsr sse sse2 ht syscall nx mmxext fxsr_opt pdpe1gb rdtscp lm constant_tsc rep_good nopl nonstop_tsc extd_apicid aperfmperf pni pclmulqdq monitor ssse3 fma cx16 sse4_1 sse4_2 popcnt aes xsave avx f16c lahf_lm cmp_legacy svm extapic cr8_legacy abm sse4a misalignsse 3dnowprefetch osvw ibs xop skinit wdt lwp fma4 tce nodeid_msr tbm topoext perfctr_core arat cpb hw_pstate npt lbrv svm_lock nrip_save tsc_scale vmcb_clean flushbyasid decodeassists pausefilter pfthreshold bmi1
bogomips	: 8027.54
TLB size	: 1536 4K pages
clflush size	: 64
cache_alignment	: 64
address sizes	: 48 bits physical, 48 bits virtual
power management: ts ttp tm 100mhzsteps hwpstate cpb eff_freq_ro

processor	: 1
vendor_id	: AuthenticAMD
cpu family	: 21
model		: 2
model name	: AMD FX(tm)-8350 Eight-Core Processor           
stepping	: 0
microcode	: 0x600081f
cpu MHz		: 1400.000
cache size	: 2048 KB
physical id	: 0
siblings	: 8
core id		: 1
cpu cores	: 4
apicid		: 17
initial apicid	: 1
fpu		: yes
fpu_exception	: yes
cpuid level	: 13
wp		: yes
flags		: fpu vme de pse tsc msr pae mce cx8 apic sep mtrr pge mca cmov pat pse36 clflush mmx fxsr sse sse2 ht syscall nx mmxext fxsr_opt pdpe1gb rdtscp lm constant_tsc rep_good nopl nonstop_tsc extd_apicid aperfmperf pni pclmulqdq monitor ssse3 fma cx16 sse4_1 sse4_2 popcnt aes xsave avx f16c lahf_lm cmp_legacy svm extapic cr8_legacy abm sse4a misalignsse 3dnowprefetch osvw ibs xop skinit wdt lwp fma4 tce nodeid_msr tbm topoext perfctr_core arat cpb hw_pstate npt lbrv svm_lock nrip_save tsc_scale vmcb_clean flushbyasid decodeassists pausefilter pfthreshold bmi1
bogomips	: 8027.54
TLB size	: 1536 4K pages
clflush size	: 64
cache_alignment	: 64
address sizes	: 48 bits physical, 48 bits virtual
power management: ts ttp tm 100mhzsteps hwpstate cpb eff_freq_ro

processor	: 2
vendor_id	: AuthenticAMD
cpu family	: 21
model		: 2
model name	: AMD FX(tm)-8350 Eight-Core Processor           
stepping	: 0
microcode	: 0x600081f
cpu MHz		: 1400.000
cache size	: 2048 KB
physical id	: 0
siblings	: 8
core id		: 2
cpu cores	: 4
apicid		: 18
initial apicid	: 2
fpu		: yes
fpu_exception	: yes
cpuid level	: 13
wp		: yes
flags		: fpu vme de pse tsc msr pae mce cx8 apic sep mtrr pge mca cmov pat pse36 clflush mmx fxsr sse sse2 ht syscall nx mmxext fxsr_opt pdpe1gb rdtscp lm constant_tsc rep_good nopl nonstop_tsc extd_apicid aperfmperf pni pclmulqdq monitor ssse3 fma cx16 sse4_1 sse4_2 popcnt aes xsave avx f16c lahf_lm cmp_legacy svm extapic cr8_legacy abm sse4a misalignsse 3dnowprefetch osvw ibs xop skinit wdt lwp fma4 tce nodeid_msr tbm topoext perfctr_core arat cpb hw_pstate npt lbrv svm_lock nrip_save tsc_scale vmcb_clean flushbyasid decodeassists pausefilter pfthreshold bmi1
bogomips	: 8027.54
TLB size	: 1536 4K pages
clflush size	: 64
cache_alignment	: 64
address sizes	: 48 bits physical, 48 bits virtual
power management: ts ttp tm 100mhzsteps hwpstate cpb eff_freq_ro

processor	: 3
vendor_id	: AuthenticAMD
cpu family	: 21
model		: 2
model name	: AMD FX(tm)-8350 Eight-Core Processor           
stepping	: 0
microcode	: 0x600081f
cpu MHz		: 1400.000
cache size	: 2048 KB
physical id	: 0
siblings	: 8
core id		: 3
cpu cores	: 4
apicid		: 19
initial apicid	: 3
fpu		: yes
fpu_exception	: yes
cpuid level	: 13
wp		: yes
flags		: fpu vme de pse tsc msr pae mce cx8 apic sep mtrr pge mca cmov pat pse36 clflush mmx fxsr sse sse2 ht syscall nx mmxext fxsr_opt pdpe1gb rdtscp lm constant_tsc rep_good nopl nonstop_tsc extd_apicid aperfmperf pni pclmulqdq monitor ssse3 fma cx16 sse4_1 sse4_2 popcnt aes xsave avx f16c lahf_lm cmp_legacy svm extapic cr8_legacy abm sse4a misalignsse 3dnowprefetch osvw ibs xop skinit wdt lwp fma4 tce nodeid_msr tbm topoext perfctr_core arat cpb hw_pstate npt lbrv svm_lock nrip_save tsc_scale vmcb_clean flushbyasid decodeassists pausefilter pfthreshold bmi1
bogomips	: 8027.54
TLB size	: 1536 4K pages
clflush size	: 64
cache_alignment	: 64
address sizes	: 48 bits physical, 48 bits virtual
power management: ts ttp tm 100mhzsteps hwpstate cpb eff_freq_ro

processor	: 4
vendor_id	: AuthenticAMD
cpu family	: 21
model		: 2
model name	: AMD FX(tm)-8350 Eight-Core Processor           
stepping	: 0
microcode	: 0x600081f
cpu MHz		: 1400.000
cache size	: 2048 KB
physical id	: 0
siblings	: 8
core id		: 4
cpu cores	: 4
apicid		: 20
initial apicid	: 4
fpu		: yes
fpu_exception	: yes
cpuid level	: 13
wp		: yes
flags		: fpu vme de pse tsc msr pae mce cx8 apic sep mtrr pge mca cmov pat pse36 clflush mmx fxsr sse sse2 ht syscall nx mmxext fxsr_opt pdpe1gb rdtscp lm constant_tsc rep_good nopl nonstop_tsc extd_apicid aperfmperf pni pclmulqdq monitor ssse3 fma cx16 sse4_1 sse4_2 popcnt aes xsave avx f16c lahf_lm cmp_legacy svm extapic cr8_legacy abm sse4a misalignsse 3dnowprefetch osvw ibs xop skinit wdt lwp fma4 tce nodeid_msr tbm topoext perfctr_core arat cpb hw_pstate npt lbrv svm_lock nrip_save tsc_scale vmcb_clean flushbyasid decodeassists pausefilter pfthreshold bmi1
bogomips	: 8027.54
TLB size	: 1536 4K pages
clflush size	: 64
cache_alignment	: 64
address sizes	: 48 bits physical, 48 bits virtual
power management: ts ttp tm 100mhzsteps hwpstate cpb eff_freq_ro

processor	: 5
vendor_id	: AuthenticAMD
cpu family	: 21
model		: 2
model name	: AMD FX(tm)-8350 Eight-Core Processor           
stepping	: 0
microcode	: 0x600081f
cpu MHz		: 4000.000
cache size	: 2048 KB
physical id	: 0
siblings	: 8
core id		: 5
cpu cores	: 4
apicid		: 21
initial apicid	: 5
fpu		: yes
fpu_exception	: yes
cpuid level	: 13
wp		: yes
flags		: fpu vme de pse tsc msr pae mce cx8 apic sep mtrr pge mca cmov pat pse36 clflush mmx fxsr sse sse2 ht syscall nx mmxext fxsr_opt pdpe1gb rdtscp lm constant_tsc rep_good nopl nonstop_tsc extd_apicid aperfmperf pni pclmulqdq monitor ssse3 fma cx16 sse4_1 sse4_2 popcnt aes xsave avx f16c lahf_lm cmp_legacy svm extapic cr8_legacy abm sse4a misalignsse 3dnowprefetch osvw ibs xop skinit wdt lwp fma4 tce nodeid_msr tbm topoext perfctr_core arat cpb hw_pstate npt lbrv svm_lock nrip_save tsc_scale vmcb_clean flushbyasid decodeassists pausefilter pfthreshold bmi1
bogomips	: 8027.54
TLB size	: 1536 4K pages
clflush size	: 64
cache_alignment	: 64
address sizes	: 48 bits physical, 48 bits virtual
power management: ts ttp tm 100mhzsteps hwpstate cpb eff_freq_ro

processor	: 6
vendor_id	: AuthenticAMD
cpu family	: 21
model		: 2
model name	: AMD FX(tm)-8350 Eight-Core Processor           
stepping	: 0
microcode	: 0x600081f
cpu MHz		: 1400.000
cache size	: 2048 KB
physical id	: 0
siblings	: 8
core id		: 6
cpu cores	: 4
apicid		: 22
initial apicid	: 6
fpu		: yes
fpu_exception	: yes
cpuid level	: 13
wp		: yes
flags		: fpu vme de pse tsc msr pae mce cx8 apic sep mtrr pge mca cmov pat pse36 clflush mmx fxsr sse sse2 ht syscall nx mmxext fxsr_opt pdpe1gb rdtscp lm constant_tsc rep_good nopl nonstop_tsc extd_apicid aperfmperf pni pclmulqdq monitor ssse3 fma cx16 sse4_1 sse4_2 popcnt aes xsave avx f16c lahf_lm cmp_legacy svm extapic cr8_legacy abm sse4a misalignsse 3dnowprefetch osvw ibs xop skinit wdt lwp fma4 tce nodeid_msr tbm topoext perfctr_core arat cpb hw_pstate npt lbrv svm_lock nrip_save tsc_scale vmcb_clean flushbyasid decodeassists pausefilter pfthreshold bmi1
bogomips	: 8027.54
TLB size	: 1536 4K pages
clflush size	: 64
cache_alignment	: 64
address sizes	: 48 bits physical, 48 bits virtual
power management: ts ttp tm 100mhzsteps hwpstate cpb eff_freq_ro

processor	: 7
vendor_id	: AuthenticAMD
cpu family	: 21
model		: 2
model name	: AMD FX(tm)-8350 Eight-Core Processor           
stepping	: 0
microcode	: 0x600081f
cpu MHz		: 1400.000
cache size	: 2048 KB
physical id	: 0
siblings	: 8
core id		: 7
cpu cores	: 4
apicid		: 23
initial apicid	: 7
fpu		: yes
fpu_exception	: yes
cpuid level	: 13
wp		: yes
flags		: fpu vme de pse tsc msr pae mce cx8 apic sep mtrr pge mca cmov pat pse36 clflush mmx fxsr sse sse2 ht syscall nx mmxext fxsr_opt pdpe1gb rdtscp lm constant_tsc rep_good nopl nonstop_tsc extd_apicid aperfmperf pni pclmulqdq monitor ssse3 fma cx16 sse4_1 sse4_2 popcnt aes xsave avx f16c lahf_lm cmp_legacy svm extapic cr8_legacy abm sse4a misalignsse 3dnowprefetch osvw ibs xop skinit wdt lwp fma4 tce nodeid_msr tbm topoext perfctr_core arat cpb hw_pstate npt lbrv svm_lock nrip_save tsc_scale vmcb_clean flushbyasid decodeassists pausefilter pfthreshold bmi1
bogomips	: 8027.54
TLB size	: 1536 4K pages
clflush size	: 64
cache_alignment	: 64
address sizes	: 48 bits physical, 48 bits virtual
power management: ts ttp tm 100mhzsteps hwpstate cpb eff_freq_ro



Memory: 4k page, physical 16333552k(159128k free), swap 8396796k(8372048k free)

vm_info: Java HotSpot(TM) 64-Bit Server VM (24.65-b04) for linux-amd64 JRE (1.7.0_65-b17), built on Jun 16 2014 20:55:34 by "java_re" with gcc 4.3.0 20080428 (Red Hat 4.3.0-8)

time: Wed Oct  1 23:21:34 2014
elapsed time: 5 seconds

