#
# A fatal error has been detected by the Java Runtime Environment:
#
#  SIGSEGV (0xb) at pc=0x00007f7f1e1a5730, pid=2602, tid=140183963866880
#
# JRE version: Java(TM) SE Runtime Environment (7.0_65-b17) (build 1.7.0_65-b17)
# Java VM: Java HotSpot(TM) 64-Bit Server VM (24.65-b04 mixed mode linux-amd64 compressed oops)
# Problematic frame:
# V  [libjvm.so+0x655730]  jni_GetStringUTFChars+0xa0
#
# Failed to write core dump. Core dumps have been disabled. To enable core dumping, try "ulimit -c unlimited" before starting Java again
#
# If you would like to submit a bug report, please visit:
#   http://bugreport.sun.com/bugreport/crash.jsp
#

---------------  T H R E A D  ---------------

Current thread (0x00007f7f1800a000):  JavaThread "main" [_thread_in_vm, id=2606, stack(0x00007f7f1f4e9000,0x00007f7f1f5ea000)]

siginfo:si_signo=SIGSEGV: si_errno=0, si_code=1 (SEGV_MAPERR), si_addr=0x0000000000000000

Registers:
RAX=0x0000000000000000, RBX=0x0000000000000000, RCX=0x00007f7f18005c30, RDX=0x00007f7f1e99a360
RSP=0x00007f7f1f5e86d0, RBP=0x00007f7f1f5e8730, RSI=0x0000000000000000, RDI=0x00007f7f1800a1e8
R8 =0x00007f7f1e995d80, R9 =0x00007f7f1eb0fb10, R10=0x00007f7f1501272c, R11=0x00007f7f1e402870
R12=0x0000000000000000, R13=0x00007f7f1800a000, R14=0x00007f7f1f5e87f0, R15=0x0000000000000000
RIP=0x00007f7f1e1a5730, EFLAGS=0x0000000000010246, CSGSFS=0x0000000000000033, ERR=0x0000000000000004
  TRAPNO=0x000000000000000e

Top of Stack: (sp=0x00007f7f1f5e86d0)
0x00007f7f1f5e86d0:   00007f7f1800a000 0000000000000000
0x00007f7f1f5e86e0:   00000000000003d8 00007f7f00000000
0x00007f7f1f5e86f0:   00007f7f1800a000 00007f7f1800a918
0x00007f7f1f5e8700:   00007f7f1800a000 00007f7f1800a1e8
0x00007f7f1f5e8710:   0000000000000000 0000000701c9a438
0x00007f7f1f5e8720:   00007f7f1f5e87f0 00007f7f1800a000
0x00007f7f1f5e8730:   00007f7f1f5e87d0 00007f7ec70587b7
0x00007f7f1f5e8740:   0000000701c9a438 0000000000000000
0x00007f7f1f5e8750:   0000000701c9a438 00007f7f1f5e87f0
0x00007f7f1f5e8760:   0000000701c9a438 00007f7f1f5e87d0
0x00007f7f1f5e8770:   0000000000000000 00007f7f15012758
0x00007f7f1f5e8780:   00007f7f1800a000 00007f7f1e3f90ef
0x00007f7f1f5e8790:   00007f7f1f5e8790 0000000701c9a438
0x00007f7f1f5e87a0:   00007f7f1f5e87f0 0000000701c9b1e0
0x00007f7f1f5e87b0:   0000000000000000 0000000701c9a438
0x00007f7f1f5e87c0:   0000000000000000 00007f7f1f5e87f0
0x00007f7f1f5e87d0:   00007f7f1f5e8840 00007f7f15006175
0x00007f7f1f5e87e0:   00000007acee3538 00007f7f1500ecd7
0x00007f7f1f5e87f0:   0000000000000000 00000007ad296f80
0x00007f7f1f5e8800:   00007f7f1f5e8800 0000000701c99536
0x00007f7f1f5e8810:   00007f7f1f5e8858 0000000701c9b1e0
0x00007f7f1f5e8820:   0000000000000000 0000000701c99560
0x00007f7f1f5e8830:   00007f7f1f5e87f0 00007f7f1f5e8850
0x00007f7f1f5e8840:   00007f7f1f5e88b0 00007f7f15006058
0x00007f7f1f5e8850:   0000000000000000 00000007ad296f80
0x00007f7f1f5e8860:   00000007ad296f80 00000007aced3fc8
0x00007f7f1f5e8870:   00007f7f1f5e8870 0000000701c5b312
0x00007f7f1f5e8880:   00007f7f1f5e88d0 0000000701c5bf18
0x00007f7f1f5e8890:   0000000000000000 0000000701c5b358
0x00007f7f1f5e88a0:   00007f7f1f5e8850 00007f7f1f5e88c8
0x00007f7f1f5e88b0:   00007f7f1f5e8920 00007f7f150068e1
0x00007f7f1f5e88c0:   0000000000000000 00000007ad296c90 

Instructions: (pc=0x00007f7f1e1a5730)
0x00007f7f1e1a5710:   4c 89 6d c0 4c 89 6d a0 48 c7 45 a8 00 00 00 00
0x00007f7f1e1a5720:   49 83 7d 08 00 74 09 48 8d 7d a0 e8 e0 78 21 00
0x00007f7f1e1a5730:   4c 8b 23 4c 89 e7 e8 65 db fa ff 48 63 f8 31 c9
0x00007f7f1e1a5740:   31 d2 48 83 c7 01 89 c3 be 00 07 00 00 e8 8e 6a 

Register to memory mapping:

RAX=0x0000000000000000 is an unknown value
RBX=0x0000000000000000 is an unknown value
RCX=0x00007f7f18005c30 is an unknown value
RDX=0x00007f7f1e99a360: <offset 0xe4a360> in /usr/lib/jvm/java-7-oracle/jre/lib/amd64/server/libjvm.so at 0x00007f7f1db50000
RSP=0x00007f7f1f5e86d0 is pointing into the stack for thread: 0x00007f7f1800a000
RBP=0x00007f7f1f5e8730 is pointing into the stack for thread: 0x00007f7f1800a000
RSI=0x0000000000000000 is an unknown value
RDI=0x00007f7f1800a1e8 is an unknown value
R8 =0x00007f7f1e995d80: <offset 0xe45d80> in /usr/lib/jvm/java-7-oracle/jre/lib/amd64/server/libjvm.so at 0x00007f7f1db50000
R9 =0x00007f7f1eb0fb10: <offset 0x147b10> in /lib/x86_64-linux-gnu/libc.so.6 at 0x00007f7f1e9c8000
R10=0x00007f7f1501272c is at code_begin+620 in an Interpreter codelet
method entry point (kind = native)  [0x00007f7f150124c0, 0x00007f7f15012d20]  2144 bytes
R11=0x00007f7f1e402870: <offset 0x8b2870> in /usr/lib/jvm/java-7-oracle/jre/lib/amd64/server/libjvm.so at 0x00007f7f1db50000
R12=0x0000000000000000 is an unknown value
R13=0x00007f7f1800a000 is a thread
R14=0x00007f7f1f5e87f0 is pointing into the stack for thread: 0x00007f7f1800a000
R15=0x0000000000000000 is an unknown value


Stack: [0x00007f7f1f4e9000,0x00007f7f1f5ea000],  sp=0x00007f7f1f5e86d0,  free space=1021k
Native frames: (J=compiled Java code, j=interpreted, Vv=VM code, C=native code)
V  [libjvm.so+0x655730]  jni_GetStringUTFChars+0xa0
C  [libopencv_java249.so+0x2307b7]  Java_org_opencv_highgui_VideoCapture_VideoCapture_11+0x27
j  org.opencv.highgui.VideoCapture.<init>(Ljava/lang/String;)V+6
j  balldetection.processors.VideoProvidorProcessor.process(Lorg/opencv/core/Mat;)Lorg/opencv/core/Mat;+26
j  balldetection.ImageProcessor.process()V+44
j  balldetection.Main.main([Ljava/lang/String;)V+57
v  ~StubRoutines::call_stub
V  [libjvm.so+0x5ffb65]  JavaCalls::call_helper(JavaValue*, methodHandle*, JavaCallArguments*, Thread*)+0x365
V  [libjvm.so+0x5fe5c8]  JavaCalls::call(JavaValue*, methodHandle, JavaCallArguments*, Thread*)+0x28
V  [libjvm.so+0x638309]  jni_invoke_static(JNIEnv_*, JavaValue*, _jobject*, JNICallType, _jmethodID*, JNI_ArgumentPusher*, Thread*)+0x219
V  [libjvm.so+0x640f22]  jni_CallStaticVoidMethod+0x162
C  [libjli.so+0x36d9]  JavaMain+0x7e9

Java frames: (J=compiled Java code, j=interpreted, Vv=VM code)
j  org.opencv.highgui.VideoCapture.VideoCapture_1(Ljava/lang/String;)J+0
j  org.opencv.highgui.VideoCapture.<init>(Ljava/lang/String;)V+6
j  balldetection.processors.VideoProvidorProcessor.process(Lorg/opencv/core/Mat;)Lorg/opencv/core/Mat;+26
j  balldetection.ImageProcessor.process()V+44
j  balldetection.Main.main([Ljava/lang/String;)V+57
v  ~StubRoutines::call_stub

---------------  P R O C E S S  ---------------

Java Threads: ( => current thread )
  0x00007f7f18224800 JavaThread "AWT-EventQueue-0" [_thread_in_vm, id=2626, stack(0x00007f7ec4575000,0x00007f7ec4676000)]
  0x00007f7f18221000 JavaThread "AWT-Shutdown" [_thread_blocked, id=2625, stack(0x00007f7ec4676000,0x00007f7ec4777000)]
  0x00007f7f181e5000 JavaThread "AWT-XAWT" daemon [_thread_in_Java, id=2624, stack(0x00007f7ec4777000,0x00007f7ec4878000)]
  0x00007f7f181c3800 JavaThread "Java2D Disposer" daemon [_thread_blocked, id=2623, stack(0x00007f7ef80bf000,0x00007f7ef81c0000)]
  0x00007f7f180a7000 JavaThread "Service Thread" daemon [_thread_blocked, id=2621, stack(0x00007f7ef8cc4000,0x00007f7ef8dc5000)]
  0x00007f7f180a4800 JavaThread "C2 CompilerThread1" daemon [_thread_blocked, id=2620, stack(0x00007f7ef8dc5000,0x00007f7ef8ec6000)]
  0x00007f7f180a1800 JavaThread "C2 CompilerThread0" daemon [_thread_blocked, id=2619, stack(0x00007f7ef8ec6000,0x00007f7ef8fc7000)]
  0x00007f7f180a0000 JavaThread "Signal Dispatcher" daemon [_thread_blocked, id=2618, stack(0x00007f7ef8fc7000,0x00007f7ef90c8000)]
  0x00007f7f18078800 JavaThread "Finalizer" daemon [_thread_blocked, id=2617, stack(0x00007f7ef97ab000,0x00007f7ef98ac000)]
  0x00007f7f18076800 JavaThread "Reference Handler" daemon [_thread_blocked, id=2616, stack(0x00007f7ef98ac000,0x00007f7ef99ad000)]
=>0x00007f7f1800a000 JavaThread "main" [_thread_in_vm, id=2606, stack(0x00007f7f1f4e9000,0x00007f7f1f5ea000)]

Other Threads:
  0x00007f7f18072000 VMThread [stack: 0x00007f7ef99ad000,0x00007f7ef9aae000] [id=2615]
  0x00007f7f180b2000 WatcherThread [stack: 0x00007f7ef8bc3000,0x00007f7ef8cc4000] [id=2622]

VM state:not at safepoint (normal execution)

VM Mutex/Monitor currently owned by a thread: None

Heap
 PSYoungGen      total 75264K, used 6502K [0x00000007ace80000, 0x00000007b2200000, 0x0000000800000000)
  eden space 65024K, 10% used [0x00000007ace80000,0x00000007ad4d9b50,0x00000007b0e00000)
  from space 10240K, 0% used [0x00000007b1800000,0x00000007b1800000,0x00000007b2200000)
  to   space 10240K, 0% used [0x00000007b0e00000,0x00000007b0e00000,0x00000007b1800000)
 ParOldGen       total 169984K, used 0K [0x0000000706c00000, 0x0000000711200000, 0x00000007ace80000)
  object space 169984K, 0% used [0x0000000706c00000,0x0000000706c00000,0x0000000711200000)
 PSPermGen       total 21504K, used 7324K [0x0000000701a00000, 0x0000000702f00000, 0x0000000706c00000)
  object space 21504K, 34% used [0x0000000701a00000,0x00000007021272d0,0x0000000702f00000)

Card table byte_map: [0x00007f7f1480c000,0x00007f7f15000000] byte_map_base: 0x00007f7f10fff000

Polling page: 0x00007f7f1f4e8000

Code Cache  [0x00007f7f15000000, 0x00007f7f15270000, 0x00007f7f18000000)
 total_blobs=382 nmethods=4 adapters=333 free_code_cache=48661Kb largest_free_block=49828352

Compilation events (8 events):
Event: 0.080 Thread 0x00007f7f180a1800    1             java.lang.String::hashCode (55 bytes)
Event: 0.093 Thread 0x00007f7f180a1800 nmethod 1 0x00007f7f150711d0 code [0x00007f7f15071320, 0x00007f7f15071498]
Event: 0.255 Thread 0x00007f7f180a4800    2             java.lang.Object::<init> (1 bytes)
Event: 0.255 Thread 0x00007f7f180a4800 nmethod 2 0x00007f7f15079150 code [0x00007f7f15079280, 0x00007f7f15079318]
Event: 0.269 Thread 0x00007f7f180a1800    3             java.lang.String::indexOf (70 bytes)
Event: 0.274 Thread 0x00007f7f180a1800 nmethod 3 0x00007f7f15076e10 code [0x00007f7f15076f60, 0x00007f7f15077108]
Event: 0.288 Thread 0x00007f7f180a4800    4             sun.java2d.loops.GraphicsPrimitive::getUniqueID (5 bytes)
Event: 0.289 Thread 0x00007f7f180a4800 nmethod 4 0x00007f7f1507ac10 code [0x00007f7f1507ad40, 0x00007f7f1507ad98]

GC Heap History (0 events):
No events

Deoptimization events (0 events):
No events

Internal exceptions (10 events):
Event: 0.055 Thread 0x00007f7f1800a000 Threw 0x00000007aced2338 at /HUDSON/workspace/7u-2-build-linux-amd64/jdk7u65/1224/hotspot/src/share/vm/prims/jvm.cpp:1244
Event: 0.055 Thread 0x00007f7f1800a000 Threw 0x00000007aced44c0 at /HUDSON/workspace/7u-2-build-linux-amd64/jdk7u65/1224/hotspot/src/share/vm/prims/jvm.cpp:1244
Event: 0.062 Thread 0x00007f7f1800a000 Threw 0x00000007acee3c00 at /HUDSON/workspace/7u-2-build-linux-amd64/jdk7u65/1224/hotspot/src/share/vm/prims/jvm.cpp:1244
Event: 0.062 Thread 0x00007f7f1800a000 Threw 0x00000007acee5f58 at /HUDSON/workspace/7u-2-build-linux-amd64/jdk7u65/1224/hotspot/src/share/vm/prims/jvm.cpp:1244
Event: 0.066 Thread 0x00007f7f1800a000 Threw 0x00000007acee90b0 at /HUDSON/workspace/7u-2-build-linux-amd64/jdk7u65/1224/hotspot/src/share/vm/prims/jvm.cpp:1244
Event: 0.073 Thread 0x00007f7f1800a000 Threw 0x00000007acef4ea0 at /HUDSON/workspace/7u-2-build-linux-amd64/jdk7u65/1224/hotspot/src/share/vm/prims/jni.cpp:717
Event: 0.073 Thread 0x00007f7f1800a000 Threw 0x00000007acef57a8 at /HUDSON/workspace/7u-2-build-linux-amd64/jdk7u65/1224/hotspot/src/share/vm/prims/jni.cpp:717
Event: 0.076 Thread 0x00007f7f1800a000 Threw 0x00000007acefa0e0 at /HUDSON/workspace/7u-2-build-linux-amd64/jdk7u65/1224/hotspot/src/share/vm/prims/jvm.cpp:1244
Event: 0.077 Thread 0x00007f7f1800a000 Threw 0x00000007acf0b598 at /HUDSON/workspace/7u-2-build-linux-amd64/jdk7u65/1224/hotspot/src/share/vm/prims/jvm.cpp:1244
Event: 0.305 Thread 0x00007f7f1800a000 Threw 0x00000007ad294a68 at /HUDSON/workspace/7u-2-build-linux-amd64/jdk7u65/1224/hotspot/src/share/vm/prims/jvm.cpp:1244

Events (10 events):
Event: 0.305 loading class 0x00007f7f180adbb0
Event: 0.305 loading class 0x00007f7f180adbb0 done
Event: 0.305 loading class 0x00007f7f180adbd0
Event: 0.305 loading class 0x00007f7f180adbd0 done
Event: 0.305 loading class 0x00007f7f181213b0
Event: 0.305 loading class 0x00007f7f181213b0 done
Event: 0.305 loading class 0x00007f7f1811adb0
Event: 0.305 loading class 0x00007f7f1811adb0 done
Event: 0.305 loading class 0x00007f7f18121280
Event: 0.305 loading class 0x00007f7f18121280 done


Dynamic libraries:
00400000-00401000 r-xp 00000000 08:02 8391584                            /usr/lib/jvm/java-7-oracle/bin/java
00600000-00601000 rw-p 00000000 08:02 8391584                            /usr/lib/jvm/java-7-oracle/bin/java
01972000-01993000 rw-p 00000000 00:00 0                                  [heap]
701a00000-702f00000 rw-p 00000000 00:00 0 
702f00000-706c00000 rw-p 00000000 00:00 0 
706c00000-711200000 rw-p 00000000 00:00 0 
711200000-7ace80000 rw-p 00000000 00:00 0 
7ace80000-7b2200000 rw-p 00000000 00:00 0 
7b2200000-800000000 rw-p 00000000 00:00 0 
7f7eb0000000-7f7eb0021000 rw-p 00000000 00:00 0 
7f7eb0021000-7f7eb4000000 ---p 00000000 00:00 0 
7f7eb8000000-7f7eb8021000 rw-p 00000000 00:00 0 
7f7eb8021000-7f7ebc000000 ---p 00000000 00:00 0 
7f7ebc000000-7f7ebc021000 rw-p 00000000 00:00 0 
7f7ebc021000-7f7ec0000000 ---p 00000000 00:00 0 
7f7ec0000000-7f7ec0021000 rw-p 00000000 00:00 0 
7f7ec0021000-7f7ec4000000 ---p 00000000 00:00 0 
7f7ec4409000-7f7ec4575000 rw-p 00000000 00:00 0 
7f7ec4575000-7f7ec4578000 ---p 00000000 00:00 0 
7f7ec4578000-7f7ec4676000 rw-p 00000000 00:00 0                          [stack:2626]
7f7ec4676000-7f7ec4679000 ---p 00000000 00:00 0 
7f7ec4679000-7f7ec4777000 rw-p 00000000 00:00 0                          [stack:2625]
7f7ec4777000-7f7ec477a000 ---p 00000000 00:00 0 
7f7ec477a000-7f7ec4878000 rw-p 00000000 00:00 0                          [stack:2624]
7f7ec4878000-7f7ec487d000 r-xp 00000000 08:02 4982906                    /usr/lib/x86_64-linux-gnu/libXfixes.so.3.1.0
7f7ec487d000-7f7ec4a7c000 ---p 00005000 08:02 4982906                    /usr/lib/x86_64-linux-gnu/libXfixes.so.3.1.0
7f7ec4a7c000-7f7ec4a7d000 r--p 00004000 08:02 4982906                    /usr/lib/x86_64-linux-gnu/libXfixes.so.3.1.0
7f7ec4a7d000-7f7ec4a7e000 rw-p 00005000 08:02 4982906                    /usr/lib/x86_64-linux-gnu/libXfixes.so.3.1.0
7f7ec4a80000-7f7ec4a89000 r-xp 00000000 08:02 4988146                    /usr/lib/x86_64-linux-gnu/libXcursor.so.1.0.2
7f7ec4a89000-7f7ec4c88000 ---p 00009000 08:02 4988146                    /usr/lib/x86_64-linux-gnu/libXcursor.so.1.0.2
7f7ec4c88000-7f7ec4c89000 r--p 00008000 08:02 4988146                    /usr/lib/x86_64-linux-gnu/libXcursor.so.1.0.2
7f7ec4c89000-7f7ec4c8a000 rw-p 00009000 08:02 4988146                    /usr/lib/x86_64-linux-gnu/libXcursor.so.1.0.2
7f7ec4c90000-7f7ec4c95000 r-xp 00000000 08:02 4988150                    /usr/lib/x86_64-linux-gnu/libXdmcp.so.6.0.0
7f7ec4c95000-7f7ec4e94000 ---p 00005000 08:02 4988150                    /usr/lib/x86_64-linux-gnu/libXdmcp.so.6.0.0
7f7ec4e94000-7f7ec4e95000 r--p 00004000 08:02 4988150                    /usr/lib/x86_64-linux-gnu/libXdmcp.so.6.0.0
7f7ec4e95000-7f7ec4e96000 rw-p 00005000 08:02 4988150                    /usr/lib/x86_64-linux-gnu/libXdmcp.so.6.0.0
7f7ec4e98000-7f7ec4e9a000 r-xp 00000000 08:02 4988139                    /usr/lib/x86_64-linux-gnu/libXau.so.6.0.0
7f7ec4e9a000-7f7ec5099000 ---p 00002000 08:02 4988139                    /usr/lib/x86_64-linux-gnu/libXau.so.6.0.0
7f7ec5099000-7f7ec509a000 r--p 00001000 08:02 4988139                    /usr/lib/x86_64-linux-gnu/libXau.so.6.0.0
7f7ec509a000-7f7ec509b000 rw-p 00002000 08:02 4988139                    /usr/lib/x86_64-linux-gnu/libXau.so.6.0.0
7f7ec50a0000-7f7ec50bd000 r-xp 00000000 08:02 4988746                    /usr/lib/x86_64-linux-gnu/libxcb.so.1.1.0
7f7ec50bd000-7f7ec52bc000 ---p 0001d000 08:02 4988746                    /usr/lib/x86_64-linux-gnu/libxcb.so.1.1.0
7f7ec52bc000-7f7ec52bd000 r--p 0001c000 08:02 4988746                    /usr/lib/x86_64-linux-gnu/libxcb.so.1.1.0
7f7ec52bd000-7f7ec52be000 rw-p 0001d000 08:02 4988746                    /usr/lib/x86_64-linux-gnu/libxcb.so.1.1.0
7f7ec52c0000-7f7ec52cf000 r-xp 00000000 08:02 4982908                    /usr/lib/x86_64-linux-gnu/libXi.so.6.1.0
7f7ec52cf000-7f7ec54ce000 ---p 0000f000 08:02 4982908                    /usr/lib/x86_64-linux-gnu/libXi.so.6.1.0
7f7ec54ce000-7f7ec54cf000 r--p 0000e000 08:02 4982908                    /usr/lib/x86_64-linux-gnu/libXi.so.6.1.0
7f7ec54cf000-7f7ec54d0000 rw-p 0000f000 08:02 4982908                    /usr/lib/x86_64-linux-gnu/libXi.so.6.1.0
7f7ec54d0000-7f7ec54d5000 r-xp 00000000 08:02 4988178                    /usr/lib/x86_64-linux-gnu/libXtst.so.6.1.0
7f7ec54d5000-7f7ec56d4000 ---p 00005000 08:02 4988178                    /usr/lib/x86_64-linux-gnu/libXtst.so.6.1.0
7f7ec56d4000-7f7ec56d5000 r--p 00004000 08:02 4988178                    /usr/lib/x86_64-linux-gnu/libXtst.so.6.1.0
7f7ec56d5000-7f7ec56d6000 rw-p 00005000 08:02 4988178                    /usr/lib/x86_64-linux-gnu/libXtst.so.6.1.0
7f7ec56d8000-7f7ec56e1000 r-xp 00000000 08:02 4988174                    /usr/lib/x86_64-linux-gnu/libXrender.so.1.3.0
7f7ec56e1000-7f7ec58e0000 ---p 00009000 08:02 4988174                    /usr/lib/x86_64-linux-gnu/libXrender.so.1.3.0
7f7ec58e0000-7f7ec58e1000 r--p 00008000 08:02 4988174                    /usr/lib/x86_64-linux-gnu/libXrender.so.1.3.0
7f7ec58e1000-7f7ec58e2000 rw-p 00009000 08:02 4988174                    /usr/lib/x86_64-linux-gnu/libXrender.so.1.3.0
7f7ec58e8000-7f7ec5a18000 r-xp 00000000 08:02 4982903                    /usr/lib/x86_64-linux-gnu/libX11.so.6.3.0
7f7ec5a18000-7f7ec5c18000 ---p 00130000 08:02 4982903                    /usr/lib/x86_64-linux-gnu/libX11.so.6.3.0
7f7ec5c18000-7f7ec5c19000 r--p 00130000 08:02 4982903                    /usr/lib/x86_64-linux-gnu/libX11.so.6.3.0
7f7ec5c19000-7f7ec5c1d000 rw-p 00131000 08:02 4982903                    /usr/lib/x86_64-linux-gnu/libX11.so.6.3.0
7f7ec5c20000-7f7ec5c30000 r-xp 00000000 08:02 4988152                    /usr/lib/x86_64-linux-gnu/libXext.so.6.4.0
7f7ec5c30000-7f7ec5e2f000 ---p 00010000 08:02 4988152                    /usr/lib/x86_64-linux-gnu/libXext.so.6.4.0
7f7ec5e2f000-7f7ec5e30000 r--p 0000f000 08:02 4988152                    /usr/lib/x86_64-linux-gnu/libXext.so.6.4.0
7f7ec5e30000-7f7ec5e31000 rw-p 00010000 08:02 4988152                    /usr/lib/x86_64-linux-gnu/libXext.so.6.4.0
7f7ec5e38000-7f7ec5e88000 r-xp 00000000 08:02 8391396                    /usr/lib/jvm/java-7-oracle/jre/lib/amd64/xawt/libmawt.so
7f7ec5e88000-7f7ec6088000 ---p 00050000 08:02 8391396                    /usr/lib/jvm/java-7-oracle/jre/lib/amd64/xawt/libmawt.so
7f7ec6088000-7f7ec608c000 rw-p 00050000 08:02 8391396                    /usr/lib/jvm/java-7-oracle/jre/lib/amd64/xawt/libmawt.so
7f7ec608c000-7f7ec608d000 rw-p 00000000 00:00 0 
7f7ec6090000-7f7ec6132000 r-xp 00000000 08:02 8391399                    /usr/lib/jvm/java-7-oracle/jre/lib/amd64/libawt.so
7f7ec6132000-7f7ec6332000 ---p 000a2000 08:02 8391399                    /usr/lib/jvm/java-7-oracle/jre/lib/amd64/libawt.so
7f7ec6332000-7f7ec633e000 rw-p 000a2000 08:02 8391399                    /usr/lib/jvm/java-7-oracle/jre/lib/amd64/libawt.so
7f7ec633e000-7f7ec6362000 rw-p 00000000 00:00 0 
7f7ec6368000-7f7ec6389000 r-xp 00000000 08:02 4988711                    /usr/lib/x86_64-linux-gnu/libv4lconvert.so.0
7f7ec6389000-7f7ec6588000 ---p 00021000 08:02 4988711                    /usr/lib/x86_64-linux-gnu/libv4lconvert.so.0
7f7ec6588000-7f7ec658a000 r--p 00020000 08:02 4988711                    /usr/lib/x86_64-linux-gnu/libv4lconvert.so.0
7f7ec658a000-7f7ec658b000 rw-p 00022000 08:02 4988711                    /usr/lib/x86_64-linux-gnu/libv4lconvert.so.0
7f7ec658b000-7f7ec65dd000 rw-p 00000000 00:00 0 
7f7ec65e0000-7f7ec65e8000 r-xp 00000000 08:02 4988710                    /usr/lib/x86_64-linux-gnu/libv4l2.so.0
7f7ec65e8000-7f7ec67e7000 ---p 00008000 08:02 4988710                    /usr/lib/x86_64-linux-gnu/libv4l2.so.0
7f7ec67e7000-7f7ec67e8000 r--p 00007000 08:02 4988710                    /usr/lib/x86_64-linux-gnu/libv4l2.so.0
7f7ec67e8000-7f7ec67ec000 rw-p 00008000 08:02 4988710                    /usr/lib/x86_64-linux-gnu/libv4l2.so.0
7f7ec67f0000-7f7ec6805000 r-xp 00000000 08:02 6819542                    /lib/x86_64-linux-gnu/libgcc_s.so.1
7f7ec6805000-7f7ec6a04000 ---p 00015000 08:02 6819542                    /lib/x86_64-linux-gnu/libgcc_s.so.1
7f7ec6a04000-7f7ec6a05000 r--p 00014000 08:02 6819542                    /lib/x86_64-linux-gnu/libgcc_s.so.1
7f7ec6a05000-7f7ec6a06000 rw-p 00015000 08:02 6819542                    /lib/x86_64-linux-gnu/libgcc_s.so.1
7f7ec6a08000-7f7ec6a1e000 r-xp 00000000 08:02 6819632                    /lib/x86_64-linux-gnu/libz.so.1.2.3.4
7f7ec6a1e000-7f7ec6c1d000 ---p 00016000 08:02 6819632                    /lib/x86_64-linux-gnu/libz.so.1.2.3.4
7f7ec6c1d000-7f7ec6c1e000 r--p 00015000 08:02 6819632                    /lib/x86_64-linux-gnu/libz.so.1.2.3.4
7f7ec6c1e000-7f7ec6c1f000 rw-p 00016000 08:02 6819632                    /lib/x86_64-linux-gnu/libz.so.1.2.3.4
7f7ec6c20000-7f7ec6c25000 r-xp 00000000 08:02 4988709                    /usr/lib/x86_64-linux-gnu/libv4l1.so.0
7f7ec6c25000-7f7ec6e24000 ---p 00005000 08:02 4988709                    /usr/lib/x86_64-linux-gnu/libv4l1.so.0
7f7ec6e24000-7f7ec6e25000 r--p 00004000 08:02 4988709                    /usr/lib/x86_64-linux-gnu/libv4l1.so.0
7f7ec6e25000-7f7ec6e26000 rw-p 00005000 08:02 4988709                    /usr/lib/x86_64-linux-gnu/libv4l1.so.0
7f7ec6e28000-7f7ec7d1c000 r-xp 00000000 08:02 10095302                   /usr/local/share/OpenCV/java/libopencv_java249.so
7f7ec7d1c000-7f7ec7f1c000 ---p 00ef4000 08:02 10095302                   /usr/local/share/OpenCV/java/libopencv_java249.so
7f7ec7f1c000-7f7ec7f40000 r--p 00ef4000 08:02 10095302                   /usr/local/share/OpenCV/java/libopencv_java249.so
7f7ec7f40000-7f7ec7f58000 rw-p 00f18000 08:02 10095302                   /usr/local/share/OpenCV/java/libopencv_java249.so
7f7ec7f58000-7f7ec7ffb000 rw-p 00000000 00:00 0 
7f7ec8000000-7f7ec8021000 rw-p 00000000 00:00 0 
7f7ec8021000-7f7ecc000000 ---p 00000000 00:00 0 
7f7ecc000000-7f7ecc021000 rw-p 00000000 00:00 0 
7f7ecc021000-7f7ed0000000 ---p 00000000 00:00 0 
7f7ed0000000-7f7ed0066000 rw-p 00000000 00:00 0 
7f7ed0066000-7f7ed4000000 ---p 00000000 00:00 0 
7f7ed4000000-7f7ed4021000 rw-p 00000000 00:00 0 
7f7ed4021000-7f7ed8000000 ---p 00000000 00:00 0 
7f7ed8000000-7f7ed8021000 rw-p 00000000 00:00 0 
7f7ed8021000-7f7edc000000 ---p 00000000 00:00 0 
7f7edc000000-7f7edc021000 rw-p 00000000 00:00 0 
7f7edc021000-7f7ee0000000 ---p 00000000 00:00 0 
7f7ee0000000-7f7ee0021000 rw-p 00000000 00:00 0 
7f7ee0021000-7f7ee4000000 ---p 00000000 00:00 0 
7f7ee40d0000-7f7eec000000 rw-p 00000000 00:00 0 
7f7eec000000-7f7eec021000 rw-p 00000000 00:00 0 
7f7eec021000-7f7ef0000000 ---p 00000000 00:00 0 
7f7ef0000000-7f7ef0021000 rw-p 00000000 00:00 0 
7f7ef0021000-7f7ef4000000 ---p 00000000 00:00 0 
7f7ef4000000-7f7ef4021000 rw-p 00000000 00:00 0 
7f7ef4021000-7f7ef8000000 ---p 00000000 00:00 0 
7f7ef80bf000-7f7ef80c2000 ---p 00000000 00:00 0 
7f7ef80c2000-7f7ef81c0000 rw-p 00000000 00:00 0                          [stack:2623]
7f7ef81c0000-7f7ef8221000 r-xp 00000000 08:02 4991012                    /usr/lib/x86_64-linux-gnu/libtiff.so.4.3.4
7f7ef8221000-7f7ef8421000 ---p 00061000 08:02 4991012                    /usr/lib/x86_64-linux-gnu/libtiff.so.4.3.4
7f7ef8421000-7f7ef8423000 r--p 00061000 08:02 4991012                    /usr/lib/x86_64-linux-gnu/libtiff.so.4.3.4
7f7ef8423000-7f7ef8424000 rw-p 00063000 08:02 4991012                    /usr/lib/x86_64-linux-gnu/libtiff.so.4.3.4
7f7ef8428000-7f7ef844e000 r-xp 00000000 08:02 6819598                    /lib/x86_64-linux-gnu/libpng12.so.0.46.0
7f7ef844e000-7f7ef864e000 ---p 00026000 08:02 6819598                    /lib/x86_64-linux-gnu/libpng12.so.0.46.0
7f7ef864e000-7f7ef864f000 r--p 00026000 08:02 6819598                    /lib/x86_64-linux-gnu/libpng12.so.0.46.0
7f7ef864f000-7f7ef8650000 rw-p 00027000 08:02 6819598                    /lib/x86_64-linux-gnu/libpng12.so.0.46.0
7f7ef8650000-7f7ef868f000 r-xp 00000000 08:02 4987524                    /usr/lib/x86_64-linux-gnu/libjpeg.so.8.0.2
7f7ef868f000-7f7ef888e000 ---p 0003f000 08:02 4987524                    /usr/lib/x86_64-linux-gnu/libjpeg.so.8.0.2
7f7ef888e000-7f7ef888f000 r--p 0003e000 08:02 4987524                    /usr/lib/x86_64-linux-gnu/libjpeg.so.8.0.2
7f7ef888f000-7f7ef8890000 rw-p 0003f000 08:02 4987524                    /usr/lib/x86_64-linux-gnu/libjpeg.so.8.0.2
7f7ef8890000-7f7ef88a0000 rw-p 00000000 00:00 0 
7f7ef88a0000-7f7ef8982000 r-xp 00000000 08:02 4988682                    /usr/lib/x86_64-linux-gnu/libstdc++.so.6.0.16
7f7ef8982000-7f7ef8b81000 ---p 000e2000 08:02 4988682                    /usr/lib/x86_64-linux-gnu/libstdc++.so.6.0.16
7f7ef8b81000-7f7ef8b89000 r--p 000e1000 08:02 4988682                    /usr/lib/x86_64-linux-gnu/libstdc++.so.6.0.16
7f7ef8b89000-7f7ef8b8b000 rw-p 000e9000 08:02 4988682                    /usr/lib/x86_64-linux-gnu/libstdc++.so.6.0.16
7f7ef8b8b000-7f7ef8ba0000 rw-p 00000000 00:00 0 
7f7ef8bc3000-7f7ef8bc4000 ---p 00000000 00:00 0 
7f7ef8bc4000-7f7ef8cc4000 rw-p 00000000 00:00 0                          [stack:2622]
7f7ef8cc4000-7f7ef8cc7000 ---p 00000000 00:00 0 
7f7ef8cc7000-7f7ef8dc5000 rw-p 00000000 00:00 0                          [stack:2621]
7f7ef8dc5000-7f7ef8dc8000 ---p 00000000 00:00 0 
7f7ef8dc8000-7f7ef8ec6000 rw-p 00000000 00:00 0                          [stack:2620]
7f7ef8ec6000-7f7ef8ec9000 ---p 00000000 00:00 0 
7f7ef8ec9000-7f7ef8fc7000 rw-p 00000000 00:00 0                          [stack:2619]
7f7ef8fc7000-7f7ef8fca000 ---p 00000000 00:00 0 
7f7ef8fca000-7f7ef90c8000 rw-p 00000000 00:00 0                          [stack:2618]
7f7ef90c8000-7f7ef97ab000 r--p 00000000 08:02 4987440                    /usr/lib/locale/locale-archive
7f7ef97ab000-7f7ef97ae000 ---p 00000000 00:00 0 
7f7ef97ae000-7f7ef98ac000 rw-p 00000000 00:00 0                          [stack:2617]
7f7ef98ac000-7f7ef98af000 ---p 00000000 00:00 0 
7f7ef98af000-7f7ef99ad000 rw-p 00000000 00:00 0                          [stack:2616]
7f7ef99ad000-7f7ef99ae000 ---p 00000000 00:00 0 
7f7ef99ae000-7f7efb64d000 rw-p 00000000 00:00 0                          [stack:2615]
7f7efb64d000-7f7efb80c000 r--s 039e5000 08:02 8390889                    /usr/lib/jvm/java-7-oracle/jre/lib/rt.jar
7f7efb80d000-7f7efc000000 rw-p 00000000 00:00 0 
7f7efc000000-7f7efc021000 rw-p 00000000 00:00 0 
7f7efc021000-7f7f00000000 ---p 00000000 00:00 0 
7f7f00000000-7f7f00021000 rw-p 00000000 00:00 0 
7f7f00021000-7f7f04000000 ---p 00000000 00:00 0 
7f7f04000000-7f7f04021000 rw-p 00000000 00:00 0 
7f7f04021000-7f7f08000000 ---p 00000000 00:00 0 
7f7f08000000-7f7f08021000 rw-p 00000000 00:00 0 
7f7f08021000-7f7f0c000000 ---p 00000000 00:00 0 
7f7f0c000000-7f7f0c021000 rw-p 00000000 00:00 0 
7f7f0c021000-7f7f10000000 ---p 00000000 00:00 0 
7f7f10000000-7f7f10021000 rw-p 00000000 00:00 0 
7f7f10021000-7f7f14000000 ---p 00000000 00:00 0 
7f7f1401d000-7f7f14206000 rw-p 00000000 00:00 0 
7f7f14206000-7f7f14207000 ---p 00000000 00:00 0 
7f7f14207000-7f7f14307000 rw-p 00000000 00:00 0                          [stack:2614]
7f7f14307000-7f7f14308000 ---p 00000000 00:00 0 
7f7f14308000-7f7f14408000 rw-p 00000000 00:00 0                          [stack:2613]
7f7f14408000-7f7f14409000 ---p 00000000 00:00 0 
7f7f14409000-7f7f14509000 rw-p 00000000 00:00 0                          [stack:2612]
7f7f14509000-7f7f1450a000 ---p 00000000 00:00 0 
7f7f1450a000-7f7f1460a000 rw-p 00000000 00:00 0                          [stack:2611]
7f7f1460a000-7f7f1460b000 ---p 00000000 00:00 0 
7f7f1460b000-7f7f1470b000 rw-p 00000000 00:00 0                          [stack:2610]
7f7f1470b000-7f7f1470c000 ---p 00000000 00:00 0 
7f7f1470c000-7f7f14817000 rw-p 00000000 00:00 0                          [stack:2609]
7f7f14817000-7f7f14835000 rw-p 00000000 00:00 0 
7f7f14835000-7f7f14888000 rw-p 00000000 00:00 0 
7f7f14888000-7f7f14d66000 rw-p 00000000 00:00 0 
7f7f14d66000-7f7f14d90000 rw-p 00000000 00:00 0 
7f7f14d90000-7f7f14fff000 rw-p 00000000 00:00 0 
7f7f14fff000-7f7f15000000 rw-p 00000000 00:00 0 
7f7f15000000-7f7f15270000 rwxp 00000000 00:00 0 
7f7f15270000-7f7f1830f000 rw-p 00000000 00:00 0 
7f7f1830f000-7f7f1c000000 ---p 00000000 00:00 0 
7f7f1c001000-7f7f1c005000 r--s 00069000 08:02 3278518                    /home/gregor/.m2/repository/opencv/opencv/1/opencv-1.jar
7f7f1c00c000-7f7f1c00e000 r--s 00024000 08:02 3278315                    /home/gregor/.m2/repository/org/scream3r/jssc/2.8.0/jssc-2.8.0.jar
7f7f1c014000-7f7f1c064000 rw-p 00000000 00:00 0 
7f7f1c064000-7f7f1c065000 ---p 00000000 00:00 0 
7f7f1c065000-7f7f1c165000 rw-p 00000000 00:00 0                          [stack:2608]
7f7f1c165000-7f7f1c166000 ---p 00000000 00:00 0 
7f7f1c166000-7f7f1c2b9000 rw-p 00000000 00:00 0                          [stack:2607]
7f7f1c2b9000-7f7f1c798000 rw-p 00000000 00:00 0 
7f7f1c798000-7f7f1c7b2000 r-xp 00000000 08:02 8391417                    /usr/lib/jvm/java-7-oracle/jre/lib/amd64/libzip.so
7f7f1c7b2000-7f7f1c9b2000 ---p 0001a000 08:02 8391417                    /usr/lib/jvm/java-7-oracle/jre/lib/amd64/libzip.so
7f7f1c9b2000-7f7f1c9b3000 rw-p 0001a000 08:02 8391417                    /usr/lib/jvm/java-7-oracle/jre/lib/amd64/libzip.so
7f7f1c9b8000-7f7f1c9c4000 r-xp 00000000 08:02 6815859                    /lib/x86_64-linux-gnu/libnss_files-2.15.so
7f7f1c9c4000-7f7f1cbc3000 ---p 0000c000 08:02 6815859                    /lib/x86_64-linux-gnu/libnss_files-2.15.so
7f7f1cbc3000-7f7f1cbc4000 r--p 0000b000 08:02 6815859                    /lib/x86_64-linux-gnu/libnss_files-2.15.so
7f7f1cbc4000-7f7f1cbc5000 rw-p 0000c000 08:02 6815859                    /lib/x86_64-linux-gnu/libnss_files-2.15.so
7f7f1cbc8000-7f7f1cbd2000 r-xp 00000000 08:02 6815863                    /lib/x86_64-linux-gnu/libnss_nis-2.15.so
7f7f1cbd2000-7f7f1cdd2000 ---p 0000a000 08:02 6815863                    /lib/x86_64-linux-gnu/libnss_nis-2.15.so
7f7f1cdd2000-7f7f1cdd3000 r--p 0000a000 08:02 6815863                    /lib/x86_64-linux-gnu/libnss_nis-2.15.so
7f7f1cdd3000-7f7f1cdd4000 rw-p 0000b000 08:02 6815863                    /lib/x86_64-linux-gnu/libnss_nis-2.15.so
7f7f1cdd8000-7f7f1cdef000 r-xp 00000000 08:02 6820619                    /lib/x86_64-linux-gnu/libnsl-2.15.so
7f7f1cdef000-7f7f1cfee000 ---p 00017000 08:02 6820619                    /lib/x86_64-linux-gnu/libnsl-2.15.so
7f7f1cfee000-7f7f1cfef000 r--p 00016000 08:02 6820619                    /lib/x86_64-linux-gnu/libnsl-2.15.so
7f7f1cfef000-7f7f1cff0000 rw-p 00017000 08:02 6820619                    /lib/x86_64-linux-gnu/libnsl-2.15.so
7f7f1cff0000-7f7f1cff2000 rw-p 00000000 00:00 0 
7f7f1cff8000-7f7f1d000000 r-xp 00000000 08:02 6815857                    /lib/x86_64-linux-gnu/libnss_compat-2.15.so
7f7f1d000000-7f7f1d1ff000 ---p 00008000 08:02 6815857                    /lib/x86_64-linux-gnu/libnss_compat-2.15.so
7f7f1d1ff000-7f7f1d200000 r--p 00007000 08:02 6815857                    /lib/x86_64-linux-gnu/libnss_compat-2.15.so
7f7f1d200000-7f7f1d201000 rw-p 00008000 08:02 6815857                    /lib/x86_64-linux-gnu/libnss_compat-2.15.so
7f7f1d208000-7f7f1d231000 r-xp 00000000 08:02 8391373                    /usr/lib/jvm/java-7-oracle/jre/lib/amd64/libjava.so
7f7f1d231000-7f7f1d431000 ---p 00029000 08:02 8391373                    /usr/lib/jvm/java-7-oracle/jre/lib/amd64/libjava.so
7f7f1d431000-7f7f1d433000 rw-p 00029000 08:02 8391373                    /usr/lib/jvm/java-7-oracle/jre/lib/amd64/libjava.so
7f7f1d438000-7f7f1d445000 r-xp 00000000 08:02 8391404                    /usr/lib/jvm/java-7-oracle/jre/lib/amd64/libverify.so
7f7f1d445000-7f7f1d644000 ---p 0000d000 08:02 8391404                    /usr/lib/jvm/java-7-oracle/jre/lib/amd64/libverify.so
7f7f1d644000-7f7f1d646000 rw-p 0000c000 08:02 8391404                    /usr/lib/jvm/java-7-oracle/jre/lib/amd64/libverify.so
7f7f1d648000-7f7f1d64f000 r-xp 00000000 08:02 6815862                    /lib/x86_64-linux-gnu/librt-2.15.so
7f7f1d64f000-7f7f1d84e000 ---p 00007000 08:02 6815862                    /lib/x86_64-linux-gnu/librt-2.15.so
7f7f1d84e000-7f7f1d84f000 r--p 00006000 08:02 6815862                    /lib/x86_64-linux-gnu/librt-2.15.so
7f7f1d84f000-7f7f1d850000 rw-p 00007000 08:02 6815862                    /lib/x86_64-linux-gnu/librt-2.15.so
7f7f1d850000-7f7f1d94b000 r-xp 00000000 08:02 6815866                    /lib/x86_64-linux-gnu/libm-2.15.so
7f7f1d94b000-7f7f1db4a000 ---p 000fb000 08:02 6815866                    /lib/x86_64-linux-gnu/libm-2.15.so
7f7f1db4a000-7f7f1db4b000 r--p 000fa000 08:02 6815866                    /lib/x86_64-linux-gnu/libm-2.15.so
7f7f1db4b000-7f7f1db4c000 rw-p 000fb000 08:02 6815866                    /lib/x86_64-linux-gnu/libm-2.15.so
7f7f1db50000-7f7f1e6c0000 r-xp 00000000 08:02 8391414                    /usr/lib/jvm/java-7-oracle/jre/lib/amd64/server/libjvm.so
7f7f1e6c0000-7f7f1e8bf000 ---p 00b70000 08:02 8391414                    /usr/lib/jvm/java-7-oracle/jre/lib/amd64/server/libjvm.so
7f7f1e8bf000-7f7f1e984000 rw-p 00b6f000 08:02 8391414                    /usr/lib/jvm/java-7-oracle/jre/lib/amd64/server/libjvm.so
7f7f1e984000-7f7f1e9c4000 rw-p 00000000 00:00 0 
7f7f1e9c8000-7f7f1eb7d000 r-xp 00000000 08:02 6815755                    /lib/x86_64-linux-gnu/libc-2.15.so
7f7f1eb7d000-7f7f1ed7d000 ---p 001b5000 08:02 6815755                    /lib/x86_64-linux-gnu/libc-2.15.so
7f7f1ed7d000-7f7f1ed81000 r--p 001b5000 08:02 6815755                    /lib/x86_64-linux-gnu/libc-2.15.so
7f7f1ed81000-7f7f1ed83000 rw-p 001b9000 08:02 6815755                    /lib/x86_64-linux-gnu/libc-2.15.so
7f7f1ed83000-7f7f1ed88000 rw-p 00000000 00:00 0 
7f7f1ed88000-7f7f1ed8a000 r-xp 00000000 08:02 6815870                    /lib/x86_64-linux-gnu/libdl-2.15.so
7f7f1ed8a000-7f7f1ef8a000 ---p 00002000 08:02 6815870                    /lib/x86_64-linux-gnu/libdl-2.15.so
7f7f1ef8a000-7f7f1ef8b000 r--p 00002000 08:02 6815870                    /lib/x86_64-linux-gnu/libdl-2.15.so
7f7f1ef8b000-7f7f1ef8c000 rw-p 00003000 08:02 6815870                    /lib/x86_64-linux-gnu/libdl-2.15.so
7f7f1ef90000-7f7f1efa6000 r-xp 00000000 08:02 8390226                    /usr/lib/jvm/java-7-oracle/lib/amd64/jli/libjli.so
7f7f1efa6000-7f7f1f1a6000 ---p 00016000 08:02 8390226                    /usr/lib/jvm/java-7-oracle/lib/amd64/jli/libjli.so
7f7f1f1a6000-7f7f1f1a7000 rw-p 00016000 08:02 8390226                    /usr/lib/jvm/java-7-oracle/lib/amd64/jli/libjli.so
7f7f1f1a8000-7f7f1f1c0000 r-xp 00000000 08:02 6815864                    /lib/x86_64-linux-gnu/libpthread-2.15.so
7f7f1f1c0000-7f7f1f3bf000 ---p 00018000 08:02 6815864                    /lib/x86_64-linux-gnu/libpthread-2.15.so
7f7f1f3bf000-7f7f1f3c0000 r--p 00017000 08:02 6815864                    /lib/x86_64-linux-gnu/libpthread-2.15.so
7f7f1f3c0000-7f7f1f3c1000 rw-p 00018000 08:02 6815864                    /lib/x86_64-linux-gnu/libpthread-2.15.so
7f7f1f3c1000-7f7f1f3c5000 rw-p 00000000 00:00 0 
7f7f1f3c8000-7f7f1f3ea000 r-xp 00000000 08:02 6815867                    /lib/x86_64-linux-gnu/ld-2.15.so
7f7f1f3ef000-7f7f1f3fa000 rw-p 00000000 00:00 0 
7f7f1f3fa000-7f7f1f418000 rw-p 00000000 00:00 0 
7f7f1f418000-7f7f1f422000 rw-p 00000000 00:00 0 
7f7f1f422000-7f7f1f4d8000 rw-p 00000000 00:00 0 
7f7f1f4d8000-7f7f1f4e0000 rw-s 00000000 08:02 8262767                    /tmp/hsperfdata_gregor/2602
7f7f1f4e4000-7f7f1f4e8000 rw-p 00000000 00:00 0 
7f7f1f4e8000-7f7f1f4e9000 r--p 00000000 00:00 0 
7f7f1f4e9000-7f7f1f4ec000 ---p 00000000 00:00 0 
7f7f1f4ec000-7f7f1f5ea000 rw-p 00000000 00:00 0                          [stack:2606]
7f7f1f5ea000-7f7f1f5eb000 r--p 00022000 08:02 6815867                    /lib/x86_64-linux-gnu/ld-2.15.so
7f7f1f5eb000-7f7f1f5ed000 rw-p 00023000 08:02 6815867                    /lib/x86_64-linux-gnu/ld-2.15.so
7f7f1f5ed000-7f7f1f5f3000 rw-p 00000000 00:00 0 
7fff667b6000-7fff667d7000 rw-p 00000000 00:00 0                          [stack]
7fff66800000-7fff66802000 r-xp 00000000 00:00 0                          [vdso]
ffffffffff600000-ffffffffff601000 r-xp 00000000 00:00 0                  [vsyscall]

VM Arguments:
jvm_args: -Djava.library.path=/usr/local/share/OpenCV/java 
java_command: balldetection.Main
Launcher Type: SUN_STANDARD

Environment Variables:
JAVA_HOME=/usr/lib/jvm/java-7-oracle
PATH=/home/gregor/bin:/usr/lib/lightdm/lightdm:/usr/local/sbin:/usr/local/bin:/usr/sbin:/usr/bin:/sbin:/bin:/usr/games
LD_LIBRARY_PATH=/usr/lib/jvm/java-7-oracle/jre/lib/amd64:/usr/lib/jvm/java-7-oracle/jre/lib/i386:
SHELL=/bin/bash
DISPLAY=:0

Signal Handlers:
SIGSEGV: [libjvm.so+0x99f4a0], sa_mask[0]=0x7ffbfeff, sa_flags=0x10000004
SIGBUS: [libjvm.so+0x99f4a0], sa_mask[0]=0x7ffbfeff, sa_flags=0x10000004
SIGFPE: [libjvm.so+0x81a860], sa_mask[0]=0x7ffbfeff, sa_flags=0x10000004
SIGPIPE: [libjvm.so+0x81a860], sa_mask[0]=0x7ffbfeff, sa_flags=0x10000004
SIGXFSZ: [libjvm.so+0x81a860], sa_mask[0]=0x7ffbfeff, sa_flags=0x10000004
SIGILL: [libjvm.so+0x81a860], sa_mask[0]=0x7ffbfeff, sa_flags=0x10000004
SIGUSR1: SIG_DFL, sa_mask[0]=0x00000000, sa_flags=0x00000000
SIGUSR2: [libjvm.so+0x81c060], sa_mask[0]=0x00000004, sa_flags=0x10000004
SIGHUP: [libjvm.so+0x81d160], sa_mask[0]=0x7ffbfeff, sa_flags=0x10000004
SIGINT: SIG_IGN, sa_mask[0]=0x00000000, sa_flags=0x00000000
SIGTERM: [libjvm.so+0x81d160], sa_mask[0]=0x7ffbfeff, sa_flags=0x10000004
SIGQUIT: [libjvm.so+0x81d160], sa_mask[0]=0x7ffbfeff, sa_flags=0x10000004


---------------  S Y S T E M  ---------------

OS:wheezy/sid

uname:Linux 3.8.0-44-generic #66~precise1-Ubuntu SMP Tue Jul 15 04:01:04 UTC 2014 x86_64
libc:glibc 2.15 NPTL 2.15 
rlimit: STACK 8192k, CORE 0k, NPROC 126941, NOFILE 4096, AS infinity
load average:0.26 0.47 0.61

/proc/meminfo:
MemTotal:       16333552 kB
MemFree:         7669132 kB
Buffers:          369716 kB
Cached:          3544076 kB
SwapCached:            0 kB
Active:          5054860 kB
Inactive:        2240860 kB
Active(anon):    3383032 kB
Inactive(anon):    57628 kB
Active(file):    1671828 kB
Inactive(file):  2183232 kB
Unevictable:         260 kB
Mlocked:             260 kB
SwapTotal:       8396796 kB
SwapFree:        8396796 kB
Dirty:               444 kB
Writeback:             0 kB
AnonPages:       3382692 kB
Mapped:           873196 kB
Shmem:             58720 kB
Slab:             363280 kB
SReclaimable:     317616 kB
SUnreclaim:        45664 kB
KernelStack:        6136 kB
PageTables:        61960 kB
NFS_Unstable:          0 kB
Bounce:                0 kB
WritebackTmp:          0 kB
CommitLimit:    16563572 kB
Committed_AS:   10100136 kB
VmallocTotal:   34359738367 kB
VmallocUsed:      336092 kB
VmallocChunk:   34359399668 kB
HardwareCorrupted:     0 kB
AnonHugePages:         0 kB
HugePages_Total:       0
HugePages_Free:        0
HugePages_Rsvd:        0
HugePages_Surp:        0
Hugepagesize:       2048 kB
DirectMap4k:      823292 kB
DirectMap2M:    11702272 kB
DirectMap1G:     4194304 kB


CPU:total 8 (8 cores per cpu, 1 threads per core) family 21 model 2 stepping 0, cmov, cx8, fxsr, mmx, sse, sse2, sse3, ssse3, sse4.1, sse4.2, popcnt, avx, aes, mmxext, 3dnowpref, lzcnt, sse4a, tsc, tscinvbit, tscinv

/proc/cpuinfo:
processor	: 0
vendor_id	: AuthenticAMD
cpu family	: 21
model		: 2
model name	: AMD FX(tm)-8350 Eight-Core Processor
stepping	: 0
microcode	: 0x600081f
cpu MHz		: 1400.000
cache size	: 2048 KB
physical id	: 0
siblings	: 8
core id		: 0
cpu cores	: 4
apicid		: 16
initial apicid	: 0
fpu		: yes
fpu_exception	: yes
cpuid level	: 13
wp		: yes
flags		: fpu vme de pse tsc msr pae mce cx8 apic sep mtrr pge mca cmov pat pse36 clflush mmx fxsr sse sse2 ht syscall nx mmxext fxsr_opt pdpe1gb rdtscp lm constant_tsc rep_good nopl nonstop_tsc extd_apicid aperfmperf pni pclmulqdq monitor ssse3 fma cx16 sse4_1 sse4_2 popcnt aes xsave avx f16c lahf_lm cmp_legacy svm extapic cr8_legacy abm sse4a misalignsse 3dnowprefetch osvw ibs xop skinit wdt lwp fma4 tce nodeid_msr tbm topoext perfctr_core arat cpb hw_pstate npt lbrv svm_lock nrip_save tsc_scale vmcb_clean flushbyasid decodeassists pausefilter pfthreshold bmi1
bogomips	: 8669.74
TLB size	: 1536 4K pages
clflush size	: 64
cache_alignment	: 64
address sizes	: 48 bits physical, 48 bits virtual
power management: ts ttp tm 100mhzsteps hwpstate cpb eff_freq_ro

processor	: 1
vendor_id	: AuthenticAMD
cpu family	: 21
model		: 2
model name	: AMD FX(tm)-8350 Eight-Core Processor           
stepping	: 0
microcode	: 0x600081f
cpu MHz		: 1400.000
cache size	: 2048 KB
physical id	: 0
siblings	: 8
core id		: 1
cpu cores	: 4
apicid		: 17
initial apicid	: 1
fpu		: yes
fpu_exception	: yes
cpuid level	: 13
wp		: yes
flags		: fpu vme de pse tsc msr pae mce cx8 apic sep mtrr pge mca cmov pat pse36 clflush mmx fxsr sse sse2 ht syscall nx mmxext fxsr_opt pdpe1gb rdtscp lm constant_tsc rep_good nopl nonstop_tsc extd_apicid aperfmperf pni pclmulqdq monitor ssse3 fma cx16 sse4_1 sse4_2 popcnt aes xsave avx f16c lahf_lm cmp_legacy svm extapic cr8_legacy abm sse4a misalignsse 3dnowprefetch osvw ibs xop skinit wdt lwp fma4 tce nodeid_msr tbm topoext perfctr_core arat cpb hw_pstate npt lbrv svm_lock nrip_save tsc_scale vmcb_clean flushbyasid decodeassists pausefilter pfthreshold bmi1
bogomips	: 8669.74
TLB size	: 1536 4K pages
clflush size	: 64
cache_alignment	: 64
address sizes	: 48 bits physical, 48 bits virtual
power management: ts ttp tm 100mhzsteps hwpstate cpb eff_freq_ro

processor	: 2
vendor_id	: AuthenticAMD
cpu family	: 21
model		: 2
model name	: AMD FX(tm)-8350 Eight-Core Processor           
stepping	: 0
microcode	: 0x600081f
cpu MHz		: 2800.000
cache size	: 2048 KB
physical id	: 0
siblings	: 8
core id		: 2
cpu cores	: 4
apicid		: 18
initial apicid	: 2
fpu		: yes
fpu_exception	: yes
cpuid level	: 13
wp		: yes
flags		: fpu vme de pse tsc msr pae mce cx8 apic sep mtrr pge mca cmov pat pse36 clflush mmx fxsr sse sse2 ht syscall nx mmxext fxsr_opt pdpe1gb rdtscp lm constant_tsc rep_good nopl nonstop_tsc extd_apicid aperfmperf pni pclmulqdq monitor ssse3 fma cx16 sse4_1 sse4_2 popcnt aes xsave avx f16c lahf_lm cmp_legacy svm extapic cr8_legacy abm sse4a misalignsse 3dnowprefetch osvw ibs xop skinit wdt lwp fma4 tce nodeid_msr tbm topoext perfctr_core arat cpb hw_pstate npt lbrv svm_lock nrip_save tsc_scale vmcb_clean flushbyasid decodeassists pausefilter pfthreshold bmi1
bogomips	: 8669.74
TLB size	: 1536 4K pages
clflush size	: 64
cache_alignment	: 64
address sizes	: 48 bits physical, 48 bits virtual
power management: ts ttp tm 100mhzsteps hwpstate cpb eff_freq_ro

processor	: 3
vendor_id	: AuthenticAMD
cpu family	: 21
model		: 2
model name	: AMD FX(tm)-8350 Eight-Core Processor           
stepping	: 0
microcode	: 0x600081f
cpu MHz		: 4000.000
cache size	: 2048 KB
physical id	: 0
siblings	: 8
core id		: 3
cpu cores	: 4
apicid		: 19
initial apicid	: 3
fpu		: yes
fpu_exception	: yes
cpuid level	: 13
wp		: yes
flags		: fpu vme de pse tsc msr pae mce cx8 apic sep mtrr pge mca cmov pat pse36 clflush mmx fxsr sse sse2 ht syscall nx mmxext fxsr_opt pdpe1gb rdtscp lm constant_tsc rep_good nopl nonstop_tsc extd_apicid aperfmperf pni pclmulqdq monitor ssse3 fma cx16 sse4_1 sse4_2 popcnt aes xsave avx f16c lahf_lm cmp_legacy svm extapic cr8_legacy abm sse4a misalignsse 3dnowprefetch osvw ibs xop skinit wdt lwp fma4 tce nodeid_msr tbm topoext perfctr_core arat cpb hw_pstate npt lbrv svm_lock nrip_save tsc_scale vmcb_clean flushbyasid decodeassists pausefilter pfthreshold bmi1
bogomips	: 8669.74
TLB size	: 1536 4K pages
clflush size	: 64
cache_alignment	: 64
address sizes	: 48 bits physical, 48 bits virtual
power management: ts ttp tm 100mhzsteps hwpstate cpb eff_freq_ro

processor	: 4
vendor_id	: AuthenticAMD
cpu family	: 21
model		: 2
model name	: AMD FX(tm)-8350 Eight-Core Processor           
stepping	: 0
microcode	: 0x600081f
cpu MHz		: 1400.000
cache size	: 2048 KB
physical id	: 0
siblings	: 8
core id		: 4
cpu cores	: 4
apicid		: 20
initial apicid	: 4
fpu		: yes
fpu_exception	: yes
cpuid level	: 13
wp		: yes
flags		: fpu vme de pse tsc msr pae mce cx8 apic sep mtrr pge mca cmov pat pse36 clflush mmx fxsr sse sse2 ht syscall nx mmxext fxsr_opt pdpe1gb rdtscp lm constant_tsc rep_good nopl nonstop_tsc extd_apicid aperfmperf pni pclmulqdq monitor ssse3 fma cx16 sse4_1 sse4_2 popcnt aes xsave avx f16c lahf_lm cmp_legacy svm extapic cr8_legacy abm sse4a misalignsse 3dnowprefetch osvw ibs xop skinit wdt lwp fma4 tce nodeid_msr tbm topoext perfctr_core arat cpb hw_pstate npt lbrv svm_lock nrip_save tsc_scale vmcb_clean flushbyasid decodeassists pausefilter pfthreshold bmi1
bogomips	: 8669.74
TLB size	: 1536 4K pages
clflush size	: 64
cache_alignment	: 64
address sizes	: 48 bits physical, 48 bits virtual
power management: ts ttp tm 100mhzsteps hwpstate cpb eff_freq_ro

processor	: 5
vendor_id	: AuthenticAMD
cpu family	: 21
model		: 2
model name	: AMD FX(tm)-8350 Eight-Core Processor           
stepping	: 0
microcode	: 0x600081f
cpu MHz		: 1400.000
cache size	: 2048 KB
physical id	: 0
siblings	: 8
core id		: 5
cpu cores	: 4
apicid		: 21
initial apicid	: 5
fpu		: yes
fpu_exception	: yes
cpuid level	: 13
wp		: yes
flags		: fpu vme de pse tsc msr pae mce cx8 apic sep mtrr pge mca cmov pat pse36 clflush mmx fxsr sse sse2 ht syscall nx mmxext fxsr_opt pdpe1gb rdtscp lm constant_tsc rep_good nopl nonstop_tsc extd_apicid aperfmperf pni pclmulqdq monitor ssse3 fma cx16 sse4_1 sse4_2 popcnt aes xsave avx f16c lahf_lm cmp_legacy svm extapic cr8_legacy abm sse4a misalignsse 3dnowprefetch osvw ibs xop skinit wdt lwp fma4 tce nodeid_msr tbm topoext perfctr_core arat cpb hw_pstate npt lbrv svm_lock nrip_save tsc_scale vmcb_clean flushbyasid decodeassists pausefilter pfthreshold bmi1
bogomips	: 8669.74
TLB size	: 1536 4K pages
clflush size	: 64
cache_alignment	: 64
address sizes	: 48 bits physical, 48 bits virtual
power management: ts ttp tm 100mhzsteps hwpstate cpb eff_freq_ro

processor	: 6
vendor_id	: AuthenticAMD
cpu family	: 21
model		: 2
model name	: AMD FX(tm)-8350 Eight-Core Processor           
stepping	: 0
microcode	: 0x600081f
cpu MHz		: 1400.000
cache size	: 2048 KB
physical id	: 0
siblings	: 8
core id		: 6
cpu cores	: 4
apicid		: 22
initial apicid	: 6
fpu		: yes
fpu_exception	: yes
cpuid level	: 13
wp		: yes
flags		: fpu vme de pse tsc msr pae mce cx8 apic sep mtrr pge mca cmov pat pse36 clflush mmx fxsr sse sse2 ht syscall nx mmxext fxsr_opt pdpe1gb rdtscp lm constant_tsc rep_good nopl nonstop_tsc extd_apicid aperfmperf pni pclmulqdq monitor ssse3 fma cx16 sse4_1 sse4_2 popcnt aes xsave avx f16c lahf_lm cmp_legacy svm extapic cr8_legacy abm sse4a misalignsse 3dnowprefetch osvw ibs xop skinit wdt lwp fma4 tce nodeid_msr tbm topoext perfctr_core arat cpb hw_pstate npt lbrv svm_lock nrip_save tsc_scale vmcb_clean flushbyasid decodeassists pausefilter pfthreshold bmi1
bogomips	: 8669.74
TLB size	: 1536 4K pages
clflush size	: 64
cache_alignment	: 64
address sizes	: 48 bits physical, 48 bits virtual
power management: ts ttp tm 100mhzsteps hwpstate cpb eff_freq_ro

processor	: 7
vendor_id	: AuthenticAMD
cpu family	: 21
model		: 2
model name	: AMD FX(tm)-8350 Eight-Core Processor           
stepping	: 0
microcode	: 0x600081f
cpu MHz		: 1400.000
cache size	: 2048 KB
physical id	: 0
siblings	: 8
core id		: 7
cpu cores	: 4
apicid		: 23
initial apicid	: 7
fpu		: yes
fpu_exception	: yes
cpuid level	: 13
wp		: yes
flags		: fpu vme de pse tsc msr pae mce cx8 apic sep mtrr pge mca cmov pat pse36 clflush mmx fxsr sse sse2 ht syscall nx mmxext fxsr_opt pdpe1gb rdtscp lm constant_tsc rep_good nopl nonstop_tsc extd_apicid aperfmperf pni pclmulqdq monitor ssse3 fma cx16 sse4_1 sse4_2 popcnt aes xsave avx f16c lahf_lm cmp_legacy svm extapic cr8_legacy abm sse4a misalignsse 3dnowprefetch osvw ibs xop skinit wdt lwp fma4 tce nodeid_msr tbm topoext perfctr_core arat cpb hw_pstate npt lbrv svm_lock nrip_save tsc_scale vmcb_clean flushbyasid decodeassists pausefilter pfthreshold bmi1
bogomips	: 8669.74
TLB size	: 1536 4K pages
clflush size	: 64
cache_alignment	: 64
address sizes	: 48 bits physical, 48 bits virtual
power management: ts ttp tm 100mhzsteps hwpstate cpb eff_freq_ro



Memory: 4k page, physical 16333552k(7669132k free), swap 8396796k(8396796k free)

vm_info: Java HotSpot(TM) 64-Bit Server VM (24.65-b04) for linux-amd64 JRE (1.7.0_65-b17), built on Jun 16 2014 20:55:34 by "java_re" with gcc 4.3.0 20080428 (Red Hat 4.3.0-8)

time: Sun Aug 31 20:40:31 2014
elapsed time: 0 seconds

