#
# A fatal error has been detected by the Java Runtime Environment:
#
#  SIGSEGV (0xb) at pc=0x00007fd8e97cd730, pid=32690, tid=140569628178176
#
# JRE version: Java(TM) SE Runtime Environment (7.0_65-b17) (build 1.7.0_65-b17)
# Java VM: Java HotSpot(TM) 64-Bit Server VM (24.65-b04 mixed mode linux-amd64 compressed oops)
# Problematic frame:
# V  [libjvm.so+0x655730]  jni_GetStringUTFChars+0xa0
#
# Failed to write core dump. Core dumps have been disabled. To enable core dumping, try "ulimit -c unlimited" before starting Java again
#
# If you would like to submit a bug report, please visit:
#   http://bugreport.sun.com/bugreport/crash.jsp
#

---------------  T H R E A D  ---------------

Current thread (0x00007fd8e400a000):  JavaThread "main" [_thread_in_vm, id=32694, stack(0x00007fd8eab0f000,0x00007fd8eac10000)]

siginfo:si_signo=SIGSEGV: si_errno=0, si_code=1 (SEGV_MAPERR), si_addr=0x0000000000000000

Registers:
RAX=0x0000000000000000, RBX=0x0000000000000000, RCX=0x00007fd8e4005c30, RDX=0x00007fd8e9fc2360
RSP=0x00007fd8eac0e6d0, RBP=0x00007fd8eac0e730, RSI=0x0000000000000000, RDI=0x00007fd8e400a1e8
R8 =0x00007fd8e9fbdd80, R9 =0x00007fd8ea137b10, R10=0x00007fd8e0be272c, R11=0x00007fd8e9a2a870
R12=0x0000000000000000, R13=0x00007fd8e400a000, R14=0x00007fd8eac0e7f0, R15=0x0000000000000000
RIP=0x00007fd8e97cd730, EFLAGS=0x0000000000010246, CSGSFS=0x0000000000000033, ERR=0x0000000000000004
  TRAPNO=0x000000000000000e

Top of Stack: (sp=0x00007fd8eac0e6d0)
0x00007fd8eac0e6d0:   00007fd8e400a000 0000000000000000
0x00007fd8eac0e6e0:   00000000000003d8 00007fd800000000
0x00007fd8eac0e6f0:   00007fd8e400a000 00007fd8e400a918
0x00007fd8eac0e700:   00007fd8e400a000 00007fd8e400a1e8
0x00007fd8eac0e710:   0000000000000000 0000000701c9a438
0x00007fd8eac0e720:   00007fd8eac0e7f0 00007fd8e400a000
0x00007fd8eac0e730:   00007fd8eac0e7d0 00007fd8c70587b7
0x00007fd8eac0e740:   0000000701c9a438 0000000000000000
0x00007fd8eac0e750:   0000000701c9a438 00007fd8eac0e7f0
0x00007fd8eac0e760:   0000000701c9a438 00007fd8eac0e7d0
0x00007fd8eac0e770:   0000000000000000 00007fd8e0be2758
0x00007fd8eac0e780:   00007fd8e400a000 00007fd8e9a210ef
0x00007fd8eac0e790:   00007fd8eac0e790 0000000701c9a438
0x00007fd8eac0e7a0:   00007fd8eac0e7f0 0000000701c9b1e0
0x00007fd8eac0e7b0:   0000000000000000 0000000701c9a438
0x00007fd8eac0e7c0:   0000000000000000 00007fd8eac0e7f0
0x00007fd8eac0e7d0:   00007fd8eac0e840 00007fd8e0bd6175
0x00007fd8eac0e7e0:   00000007acee34b0 00007fd8e0bdecd7
0x00007fd8eac0e7f0:   0000000000000000 00000007ad2989e0
0x00007fd8eac0e800:   00007fd8eac0e800 0000000701c99536
0x00007fd8eac0e810:   00007fd8eac0e858 0000000701c9b1e0
0x00007fd8eac0e820:   0000000000000000 0000000701c99560
0x00007fd8eac0e830:   00007fd8eac0e7f0 00007fd8eac0e850
0x00007fd8eac0e840:   00007fd8eac0e8b0 00007fd8e0bd6058
0x00007fd8eac0e850:   0000000000000000 00000007ad2989e0
0x00007fd8eac0e860:   00000007ad2989e0 00000007aced3f40
0x00007fd8eac0e870:   00007fd8eac0e870 0000000701c5b312
0x00007fd8eac0e880:   00007fd8eac0e8d0 0000000701c5bf18
0x00007fd8eac0e890:   0000000000000000 0000000701c5b358
0x00007fd8eac0e8a0:   00007fd8eac0e850 00007fd8eac0e8c8
0x00007fd8eac0e8b0:   00007fd8eac0e920 00007fd8e0bd68e1
0x00007fd8eac0e8c0:   0000000000000000 00000007ad2986f0 

Instructions: (pc=0x00007fd8e97cd730)
0x00007fd8e97cd710:   4c 89 6d c0 4c 89 6d a0 48 c7 45 a8 00 00 00 00
0x00007fd8e97cd720:   49 83 7d 08 00 74 09 48 8d 7d a0 e8 e0 78 21 00
0x00007fd8e97cd730:   4c 8b 23 4c 89 e7 e8 65 db fa ff 48 63 f8 31 c9
0x00007fd8e97cd740:   31 d2 48 83 c7 01 89 c3 be 00 07 00 00 e8 8e 6a 

Register to memory mapping:

RAX=0x0000000000000000 is an unknown value
RBX=0x0000000000000000 is an unknown value
RCX=0x00007fd8e4005c30 is an unknown value
RDX=0x00007fd8e9fc2360: <offset 0xe4a360> in /usr/lib/jvm/java-7-oracle/jre/lib/amd64/server/libjvm.so at 0x00007fd8e9178000
RSP=0x00007fd8eac0e6d0 is pointing into the stack for thread: 0x00007fd8e400a000
RBP=0x00007fd8eac0e730 is pointing into the stack for thread: 0x00007fd8e400a000
RSI=0x0000000000000000 is an unknown value
RDI=0x00007fd8e400a1e8 is an unknown value
R8 =0x00007fd8e9fbdd80: <offset 0xe45d80> in /usr/lib/jvm/java-7-oracle/jre/lib/amd64/server/libjvm.so at 0x00007fd8e9178000
R9 =0x00007fd8ea137b10: <offset 0x147b10> in /lib/x86_64-linux-gnu/libc.so.6 at 0x00007fd8e9ff0000
R10=0x00007fd8e0be272c is at code_begin+620 in an Interpreter codelet
method entry point (kind = native)  [0x00007fd8e0be24c0, 0x00007fd8e0be2d20]  2144 bytes
R11=0x00007fd8e9a2a870: <offset 0x8b2870> in /usr/lib/jvm/java-7-oracle/jre/lib/amd64/server/libjvm.so at 0x00007fd8e9178000
R12=0x0000000000000000 is an unknown value
R13=0x00007fd8e400a000 is a thread
R14=0x00007fd8eac0e7f0 is pointing into the stack for thread: 0x00007fd8e400a000
R15=0x0000000000000000 is an unknown value


Stack: [0x00007fd8eab0f000,0x00007fd8eac10000],  sp=0x00007fd8eac0e6d0,  free space=1021k
Native frames: (J=compiled Java code, j=interpreted, Vv=VM code, C=native code)
V  [libjvm.so+0x655730]  jni_GetStringUTFChars+0xa0
C  [libopencv_java249.so+0x2307b7]  Java_org_opencv_highgui_VideoCapture_VideoCapture_11+0x27
j  org.opencv.highgui.VideoCapture.<init>(Ljava/lang/String;)V+6
j  balldetection.processors.VideoProvidorProcessor.process(Lorg/opencv/core/Mat;)Lorg/opencv/core/Mat;+26
j  balldetection.ImageProcessor.process()V+44
j  balldetection.Main.main([Ljava/lang/String;)V+57
v  ~StubRoutines::call_stub
V  [libjvm.so+0x5ffb65]  JavaCalls::call_helper(JavaValue*, methodHandle*, JavaCallArguments*, Thread*)+0x365
V  [libjvm.so+0x5fe5c8]  JavaCalls::call(JavaValue*, methodHandle, JavaCallArguments*, Thread*)+0x28
V  [libjvm.so+0x638309]  jni_invoke_static(JNIEnv_*, JavaValue*, _jobject*, JNICallType, _jmethodID*, JNI_ArgumentPusher*, Thread*)+0x219
V  [libjvm.so+0x640f22]  jni_CallStaticVoidMethod+0x162
C  [libjli.so+0x36d9]  JavaMain+0x7e9

Java frames: (J=compiled Java code, j=interpreted, Vv=VM code)
j  org.opencv.highgui.VideoCapture.VideoCapture_1(Ljava/lang/String;)J+0
j  org.opencv.highgui.VideoCapture.<init>(Ljava/lang/String;)V+6
j  balldetection.processors.VideoProvidorProcessor.process(Lorg/opencv/core/Mat;)Lorg/opencv/core/Mat;+26
j  balldetection.ImageProcessor.process()V+44
j  balldetection.Main.main([Ljava/lang/String;)V+57
v  ~StubRoutines::call_stub

---------------  P R O C E S S  ---------------

Java Threads: ( => current thread )
  0x00007fd8e4227800 JavaThread "AWT-EventQueue-0" [_thread_in_Java, id=32714, stack(0x00007fd8bfaf5000,0x00007fd8bfbf6000)]
  0x00007fd8e4223800 JavaThread "AWT-Shutdown" [_thread_blocked, id=32713, stack(0x00007fd8bfbf6000,0x00007fd8bfcf7000)]
  0x00007fd8e41d5800 JavaThread "AWT-XAWT" daemon [_thread_in_Java, id=32712, stack(0x00007fd8bfcf7000,0x00007fd8bfdf8000)]
  0x00007fd8e41b4000 JavaThread "Java2D Disposer" daemon [_thread_blocked, id=32711, stack(0x00007fd8dc0fa000,0x00007fd8dc1fb000)]
  0x00007fd8e409f000 JavaThread "Service Thread" daemon [_thread_blocked, id=32709, stack(0x00007fd8dc2fc000,0x00007fd8dc3fd000)]
  0x00007fd8e409d000 JavaThread "C2 CompilerThread1" daemon [_thread_blocked, id=32708, stack(0x00007fd8dc3fd000,0x00007fd8dc4fe000)]
  0x00007fd8e409a000 JavaThread "C2 CompilerThread0" daemon [_thread_blocked, id=32707, stack(0x00007fd8dc4fe000,0x00007fd8dc5ff000)]
  0x00007fd8e4098000 JavaThread "Signal Dispatcher" daemon [_thread_blocked, id=32706, stack(0x00007fd8dc5ff000,0x00007fd8dc700000)]
  0x00007fd8e4078800 JavaThread "Finalizer" daemon [_thread_blocked, id=32705, stack(0x00007fd8dcde3000,0x00007fd8dcee4000)]
  0x00007fd8e4076800 JavaThread "Reference Handler" daemon [_thread_blocked, id=32704, stack(0x00007fd8dcee4000,0x00007fd8dcfe5000)]
=>0x00007fd8e400a000 JavaThread "main" [_thread_in_vm, id=32694, stack(0x00007fd8eab0f000,0x00007fd8eac10000)]

Other Threads:
  0x00007fd8e4072000 VMThread [stack: 0x00007fd8dcfe5000,0x00007fd8dd0e6000] [id=32703]
  0x00007fd8e40b2000 WatcherThread [stack: 0x00007fd8dc1fb000,0x00007fd8dc2fc000] [id=32710]

VM state:not at safepoint (normal execution)

VM Mutex/Monitor currently owned by a thread: None

Heap
 PSYoungGen      total 75264K, used 6502K [0x00000007ace80000, 0x00000007b2200000, 0x0000000800000000)
  eden space 65024K, 10% used [0x00000007ace80000,0x00000007ad4d9ba8,0x00000007b0e00000)
  from space 10240K, 0% used [0x00000007b1800000,0x00000007b1800000,0x00000007b2200000)
  to   space 10240K, 0% used [0x00000007b0e00000,0x00000007b0e00000,0x00000007b1800000)
 ParOldGen       total 169984K, used 0K [0x0000000706c00000, 0x0000000711200000, 0x00000007ace80000)
  object space 169984K, 0% used [0x0000000706c00000,0x0000000706c00000,0x0000000711200000)
 PSPermGen       total 21504K, used 7291K [0x0000000701a00000, 0x0000000702f00000, 0x0000000706c00000)
  object space 21504K, 33% used [0x0000000701a00000,0x000000070211ee30,0x0000000702f00000)

Card table byte_map: [0x00007fd8e03dc000,0x00007fd8e0bd0000] byte_map_base: 0x00007fd8dcbcf000

Polling page: 0x00007fd8eab0e000

Code Cache  [0x00007fd8e0bd0000, 0x00007fd8e0e40000, 0x00007fd8e3bd0000)
 total_blobs=382 nmethods=4 adapters=333 free_code_cache=48661Kb largest_free_block=49828224

Compilation events (8 events):
Event: 0.091 Thread 0x00007fd8e409a000    1             java.lang.String::hashCode (55 bytes)
Event: 0.104 Thread 0x00007fd8e409a000 nmethod 1 0x00007fd8e0c37290 code [0x00007fd8e0c373e0, 0x00007fd8e0c37558]
Event: 0.259 Thread 0x00007fd8e409d000    2             java.lang.Object::<init> (1 bytes)
Event: 0.260 Thread 0x00007fd8e409d000 nmethod 2 0x00007fd8e0c491d0 code [0x00007fd8e0c49300, 0x00007fd8e0c49398]
Event: 0.279 Thread 0x00007fd8e409a000    3             java.lang.String::indexOf (70 bytes)
Event: 0.284 Thread 0x00007fd8e409a000 nmethod 3 0x00007fd8e0c46e90 code [0x00007fd8e0c46fe0, 0x00007fd8e0c47188]
Event: 0.308 Thread 0x00007fd8e409d000    4             sun.java2d.loops.GraphicsPrimitive::getUniqueID (5 bytes)
Event: 0.308 Thread 0x00007fd8e409d000 nmethod 4 0x00007fd8e0c4ac90 code [0x00007fd8e0c4adc0, 0x00007fd8e0c4ae18]

GC Heap History (0 events):
No events

Deoptimization events (0 events):
No events

Internal exceptions (10 events):
Event: 0.065 Thread 0x00007fd8e400a000 Threw 0x00000007aced22b0 at /HUDSON/workspace/7u-2-build-linux-amd64/jdk7u65/1224/hotspot/src/share/vm/prims/jvm.cpp:1244
Event: 0.066 Thread 0x00007fd8e400a000 Threw 0x00000007aced4438 at /HUDSON/workspace/7u-2-build-linux-amd64/jdk7u65/1224/hotspot/src/share/vm/prims/jvm.cpp:1244
Event: 0.072 Thread 0x00007fd8e400a000 Threw 0x00000007acee3b78 at /HUDSON/workspace/7u-2-build-linux-amd64/jdk7u65/1224/hotspot/src/share/vm/prims/jvm.cpp:1244
Event: 0.073 Thread 0x00007fd8e400a000 Threw 0x00000007acee5ed0 at /HUDSON/workspace/7u-2-build-linux-amd64/jdk7u65/1224/hotspot/src/share/vm/prims/jvm.cpp:1244
Event: 0.076 Thread 0x00007fd8e400a000 Threw 0x00000007acee9028 at /HUDSON/workspace/7u-2-build-linux-amd64/jdk7u65/1224/hotspot/src/share/vm/prims/jvm.cpp:1244
Event: 0.084 Thread 0x00007fd8e400a000 Threw 0x00000007acef4e18 at /HUDSON/workspace/7u-2-build-linux-amd64/jdk7u65/1224/hotspot/src/share/vm/prims/jni.cpp:717
Event: 0.084 Thread 0x00007fd8e400a000 Threw 0x00000007acef5720 at /HUDSON/workspace/7u-2-build-linux-amd64/jdk7u65/1224/hotspot/src/share/vm/prims/jni.cpp:717
Event: 0.086 Thread 0x00007fd8e400a000 Threw 0x00000007acefa058 at /HUDSON/workspace/7u-2-build-linux-amd64/jdk7u65/1224/hotspot/src/share/vm/prims/jvm.cpp:1244
Event: 0.087 Thread 0x00007fd8e400a000 Threw 0x00000007acf0b510 at /HUDSON/workspace/7u-2-build-linux-amd64/jdk7u65/1224/hotspot/src/share/vm/prims/jvm.cpp:1244
Event: 0.329 Thread 0x00007fd8e400a000 Threw 0x00000007ad2964c8 at /HUDSON/workspace/7u-2-build-linux-amd64/jdk7u65/1224/hotspot/src/share/vm/prims/jvm.cpp:1244

Events (10 events):
Event: 0.330 loading class 0x00007fd8e4185fc0
Event: 0.330 loading class 0x00007fd8e4185fc0 done
Event: 0.330 loading class 0x00007fd89c042220
Event: 0.330 loading class 0x00007fd89c042220 done
Event: 0.330 loading class 0x00007fd8e4187020
Event: 0.330 loading class 0x00007fd8e4187020 done
Event: 0.330 loading class 0x00007fd8e40e8360
Event: 0.330 loading class 0x00007fd8e40e8360 done
Event: 0.330 loading class 0x00007fd8e40e8380
Event: 0.330 loading class 0x00007fd8e40e8380 done


Dynamic libraries:
00400000-00401000 r-xp 00000000 08:02 8391584                            /usr/lib/jvm/java-7-oracle/bin/java
00600000-00601000 rw-p 00000000 08:02 8391584                            /usr/lib/jvm/java-7-oracle/bin/java
00ed4000-00ef5000 rw-p 00000000 00:00 0                                  [heap]
701a00000-702f00000 rw-p 00000000 00:00 0 
702f00000-706c00000 rw-p 00000000 00:00 0 
706c00000-711200000 rw-p 00000000 00:00 0 
711200000-7ace80000 rw-p 00000000 00:00 0 
7ace80000-7b2200000 rw-p 00000000 00:00 0 
7b2200000-800000000 rw-p 00000000 00:00 0 
7fd878000000-7fd878021000 rw-p 00000000 00:00 0 
7fd878021000-7fd87c000000 ---p 00000000 00:00 0 
7fd880000000-7fd880021000 rw-p 00000000 00:00 0 
7fd880021000-7fd884000000 ---p 00000000 00:00 0 
7fd884000000-7fd884021000 rw-p 00000000 00:00 0 
7fd884021000-7fd888000000 ---p 00000000 00:00 0 
7fd888000000-7fd888021000 rw-p 00000000 00:00 0 
7fd888021000-7fd88c000000 ---p 00000000 00:00 0 
7fd88c000000-7fd88c021000 rw-p 00000000 00:00 0 
7fd88c021000-7fd890000000 ---p 00000000 00:00 0 
7fd890000000-7fd890021000 rw-p 00000000 00:00 0 
7fd890021000-7fd894000000 ---p 00000000 00:00 0 
7fd894000000-7fd894021000 rw-p 00000000 00:00 0 
7fd894021000-7fd898000000 ---p 00000000 00:00 0 
7fd898000000-7fd898021000 rw-p 00000000 00:00 0 
7fd898021000-7fd89c000000 ---p 00000000 00:00 0 
7fd89c000000-7fd89c066000 rw-p 00000000 00:00 0 
7fd89c066000-7fd8a0000000 ---p 00000000 00:00 0 
7fd8a0000000-7fd8a0021000 rw-p 00000000 00:00 0 
7fd8a0021000-7fd8a4000000 ---p 00000000 00:00 0 
7fd8a4000000-7fd8a4021000 rw-p 00000000 00:00 0 
7fd8a4021000-7fd8a8000000 ---p 00000000 00:00 0 
7fd8a8000000-7fd8a8021000 rw-p 00000000 00:00 0 
7fd8a8021000-7fd8ac000000 ---p 00000000 00:00 0 
7fd8ac0d0000-7fd8b4000000 rw-p 00000000 00:00 0 
7fd8b4000000-7fd8b4021000 rw-p 00000000 00:00 0 
7fd8b4021000-7fd8b8000000 ---p 00000000 00:00 0 
7fd8b8000000-7fd8b8021000 rw-p 00000000 00:00 0 
7fd8b8021000-7fd8bc000000 ---p 00000000 00:00 0 
7fd8bf989000-7fd8bfaf5000 rw-p 00000000 00:00 0 
7fd8bfaf5000-7fd8bfaf8000 ---p 00000000 00:00 0 
7fd8bfaf8000-7fd8bfbf6000 rw-p 00000000 00:00 0                          [stack:32714]
7fd8bfbf6000-7fd8bfbf9000 ---p 00000000 00:00 0 
7fd8bfbf9000-7fd8bfcf7000 rw-p 00000000 00:00 0                          [stack:32713]
7fd8bfcf7000-7fd8bfcfa000 ---p 00000000 00:00 0 
7fd8bfcfa000-7fd8bfdf8000 rw-p 00000000 00:00 0                          [stack:32712]
7fd8bfdf8000-7fd8bfdfd000 r-xp 00000000 08:02 4982906                    /usr/lib/x86_64-linux-gnu/libXfixes.so.3.1.0
7fd8bfdfd000-7fd8bfffc000 ---p 00005000 08:02 4982906                    /usr/lib/x86_64-linux-gnu/libXfixes.so.3.1.0
7fd8bfffc000-7fd8bfffd000 r--p 00004000 08:02 4982906                    /usr/lib/x86_64-linux-gnu/libXfixes.so.3.1.0
7fd8bfffd000-7fd8bfffe000 rw-p 00005000 08:02 4982906                    /usr/lib/x86_64-linux-gnu/libXfixes.so.3.1.0
7fd8c0000000-7fd8c0021000 rw-p 00000000 00:00 0 
7fd8c0021000-7fd8c4000000 ---p 00000000 00:00 0 
7fd8c40a0000-7fd8c40a9000 r-xp 00000000 08:02 4988146                    /usr/lib/x86_64-linux-gnu/libXcursor.so.1.0.2
7fd8c40a9000-7fd8c42a8000 ---p 00009000 08:02 4988146                    /usr/lib/x86_64-linux-gnu/libXcursor.so.1.0.2
7fd8c42a8000-7fd8c42a9000 r--p 00008000 08:02 4988146                    /usr/lib/x86_64-linux-gnu/libXcursor.so.1.0.2
7fd8c42a9000-7fd8c42aa000 rw-p 00009000 08:02 4988146                    /usr/lib/x86_64-linux-gnu/libXcursor.so.1.0.2
7fd8c42b0000-7fd8c42b5000 r-xp 00000000 08:02 4988150                    /usr/lib/x86_64-linux-gnu/libXdmcp.so.6.0.0
7fd8c42b5000-7fd8c44b4000 ---p 00005000 08:02 4988150                    /usr/lib/x86_64-linux-gnu/libXdmcp.so.6.0.0
7fd8c44b4000-7fd8c44b5000 r--p 00004000 08:02 4988150                    /usr/lib/x86_64-linux-gnu/libXdmcp.so.6.0.0
7fd8c44b5000-7fd8c44b6000 rw-p 00005000 08:02 4988150                    /usr/lib/x86_64-linux-gnu/libXdmcp.so.6.0.0
7fd8c44b8000-7fd8c44ba000 r-xp 00000000 08:02 4988139                    /usr/lib/x86_64-linux-gnu/libXau.so.6.0.0
7fd8c44ba000-7fd8c46b9000 ---p 00002000 08:02 4988139                    /usr/lib/x86_64-linux-gnu/libXau.so.6.0.0
7fd8c46b9000-7fd8c46ba000 r--p 00001000 08:02 4988139                    /usr/lib/x86_64-linux-gnu/libXau.so.6.0.0
7fd8c46ba000-7fd8c46bb000 rw-p 00002000 08:02 4988139                    /usr/lib/x86_64-linux-gnu/libXau.so.6.0.0
7fd8c46c0000-7fd8c46dd000 r-xp 00000000 08:02 4988746                    /usr/lib/x86_64-linux-gnu/libxcb.so.1.1.0
7fd8c46dd000-7fd8c48dc000 ---p 0001d000 08:02 4988746                    /usr/lib/x86_64-linux-gnu/libxcb.so.1.1.0
7fd8c48dc000-7fd8c48dd000 r--p 0001c000 08:02 4988746                    /usr/lib/x86_64-linux-gnu/libxcb.so.1.1.0
7fd8c48dd000-7fd8c48de000 rw-p 0001d000 08:02 4988746                    /usr/lib/x86_64-linux-gnu/libxcb.so.1.1.0
7fd8c48e0000-7fd8c48ef000 r-xp 00000000 08:02 4982908                    /usr/lib/x86_64-linux-gnu/libXi.so.6.1.0
7fd8c48ef000-7fd8c4aee000 ---p 0000f000 08:02 4982908                    /usr/lib/x86_64-linux-gnu/libXi.so.6.1.0
7fd8c4aee000-7fd8c4aef000 r--p 0000e000 08:02 4982908                    /usr/lib/x86_64-linux-gnu/libXi.so.6.1.0
7fd8c4aef000-7fd8c4af0000 rw-p 0000f000 08:02 4982908                    /usr/lib/x86_64-linux-gnu/libXi.so.6.1.0
7fd8c4af0000-7fd8c4af5000 r-xp 00000000 08:02 4988178                    /usr/lib/x86_64-linux-gnu/libXtst.so.6.1.0
7fd8c4af5000-7fd8c4cf4000 ---p 00005000 08:02 4988178                    /usr/lib/x86_64-linux-gnu/libXtst.so.6.1.0
7fd8c4cf4000-7fd8c4cf5000 r--p 00004000 08:02 4988178                    /usr/lib/x86_64-linux-gnu/libXtst.so.6.1.0
7fd8c4cf5000-7fd8c4cf6000 rw-p 00005000 08:02 4988178                    /usr/lib/x86_64-linux-gnu/libXtst.so.6.1.0
7fd8c4cf8000-7fd8c4d01000 r-xp 00000000 08:02 4988174                    /usr/lib/x86_64-linux-gnu/libXrender.so.1.3.0
7fd8c4d01000-7fd8c4f00000 ---p 00009000 08:02 4988174                    /usr/lib/x86_64-linux-gnu/libXrender.so.1.3.0
7fd8c4f00000-7fd8c4f01000 r--p 00008000 08:02 4988174                    /usr/lib/x86_64-linux-gnu/libXrender.so.1.3.0
7fd8c4f01000-7fd8c4f02000 rw-p 00009000 08:02 4988174                    /usr/lib/x86_64-linux-gnu/libXrender.so.1.3.0
7fd8c4f08000-7fd8c5038000 r-xp 00000000 08:02 4982903                    /usr/lib/x86_64-linux-gnu/libX11.so.6.3.0
7fd8c5038000-7fd8c5238000 ---p 00130000 08:02 4982903                    /usr/lib/x86_64-linux-gnu/libX11.so.6.3.0
7fd8c5238000-7fd8c5239000 r--p 00130000 08:02 4982903                    /usr/lib/x86_64-linux-gnu/libX11.so.6.3.0
7fd8c5239000-7fd8c523d000 rw-p 00131000 08:02 4982903                    /usr/lib/x86_64-linux-gnu/libX11.so.6.3.0
7fd8c5240000-7fd8c5250000 r-xp 00000000 08:02 4988152                    /usr/lib/x86_64-linux-gnu/libXext.so.6.4.0
7fd8c5250000-7fd8c544f000 ---p 00010000 08:02 4988152                    /usr/lib/x86_64-linux-gnu/libXext.so.6.4.0
7fd8c544f000-7fd8c5450000 r--p 0000f000 08:02 4988152                    /usr/lib/x86_64-linux-gnu/libXext.so.6.4.0
7fd8c5450000-7fd8c5451000 rw-p 00010000 08:02 4988152                    /usr/lib/x86_64-linux-gnu/libXext.so.6.4.0
7fd8c5458000-7fd8c54a8000 r-xp 00000000 08:02 8391396                    /usr/lib/jvm/java-7-oracle/jre/lib/amd64/xawt/libmawt.so
7fd8c54a8000-7fd8c56a8000 ---p 00050000 08:02 8391396                    /usr/lib/jvm/java-7-oracle/jre/lib/amd64/xawt/libmawt.so
7fd8c56a8000-7fd8c56ac000 rw-p 00050000 08:02 8391396                    /usr/lib/jvm/java-7-oracle/jre/lib/amd64/xawt/libmawt.so
7fd8c56ac000-7fd8c56ad000 rw-p 00000000 00:00 0 
7fd8c56b0000-7fd8c5752000 r-xp 00000000 08:02 8391399                    /usr/lib/jvm/java-7-oracle/jre/lib/amd64/libawt.so
7fd8c5752000-7fd8c5952000 ---p 000a2000 08:02 8391399                    /usr/lib/jvm/java-7-oracle/jre/lib/amd64/libawt.so
7fd8c5952000-7fd8c595e000 rw-p 000a2000 08:02 8391399                    /usr/lib/jvm/java-7-oracle/jre/lib/amd64/libawt.so
7fd8c595e000-7fd8c5982000 rw-p 00000000 00:00 0 
7fd8c5988000-7fd8c59a9000 r-xp 00000000 08:02 4988711                    /usr/lib/x86_64-linux-gnu/libv4lconvert.so.0
7fd8c59a9000-7fd8c5ba8000 ---p 00021000 08:02 4988711                    /usr/lib/x86_64-linux-gnu/libv4lconvert.so.0
7fd8c5ba8000-7fd8c5baa000 r--p 00020000 08:02 4988711                    /usr/lib/x86_64-linux-gnu/libv4lconvert.so.0
7fd8c5baa000-7fd8c5bab000 rw-p 00022000 08:02 4988711                    /usr/lib/x86_64-linux-gnu/libv4lconvert.so.0
7fd8c5bab000-7fd8c5bfd000 rw-p 00000000 00:00 0 
7fd8c5c00000-7fd8c5c08000 r-xp 00000000 08:02 4988710                    /usr/lib/x86_64-linux-gnu/libv4l2.so.0
7fd8c5c08000-7fd8c5e07000 ---p 00008000 08:02 4988710                    /usr/lib/x86_64-linux-gnu/libv4l2.so.0
7fd8c5e07000-7fd8c5e08000 r--p 00007000 08:02 4988710                    /usr/lib/x86_64-linux-gnu/libv4l2.so.0
7fd8c5e08000-7fd8c5e0c000 rw-p 00008000 08:02 4988710                    /usr/lib/x86_64-linux-gnu/libv4l2.so.0
7fd8c5e10000-7fd8c5e25000 r-xp 00000000 08:02 6819542                    /lib/x86_64-linux-gnu/libgcc_s.so.1
7fd8c5e25000-7fd8c6024000 ---p 00015000 08:02 6819542                    /lib/x86_64-linux-gnu/libgcc_s.so.1
7fd8c6024000-7fd8c6025000 r--p 00014000 08:02 6819542                    /lib/x86_64-linux-gnu/libgcc_s.so.1
7fd8c6025000-7fd8c6026000 rw-p 00015000 08:02 6819542                    /lib/x86_64-linux-gnu/libgcc_s.so.1
7fd8c6028000-7fd8c603e000 r-xp 00000000 08:02 6819632                    /lib/x86_64-linux-gnu/libz.so.1.2.3.4
7fd8c603e000-7fd8c623d000 ---p 00016000 08:02 6819632                    /lib/x86_64-linux-gnu/libz.so.1.2.3.4
7fd8c623d000-7fd8c623e000 r--p 00015000 08:02 6819632                    /lib/x86_64-linux-gnu/libz.so.1.2.3.4
7fd8c623e000-7fd8c623f000 rw-p 00016000 08:02 6819632                    /lib/x86_64-linux-gnu/libz.so.1.2.3.4
7fd8c6240000-7fd8c6245000 r-xp 00000000 08:02 4988709                    /usr/lib/x86_64-linux-gnu/libv4l1.so.0
7fd8c6245000-7fd8c6444000 ---p 00005000 08:02 4988709                    /usr/lib/x86_64-linux-gnu/libv4l1.so.0
7fd8c6444000-7fd8c6445000 r--p 00004000 08:02 4988709                    /usr/lib/x86_64-linux-gnu/libv4l1.so.0
7fd8c6445000-7fd8c6446000 rw-p 00005000 08:02 4988709                    /usr/lib/x86_64-linux-gnu/libv4l1.so.0
7fd8c6448000-7fd8c64a9000 r-xp 00000000 08:02 4991012                    /usr/lib/x86_64-linux-gnu/libtiff.so.4.3.4
7fd8c64a9000-7fd8c66a9000 ---p 00061000 08:02 4991012                    /usr/lib/x86_64-linux-gnu/libtiff.so.4.3.4
7fd8c66a9000-7fd8c66ab000 r--p 00061000 08:02 4991012                    /usr/lib/x86_64-linux-gnu/libtiff.so.4.3.4
7fd8c66ab000-7fd8c66ac000 rw-p 00063000 08:02 4991012                    /usr/lib/x86_64-linux-gnu/libtiff.so.4.3.4
7fd8c66b0000-7fd8c66d6000 r-xp 00000000 08:02 6819598                    /lib/x86_64-linux-gnu/libpng12.so.0.46.0
7fd8c66d6000-7fd8c68d6000 ---p 00026000 08:02 6819598                    /lib/x86_64-linux-gnu/libpng12.so.0.46.0
7fd8c68d6000-7fd8c68d7000 r--p 00026000 08:02 6819598                    /lib/x86_64-linux-gnu/libpng12.so.0.46.0
7fd8c68d7000-7fd8c68d8000 rw-p 00027000 08:02 6819598                    /lib/x86_64-linux-gnu/libpng12.so.0.46.0
7fd8c68d8000-7fd8c6917000 r-xp 00000000 08:02 4987524                    /usr/lib/x86_64-linux-gnu/libjpeg.so.8.0.2
7fd8c6917000-7fd8c6b16000 ---p 0003f000 08:02 4987524                    /usr/lib/x86_64-linux-gnu/libjpeg.so.8.0.2
7fd8c6b16000-7fd8c6b17000 r--p 0003e000 08:02 4987524                    /usr/lib/x86_64-linux-gnu/libjpeg.so.8.0.2
7fd8c6b17000-7fd8c6b18000 rw-p 0003f000 08:02 4987524                    /usr/lib/x86_64-linux-gnu/libjpeg.so.8.0.2
7fd8c6b18000-7fd8c6b28000 rw-p 00000000 00:00 0 
7fd8c6b28000-7fd8c6c0a000 r-xp 00000000 08:02 4988682                    /usr/lib/x86_64-linux-gnu/libstdc++.so.6.0.16
7fd8c6c0a000-7fd8c6e09000 ---p 000e2000 08:02 4988682                    /usr/lib/x86_64-linux-gnu/libstdc++.so.6.0.16
7fd8c6e09000-7fd8c6e11000 r--p 000e1000 08:02 4988682                    /usr/lib/x86_64-linux-gnu/libstdc++.so.6.0.16
7fd8c6e11000-7fd8c6e13000 rw-p 000e9000 08:02 4988682                    /usr/lib/x86_64-linux-gnu/libstdc++.so.6.0.16
7fd8c6e13000-7fd8c6e28000 rw-p 00000000 00:00 0 
7fd8c6e28000-7fd8c7d1c000 r-xp 00000000 08:02 10095302                   /usr/local/share/OpenCV/java/libopencv_java249.so
7fd8c7d1c000-7fd8c7f1c000 ---p 00ef4000 08:02 10095302                   /usr/local/share/OpenCV/java/libopencv_java249.so
7fd8c7f1c000-7fd8c7f40000 r--p 00ef4000 08:02 10095302                   /usr/local/share/OpenCV/java/libopencv_java249.so
7fd8c7f40000-7fd8c7f58000 rw-p 00f18000 08:02 10095302                   /usr/local/share/OpenCV/java/libopencv_java249.so
7fd8c7f58000-7fd8c7ffb000 rw-p 00000000 00:00 0 
7fd8c8000000-7fd8c8021000 rw-p 00000000 00:00 0 
7fd8c8021000-7fd8cc000000 ---p 00000000 00:00 0 
7fd8cc000000-7fd8cc021000 rw-p 00000000 00:00 0 
7fd8cc021000-7fd8d0000000 ---p 00000000 00:00 0 
7fd8d0000000-7fd8d0021000 rw-p 00000000 00:00 0 
7fd8d0021000-7fd8d4000000 ---p 00000000 00:00 0 
7fd8d4000000-7fd8d4021000 rw-p 00000000 00:00 0 
7fd8d4021000-7fd8d8000000 ---p 00000000 00:00 0 
7fd8d8000000-7fd8d8021000 rw-p 00000000 00:00 0 
7fd8d8021000-7fd8dc000000 ---p 00000000 00:00 0 
7fd8dc0fa000-7fd8dc0fd000 ---p 00000000 00:00 0 
7fd8dc0fd000-7fd8dc1fb000 rw-p 00000000 00:00 0                          [stack:32711]
7fd8dc1fb000-7fd8dc1fc000 ---p 00000000 00:00 0 
7fd8dc1fc000-7fd8dc2fc000 rw-p 00000000 00:00 0                          [stack:32710]
7fd8dc2fc000-7fd8dc2ff000 ---p 00000000 00:00 0 
7fd8dc2ff000-7fd8dc3fd000 rw-p 00000000 00:00 0                          [stack:32709]
7fd8dc3fd000-7fd8dc400000 ---p 00000000 00:00 0 
7fd8dc400000-7fd8dc4fe000 rw-p 00000000 00:00 0                          [stack:32708]
7fd8dc4fe000-7fd8dc501000 ---p 00000000 00:00 0 
7fd8dc501000-7fd8dc5ff000 rw-p 00000000 00:00 0                          [stack:32707]
7fd8dc5ff000-7fd8dc602000 ---p 00000000 00:00 0 
7fd8dc602000-7fd8dc700000 rw-p 00000000 00:00 0                          [stack:32706]
7fd8dc700000-7fd8dcde3000 r--p 00000000 08:02 4987440                    /usr/lib/locale/locale-archive
7fd8dcde3000-7fd8dcde6000 ---p 00000000 00:00 0 
7fd8dcde6000-7fd8dcee4000 rw-p 00000000 00:00 0                          [stack:32705]
7fd8dcee4000-7fd8dcee7000 ---p 00000000 00:00 0 
7fd8dcee7000-7fd8dcfe5000 rw-p 00000000 00:00 0                          [stack:32704]
7fd8dcfe5000-7fd8dcfe6000 ---p 00000000 00:00 0 
7fd8dcfe6000-7fd8ded75000 rw-p 00000000 00:00 0                          [stack:32703]
7fd8ded75000-7fd8def34000 r--s 039e5000 08:02 8390889                    /usr/lib/jvm/java-7-oracle/jre/lib/rt.jar
7fd8def3a000-7fd8df7a3000 rw-p 00000000 00:00 0 
7fd8df7a3000-7fd8df7a4000 ---p 00000000 00:00 0 
7fd8df7a4000-7fd8df8a4000 rw-p 00000000 00:00 0                          [stack:32702]
7fd8df8a4000-7fd8df8a5000 ---p 00000000 00:00 0 
7fd8df8a5000-7fd8df9a5000 rw-p 00000000 00:00 0                          [stack:32701]
7fd8df9a5000-7fd8df9a6000 ---p 00000000 00:00 0 
7fd8df9a6000-7fd8dfaa6000 rw-p 00000000 00:00 0                          [stack:32700]
7fd8dfaa6000-7fd8dfaa7000 ---p 00000000 00:00 0 
7fd8dfaa7000-7fd8dfba7000 rw-p 00000000 00:00 0                          [stack:32699]
7fd8dfba7000-7fd8dfba8000 ---p 00000000 00:00 0 
7fd8dfba8000-7fd8dfca8000 rw-p 00000000 00:00 0                          [stack:32698]
7fd8dfca8000-7fd8dfca9000 ---p 00000000 00:00 0 
7fd8dfca9000-7fd8dfda9000 rw-p 00000000 00:00 0                          [stack:32697]
7fd8dfda9000-7fd8dfdaa000 ---p 00000000 00:00 0 
7fd8dfdaa000-7fd8dfefd000 rw-p 00000000 00:00 0                          [stack:32696]
7fd8dfefd000-7fd8e03dc000 rw-p 00000000 00:00 0 
7fd8e03dc000-7fd8e03e7000 rw-p 00000000 00:00 0 
7fd8e03e7000-7fd8e0405000 rw-p 00000000 00:00 0 
7fd8e0405000-7fd8e0458000 rw-p 00000000 00:00 0 
7fd8e0458000-7fd8e0936000 rw-p 00000000 00:00 0 
7fd8e0936000-7fd8e0960000 rw-p 00000000 00:00 0 
7fd8e0960000-7fd8e0bcf000 rw-p 00000000 00:00 0 
7fd8e0bcf000-7fd8e0bd0000 rw-p 00000000 00:00 0 
7fd8e0bd0000-7fd8e0e40000 rwxp 00000000 00:00 0 
7fd8e0e40000-7fd8e3bd0000 rw-p 00000000 00:00 0 
7fd8e3bd0000-7fd8e3bea000 r-xp 00000000 08:02 8391417                    /usr/lib/jvm/java-7-oracle/jre/lib/amd64/libzip.so
7fd8e3bea000-7fd8e3dea000 ---p 0001a000 08:02 8391417                    /usr/lib/jvm/java-7-oracle/jre/lib/amd64/libzip.so
7fd8e3dea000-7fd8e3deb000 rw-p 0001a000 08:02 8391417                    /usr/lib/jvm/java-7-oracle/jre/lib/amd64/libzip.so
7fd8e3df0000-7fd8e3dfc000 r-xp 00000000 08:02 6815859                    /lib/x86_64-linux-gnu/libnss_files-2.15.so
7fd8e3dfc000-7fd8e3ffb000 ---p 0000c000 08:02 6815859                    /lib/x86_64-linux-gnu/libnss_files-2.15.so
7fd8e3ffb000-7fd8e3ffc000 r--p 0000b000 08:02 6815859                    /lib/x86_64-linux-gnu/libnss_files-2.15.so
7fd8e3ffc000-7fd8e3ffd000 rw-p 0000c000 08:02 6815859                    /lib/x86_64-linux-gnu/libnss_files-2.15.so
7fd8e4000000-7fd8e4311000 rw-p 00000000 00:00 0 
7fd8e4311000-7fd8e8000000 ---p 00000000 00:00 0 
7fd8e8009000-7fd8e800d000 r--s 00069000 08:02 3278518                    /home/gregor/.m2/repository/opencv/opencv/1/opencv-1.jar
7fd8e8014000-7fd8e8016000 r--s 00024000 08:02 3278315                    /home/gregor/.m2/repository/org/scream3r/jssc/2.8.0/jssc-2.8.0.jar
7fd8e801c000-7fd8e80ef000 rw-p 00000000 00:00 0 
7fd8e80ef000-7fd8e80f0000 ---p 00000000 00:00 0 
7fd8e80f0000-7fd8e81f0000 rw-p 00000000 00:00 0                          [stack:32695]
7fd8e81f0000-7fd8e81fa000 r-xp 00000000 08:02 6815863                    /lib/x86_64-linux-gnu/libnss_nis-2.15.so
7fd8e81fa000-7fd8e83fa000 ---p 0000a000 08:02 6815863                    /lib/x86_64-linux-gnu/libnss_nis-2.15.so
7fd8e83fa000-7fd8e83fb000 r--p 0000a000 08:02 6815863                    /lib/x86_64-linux-gnu/libnss_nis-2.15.so
7fd8e83fb000-7fd8e83fc000 rw-p 0000b000 08:02 6815863                    /lib/x86_64-linux-gnu/libnss_nis-2.15.so
7fd8e8400000-7fd8e8417000 r-xp 00000000 08:02 6820619                    /lib/x86_64-linux-gnu/libnsl-2.15.so
7fd8e8417000-7fd8e8616000 ---p 00017000 08:02 6820619                    /lib/x86_64-linux-gnu/libnsl-2.15.so
7fd8e8616000-7fd8e8617000 r--p 00016000 08:02 6820619                    /lib/x86_64-linux-gnu/libnsl-2.15.so
7fd8e8617000-7fd8e8618000 rw-p 00017000 08:02 6820619                    /lib/x86_64-linux-gnu/libnsl-2.15.so
7fd8e8618000-7fd8e861a000 rw-p 00000000 00:00 0 
7fd8e8620000-7fd8e8628000 r-xp 00000000 08:02 6815857                    /lib/x86_64-linux-gnu/libnss_compat-2.15.so
7fd8e8628000-7fd8e8827000 ---p 00008000 08:02 6815857                    /lib/x86_64-linux-gnu/libnss_compat-2.15.so
7fd8e8827000-7fd8e8828000 r--p 00007000 08:02 6815857                    /lib/x86_64-linux-gnu/libnss_compat-2.15.so
7fd8e8828000-7fd8e8829000 rw-p 00008000 08:02 6815857                    /lib/x86_64-linux-gnu/libnss_compat-2.15.so
7fd8e8830000-7fd8e8859000 r-xp 00000000 08:02 8391373                    /usr/lib/jvm/java-7-oracle/jre/lib/amd64/libjava.so
7fd8e8859000-7fd8e8a59000 ---p 00029000 08:02 8391373                    /usr/lib/jvm/java-7-oracle/jre/lib/amd64/libjava.so
7fd8e8a59000-7fd8e8a5b000 rw-p 00029000 08:02 8391373                    /usr/lib/jvm/java-7-oracle/jre/lib/amd64/libjava.so
7fd8e8a60000-7fd8e8a6d000 r-xp 00000000 08:02 8391404                    /usr/lib/jvm/java-7-oracle/jre/lib/amd64/libverify.so
7fd8e8a6d000-7fd8e8c6c000 ---p 0000d000 08:02 8391404                    /usr/lib/jvm/java-7-oracle/jre/lib/amd64/libverify.so
7fd8e8c6c000-7fd8e8c6e000 rw-p 0000c000 08:02 8391404                    /usr/lib/jvm/java-7-oracle/jre/lib/amd64/libverify.so
7fd8e8c70000-7fd8e8c77000 r-xp 00000000 08:02 6815862                    /lib/x86_64-linux-gnu/librt-2.15.so
7fd8e8c77000-7fd8e8e76000 ---p 00007000 08:02 6815862                    /lib/x86_64-linux-gnu/librt-2.15.so
7fd8e8e76000-7fd8e8e77000 r--p 00006000 08:02 6815862                    /lib/x86_64-linux-gnu/librt-2.15.so
7fd8e8e77000-7fd8e8e78000 rw-p 00007000 08:02 6815862                    /lib/x86_64-linux-gnu/librt-2.15.so
7fd8e8e78000-7fd8e8f73000 r-xp 00000000 08:02 6815866                    /lib/x86_64-linux-gnu/libm-2.15.so
7fd8e8f73000-7fd8e9172000 ---p 000fb000 08:02 6815866                    /lib/x86_64-linux-gnu/libm-2.15.so
7fd8e9172000-7fd8e9173000 r--p 000fa000 08:02 6815866                    /lib/x86_64-linux-gnu/libm-2.15.so
7fd8e9173000-7fd8e9174000 rw-p 000fb000 08:02 6815866                    /lib/x86_64-linux-gnu/libm-2.15.so
7fd8e9178000-7fd8e9ce8000 r-xp 00000000 08:02 8391414                    /usr/lib/jvm/java-7-oracle/jre/lib/amd64/server/libjvm.so
7fd8e9ce8000-7fd8e9ee7000 ---p 00b70000 08:02 8391414                    /usr/lib/jvm/java-7-oracle/jre/lib/amd64/server/libjvm.so
7fd8e9ee7000-7fd8e9fac000 rw-p 00b6f000 08:02 8391414                    /usr/lib/jvm/java-7-oracle/jre/lib/amd64/server/libjvm.so
7fd8e9fac000-7fd8e9fec000 rw-p 00000000 00:00 0 
7fd8e9ff0000-7fd8ea1a5000 r-xp 00000000 08:02 6815755                    /lib/x86_64-linux-gnu/libc-2.15.so
7fd8ea1a5000-7fd8ea3a5000 ---p 001b5000 08:02 6815755                    /lib/x86_64-linux-gnu/libc-2.15.so
7fd8ea3a5000-7fd8ea3a9000 r--p 001b5000 08:02 6815755                    /lib/x86_64-linux-gnu/libc-2.15.so
7fd8ea3a9000-7fd8ea3ab000 rw-p 001b9000 08:02 6815755                    /lib/x86_64-linux-gnu/libc-2.15.so
7fd8ea3ab000-7fd8ea3b0000 rw-p 00000000 00:00 0 
7fd8ea3b0000-7fd8ea3b2000 r-xp 00000000 08:02 6815870                    /lib/x86_64-linux-gnu/libdl-2.15.so
7fd8ea3b2000-7fd8ea5b2000 ---p 00002000 08:02 6815870                    /lib/x86_64-linux-gnu/libdl-2.15.so
7fd8ea5b2000-7fd8ea5b3000 r--p 00002000 08:02 6815870                    /lib/x86_64-linux-gnu/libdl-2.15.so
7fd8ea5b3000-7fd8ea5b4000 rw-p 00003000 08:02 6815870                    /lib/x86_64-linux-gnu/libdl-2.15.so
7fd8ea5b8000-7fd8ea5ce000 r-xp 00000000 08:02 8390226                    /usr/lib/jvm/java-7-oracle/lib/amd64/jli/libjli.so
7fd8ea5ce000-7fd8ea7ce000 ---p 00016000 08:02 8390226                    /usr/lib/jvm/java-7-oracle/lib/amd64/jli/libjli.so
7fd8ea7ce000-7fd8ea7cf000 rw-p 00016000 08:02 8390226                    /usr/lib/jvm/java-7-oracle/lib/amd64/jli/libjli.so
7fd8ea7d0000-7fd8ea7e8000 r-xp 00000000 08:02 6815864                    /lib/x86_64-linux-gnu/libpthread-2.15.so
7fd8ea7e8000-7fd8ea9e7000 ---p 00018000 08:02 6815864                    /lib/x86_64-linux-gnu/libpthread-2.15.so
7fd8ea9e7000-7fd8ea9e8000 r--p 00017000 08:02 6815864                    /lib/x86_64-linux-gnu/libpthread-2.15.so
7fd8ea9e8000-7fd8ea9e9000 rw-p 00018000 08:02 6815864                    /lib/x86_64-linux-gnu/libpthread-2.15.so
7fd8ea9e9000-7fd8ea9ed000 rw-p 00000000 00:00 0 
7fd8ea9f0000-7fd8eaa12000 r-xp 00000000 08:02 6815867                    /lib/x86_64-linux-gnu/ld-2.15.so
7fd8eaa17000-7fd8eaa22000 rw-p 00000000 00:00 0 
7fd8eaa22000-7fd8eaa40000 rw-p 00000000 00:00 0 
7fd8eaa40000-7fd8eaa4a000 rw-p 00000000 00:00 0 
7fd8eaa4a000-7fd8eab00000 rw-p 00000000 00:00 0 
7fd8eab00000-7fd8eab08000 rw-s 00000000 08:02 8262769                    /tmp/hsperfdata_gregor/32690
7fd8eab0a000-7fd8eab0e000 rw-p 00000000 00:00 0 
7fd8eab0e000-7fd8eab0f000 r--p 00000000 00:00 0 
7fd8eab0f000-7fd8eab12000 ---p 00000000 00:00 0 
7fd8eab12000-7fd8eac12000 rw-p 00000000 00:00 0                          [stack:32694]
7fd8eac12000-7fd8eac13000 r--p 00022000 08:02 6815867                    /lib/x86_64-linux-gnu/ld-2.15.so
7fd8eac13000-7fd8eac15000 rw-p 00023000 08:02 6815867                    /lib/x86_64-linux-gnu/ld-2.15.so
7fd8eac15000-7fd8eac19000 rw-p 00000000 00:00 0 
7fffa9169000-7fffa918a000 rw-p 00000000 00:00 0                          [stack]
7fffa9200000-7fffa9202000 r-xp 00000000 00:00 0                          [vdso]
ffffffffff600000-ffffffffff601000 r-xp 00000000 00:00 0                  [vsyscall]

VM Arguments:
jvm_args: -Djava.library.path=/usr/local/share/OpenCV/java 
java_command: balldetection.Main
Launcher Type: SUN_STANDARD

Environment Variables:
JAVA_HOME=/usr/lib/jvm/java-7-oracle
PATH=/home/gregor/bin:/usr/lib/lightdm/lightdm:/usr/local/sbin:/usr/local/bin:/usr/sbin:/usr/bin:/sbin:/bin:/usr/games
LD_LIBRARY_PATH=/usr/lib/jvm/java-7-oracle/jre/lib/amd64:/usr/lib/jvm/java-7-oracle/jre/lib/i386:
SHELL=/bin/bash
DISPLAY=:0

Signal Handlers:
SIGSEGV: [libjvm.so+0x99f4a0], sa_mask[0]=0x7ffbfeff, sa_flags=0x10000004
SIGBUS: [libjvm.so+0x99f4a0], sa_mask[0]=0x7ffbfeff, sa_flags=0x10000004
SIGFPE: [libjvm.so+0x81a860], sa_mask[0]=0x7ffbfeff, sa_flags=0x10000004
SIGPIPE: [libjvm.so+0x81a860], sa_mask[0]=0x7ffbfeff, sa_flags=0x10000004
SIGXFSZ: [libjvm.so+0x81a860], sa_mask[0]=0x7ffbfeff, sa_flags=0x10000004
SIGILL: [libjvm.so+0x81a860], sa_mask[0]=0x7ffbfeff, sa_flags=0x10000004
SIGUSR1: SIG_DFL, sa_mask[0]=0x00000000, sa_flags=0x00000000
SIGUSR2: [libjvm.so+0x81c060], sa_mask[0]=0x00000004, sa_flags=0x10000004
SIGHUP: [libjvm.so+0x81d160], sa_mask[0]=0x7ffbfeff, sa_flags=0x10000004
SIGINT: SIG_IGN, sa_mask[0]=0x00000000, sa_flags=0x00000000
SIGTERM: [libjvm.so+0x81d160], sa_mask[0]=0x7ffbfeff, sa_flags=0x10000004
SIGQUIT: [libjvm.so+0x81d160], sa_mask[0]=0x7ffbfeff, sa_flags=0x10000004


---------------  S Y S T E M  ---------------

OS:wheezy/sid

uname:Linux 3.8.0-44-generic #66~precise1-Ubuntu SMP Tue Jul 15 04:01:04 UTC 2014 x86_64
libc:glibc 2.15 NPTL 2.15 
rlimit: STACK 8192k, CORE 0k, NPROC 126941, NOFILE 4096, AS infinity
load average:0.36 0.56 0.70

/proc/meminfo:
MemTotal:       16333552 kB
MemFree:         7689264 kB
Buffers:          367920 kB
Cached:          3417272 kB
SwapCached:            0 kB
Active:          5185088 kB
Inactive:        2113824 kB
Active(anon):    3514816 kB
Inactive(anon):    60004 kB
Active(file):    1670272 kB
Inactive(file):  2053820 kB
Unevictable:         260 kB
Mlocked:             260 kB
SwapTotal:       8396796 kB
SwapFree:        8396796 kB
Dirty:               476 kB
Writeback:             0 kB
AnonPages:       3514892 kB
Mapped:           860964 kB
Shmem:             61088 kB
Slab:             363488 kB
SReclaimable:     317876 kB
SUnreclaim:        45612 kB
KernelStack:        6456 kB
PageTables:        61756 kB
NFS_Unstable:          0 kB
Bounce:                0 kB
WritebackTmp:          0 kB
CommitLimit:    16563572 kB
Committed_AS:   10754024 kB
VmallocTotal:   34359738367 kB
VmallocUsed:      336092 kB
VmallocChunk:   34359399668 kB
HardwareCorrupted:     0 kB
AnonHugePages:         0 kB
HugePages_Total:       0
HugePages_Free:        0
HugePages_Rsvd:        0
HugePages_Surp:        0
Hugepagesize:       2048 kB
DirectMap4k:      815100 kB
DirectMap2M:    11710464 kB
DirectMap1G:     4194304 kB


CPU:total 8 (8 cores per cpu, 1 threads per core) family 21 model 2 stepping 0, cmov, cx8, fxsr, mmx, sse, sse2, sse3, ssse3, sse4.1, sse4.2, popcnt, avx, aes, mmxext, 3dnowpref, lzcnt, sse4a, tsc, tscinvbit, tscinv

/proc/cpuinfo:
processor	: 0
vendor_id	: AuthenticAMD
cpu family	: 21
model		: 2
model name	: AMD FX(tm)-8350 Eight-Core Processor
stepping	: 0
microcode	: 0x600081f
cpu MHz		: 1400.000
cache size	: 2048 KB
physical id	: 0
siblings	: 8
core id		: 0
cpu cores	: 4
apicid		: 16
initial apicid	: 0
fpu		: yes
fpu_exception	: yes
cpuid level	: 13
wp		: yes
flags		: fpu vme de pse tsc msr pae mce cx8 apic sep mtrr pge mca cmov pat pse36 clflush mmx fxsr sse sse2 ht syscall nx mmxext fxsr_opt pdpe1gb rdtscp lm constant_tsc rep_good nopl nonstop_tsc extd_apicid aperfmperf pni pclmulqdq monitor ssse3 fma cx16 sse4_1 sse4_2 popcnt aes xsave avx f16c lahf_lm cmp_legacy svm extapic cr8_legacy abm sse4a misalignsse 3dnowprefetch osvw ibs xop skinit wdt lwp fma4 tce nodeid_msr tbm topoext perfctr_core arat cpb hw_pstate npt lbrv svm_lock nrip_save tsc_scale vmcb_clean flushbyasid decodeassists pausefilter pfthreshold bmi1
bogomips	: 8669.74
TLB size	: 1536 4K pages
clflush size	: 64
cache_alignment	: 64
address sizes	: 48 bits physical, 48 bits virtual
power management: ts ttp tm 100mhzsteps hwpstate cpb eff_freq_ro

processor	: 1
vendor_id	: AuthenticAMD
cpu family	: 21
model		: 2
model name	: AMD FX(tm)-8350 Eight-Core Processor           
stepping	: 0
microcode	: 0x600081f
cpu MHz		: 1400.000
cache size	: 2048 KB
physical id	: 0
siblings	: 8
core id		: 1
cpu cores	: 4
apicid		: 17
initial apicid	: 1
fpu		: yes
fpu_exception	: yes
cpuid level	: 13
wp		: yes
flags		: fpu vme de pse tsc msr pae mce cx8 apic sep mtrr pge mca cmov pat pse36 clflush mmx fxsr sse sse2 ht syscall nx mmxext fxsr_opt pdpe1gb rdtscp lm constant_tsc rep_good nopl nonstop_tsc extd_apicid aperfmperf pni pclmulqdq monitor ssse3 fma cx16 sse4_1 sse4_2 popcnt aes xsave avx f16c lahf_lm cmp_legacy svm extapic cr8_legacy abm sse4a misalignsse 3dnowprefetch osvw ibs xop skinit wdt lwp fma4 tce nodeid_msr tbm topoext perfctr_core arat cpb hw_pstate npt lbrv svm_lock nrip_save tsc_scale vmcb_clean flushbyasid decodeassists pausefilter pfthreshold bmi1
bogomips	: 8669.74
TLB size	: 1536 4K pages
clflush size	: 64
cache_alignment	: 64
address sizes	: 48 bits physical, 48 bits virtual
power management: ts ttp tm 100mhzsteps hwpstate cpb eff_freq_ro

processor	: 2
vendor_id	: AuthenticAMD
cpu family	: 21
model		: 2
model name	: AMD FX(tm)-8350 Eight-Core Processor           
stepping	: 0
microcode	: 0x600081f
cpu MHz		: 1400.000
cache size	: 2048 KB
physical id	: 0
siblings	: 8
core id		: 2
cpu cores	: 4
apicid		: 18
initial apicid	: 2
fpu		: yes
fpu_exception	: yes
cpuid level	: 13
wp		: yes
flags		: fpu vme de pse tsc msr pae mce cx8 apic sep mtrr pge mca cmov pat pse36 clflush mmx fxsr sse sse2 ht syscall nx mmxext fxsr_opt pdpe1gb rdtscp lm constant_tsc rep_good nopl nonstop_tsc extd_apicid aperfmperf pni pclmulqdq monitor ssse3 fma cx16 sse4_1 sse4_2 popcnt aes xsave avx f16c lahf_lm cmp_legacy svm extapic cr8_legacy abm sse4a misalignsse 3dnowprefetch osvw ibs xop skinit wdt lwp fma4 tce nodeid_msr tbm topoext perfctr_core arat cpb hw_pstate npt lbrv svm_lock nrip_save tsc_scale vmcb_clean flushbyasid decodeassists pausefilter pfthreshold bmi1
bogomips	: 8669.74
TLB size	: 1536 4K pages
clflush size	: 64
cache_alignment	: 64
address sizes	: 48 bits physical, 48 bits virtual
power management: ts ttp tm 100mhzsteps hwpstate cpb eff_freq_ro

processor	: 3
vendor_id	: AuthenticAMD
cpu family	: 21
model		: 2
model name	: AMD FX(tm)-8350 Eight-Core Processor           
stepping	: 0
microcode	: 0x600081f
cpu MHz		: 1400.000
cache size	: 2048 KB
physical id	: 0
siblings	: 8
core id		: 3
cpu cores	: 4
apicid		: 19
initial apicid	: 3
fpu		: yes
fpu_exception	: yes
cpuid level	: 13
wp		: yes
flags		: fpu vme de pse tsc msr pae mce cx8 apic sep mtrr pge mca cmov pat pse36 clflush mmx fxsr sse sse2 ht syscall nx mmxext fxsr_opt pdpe1gb rdtscp lm constant_tsc rep_good nopl nonstop_tsc extd_apicid aperfmperf pni pclmulqdq monitor ssse3 fma cx16 sse4_1 sse4_2 popcnt aes xsave avx f16c lahf_lm cmp_legacy svm extapic cr8_legacy abm sse4a misalignsse 3dnowprefetch osvw ibs xop skinit wdt lwp fma4 tce nodeid_msr tbm topoext perfctr_core arat cpb hw_pstate npt lbrv svm_lock nrip_save tsc_scale vmcb_clean flushbyasid decodeassists pausefilter pfthreshold bmi1
bogomips	: 8669.74
TLB size	: 1536 4K pages
clflush size	: 64
cache_alignment	: 64
address sizes	: 48 bits physical, 48 bits virtual
power management: ts ttp tm 100mhzsteps hwpstate cpb eff_freq_ro

processor	: 4
vendor_id	: AuthenticAMD
cpu family	: 21
model		: 2
model name	: AMD FX(tm)-8350 Eight-Core Processor           
stepping	: 0
microcode	: 0x600081f
cpu MHz		: 3400.000
cache size	: 2048 KB
physical id	: 0
siblings	: 8
core id		: 4
cpu cores	: 4
apicid		: 20
initial apicid	: 4
fpu		: yes
fpu_exception	: yes
cpuid level	: 13
wp		: yes
flags		: fpu vme de pse tsc msr pae mce cx8 apic sep mtrr pge mca cmov pat pse36 clflush mmx fxsr sse sse2 ht syscall nx mmxext fxsr_opt pdpe1gb rdtscp lm constant_tsc rep_good nopl nonstop_tsc extd_apicid aperfmperf pni pclmulqdq monitor ssse3 fma cx16 sse4_1 sse4_2 popcnt aes xsave avx f16c lahf_lm cmp_legacy svm extapic cr8_legacy abm sse4a misalignsse 3dnowprefetch osvw ibs xop skinit wdt lwp fma4 tce nodeid_msr tbm topoext perfctr_core arat cpb hw_pstate npt lbrv svm_lock nrip_save tsc_scale vmcb_clean flushbyasid decodeassists pausefilter pfthreshold bmi1
bogomips	: 8669.74
TLB size	: 1536 4K pages
clflush size	: 64
cache_alignment	: 64
address sizes	: 48 bits physical, 48 bits virtual
power management: ts ttp tm 100mhzsteps hwpstate cpb eff_freq_ro

processor	: 5
vendor_id	: AuthenticAMD
cpu family	: 21
model		: 2
model name	: AMD FX(tm)-8350 Eight-Core Processor           
stepping	: 0
microcode	: 0x600081f
cpu MHz		: 1400.000
cache size	: 2048 KB
physical id	: 0
siblings	: 8
core id		: 5
cpu cores	: 4
apicid		: 21
initial apicid	: 5
fpu		: yes
fpu_exception	: yes
cpuid level	: 13
wp		: yes
flags		: fpu vme de pse tsc msr pae mce cx8 apic sep mtrr pge mca cmov pat pse36 clflush mmx fxsr sse sse2 ht syscall nx mmxext fxsr_opt pdpe1gb rdtscp lm constant_tsc rep_good nopl nonstop_tsc extd_apicid aperfmperf pni pclmulqdq monitor ssse3 fma cx16 sse4_1 sse4_2 popcnt aes xsave avx f16c lahf_lm cmp_legacy svm extapic cr8_legacy abm sse4a misalignsse 3dnowprefetch osvw ibs xop skinit wdt lwp fma4 tce nodeid_msr tbm topoext perfctr_core arat cpb hw_pstate npt lbrv svm_lock nrip_save tsc_scale vmcb_clean flushbyasid decodeassists pausefilter pfthreshold bmi1
bogomips	: 8669.74
TLB size	: 1536 4K pages
clflush size	: 64
cache_alignment	: 64
address sizes	: 48 bits physical, 48 bits virtual
power management: ts ttp tm 100mhzsteps hwpstate cpb eff_freq_ro

processor	: 6
vendor_id	: AuthenticAMD
cpu family	: 21
model		: 2
model name	: AMD FX(tm)-8350 Eight-Core Processor           
stepping	: 0
microcode	: 0x600081f
cpu MHz		: 1400.000
cache size	: 2048 KB
physical id	: 0
siblings	: 8
core id		: 6
cpu cores	: 4
apicid		: 22
initial apicid	: 6
fpu		: yes
fpu_exception	: yes
cpuid level	: 13
wp		: yes
flags		: fpu vme de pse tsc msr pae mce cx8 apic sep mtrr pge mca cmov pat pse36 clflush mmx fxsr sse sse2 ht syscall nx mmxext fxsr_opt pdpe1gb rdtscp lm constant_tsc rep_good nopl nonstop_tsc extd_apicid aperfmperf pni pclmulqdq monitor ssse3 fma cx16 sse4_1 sse4_2 popcnt aes xsave avx f16c lahf_lm cmp_legacy svm extapic cr8_legacy abm sse4a misalignsse 3dnowprefetch osvw ibs xop skinit wdt lwp fma4 tce nodeid_msr tbm topoext perfctr_core arat cpb hw_pstate npt lbrv svm_lock nrip_save tsc_scale vmcb_clean flushbyasid decodeassists pausefilter pfthreshold bmi1
bogomips	: 8669.74
TLB size	: 1536 4K pages
clflush size	: 64
cache_alignment	: 64
address sizes	: 48 bits physical, 48 bits virtual
power management: ts ttp tm 100mhzsteps hwpstate cpb eff_freq_ro

processor	: 7
vendor_id	: AuthenticAMD
cpu family	: 21
model		: 2
model name	: AMD FX(tm)-8350 Eight-Core Processor           
stepping	: 0
microcode	: 0x600081f
cpu MHz		: 1400.000
cache size	: 2048 KB
physical id	: 0
siblings	: 8
core id		: 7
cpu cores	: 4
apicid		: 23
initial apicid	: 7
fpu		: yes
fpu_exception	: yes
cpuid level	: 13
wp		: yes
flags		: fpu vme de pse tsc msr pae mce cx8 apic sep mtrr pge mca cmov pat pse36 clflush mmx fxsr sse sse2 ht syscall nx mmxext fxsr_opt pdpe1gb rdtscp lm constant_tsc rep_good nopl nonstop_tsc extd_apicid aperfmperf pni pclmulqdq monitor ssse3 fma cx16 sse4_1 sse4_2 popcnt aes xsave avx f16c lahf_lm cmp_legacy svm extapic cr8_legacy abm sse4a misalignsse 3dnowprefetch osvw ibs xop skinit wdt lwp fma4 tce nodeid_msr tbm topoext perfctr_core arat cpb hw_pstate npt lbrv svm_lock nrip_save tsc_scale vmcb_clean flushbyasid decodeassists pausefilter pfthreshold bmi1
bogomips	: 8669.74
TLB size	: 1536 4K pages
clflush size	: 64
cache_alignment	: 64
address sizes	: 48 bits physical, 48 bits virtual
power management: ts ttp tm 100mhzsteps hwpstate cpb eff_freq_ro



Memory: 4k page, physical 16333552k(7689264k free), swap 8396796k(8396796k free)

vm_info: Java HotSpot(TM) 64-Bit Server VM (24.65-b04) for linux-amd64 JRE (1.7.0_65-b17), built on Jun 16 2014 20:55:34 by "java_re" with gcc 4.3.0 20080428 (Red Hat 4.3.0-8)

time: Sun Aug 31 20:28:00 2014
elapsed time: 0 seconds

