#
# A fatal error has been detected by the Java Runtime Environment:
#
#  SIGSEGV (0xb) at pc=0x00007fda3fafd730, pid=30824, tid=140575369312000
#
# JRE version: Java(TM) SE Runtime Environment (7.0_65-b17) (build 1.7.0_65-b17)
# Java VM: Java HotSpot(TM) 64-Bit Server VM (24.65-b04 mixed mode linux-amd64 compressed oops)
# Problematic frame:
# V  [libjvm.so+0x655730]  jni_GetStringUTFChars+0xa0
#
# Failed to write core dump. Core dumps have been disabled. To enable core dumping, try "ulimit -c unlimited" before starting Java again
#
# If you would like to submit a bug report, please visit:
#   http://bugreport.sun.com/bugreport/crash.jsp
#

---------------  T H R E A D  ---------------

Current thread (0x00007fda3800a000):  JavaThread "main" [_thread_in_vm, id=30828, stack(0x00007fda40e3b000,0x00007fda40f3c000)]

siginfo:si_signo=SIGSEGV: si_errno=0, si_code=1 (SEGV_MAPERR), si_addr=0x0000000000000000

Registers:
RAX=0x0000000000000000, RBX=0x0000000000000000, RCX=0x00007fda38005c30, RDX=0x00007fda402f2360
RSP=0x00007fda40f3a6d0, RBP=0x00007fda40f3a730, RSI=0x0000000000000000, RDI=0x00007fda3800a1e8
R8 =0x00007fda402edd80, R9 =0x00007fda40467b10, R10=0x00007fda3501272c, R11=0x00007fda3fd5a870
R12=0x0000000000000000, R13=0x00007fda3800a000, R14=0x00007fda40f3a7f0, R15=0x0000000000000000
RIP=0x00007fda3fafd730, EFLAGS=0x0000000000010246, CSGSFS=0x0000000000000033, ERR=0x0000000000000004
  TRAPNO=0x000000000000000e

Top of Stack: (sp=0x00007fda40f3a6d0)
0x00007fda40f3a6d0:   00007fda3800a000 0000000000000000
0x00007fda40f3a6e0:   00000000000003d8 00007fda00000000
0x00007fda40f3a6f0:   00007fda3800a000 00007fda3800a918
0x00007fda40f3a700:   00007fda3800a000 00007fda3800a1e8
0x00007fda40f3a710:   0000000000000000 0000000701c9a438
0x00007fda40f3a720:   00007fda40f3a7f0 00007fda3800a000
0x00007fda40f3a730:   00007fda40f3a7d0 00007fda096307b7
0x00007fda40f3a740:   0000000701c9a438 0000000000000000
0x00007fda40f3a750:   0000000701c9a438 00007fda40f3a7f0
0x00007fda40f3a760:   0000000701c9a438 00007fda40f3a7d0
0x00007fda40f3a770:   0000000000000000 00007fda35012758
0x00007fda40f3a780:   00007fda3800a000 00007fda3fd510ef
0x00007fda40f3a790:   00007fda40f3a790 0000000701c9a438
0x00007fda40f3a7a0:   00007fda40f3a7f0 0000000701c9b1e0
0x00007fda40f3a7b0:   0000000000000000 0000000701c9a438
0x00007fda40f3a7c0:   0000000000000000 00007fda40f3a7f0
0x00007fda40f3a7d0:   00007fda40f3a840 00007fda35006175
0x00007fda40f3a7e0:   00000007acee3538 00007fda3500ecd7
0x00007fda40f3a7f0:   0000000000000000 00000007ad2948d8
0x00007fda40f3a800:   00007fda40f3a800 0000000701c99536
0x00007fda40f3a810:   00007fda40f3a858 0000000701c9b1e0
0x00007fda40f3a820:   0000000000000000 0000000701c99560
0x00007fda40f3a830:   00007fda40f3a7f0 00007fda40f3a850
0x00007fda40f3a840:   00007fda40f3a8b0 00007fda35006058
0x00007fda40f3a850:   0000000000000000 00000007ad2948d8
0x00007fda40f3a860:   00000007ad2948d8 00000007aced3fc8
0x00007fda40f3a870:   00007fda40f3a870 0000000701c5b312
0x00007fda40f3a880:   00007fda40f3a8d0 0000000701c5bf18
0x00007fda40f3a890:   0000000000000000 0000000701c5b358
0x00007fda40f3a8a0:   00007fda40f3a850 00007fda40f3a8c8
0x00007fda40f3a8b0:   00007fda40f3a920 00007fda350068e1
0x00007fda40f3a8c0:   0000000000000000 00000007ad2945e8 

Instructions: (pc=0x00007fda3fafd730)
0x00007fda3fafd710:   4c 89 6d c0 4c 89 6d a0 48 c7 45 a8 00 00 00 00
0x00007fda3fafd720:   49 83 7d 08 00 74 09 48 8d 7d a0 e8 e0 78 21 00
0x00007fda3fafd730:   4c 8b 23 4c 89 e7 e8 65 db fa ff 48 63 f8 31 c9
0x00007fda3fafd740:   31 d2 48 83 c7 01 89 c3 be 00 07 00 00 e8 8e 6a 

Register to memory mapping:

RAX=0x0000000000000000 is an unknown value
RBX=0x0000000000000000 is an unknown value
RCX=0x00007fda38005c30 is an unknown value
RDX=0x00007fda402f2360: <offset 0xe4a360> in /usr/lib/jvm/java-7-oracle/jre/lib/amd64/server/libjvm.so at 0x00007fda3f4a8000
RSP=0x00007fda40f3a6d0 is pointing into the stack for thread: 0x00007fda3800a000
RBP=0x00007fda40f3a730 is pointing into the stack for thread: 0x00007fda3800a000
RSI=0x0000000000000000 is an unknown value
RDI=0x00007fda3800a1e8 is an unknown value
R8 =0x00007fda402edd80: <offset 0xe45d80> in /usr/lib/jvm/java-7-oracle/jre/lib/amd64/server/libjvm.so at 0x00007fda3f4a8000
R9 =0x00007fda40467b10: <offset 0x147b10> in /lib/x86_64-linux-gnu/libc.so.6 at 0x00007fda40320000
R10=0x00007fda3501272c is at code_begin+620 in an Interpreter codelet
method entry point (kind = native)  [0x00007fda350124c0, 0x00007fda35012d20]  2144 bytes
R11=0x00007fda3fd5a870: <offset 0x8b2870> in /usr/lib/jvm/java-7-oracle/jre/lib/amd64/server/libjvm.so at 0x00007fda3f4a8000
R12=0x0000000000000000 is an unknown value
R13=0x00007fda3800a000 is a thread
R14=0x00007fda40f3a7f0 is pointing into the stack for thread: 0x00007fda3800a000
R15=0x0000000000000000 is an unknown value


Stack: [0x00007fda40e3b000,0x00007fda40f3c000],  sp=0x00007fda40f3a6d0,  free space=1021k
Native frames: (J=compiled Java code, j=interpreted, Vv=VM code, C=native code)
V  [libjvm.so+0x655730]  jni_GetStringUTFChars+0xa0
C  [libopencv_java249.so+0x2307b7]  Java_org_opencv_highgui_VideoCapture_VideoCapture_11+0x27
j  org.opencv.highgui.VideoCapture.<init>(Ljava/lang/String;)V+6
j  balldetection.processors.VideoProvidorProcessor.process(Lorg/opencv/core/Mat;)Lorg/opencv/core/Mat;+26
j  balldetection.ImageProcessor.process()V+44
j  balldetection.Main.main([Ljava/lang/String;)V+57
v  ~StubRoutines::call_stub
V  [libjvm.so+0x5ffb65]  JavaCalls::call_helper(JavaValue*, methodHandle*, JavaCallArguments*, Thread*)+0x365
V  [libjvm.so+0x5fe5c8]  JavaCalls::call(JavaValue*, methodHandle, JavaCallArguments*, Thread*)+0x28
V  [libjvm.so+0x638309]  jni_invoke_static(JNIEnv_*, JavaValue*, _jobject*, JNICallType, _jmethodID*, JNI_ArgumentPusher*, Thread*)+0x219
V  [libjvm.so+0x640f22]  jni_CallStaticVoidMethod+0x162
C  [libjli.so+0x36d9]  JavaMain+0x7e9

Java frames: (J=compiled Java code, j=interpreted, Vv=VM code)
j  org.opencv.highgui.VideoCapture.VideoCapture_1(Ljava/lang/String;)J+0
j  org.opencv.highgui.VideoCapture.<init>(Ljava/lang/String;)V+6
j  balldetection.processors.VideoProvidorProcessor.process(Lorg/opencv/core/Mat;)Lorg/opencv/core/Mat;+26
j  balldetection.ImageProcessor.process()V+44
j  balldetection.Main.main([Ljava/lang/String;)V+57
v  ~StubRoutines::call_stub

---------------  P R O C E S S  ---------------

Java Threads: ( => current thread )
  0x00007fd9d8004000 JavaThread "AWT-EventQueue-0" [_thread_in_native, id=30848, stack(0x00007fd9e9f95000,0x00007fd9ea096000)]
  0x00007fda381f1000 JavaThread "AWT-Shutdown" [_thread_blocked, id=30847, stack(0x00007fd9ea096000,0x00007fd9ea197000)]
  0x00007fda381bd000 JavaThread "AWT-XAWT" daemon [_thread_in_native, id=30846, stack(0x00007fd9ea197000,0x00007fd9ea298000)]
  0x00007fda3819c000 JavaThread "Java2D Disposer" daemon [_thread_blocked, id=30845, stack(0x00007fda080d7000,0x00007fda081d8000)]
  0x00007fda380a7000 JavaThread "Service Thread" daemon [_thread_blocked, id=30843, stack(0x00007fda0a6d4000,0x00007fda0a7d5000)]
  0x00007fda380a4800 JavaThread "C2 CompilerThread1" daemon [_thread_blocked, id=30842, stack(0x00007fda0a7d5000,0x00007fda0a8d6000)]
  0x00007fda380a1800 JavaThread "C2 CompilerThread0" daemon [_thread_blocked, id=30841, stack(0x00007fda0a8d6000,0x00007fda0a9d7000)]
  0x00007fda380a0000 JavaThread "Signal Dispatcher" daemon [_thread_blocked, id=30840, stack(0x00007fda0a9d7000,0x00007fda0aad8000)]
  0x00007fda38078800 JavaThread "Finalizer" daemon [_thread_blocked, id=30839, stack(0x00007fda0b1c1000,0x00007fda0b2c2000)]
  0x00007fda38076800 JavaThread "Reference Handler" daemon [_thread_blocked, id=30838, stack(0x00007fda0b2c2000,0x00007fda0b3c3000)]
=>0x00007fda3800a000 JavaThread "main" [_thread_in_vm, id=30828, stack(0x00007fda40e3b000,0x00007fda40f3c000)]

Other Threads:
  0x00007fda38072000 VMThread [stack: 0x00007fda0b3c3000,0x00007fda0b4c4000] [id=30837]
  0x00007fda380b1800 WatcherThread [stack: 0x00007fda0a5d3000,0x00007fda0a6d4000] [id=30844]

VM state:not at safepoint (normal execution)

VM Mutex/Monitor currently owned by a thread: None

Heap
 PSYoungGen      total 75264K, used 6504K [0x00000007ace80000, 0x00000007b2200000, 0x0000000800000000)
  eden space 65024K, 10% used [0x00000007ace80000,0x00000007ad4da0c8,0x00000007b0e00000)
  from space 10240K, 0% used [0x00000007b1800000,0x00000007b1800000,0x00000007b2200000)
  to   space 10240K, 0% used [0x00000007b0e00000,0x00000007b0e00000,0x00000007b1800000)
 ParOldGen       total 169984K, used 0K [0x0000000706c00000, 0x0000000711200000, 0x00000007ace80000)
  object space 169984K, 0% used [0x0000000706c00000,0x0000000706c00000,0x0000000711200000)
 PSPermGen       total 21504K, used 7554K [0x0000000701a00000, 0x0000000702f00000, 0x0000000706c00000)
  object space 21504K, 35% used [0x0000000701a00000,0x00000007021608d8,0x0000000702f00000)

Card table byte_map: [0x00007fda3d8fc000,0x00007fda3e0f0000] byte_map_base: 0x00007fda3a0ef000

Polling page: 0x00007fda40e3a000

Code Cache  [0x00007fda35000000, 0x00007fda35270000, 0x00007fda38000000)
 total_blobs=385 nmethods=4 adapters=336 free_code_cache=48659Kb largest_free_block=49826432

Compilation events (8 events):
Event: 0.099 Thread 0x00007fda380a1800    1             java.lang.String::hashCode (55 bytes)
Event: 0.109 Thread 0x00007fda380a1800 nmethod 1 0x00007fda35069e90 code [0x00007fda35069fe0, 0x00007fda3506a158]
Event: 0.292 Thread 0x00007fda380a4800    2             java.lang.Object::<init> (1 bytes)
Event: 0.293 Thread 0x00007fda380a4800 nmethod 2 0x00007fda35079450 code [0x00007fda35079580, 0x00007fda35079618]
Event: 0.306 Thread 0x00007fda380a1800    3             java.lang.String::indexOf (70 bytes)
Event: 0.308 Thread 0x00007fda380a1800 nmethod 3 0x00007fda35077110 code [0x00007fda35077260, 0x00007fda35077408]
Event: 0.327 Thread 0x00007fda380a4800    4             sun.java2d.loops.GraphicsPrimitive::getUniqueID (5 bytes)
Event: 0.327 Thread 0x00007fda380a4800 nmethod 4 0x00007fda3507af10 code [0x00007fda3507b040, 0x00007fda3507b098]

GC Heap History (0 events):
No events

Deoptimization events (0 events):
No events

Internal exceptions (10 events):
Event: 0.073 Thread 0x00007fda3800a000 Threw 0x00000007aced2338 at /HUDSON/workspace/7u-2-build-linux-amd64/jdk7u65/1224/hotspot/src/share/vm/prims/jvm.cpp:1244
Event: 0.074 Thread 0x00007fda3800a000 Threw 0x00000007aced44c0 at /HUDSON/workspace/7u-2-build-linux-amd64/jdk7u65/1224/hotspot/src/share/vm/prims/jvm.cpp:1244
Event: 0.080 Thread 0x00007fda3800a000 Threw 0x00000007acee3c00 at /HUDSON/workspace/7u-2-build-linux-amd64/jdk7u65/1224/hotspot/src/share/vm/prims/jvm.cpp:1244
Event: 0.081 Thread 0x00007fda3800a000 Threw 0x00000007acee5f58 at /HUDSON/workspace/7u-2-build-linux-amd64/jdk7u65/1224/hotspot/src/share/vm/prims/jvm.cpp:1244
Event: 0.084 Thread 0x00007fda3800a000 Threw 0x00000007acee90b0 at /HUDSON/workspace/7u-2-build-linux-amd64/jdk7u65/1224/hotspot/src/share/vm/prims/jvm.cpp:1244
Event: 0.092 Thread 0x00007fda3800a000 Threw 0x00000007acef4ea0 at /HUDSON/workspace/7u-2-build-linux-amd64/jdk7u65/1224/hotspot/src/share/vm/prims/jni.cpp:717
Event: 0.092 Thread 0x00007fda3800a000 Threw 0x00000007acef57a8 at /HUDSON/workspace/7u-2-build-linux-amd64/jdk7u65/1224/hotspot/src/share/vm/prims/jni.cpp:717
Event: 0.094 Thread 0x00007fda3800a000 Threw 0x00000007acefa0e0 at /HUDSON/workspace/7u-2-build-linux-amd64/jdk7u65/1224/hotspot/src/share/vm/prims/jvm.cpp:1244
Event: 0.095 Thread 0x00007fda3800a000 Threw 0x00000007acf0b598 at /HUDSON/workspace/7u-2-build-linux-amd64/jdk7u65/1224/hotspot/src/share/vm/prims/jvm.cpp:1244
Event: 0.374 Thread 0x00007fda3800a000 Threw 0x00000007ad2923c0 at /HUDSON/workspace/7u-2-build-linux-amd64/jdk7u65/1224/hotspot/src/share/vm/prims/jvm.cpp:1244

Events (10 events):
Event: 0.374 loading class 0x00007fda380ed7f0
Event: 0.374 loading class 0x00007fda380ed7f0 done
Event: 0.374 loading class 0x00007fda38148a40 done
Event: 0.375 loading class 0x00007fda381213e0
Event: 0.375 loading class 0x00007fda381213e0 done
Event: 0.375 loading class 0x00007fda3811ade0
Event: 0.375 loading class 0x00007fda3811ade0 done
Event: 0.375 loading class 0x00007fda381212b0
Event: 0.375 loading class 0x00007fda381212b0 done
Event: 0.375 loading class 0x00007fda380cb460


Dynamic libraries:
00400000-00401000 r-xp 00000000 08:02 8391584                            /usr/lib/jvm/java-7-oracle/bin/java
00600000-00601000 rw-p 00000000 08:02 8391584                            /usr/lib/jvm/java-7-oracle/bin/java
00a97000-00ab8000 rw-p 00000000 00:00 0                                  [heap]
701a00000-702f00000 rw-p 00000000 00:00 0 
702f00000-706c00000 rw-p 00000000 00:00 0 
706c00000-711200000 rw-p 00000000 00:00 0 
711200000-7ace80000 rw-p 00000000 00:00 0 
7ace80000-7b2200000 rw-p 00000000 00:00 0 
7b2200000-800000000 rw-p 00000000 00:00 0 
7fd9d0000000-7fd9d0021000 rw-p 00000000 00:00 0 
7fd9d0021000-7fd9d4000000 ---p 00000000 00:00 0 
7fd9d8000000-7fd9d8021000 rw-p 00000000 00:00 0 
7fd9d8021000-7fd9dc000000 ---p 00000000 00:00 0 
7fd9dc000000-7fd9dc021000 rw-p 00000000 00:00 0 
7fd9dc021000-7fd9e0000000 ---p 00000000 00:00 0 
7fd9e0000000-7fd9e0021000 rw-p 00000000 00:00 0 
7fd9e0021000-7fd9e4000000 ---p 00000000 00:00 0 
7fd9e4000000-7fd9e4021000 rw-p 00000000 00:00 0 
7fd9e4021000-7fd9e8000000 ---p 00000000 00:00 0 
7fd9e9d10000-7fd9e9e29000 rw-s 00000000 00:04 5439498                    /SYSV00000000 (deleted)
7fd9e9e29000-7fd9e9f95000 rw-p 00000000 00:00 0 
7fd9e9f95000-7fd9e9f98000 ---p 00000000 00:00 0 
7fd9e9f98000-7fd9ea096000 rw-p 00000000 00:00 0                          [stack:30848]
7fd9ea096000-7fd9ea099000 ---p 00000000 00:00 0 
7fd9ea099000-7fd9ea197000 rw-p 00000000 00:00 0                          [stack:30847]
7fd9ea197000-7fd9ea19a000 ---p 00000000 00:00 0 
7fd9ea19a000-7fd9ea298000 rw-p 00000000 00:00 0                          [stack:30846]
7fd9ea298000-7fd9ea29d000 r-xp 00000000 08:02 4982906                    /usr/lib/x86_64-linux-gnu/libXfixes.so.3.1.0
7fd9ea29d000-7fd9ea49c000 ---p 00005000 08:02 4982906                    /usr/lib/x86_64-linux-gnu/libXfixes.so.3.1.0
7fd9ea49c000-7fd9ea49d000 r--p 00004000 08:02 4982906                    /usr/lib/x86_64-linux-gnu/libXfixes.so.3.1.0
7fd9ea49d000-7fd9ea49e000 rw-p 00005000 08:02 4982906                    /usr/lib/x86_64-linux-gnu/libXfixes.so.3.1.0
7fd9ea4a0000-7fd9ea4a9000 r-xp 00000000 08:02 4988146                    /usr/lib/x86_64-linux-gnu/libXcursor.so.1.0.2
7fd9ea4a9000-7fd9ea6a8000 ---p 00009000 08:02 4988146                    /usr/lib/x86_64-linux-gnu/libXcursor.so.1.0.2
7fd9ea6a8000-7fd9ea6a9000 r--p 00008000 08:02 4988146                    /usr/lib/x86_64-linux-gnu/libXcursor.so.1.0.2
7fd9ea6a9000-7fd9ea6aa000 rw-p 00009000 08:02 4988146                    /usr/lib/x86_64-linux-gnu/libXcursor.so.1.0.2
7fd9ea6b0000-7fd9ea6b5000 r-xp 00000000 08:02 4988150                    /usr/lib/x86_64-linux-gnu/libXdmcp.so.6.0.0
7fd9ea6b5000-7fd9ea8b4000 ---p 00005000 08:02 4988150                    /usr/lib/x86_64-linux-gnu/libXdmcp.so.6.0.0
7fd9ea8b4000-7fd9ea8b5000 r--p 00004000 08:02 4988150                    /usr/lib/x86_64-linux-gnu/libXdmcp.so.6.0.0
7fd9ea8b5000-7fd9ea8b6000 rw-p 00005000 08:02 4988150                    /usr/lib/x86_64-linux-gnu/libXdmcp.so.6.0.0
7fd9ea8b8000-7fd9ea8ba000 r-xp 00000000 08:02 4988139                    /usr/lib/x86_64-linux-gnu/libXau.so.6.0.0
7fd9ea8ba000-7fd9eaab9000 ---p 00002000 08:02 4988139                    /usr/lib/x86_64-linux-gnu/libXau.so.6.0.0
7fd9eaab9000-7fd9eaaba000 r--p 00001000 08:02 4988139                    /usr/lib/x86_64-linux-gnu/libXau.so.6.0.0
7fd9eaaba000-7fd9eaabb000 rw-p 00002000 08:02 4988139                    /usr/lib/x86_64-linux-gnu/libXau.so.6.0.0
7fd9eaac0000-7fd9eaadd000 r-xp 00000000 08:02 4988746                    /usr/lib/x86_64-linux-gnu/libxcb.so.1.1.0
7fd9eaadd000-7fd9eacdc000 ---p 0001d000 08:02 4988746                    /usr/lib/x86_64-linux-gnu/libxcb.so.1.1.0
7fd9eacdc000-7fd9eacdd000 r--p 0001c000 08:02 4988746                    /usr/lib/x86_64-linux-gnu/libxcb.so.1.1.0
7fd9eacdd000-7fd9eacde000 rw-p 0001d000 08:02 4988746                    /usr/lib/x86_64-linux-gnu/libxcb.so.1.1.0
7fd9eace0000-7fd9eacef000 r-xp 00000000 08:02 4982908                    /usr/lib/x86_64-linux-gnu/libXi.so.6.1.0
7fd9eacef000-7fd9eaeee000 ---p 0000f000 08:02 4982908                    /usr/lib/x86_64-linux-gnu/libXi.so.6.1.0
7fd9eaeee000-7fd9eaeef000 r--p 0000e000 08:02 4982908                    /usr/lib/x86_64-linux-gnu/libXi.so.6.1.0
7fd9eaeef000-7fd9eaef0000 rw-p 0000f000 08:02 4982908                    /usr/lib/x86_64-linux-gnu/libXi.so.6.1.0
7fd9eaef0000-7fd9eaef5000 r-xp 00000000 08:02 4988178                    /usr/lib/x86_64-linux-gnu/libXtst.so.6.1.0
7fd9eaef5000-7fd9eb0f4000 ---p 00005000 08:02 4988178                    /usr/lib/x86_64-linux-gnu/libXtst.so.6.1.0
7fd9eb0f4000-7fd9eb0f5000 r--p 00004000 08:02 4988178                    /usr/lib/x86_64-linux-gnu/libXtst.so.6.1.0
7fd9eb0f5000-7fd9eb0f6000 rw-p 00005000 08:02 4988178                    /usr/lib/x86_64-linux-gnu/libXtst.so.6.1.0
7fd9eb0f8000-7fd9eb101000 r-xp 00000000 08:02 4988174                    /usr/lib/x86_64-linux-gnu/libXrender.so.1.3.0
7fd9eb101000-7fd9eb300000 ---p 00009000 08:02 4988174                    /usr/lib/x86_64-linux-gnu/libXrender.so.1.3.0
7fd9eb300000-7fd9eb301000 r--p 00008000 08:02 4988174                    /usr/lib/x86_64-linux-gnu/libXrender.so.1.3.0
7fd9eb301000-7fd9eb302000 rw-p 00009000 08:02 4988174                    /usr/lib/x86_64-linux-gnu/libXrender.so.1.3.0
7fd9eb308000-7fd9eb438000 r-xp 00000000 08:02 4982903                    /usr/lib/x86_64-linux-gnu/libX11.so.6.3.0
7fd9eb438000-7fd9eb638000 ---p 00130000 08:02 4982903                    /usr/lib/x86_64-linux-gnu/libX11.so.6.3.0
7fd9eb638000-7fd9eb639000 r--p 00130000 08:02 4982903                    /usr/lib/x86_64-linux-gnu/libX11.so.6.3.0
7fd9eb639000-7fd9eb63d000 rw-p 00131000 08:02 4982903                    /usr/lib/x86_64-linux-gnu/libX11.so.6.3.0
7fd9eb640000-7fd9eb650000 r-xp 00000000 08:02 4988152                    /usr/lib/x86_64-linux-gnu/libXext.so.6.4.0
7fd9eb650000-7fd9eb84f000 ---p 00010000 08:02 4988152                    /usr/lib/x86_64-linux-gnu/libXext.so.6.4.0
7fd9eb84f000-7fd9eb850000 r--p 0000f000 08:02 4988152                    /usr/lib/x86_64-linux-gnu/libXext.so.6.4.0
7fd9eb850000-7fd9eb851000 rw-p 00010000 08:02 4988152                    /usr/lib/x86_64-linux-gnu/libXext.so.6.4.0
7fd9eb858000-7fd9eb8a8000 r-xp 00000000 08:02 8391396                    /usr/lib/jvm/java-7-oracle/jre/lib/amd64/xawt/libmawt.so
7fd9eb8a8000-7fd9ebaa8000 ---p 00050000 08:02 8391396                    /usr/lib/jvm/java-7-oracle/jre/lib/amd64/xawt/libmawt.so
7fd9ebaa8000-7fd9ebaac000 rw-p 00050000 08:02 8391396                    /usr/lib/jvm/java-7-oracle/jre/lib/amd64/xawt/libmawt.so
7fd9ebaac000-7fd9ebaad000 rw-p 00000000 00:00 0 
7fd9ebab0000-7fd9ebb52000 r-xp 00000000 08:02 8391399                    /usr/lib/jvm/java-7-oracle/jre/lib/amd64/libawt.so
7fd9ebb52000-7fd9ebd52000 ---p 000a2000 08:02 8391399                    /usr/lib/jvm/java-7-oracle/jre/lib/amd64/libawt.so
7fd9ebd52000-7fd9ebd5e000 rw-p 000a2000 08:02 8391399                    /usr/lib/jvm/java-7-oracle/jre/lib/amd64/libawt.so
7fd9ebd5e000-7fd9ebd82000 rw-p 00000000 00:00 0 
7fd9ebd88000-7fd9ebda9000 r-xp 00000000 08:02 4988711                    /usr/lib/x86_64-linux-gnu/libv4lconvert.so.0
7fd9ebda9000-7fd9ebfa8000 ---p 00021000 08:02 4988711                    /usr/lib/x86_64-linux-gnu/libv4lconvert.so.0
7fd9ebfa8000-7fd9ebfaa000 r--p 00020000 08:02 4988711                    /usr/lib/x86_64-linux-gnu/libv4lconvert.so.0
7fd9ebfaa000-7fd9ebfab000 rw-p 00022000 08:02 4988711                    /usr/lib/x86_64-linux-gnu/libv4lconvert.so.0
7fd9ebfab000-7fd9ebffd000 rw-p 00000000 00:00 0 
7fd9ec000000-7fd9ec021000 rw-p 00000000 00:00 0 
7fd9ec021000-7fd9f0000000 ---p 00000000 00:00 0 
7fd9f0000000-7fd9f0021000 rw-p 00000000 00:00 0 
7fd9f0021000-7fd9f4000000 ---p 00000000 00:00 0 
7fd9f4000000-7fd9f4021000 rw-p 00000000 00:00 0 
7fd9f4021000-7fd9f8000000 ---p 00000000 00:00 0 
7fd9f8000000-7fd9f808e000 rw-p 00000000 00:00 0 
7fd9f808e000-7fd9fc000000 ---p 00000000 00:00 0 
7fd9fc000000-7fd9fc021000 rw-p 00000000 00:00 0 
7fd9fc021000-7fda00000000 ---p 00000000 00:00 0 
7fda00000000-7fda00021000 rw-p 00000000 00:00 0 
7fda00021000-7fda04000000 ---p 00000000 00:00 0 
7fda04000000-7fda04021000 rw-p 00000000 00:00 0 
7fda04021000-7fda08000000 ---p 00000000 00:00 0 
7fda080d7000-7fda080da000 ---p 00000000 00:00 0 
7fda080da000-7fda081d8000 rw-p 00000000 00:00 0                          [stack:30845]
7fda081d8000-7fda081e0000 r-xp 00000000 08:02 4988710                    /usr/lib/x86_64-linux-gnu/libv4l2.so.0
7fda081e0000-7fda083df000 ---p 00008000 08:02 4988710                    /usr/lib/x86_64-linux-gnu/libv4l2.so.0
7fda083df000-7fda083e0000 r--p 00007000 08:02 4988710                    /usr/lib/x86_64-linux-gnu/libv4l2.so.0
7fda083e0000-7fda083e4000 rw-p 00008000 08:02 4988710                    /usr/lib/x86_64-linux-gnu/libv4l2.so.0
7fda083e8000-7fda083fd000 r-xp 00000000 08:02 6819542                    /lib/x86_64-linux-gnu/libgcc_s.so.1
7fda083fd000-7fda085fc000 ---p 00015000 08:02 6819542                    /lib/x86_64-linux-gnu/libgcc_s.so.1
7fda085fc000-7fda085fd000 r--p 00014000 08:02 6819542                    /lib/x86_64-linux-gnu/libgcc_s.so.1
7fda085fd000-7fda085fe000 rw-p 00015000 08:02 6819542                    /lib/x86_64-linux-gnu/libgcc_s.so.1
7fda08600000-7fda08616000 r-xp 00000000 08:02 6819632                    /lib/x86_64-linux-gnu/libz.so.1.2.3.4
7fda08616000-7fda08815000 ---p 00016000 08:02 6819632                    /lib/x86_64-linux-gnu/libz.so.1.2.3.4
7fda08815000-7fda08816000 r--p 00015000 08:02 6819632                    /lib/x86_64-linux-gnu/libz.so.1.2.3.4
7fda08816000-7fda08817000 rw-p 00016000 08:02 6819632                    /lib/x86_64-linux-gnu/libz.so.1.2.3.4
7fda08818000-7fda0881d000 r-xp 00000000 08:02 4988709                    /usr/lib/x86_64-linux-gnu/libv4l1.so.0
7fda0881d000-7fda08a1c000 ---p 00005000 08:02 4988709                    /usr/lib/x86_64-linux-gnu/libv4l1.so.0
7fda08a1c000-7fda08a1d000 r--p 00004000 08:02 4988709                    /usr/lib/x86_64-linux-gnu/libv4l1.so.0
7fda08a1d000-7fda08a1e000 rw-p 00005000 08:02 4988709                    /usr/lib/x86_64-linux-gnu/libv4l1.so.0
7fda08a20000-7fda08a81000 r-xp 00000000 08:02 4991012                    /usr/lib/x86_64-linux-gnu/libtiff.so.4.3.4
7fda08a81000-7fda08c81000 ---p 00061000 08:02 4991012                    /usr/lib/x86_64-linux-gnu/libtiff.so.4.3.4
7fda08c81000-7fda08c83000 r--p 00061000 08:02 4991012                    /usr/lib/x86_64-linux-gnu/libtiff.so.4.3.4
7fda08c83000-7fda08c84000 rw-p 00063000 08:02 4991012                    /usr/lib/x86_64-linux-gnu/libtiff.so.4.3.4
7fda08c88000-7fda08cae000 r-xp 00000000 08:02 6819598                    /lib/x86_64-linux-gnu/libpng12.so.0.46.0
7fda08cae000-7fda08eae000 ---p 00026000 08:02 6819598                    /lib/x86_64-linux-gnu/libpng12.so.0.46.0
7fda08eae000-7fda08eaf000 r--p 00026000 08:02 6819598                    /lib/x86_64-linux-gnu/libpng12.so.0.46.0
7fda08eaf000-7fda08eb0000 rw-p 00027000 08:02 6819598                    /lib/x86_64-linux-gnu/libpng12.so.0.46.0
7fda08eb0000-7fda08eef000 r-xp 00000000 08:02 4987524                    /usr/lib/x86_64-linux-gnu/libjpeg.so.8.0.2
7fda08eef000-7fda090ee000 ---p 0003f000 08:02 4987524                    /usr/lib/x86_64-linux-gnu/libjpeg.so.8.0.2
7fda090ee000-7fda090ef000 r--p 0003e000 08:02 4987524                    /usr/lib/x86_64-linux-gnu/libjpeg.so.8.0.2
7fda090ef000-7fda090f0000 rw-p 0003f000 08:02 4987524                    /usr/lib/x86_64-linux-gnu/libjpeg.so.8.0.2
7fda090f0000-7fda09100000 rw-p 00000000 00:00 0 
7fda09100000-7fda091e2000 r-xp 00000000 08:02 4988682                    /usr/lib/x86_64-linux-gnu/libstdc++.so.6.0.16
7fda091e2000-7fda093e1000 ---p 000e2000 08:02 4988682                    /usr/lib/x86_64-linux-gnu/libstdc++.so.6.0.16
7fda093e1000-7fda093e9000 r--p 000e1000 08:02 4988682                    /usr/lib/x86_64-linux-gnu/libstdc++.so.6.0.16
7fda093e9000-7fda093eb000 rw-p 000e9000 08:02 4988682                    /usr/lib/x86_64-linux-gnu/libstdc++.so.6.0.16
7fda093eb000-7fda09400000 rw-p 00000000 00:00 0 
7fda09400000-7fda0a2f4000 r-xp 00000000 08:02 10095302                   /usr/local/share/OpenCV/java/libopencv_java249.so
7fda0a2f4000-7fda0a4f4000 ---p 00ef4000 08:02 10095302                   /usr/local/share/OpenCV/java/libopencv_java249.so
7fda0a4f4000-7fda0a518000 r--p 00ef4000 08:02 10095302                   /usr/local/share/OpenCV/java/libopencv_java249.so
7fda0a518000-7fda0a530000 rw-p 00f18000 08:02 10095302                   /usr/local/share/OpenCV/java/libopencv_java249.so
7fda0a530000-7fda0a5d3000 rw-p 00000000 00:00 0 
7fda0a5d3000-7fda0a5d4000 ---p 00000000 00:00 0 
7fda0a5d4000-7fda0a6d4000 rw-p 00000000 00:00 0                          [stack:30844]
7fda0a6d4000-7fda0a6d7000 ---p 00000000 00:00 0 
7fda0a6d7000-7fda0a7d5000 rw-p 00000000 00:00 0                          [stack:30843]
7fda0a7d5000-7fda0a7d8000 ---p 00000000 00:00 0 
7fda0a7d8000-7fda0a8d6000 rw-p 00000000 00:00 0                          [stack:30842]
7fda0a8d6000-7fda0a8d9000 ---p 00000000 00:00 0 
7fda0a8d9000-7fda0a9d7000 rw-p 00000000 00:00 0                          [stack:30841]
7fda0a9d7000-7fda0a9da000 ---p 00000000 00:00 0 
7fda0a9da000-7fda0aad8000 rw-p 00000000 00:00 0                          [stack:30840]
7fda0aad8000-7fda0b1bb000 r--p 00000000 08:02 4987440                    /usr/lib/locale/locale-archive
7fda0b1c1000-7fda0b1c4000 ---p 00000000 00:00 0 
7fda0b1c4000-7fda0b2c2000 rw-p 00000000 00:00 0                          [stack:30839]
7fda0b2c2000-7fda0b2c5000 ---p 00000000 00:00 0 
7fda0b2c5000-7fda0b3c3000 rw-p 00000000 00:00 0                          [stack:30838]
7fda0b3c3000-7fda0b3c4000 ---p 00000000 00:00 0 
7fda0b3c4000-7fda14000000 rw-p 00000000 00:00 0                          [stack:30837]
7fda14000000-7fda14021000 rw-p 00000000 00:00 0 
7fda14021000-7fda18000000 ---p 00000000 00:00 0 
7fda18000000-7fda18021000 rw-p 00000000 00:00 0 
7fda18021000-7fda1c000000 ---p 00000000 00:00 0 
7fda1c000000-7fda1c021000 rw-p 00000000 00:00 0 
7fda1c021000-7fda20000000 ---p 00000000 00:00 0 
7fda20000000-7fda20021000 rw-p 00000000 00:00 0 
7fda20021000-7fda24000000 ---p 00000000 00:00 0 
7fda24000000-7fda24021000 rw-p 00000000 00:00 0 
7fda24021000-7fda28000000 ---p 00000000 00:00 0 
7fda28000000-7fda28021000 rw-p 00000000 00:00 0 
7fda28021000-7fda2c000000 ---p 00000000 00:00 0 
7fda2c000000-7fda2c021000 rw-p 00000000 00:00 0 
7fda2c021000-7fda30000000 ---p 00000000 00:00 0 
7fda30000000-7fda30021000 rw-p 00000000 00:00 0 
7fda30021000-7fda34000000 ---p 00000000 00:00 0 
7fda3402b000-7fda35000000 rw-p 00000000 00:00 0 
7fda35000000-7fda35270000 rwxp 00000000 00:00 0 
7fda35270000-7fda382df000 rw-p 00000000 00:00 0 
7fda382df000-7fda3c000000 ---p 00000000 00:00 0 
7fda3c009000-7fda3c00d000 r--s 00069000 08:02 3278518                    /home/gregor/.m2/repository/opencv/opencv/1/opencv-1.jar
7fda3c014000-7fda3c016000 r--s 00024000 08:02 3278315                    /home/gregor/.m2/repository/org/scream3r/jssc/2.8.0/jssc-2.8.0.jar
7fda3c017000-7fda3c0c5000 rw-p 00000000 00:00 0 
7fda3c0c5000-7fda3c284000 r--s 039e5000 08:02 8390889                    /usr/lib/jvm/java-7-oracle/jre/lib/rt.jar
7fda3c286000-7fda3cbc2000 rw-p 00000000 00:00 0 
7fda3cbc2000-7fda3cbc3000 ---p 00000000 00:00 0 
7fda3cbc3000-7fda3ccc3000 rw-p 00000000 00:00 0                          [stack:30836]
7fda3ccc3000-7fda3ccc4000 ---p 00000000 00:00 0 
7fda3ccc4000-7fda3cdc4000 rw-p 00000000 00:00 0                          [stack:30835]
7fda3cdc4000-7fda3cdc5000 ---p 00000000 00:00 0 
7fda3cdc5000-7fda3cec5000 rw-p 00000000 00:00 0                          [stack:30834]
7fda3cec5000-7fda3cec6000 ---p 00000000 00:00 0 
7fda3cec6000-7fda3cfc6000 rw-p 00000000 00:00 0                          [stack:30833]
7fda3cfc6000-7fda3cfc7000 ---p 00000000 00:00 0 
7fda3cfc7000-7fda3d0c7000 rw-p 00000000 00:00 0                          [stack:30832]
7fda3d0c7000-7fda3d0c8000 ---p 00000000 00:00 0 
7fda3d0c8000-7fda3d1c8000 rw-p 00000000 00:00 0                          [stack:30831]
7fda3d1c8000-7fda3d1c9000 ---p 00000000 00:00 0 
7fda3d1c9000-7fda3d2c9000 rw-p 00000000 00:00 0                          [stack:30830]
7fda3d2c9000-7fda3d2ca000 ---p 00000000 00:00 0 
7fda3d2ca000-7fda3d41d000 rw-p 00000000 00:00 0                          [stack:30829]
7fda3d41d000-7fda3d8fc000 rw-p 00000000 00:00 0 
7fda3d8fc000-7fda3d907000 rw-p 00000000 00:00 0 
7fda3d907000-7fda3d925000 rw-p 00000000 00:00 0 
7fda3d925000-7fda3d978000 rw-p 00000000 00:00 0 
7fda3d978000-7fda3de56000 rw-p 00000000 00:00 0 
7fda3de56000-7fda3de80000 rw-p 00000000 00:00 0 
7fda3de80000-7fda3e0ef000 rw-p 00000000 00:00 0 
7fda3e0ef000-7fda3e0f0000 rw-p 00000000 00:00 0 
7fda3e0f0000-7fda3e10a000 r-xp 00000000 08:02 8391417                    /usr/lib/jvm/java-7-oracle/jre/lib/amd64/libzip.so
7fda3e10a000-7fda3e30a000 ---p 0001a000 08:02 8391417                    /usr/lib/jvm/java-7-oracle/jre/lib/amd64/libzip.so
7fda3e30a000-7fda3e30b000 rw-p 0001a000 08:02 8391417                    /usr/lib/jvm/java-7-oracle/jre/lib/amd64/libzip.so
7fda3e310000-7fda3e31c000 r-xp 00000000 08:02 6815859                    /lib/x86_64-linux-gnu/libnss_files-2.15.so
7fda3e31c000-7fda3e51b000 ---p 0000c000 08:02 6815859                    /lib/x86_64-linux-gnu/libnss_files-2.15.so
7fda3e51b000-7fda3e51c000 r--p 0000b000 08:02 6815859                    /lib/x86_64-linux-gnu/libnss_files-2.15.so
7fda3e51c000-7fda3e51d000 rw-p 0000c000 08:02 6815859                    /lib/x86_64-linux-gnu/libnss_files-2.15.so
7fda3e520000-7fda3e52a000 r-xp 00000000 08:02 6815863                    /lib/x86_64-linux-gnu/libnss_nis-2.15.so
7fda3e52a000-7fda3e72a000 ---p 0000a000 08:02 6815863                    /lib/x86_64-linux-gnu/libnss_nis-2.15.so
7fda3e72a000-7fda3e72b000 r--p 0000a000 08:02 6815863                    /lib/x86_64-linux-gnu/libnss_nis-2.15.so
7fda3e72b000-7fda3e72c000 rw-p 0000b000 08:02 6815863                    /lib/x86_64-linux-gnu/libnss_nis-2.15.so
7fda3e730000-7fda3e747000 r-xp 00000000 08:02 6820619                    /lib/x86_64-linux-gnu/libnsl-2.15.so
7fda3e747000-7fda3e946000 ---p 00017000 08:02 6820619                    /lib/x86_64-linux-gnu/libnsl-2.15.so
7fda3e946000-7fda3e947000 r--p 00016000 08:02 6820619                    /lib/x86_64-linux-gnu/libnsl-2.15.so
7fda3e947000-7fda3e948000 rw-p 00017000 08:02 6820619                    /lib/x86_64-linux-gnu/libnsl-2.15.so
7fda3e948000-7fda3e94a000 rw-p 00000000 00:00 0 
7fda3e950000-7fda3e958000 r-xp 00000000 08:02 6815857                    /lib/x86_64-linux-gnu/libnss_compat-2.15.so
7fda3e958000-7fda3eb57000 ---p 00008000 08:02 6815857                    /lib/x86_64-linux-gnu/libnss_compat-2.15.so
7fda3eb57000-7fda3eb58000 r--p 00007000 08:02 6815857                    /lib/x86_64-linux-gnu/libnss_compat-2.15.so
7fda3eb58000-7fda3eb59000 rw-p 00008000 08:02 6815857                    /lib/x86_64-linux-gnu/libnss_compat-2.15.so
7fda3eb60000-7fda3eb89000 r-xp 00000000 08:02 8391373                    /usr/lib/jvm/java-7-oracle/jre/lib/amd64/libjava.so
7fda3eb89000-7fda3ed89000 ---p 00029000 08:02 8391373                    /usr/lib/jvm/java-7-oracle/jre/lib/amd64/libjava.so
7fda3ed89000-7fda3ed8b000 rw-p 00029000 08:02 8391373                    /usr/lib/jvm/java-7-oracle/jre/lib/amd64/libjava.so
7fda3ed90000-7fda3ed9d000 r-xp 00000000 08:02 8391404                    /usr/lib/jvm/java-7-oracle/jre/lib/amd64/libverify.so
7fda3ed9d000-7fda3ef9c000 ---p 0000d000 08:02 8391404                    /usr/lib/jvm/java-7-oracle/jre/lib/amd64/libverify.so
7fda3ef9c000-7fda3ef9e000 rw-p 0000c000 08:02 8391404                    /usr/lib/jvm/java-7-oracle/jre/lib/amd64/libverify.so
7fda3efa0000-7fda3efa7000 r-xp 00000000 08:02 6815862                    /lib/x86_64-linux-gnu/librt-2.15.so
7fda3efa7000-7fda3f1a6000 ---p 00007000 08:02 6815862                    /lib/x86_64-linux-gnu/librt-2.15.so
7fda3f1a6000-7fda3f1a7000 r--p 00006000 08:02 6815862                    /lib/x86_64-linux-gnu/librt-2.15.so
7fda3f1a7000-7fda3f1a8000 rw-p 00007000 08:02 6815862                    /lib/x86_64-linux-gnu/librt-2.15.so
7fda3f1a8000-7fda3f2a3000 r-xp 00000000 08:02 6815866                    /lib/x86_64-linux-gnu/libm-2.15.so
7fda3f2a3000-7fda3f4a2000 ---p 000fb000 08:02 6815866                    /lib/x86_64-linux-gnu/libm-2.15.so
7fda3f4a2000-7fda3f4a3000 r--p 000fa000 08:02 6815866                    /lib/x86_64-linux-gnu/libm-2.15.so
7fda3f4a3000-7fda3f4a4000 rw-p 000fb000 08:02 6815866                    /lib/x86_64-linux-gnu/libm-2.15.so
7fda3f4a8000-7fda40018000 r-xp 00000000 08:02 8391414                    /usr/lib/jvm/java-7-oracle/jre/lib/amd64/server/libjvm.so
7fda40018000-7fda40217000 ---p 00b70000 08:02 8391414                    /usr/lib/jvm/java-7-oracle/jre/lib/amd64/server/libjvm.so
7fda40217000-7fda402dc000 rw-p 00b6f000 08:02 8391414                    /usr/lib/jvm/java-7-oracle/jre/lib/amd64/server/libjvm.so
7fda402dc000-7fda4031c000 rw-p 00000000 00:00 0 
7fda40320000-7fda404d5000 r-xp 00000000 08:02 6815755                    /lib/x86_64-linux-gnu/libc-2.15.so
7fda404d5000-7fda406d5000 ---p 001b5000 08:02 6815755                    /lib/x86_64-linux-gnu/libc-2.15.so
7fda406d5000-7fda406d9000 r--p 001b5000 08:02 6815755                    /lib/x86_64-linux-gnu/libc-2.15.so
7fda406d9000-7fda406db000 rw-p 001b9000 08:02 6815755                    /lib/x86_64-linux-gnu/libc-2.15.so
7fda406db000-7fda406e0000 rw-p 00000000 00:00 0 
7fda406e0000-7fda406e2000 r-xp 00000000 08:02 6815870                    /lib/x86_64-linux-gnu/libdl-2.15.so
7fda406e2000-7fda408e2000 ---p 00002000 08:02 6815870                    /lib/x86_64-linux-gnu/libdl-2.15.so
7fda408e2000-7fda408e3000 r--p 00002000 08:02 6815870                    /lib/x86_64-linux-gnu/libdl-2.15.so
7fda408e3000-7fda408e4000 rw-p 00003000 08:02 6815870                    /lib/x86_64-linux-gnu/libdl-2.15.so
7fda408e8000-7fda408fe000 r-xp 00000000 08:02 8390226                    /usr/lib/jvm/java-7-oracle/lib/amd64/jli/libjli.so
7fda408fe000-7fda40afe000 ---p 00016000 08:02 8390226                    /usr/lib/jvm/java-7-oracle/lib/amd64/jli/libjli.so
7fda40afe000-7fda40aff000 rw-p 00016000 08:02 8390226                    /usr/lib/jvm/java-7-oracle/lib/amd64/jli/libjli.so
7fda40b00000-7fda40b18000 r-xp 00000000 08:02 6815864                    /lib/x86_64-linux-gnu/libpthread-2.15.so
7fda40b18000-7fda40d17000 ---p 00018000 08:02 6815864                    /lib/x86_64-linux-gnu/libpthread-2.15.so
7fda40d17000-7fda40d18000 r--p 00017000 08:02 6815864                    /lib/x86_64-linux-gnu/libpthread-2.15.so
7fda40d18000-7fda40d19000 rw-p 00018000 08:02 6815864                    /lib/x86_64-linux-gnu/libpthread-2.15.so
7fda40d19000-7fda40d1d000 rw-p 00000000 00:00 0 
7fda40d20000-7fda40d42000 r-xp 00000000 08:02 6815867                    /lib/x86_64-linux-gnu/ld-2.15.so
7fda40d45000-7fda40d52000 rw-p 00000000 00:00 0 
7fda40d52000-7fda40d70000 rw-p 00000000 00:00 0 
7fda40d70000-7fda40d7a000 rw-p 00000000 00:00 0 
7fda40d7a000-7fda40e30000 rw-p 00000000 00:00 0 
7fda40e30000-7fda40e38000 rw-s 00000000 08:02 8262767                    /tmp/hsperfdata_gregor/30824
7fda40e38000-7fda40e3a000 rw-p 00000000 00:00 0 
7fda40e3a000-7fda40e3b000 r--p 00000000 00:00 0 
7fda40e3b000-7fda40e3e000 ---p 00000000 00:00 0 
7fda40e3e000-7fda40f42000 rw-p 00000000 00:00 0                          [stack:30828]
7fda40f42000-7fda40f43000 r--p 00022000 08:02 6815867                    /lib/x86_64-linux-gnu/ld-2.15.so
7fda40f43000-7fda40f45000 rw-p 00023000 08:02 6815867                    /lib/x86_64-linux-gnu/ld-2.15.so
7fffbf2c0000-7fffbf2e1000 rw-p 00000000 00:00 0                          [stack]
7fffbf308000-7fffbf30a000 r-xp 00000000 00:00 0                          [vdso]
ffffffffff600000-ffffffffff601000 r-xp 00000000 00:00 0                  [vsyscall]

VM Arguments:
jvm_args: -Djava.library.path=/usr/local/share/OpenCV/java 
java_command: balldetection.Main
Launcher Type: SUN_STANDARD

Environment Variables:
JAVA_HOME=/usr/lib/jvm/java-7-oracle
PATH=/home/gregor/bin:/usr/lib/lightdm/lightdm:/usr/local/sbin:/usr/local/bin:/usr/sbin:/usr/bin:/sbin:/bin:/usr/games
LD_LIBRARY_PATH=/usr/lib/jvm/java-7-oracle/jre/lib/amd64:/usr/lib/jvm/java-7-oracle/jre/lib/i386:
SHELL=/bin/bash
DISPLAY=:0

Signal Handlers:
SIGSEGV: [libjvm.so+0x99f4a0], sa_mask[0]=0x7ffbfeff, sa_flags=0x10000004
SIGBUS: [libjvm.so+0x99f4a0], sa_mask[0]=0x7ffbfeff, sa_flags=0x10000004
SIGFPE: [libjvm.so+0x81a860], sa_mask[0]=0x7ffbfeff, sa_flags=0x10000004
SIGPIPE: [libjvm.so+0x81a860], sa_mask[0]=0x7ffbfeff, sa_flags=0x10000004
SIGXFSZ: [libjvm.so+0x81a860], sa_mask[0]=0x7ffbfeff, sa_flags=0x10000004
SIGILL: [libjvm.so+0x81a860], sa_mask[0]=0x7ffbfeff, sa_flags=0x10000004
SIGUSR1: SIG_DFL, sa_mask[0]=0x00000000, sa_flags=0x00000000
SIGUSR2: [libjvm.so+0x81c060], sa_mask[0]=0x00000004, sa_flags=0x10000004
SIGHUP: [libjvm.so+0x81d160], sa_mask[0]=0x7ffbfeff, sa_flags=0x10000004
SIGINT: SIG_IGN, sa_mask[0]=0x00000000, sa_flags=0x00000000
SIGTERM: [libjvm.so+0x81d160], sa_mask[0]=0x7ffbfeff, sa_flags=0x10000004
SIGQUIT: [libjvm.so+0x81d160], sa_mask[0]=0x7ffbfeff, sa_flags=0x10000004


---------------  S Y S T E M  ---------------

OS:wheezy/sid

uname:Linux 3.8.0-44-generic #66~precise1-Ubuntu SMP Tue Jul 15 04:01:04 UTC 2014 x86_64
libc:glibc 2.15 NPTL 2.15 
rlimit: STACK 8192k, CORE 0k, NPROC 126941, NOFILE 4096, AS infinity
load average:0.57 0.51 0.52

/proc/meminfo:
MemTotal:       16333552 kB
MemFree:         8026284 kB
Buffers:          365876 kB
Cached:          3234004 kB
SwapCached:            0 kB
Active:          4996588 kB
Inactive:        1970668 kB
Active(anon):    3368472 kB
Inactive(anon):    59468 kB
Active(file):    1628116 kB
Inactive(file):  1911200 kB
Unevictable:         260 kB
Mlocked:             260 kB
SwapTotal:       8396796 kB
SwapFree:        8396796 kB
Dirty:               192 kB
Writeback:           220 kB
AnonPages:       3368832 kB
Mapped:           859708 kB
Shmem:             60552 kB
Slab:             359484 kB
SReclaimable:     314168 kB
SUnreclaim:        45316 kB
KernelStack:        6096 kB
PageTables:        60648 kB
NFS_Unstable:          0 kB
Bounce:                0 kB
WritebackTmp:          0 kB
CommitLimit:    16563572 kB
Committed_AS:    9752720 kB
VmallocTotal:   34359738367 kB
VmallocUsed:      336092 kB
VmallocChunk:   34359399668 kB
HardwareCorrupted:     0 kB
AnonHugePages:         0 kB
HugePages_Total:       0
HugePages_Free:        0
HugePages_Rsvd:        0
HugePages_Surp:        0
Hugepagesize:       2048 kB
DirectMap4k:      815100 kB
DirectMap2M:    11710464 kB
DirectMap1G:     4194304 kB


CPU:total 8 (8 cores per cpu, 1 threads per core) family 21 model 2 stepping 0, cmov, cx8, fxsr, mmx, sse, sse2, sse3, ssse3, sse4.1, sse4.2, popcnt, avx, aes, mmxext, 3dnowpref, lzcnt, sse4a, tsc, tscinvbit, tscinv

/proc/cpuinfo:
processor	: 0
vendor_id	: AuthenticAMD
cpu family	: 21
model		: 2
model name	: AMD FX(tm)-8350 Eight-Core Processor
stepping	: 0
microcode	: 0x600081f
cpu MHz		: 2100.000
cache size	: 2048 KB
physical id	: 0
siblings	: 8
core id		: 0
cpu cores	: 4
apicid		: 16
initial apicid	: 0
fpu		: yes
fpu_exception	: yes
cpuid level	: 13
wp		: yes
flags		: fpu vme de pse tsc msr pae mce cx8 apic sep mtrr pge mca cmov pat pse36 clflush mmx fxsr sse sse2 ht syscall nx mmxext fxsr_opt pdpe1gb rdtscp lm constant_tsc rep_good nopl nonstop_tsc extd_apicid aperfmperf pni pclmulqdq monitor ssse3 fma cx16 sse4_1 sse4_2 popcnt aes xsave avx f16c lahf_lm cmp_legacy svm extapic cr8_legacy abm sse4a misalignsse 3dnowprefetch osvw ibs xop skinit wdt lwp fma4 tce nodeid_msr tbm topoext perfctr_core arat cpb hw_pstate npt lbrv svm_lock nrip_save tsc_scale vmcb_clean flushbyasid decodeassists pausefilter pfthreshold bmi1
bogomips	: 8669.74
TLB size	: 1536 4K pages
clflush size	: 64
cache_alignment	: 64
address sizes	: 48 bits physical, 48 bits virtual
power management: ts ttp tm 100mhzsteps hwpstate cpb eff_freq_ro

processor	: 1
vendor_id	: AuthenticAMD
cpu family	: 21
model		: 2
model name	: AMD FX(tm)-8350 Eight-Core Processor           
stepping	: 0
microcode	: 0x600081f
cpu MHz		: 1400.000
cache size	: 2048 KB
physical id	: 0
siblings	: 8
core id		: 1
cpu cores	: 4
apicid		: 17
initial apicid	: 1
fpu		: yes
fpu_exception	: yes
cpuid level	: 13
wp		: yes
flags		: fpu vme de pse tsc msr pae mce cx8 apic sep mtrr pge mca cmov pat pse36 clflush mmx fxsr sse sse2 ht syscall nx mmxext fxsr_opt pdpe1gb rdtscp lm constant_tsc rep_good nopl nonstop_tsc extd_apicid aperfmperf pni pclmulqdq monitor ssse3 fma cx16 sse4_1 sse4_2 popcnt aes xsave avx f16c lahf_lm cmp_legacy svm extapic cr8_legacy abm sse4a misalignsse 3dnowprefetch osvw ibs xop skinit wdt lwp fma4 tce nodeid_msr tbm topoext perfctr_core arat cpb hw_pstate npt lbrv svm_lock nrip_save tsc_scale vmcb_clean flushbyasid decodeassists pausefilter pfthreshold bmi1
bogomips	: 8669.74
TLB size	: 1536 4K pages
clflush size	: 64
cache_alignment	: 64
address sizes	: 48 bits physical, 48 bits virtual
power management: ts ttp tm 100mhzsteps hwpstate cpb eff_freq_ro

processor	: 2
vendor_id	: AuthenticAMD
cpu family	: 21
model		: 2
model name	: AMD FX(tm)-8350 Eight-Core Processor           
stepping	: 0
microcode	: 0x600081f
cpu MHz		: 4000.000
cache size	: 2048 KB
physical id	: 0
siblings	: 8
core id		: 2
cpu cores	: 4
apicid		: 18
initial apicid	: 2
fpu		: yes
fpu_exception	: yes
cpuid level	: 13
wp		: yes
flags		: fpu vme de pse tsc msr pae mce cx8 apic sep mtrr pge mca cmov pat pse36 clflush mmx fxsr sse sse2 ht syscall nx mmxext fxsr_opt pdpe1gb rdtscp lm constant_tsc rep_good nopl nonstop_tsc extd_apicid aperfmperf pni pclmulqdq monitor ssse3 fma cx16 sse4_1 sse4_2 popcnt aes xsave avx f16c lahf_lm cmp_legacy svm extapic cr8_legacy abm sse4a misalignsse 3dnowprefetch osvw ibs xop skinit wdt lwp fma4 tce nodeid_msr tbm topoext perfctr_core arat cpb hw_pstate npt lbrv svm_lock nrip_save tsc_scale vmcb_clean flushbyasid decodeassists pausefilter pfthreshold bmi1
bogomips	: 8669.74
TLB size	: 1536 4K pages
clflush size	: 64
cache_alignment	: 64
address sizes	: 48 bits physical, 48 bits virtual
power management: ts ttp tm 100mhzsteps hwpstate cpb eff_freq_ro

processor	: 3
vendor_id	: AuthenticAMD
cpu family	: 21
model		: 2
model name	: AMD FX(tm)-8350 Eight-Core Processor           
stepping	: 0
microcode	: 0x600081f
cpu MHz		: 1400.000
cache size	: 2048 KB
physical id	: 0
siblings	: 8
core id		: 3
cpu cores	: 4
apicid		: 19
initial apicid	: 3
fpu		: yes
fpu_exception	: yes
cpuid level	: 13
wp		: yes
flags		: fpu vme de pse tsc msr pae mce cx8 apic sep mtrr pge mca cmov pat pse36 clflush mmx fxsr sse sse2 ht syscall nx mmxext fxsr_opt pdpe1gb rdtscp lm constant_tsc rep_good nopl nonstop_tsc extd_apicid aperfmperf pni pclmulqdq monitor ssse3 fma cx16 sse4_1 sse4_2 popcnt aes xsave avx f16c lahf_lm cmp_legacy svm extapic cr8_legacy abm sse4a misalignsse 3dnowprefetch osvw ibs xop skinit wdt lwp fma4 tce nodeid_msr tbm topoext perfctr_core arat cpb hw_pstate npt lbrv svm_lock nrip_save tsc_scale vmcb_clean flushbyasid decodeassists pausefilter pfthreshold bmi1
bogomips	: 8669.74
TLB size	: 1536 4K pages
clflush size	: 64
cache_alignment	: 64
address sizes	: 48 bits physical, 48 bits virtual
power management: ts ttp tm 100mhzsteps hwpstate cpb eff_freq_ro

processor	: 4
vendor_id	: AuthenticAMD
cpu family	: 21
model		: 2
model name	: AMD FX(tm)-8350 Eight-Core Processor           
stepping	: 0
microcode	: 0x600081f
cpu MHz		: 1400.000
cache size	: 2048 KB
physical id	: 0
siblings	: 8
core id		: 4
cpu cores	: 4
apicid		: 20
initial apicid	: 4
fpu		: yes
fpu_exception	: yes
cpuid level	: 13
wp		: yes
flags		: fpu vme de pse tsc msr pae mce cx8 apic sep mtrr pge mca cmov pat pse36 clflush mmx fxsr sse sse2 ht syscall nx mmxext fxsr_opt pdpe1gb rdtscp lm constant_tsc rep_good nopl nonstop_tsc extd_apicid aperfmperf pni pclmulqdq monitor ssse3 fma cx16 sse4_1 sse4_2 popcnt aes xsave avx f16c lahf_lm cmp_legacy svm extapic cr8_legacy abm sse4a misalignsse 3dnowprefetch osvw ibs xop skinit wdt lwp fma4 tce nodeid_msr tbm topoext perfctr_core arat cpb hw_pstate npt lbrv svm_lock nrip_save tsc_scale vmcb_clean flushbyasid decodeassists pausefilter pfthreshold bmi1
bogomips	: 8669.74
TLB size	: 1536 4K pages
clflush size	: 64
cache_alignment	: 64
address sizes	: 48 bits physical, 48 bits virtual
power management: ts ttp tm 100mhzsteps hwpstate cpb eff_freq_ro

processor	: 5
vendor_id	: AuthenticAMD
cpu family	: 21
model		: 2
model name	: AMD FX(tm)-8350 Eight-Core Processor           
stepping	: 0
microcode	: 0x600081f
cpu MHz		: 1400.000
cache size	: 2048 KB
physical id	: 0
siblings	: 8
core id		: 5
cpu cores	: 4
apicid		: 21
initial apicid	: 5
fpu		: yes
fpu_exception	: yes
cpuid level	: 13
wp		: yes
flags		: fpu vme de pse tsc msr pae mce cx8 apic sep mtrr pge mca cmov pat pse36 clflush mmx fxsr sse sse2 ht syscall nx mmxext fxsr_opt pdpe1gb rdtscp lm constant_tsc rep_good nopl nonstop_tsc extd_apicid aperfmperf pni pclmulqdq monitor ssse3 fma cx16 sse4_1 sse4_2 popcnt aes xsave avx f16c lahf_lm cmp_legacy svm extapic cr8_legacy abm sse4a misalignsse 3dnowprefetch osvw ibs xop skinit wdt lwp fma4 tce nodeid_msr tbm topoext perfctr_core arat cpb hw_pstate npt lbrv svm_lock nrip_save tsc_scale vmcb_clean flushbyasid decodeassists pausefilter pfthreshold bmi1
bogomips	: 8669.74
TLB size	: 1536 4K pages
clflush size	: 64
cache_alignment	: 64
address sizes	: 48 bits physical, 48 bits virtual
power management: ts ttp tm 100mhzsteps hwpstate cpb eff_freq_ro

processor	: 6
vendor_id	: AuthenticAMD
cpu family	: 21
model		: 2
model name	: AMD FX(tm)-8350 Eight-Core Processor           
stepping	: 0
microcode	: 0x600081f
cpu MHz		: 1400.000
cache size	: 2048 KB
physical id	: 0
siblings	: 8
core id		: 6
cpu cores	: 4
apicid		: 22
initial apicid	: 6
fpu		: yes
fpu_exception	: yes
cpuid level	: 13
wp		: yes
flags		: fpu vme de pse tsc msr pae mce cx8 apic sep mtrr pge mca cmov pat pse36 clflush mmx fxsr sse sse2 ht syscall nx mmxext fxsr_opt pdpe1gb rdtscp lm constant_tsc rep_good nopl nonstop_tsc extd_apicid aperfmperf pni pclmulqdq monitor ssse3 fma cx16 sse4_1 sse4_2 popcnt aes xsave avx f16c lahf_lm cmp_legacy svm extapic cr8_legacy abm sse4a misalignsse 3dnowprefetch osvw ibs xop skinit wdt lwp fma4 tce nodeid_msr tbm topoext perfctr_core arat cpb hw_pstate npt lbrv svm_lock nrip_save tsc_scale vmcb_clean flushbyasid decodeassists pausefilter pfthreshold bmi1
bogomips	: 8669.74
TLB size	: 1536 4K pages
clflush size	: 64
cache_alignment	: 64
address sizes	: 48 bits physical, 48 bits virtual
power management: ts ttp tm 100mhzsteps hwpstate cpb eff_freq_ro

processor	: 7
vendor_id	: AuthenticAMD
cpu family	: 21
model		: 2
model name	: AMD FX(tm)-8350 Eight-Core Processor           
stepping	: 0
microcode	: 0x600081f
cpu MHz		: 4000.000
cache size	: 2048 KB
physical id	: 0
siblings	: 8
core id		: 7
cpu cores	: 4
apicid		: 23
initial apicid	: 7
fpu		: yes
fpu_exception	: yes
cpuid level	: 13
wp		: yes
flags		: fpu vme de pse tsc msr pae mce cx8 apic sep mtrr pge mca cmov pat pse36 clflush mmx fxsr sse sse2 ht syscall nx mmxext fxsr_opt pdpe1gb rdtscp lm constant_tsc rep_good nopl nonstop_tsc extd_apicid aperfmperf pni pclmulqdq monitor ssse3 fma cx16 sse4_1 sse4_2 popcnt aes xsave avx f16c lahf_lm cmp_legacy svm extapic cr8_legacy abm sse4a misalignsse 3dnowprefetch osvw ibs xop skinit wdt lwp fma4 tce nodeid_msr tbm topoext perfctr_core arat cpb hw_pstate npt lbrv svm_lock nrip_save tsc_scale vmcb_clean flushbyasid decodeassists pausefilter pfthreshold bmi1
bogomips	: 8669.74
TLB size	: 1536 4K pages
clflush size	: 64
cache_alignment	: 64
address sizes	: 48 bits physical, 48 bits virtual
power management: ts ttp tm 100mhzsteps hwpstate cpb eff_freq_ro



Memory: 4k page, physical 16333552k(8026284k free), swap 8396796k(8396796k free)

vm_info: Java HotSpot(TM) 64-Bit Server VM (24.65-b04) for linux-amd64 JRE (1.7.0_65-b17), built on Jun 16 2014 20:55:34 by "java_re" with gcc 4.3.0 20080428 (Red Hat 4.3.0-8)

time: Sun Aug 31 20:14:08 2014
elapsed time: 0 seconds

